INFO:root:Initialized Bot. Player ID is 0.
INFO:root:=============== TURN 001 ================
INFO:root:Current Short Targets: {}
INFO:root:Current Long Targets: {}
INFO:root:=============== TURN 002 ================
INFO:root:Current Short Targets: {0: {'target': Position(8, 17)}}
INFO:root:Current Long Targets: {0: {'target': Position(9, 17)}}
INFO:root:=============== TURN 003 ================
INFO:root:Current Short Targets: {0: {'target': Position(9, 17)}}
INFO:root:Current Long Targets: {0: {'target': Position(9, 17)}}
INFO:root:=============== TURN 004 ================
INFO:root:Current Short Targets: {0: {'target': Position(9, 17)}, 2: {'target': Position(8, 17)}}
INFO:root:Current Long Targets: {0: {'target': Position(9, 17)}, 2: {'target': Position(9, 17)}}
INFO:root:=============== TURN 005 ================
INFO:root:Current Short Targets: {0: {'target': Position(9, 17)}, 2: {'target': Position(7, 17)}}
INFO:root:Current Long Targets: {0: {'target': Position(9, 17)}, 2: {'target': Position(7, 17)}}
INFO:root:=============== TURN 006 ================
INFO:root:Current Short Targets: {0: {'target': Position(9, 17)}, 2: {'target': Position(9, 17)}, 4: {'target': Position(9, 16)}}
INFO:root:Current Long Targets: {0: {'target': Position(9, 17)}, 2: {'target': Position(9, 17)}, 4: {'target': Position(9, 16)}}
INFO:root:=============== TURN 007 ================
INFO:root:Current Short Targets: {4: {'target': Position(9, 17)}}
INFO:root:Current Long Targets: {4: {'target': Position(9, 17)}}
INFO:root:=============== TURN 008 ================
INFO:root:Current Short Targets: {4: {'target': Position(9, 17)}, 6: {'target': Position(8, 17)}}
INFO:root:Current Long Targets: {4: {'target': Position(9, 17)}, 6: {'target': Position(9, 17)}}
INFO:root:=============== TURN 009 ================
INFO:root:Current Short Targets: {4: {'target': Position(9, 17)}, 6: {'target': Position(7, 17)}}
INFO:root:Current Long Targets: {4: {'target': Position(9, 17)}, 6: {'target': Position(7, 17)}}
INFO:root:=============== TURN 010 ================
INFO:root:Current Short Targets: {4: {'target': Position(9, 17)}, 6: {'target': Position(9, 17)}, 7: {'target': Position(7, 16)}}
INFO:root:Current Long Targets: {4: {'target': Position(9, 17)}, 6: {'target': Position(9, 17)}, 7: {'target': Position(7, 16)}}
INFO:root:=============== TURN 011 ================
INFO:root:Current Short Targets: {7: {'target': Position(7, 17)}}
INFO:root:Current Long Targets: {7: {'target': Position(9, 17)}}
INFO:root:=============== TURN 012 ================
INFO:root:Current Short Targets: {7: {'target': Position(7, 17)}}
INFO:root:Current Long Targets: {7: {'target': Position(9, 17)}}
INFO:root:=============== TURN 013 ================
INFO:root:Current Short Targets: {7: {'target': Position(8, 17)}}
INFO:root:Current Long Targets: {7: {'target': Position(9, 17)}}
INFO:root:=============== TURN 014 ================
INFO:root:Current Short Targets: {7: {'target': Position(9, 17)}}
INFO:root:Current Long Targets: {7: {'target': Position(9, 17)}}
INFO:root:=============== TURN 015 ================
INFO:root:Current Short Targets: {7: {'target': Position(9, 17)}}
INFO:root:Current Long Targets: {7: {'target': Position(9, 17)}}
INFO:root:=============== TURN 016 ================
INFO:root:Current Short Targets: {7: {'target': Position(9, 17)}}
INFO:root:Current Long Targets: {7: {'target': Position(9, 17)}}
INFO:root:=============== TURN 017 ================
INFO:root:Current Short Targets: {7: {'target': Position(9, 17)}}
INFO:root:Current Long Targets: {7: {'target': Position(9, 17)}}
INFO:root:=============== TURN 018 ================
INFO:root:Current Short Targets: {7: {'target': Position(9, 17)}}
INFO:root:Current Long Targets: {7: {'target': Position(9, 17)}}
INFO:root:=============== TURN 019 ================
INFO:root:Current Short Targets: {7: {'target': Position(9, 17)}}
INFO:root:Current Long Targets: {7: {'target': Position(9, 17)}}
INFO:root:=============== TURN 020 ================
INFO:root:Current Short Targets: {7: {'target': Position(9, 17)}}
INFO:root:Current Long Targets: {7: {'target': Position(9, 17)}}
INFO:root:=============== TURN 021 ================
INFO:root:Current Short Targets: {7: {'target': Position(9, 17)}}
INFO:root:Current Long Targets: {7: {'target': Position(9, 17)}}
INFO:root:=============== TURN 022 ================
INFO:root:Current Short Targets: {7: {'target': Position(9, 17)}}
INFO:root:Current Long Targets: {7: {'target': Position(9, 17)}}
INFO:root:=============== TURN 023 ================
INFO:root:Current Short Targets: {7: {'target': Position(9, 17)}}
INFO:root:Current Long Targets: {7: {'target': Position(9, 17)}}
INFO:root:=============== TURN 024 ================
INFO:root:Current Short Targets: {7: {'target': Position(9, 17)}}
INFO:root:Current Long Targets: {7: {'target': Position(9, 17)}}
INFO:root:=============== TURN 025 ================
INFO:root:Current Short Targets: {7: {'target': Position(9, 17)}}
INFO:root:Current Long Targets: {7: {'target': Position(9, 17)}}
INFO:root:=============== TURN 026 ================
INFO:root:Current Short Targets: {7: {'target': Position(9, 17)}}
INFO:root:Current Long Targets: {7: {'target': Position(9, 17)}}
INFO:root:=============== TURN 027 ================
INFO:root:Current Short Targets: {7: {'target': Position(9, 17)}}
INFO:root:Current Long Targets: {7: {'target': Position(9, 17)}}
INFO:root:=============== TURN 028 ================
INFO:root:Current Short Targets: {7: {'target': Position(9, 17)}}
INFO:root:Current Long Targets: {7: {'target': Position(9, 17)}}
INFO:root:=============== TURN 029 ================
INFO:root:Current Short Targets: {7: {'target': Position(9, 17)}}
INFO:root:Current Long Targets: {7: {'target': Position(9, 17)}}
INFO:root:=============== TURN 030 ================
INFO:root:Current Short Targets: {7: {'target': Position(9, 17)}}
INFO:root:Current Long Targets: {7: {'target': Position(9, 17)}}
INFO:root:=============== TURN 031 ================
INFO:root:Current Short Targets: {7: {'target': Position(9, 17)}}
INFO:root:Current Long Targets: {7: {'target': Position(9, 17)}}
INFO:root:=============== TURN 032 ================
INFO:root:Current Short Targets: {7: {'target': Position(9, 17)}}
INFO:root:Current Long Targets: {7: {'target': Position(9, 17)}}
INFO:root:=============== TURN 033 ================
INFO:root:Current Short Targets: {7: {'target': Position(9, 17)}}
INFO:root:Current Long Targets: {7: {'target': Position(9, 17)}}
INFO:root:=============== TURN 034 ================
INFO:root:Current Short Targets: {7: {'target': Position(9, 17)}}
INFO:root:Current Long Targets: {7: {'target': Position(9, 17)}}
INFO:root:=============== TURN 035 ================
INFO:root:Current Short Targets: {7: {'target': Position(9, 17)}}
INFO:root:Current Long Targets: {7: {'target': Position(9, 17)}}
INFO:root:=============== TURN 036 ================
INFO:root:Current Short Targets: {7: {'target': Position(9, 17)}}
INFO:root:Current Long Targets: {7: {'target': Position(9, 17)}}
INFO:root:=============== TURN 037 ================
INFO:root:Current Short Targets: {7: {'target': Position(9, 17)}}
INFO:root:Current Long Targets: {7: {'target': Position(9, 17)}}
INFO:root:=============== TURN 038 ================
INFO:root:Current Short Targets: {7: {'target': Position(9, 17)}}
INFO:root:Current Long Targets: {7: {'target': Position(9, 17)}}
INFO:root:=============== TURN 039 ================
INFO:root:Current Short Targets: {7: {'target': Position(9, 17)}}
INFO:root:Current Long Targets: {7: {'target': Position(9, 17)}}
INFO:root:=============== TURN 040 ================
INFO:root:Current Short Targets: {7: {'target': Position(9, 17)}}
INFO:root:Current Long Targets: {7: {'target': Position(9, 17)}}
INFO:root:=============== TURN 041 ================
INFO:root:Current Short Targets: {7: {'target': Position(9, 17)}}
INFO:root:Current Long Targets: {7: {'target': Position(9, 17)}}
INFO:root:=============== TURN 042 ================
INFO:root:Current Short Targets: {7: {'target': Position(9, 17)}}
INFO:root:Current Long Targets: {7: {'target': Position(9, 17)}}
INFO:root:=============== TURN 043 ================
INFO:root:Current Short Targets: {7: {'target': Position(9, 17)}}
INFO:root:Current Long Targets: {7: {'target': Position(9, 17)}}
INFO:root:=============== TURN 044 ================
INFO:root:Current Short Targets: {7: {'target': Position(9, 17)}}
INFO:root:Current Long Targets: {7: {'target': Position(9, 17)}}
INFO:root:=============== TURN 045 ================
INFO:root:Current Short Targets: {7: {'target': Position(9, 17)}}
INFO:root:Current Long Targets: {7: {'target': Position(9, 17)}}
INFO:root:=============== TURN 046 ================
INFO:root:Current Short Targets: {7: {'target': Position(9, 17)}}
INFO:root:Current Long Targets: {7: {'target': Position(9, 17)}}
INFO:root:=============== TURN 047 ================
INFO:root:Current Short Targets: {7: {'target': Position(9, 17)}}
INFO:root:Current Long Targets: {7: {'target': Position(9, 17)}}
INFO:root:=============== TURN 048 ================
INFO:root:Current Short Targets: {7: {'target': Position(9, 17)}}
INFO:root:Current Long Targets: {7: {'target': Position(9, 17)}}
INFO:root:=============== TURN 049 ================
INFO:root:Current Short Targets: {7: {'target': Position(9, 17)}}
INFO:root:Current Long Targets: {7: {'target': Position(9, 17)}}
INFO:root:=============== TURN 050 ================
INFO:root:Current Short Targets: {7: {'target': Position(9, 17)}}
INFO:root:Current Long Targets: {7: {'target': Position(9, 17)}}
INFO:root:=============== TURN 051 ================
INFO:root:Current Short Targets: {7: {'target': Position(9, 17)}}
INFO:root:Current Long Targets: {7: {'target': Position(9, 17)}}
INFO:root:=============== TURN 052 ================
INFO:root:Current Short Targets: {7: {'target': Position(9, 17)}}
INFO:root:Current Long Targets: {7: {'target': Position(9, 17)}}
INFO:root:=============== TURN 053 ================
INFO:root:Current Short Targets: {7: {'target': Position(9, 17)}}
INFO:root:Current Long Targets: {7: {'target': Position(9, 17)}}
INFO:root:=============== TURN 054 ================
INFO:root:Current Short Targets: {7: {'target': Position(9, 17)}}
INFO:root:Current Long Targets: {7: {'target': Position(9, 17)}}
INFO:root:=============== TURN 055 ================
INFO:root:Current Short Targets: {7: {'target': Position(9, 17)}}
INFO:root:Current Long Targets: {7: {'target': Position(9, 17)}}
INFO:root:=============== TURN 056 ================
INFO:root:Current Short Targets: {7: {'target': Position(9, 17)}}
INFO:root:Current Long Targets: {7: {'target': Position(9, 17)}}
INFO:root:=============== TURN 057 ================
INFO:root:Current Short Targets: {7: {'target': Position(9, 17)}}
INFO:root:Current Long Targets: {7: {'target': Position(9, 17)}}
INFO:root:=============== TURN 058 ================
INFO:root:Current Short Targets: {7: {'target': Position(9, 17)}}
INFO:root:Current Long Targets: {7: {'target': Position(9, 17)}}
INFO:root:=============== TURN 059 ================
INFO:root:Current Short Targets: {7: {'target': Position(9, 17)}}
INFO:root:Current Long Targets: {7: {'target': Position(9, 17)}}
INFO:root:=============== TURN 060 ================
INFO:root:Current Short Targets: {7: {'target': Position(9, 17)}}
INFO:root:Current Long Targets: {7: {'target': Position(9, 17)}}
INFO:root:=============== TURN 061 ================
INFO:root:Current Short Targets: {7: {'target': Position(9, 17)}}
INFO:root:Current Long Targets: {7: {'target': Position(9, 17)}}
INFO:root:=============== TURN 062 ================
INFO:root:Current Short Targets: {7: {'target': Position(9, 17)}}
INFO:root:Current Long Targets: {7: {'target': Position(9, 17)}}
INFO:root:=============== TURN 063 ================
INFO:root:Current Short Targets: {7: {'target': Position(9, 17)}}
INFO:root:Current Long Targets: {7: {'target': Position(9, 17)}}
INFO:root:=============== TURN 064 ================
INFO:root:Current Short Targets: {7: {'target': Position(9, 17)}}
INFO:root:Current Long Targets: {7: {'target': Position(9, 17)}}
INFO:root:=============== TURN 065 ================
INFO:root:Current Short Targets: {7: {'target': Position(9, 17)}}
INFO:root:Current Long Targets: {7: {'target': Position(9, 17)}}
INFO:root:=============== TURN 066 ================
INFO:root:Current Short Targets: {7: {'target': Position(9, 17)}}
INFO:root:Current Long Targets: {7: {'target': Position(9, 17)}}
INFO:root:=============== TURN 067 ================
INFO:root:Current Short Targets: {7: {'target': Position(9, 17)}}
INFO:root:Current Long Targets: {7: {'target': Position(9, 17)}}
INFO:root:=============== TURN 068 ================
INFO:root:Current Short Targets: {7: {'target': Position(9, 17)}}
INFO:root:Current Long Targets: {7: {'target': Position(9, 17)}}
INFO:root:=============== TURN 069 ================
INFO:root:Current Short Targets: {7: {'target': Position(9, 17)}}
INFO:root:Current Long Targets: {7: {'target': Position(9, 17)}}
INFO:root:=============== TURN 070 ================
INFO:root:Current Short Targets: {7: {'target': Position(9, 17)}}
INFO:root:Current Long Targets: {7: {'target': Position(9, 17)}}
INFO:root:=============== TURN 071 ================
INFO:root:Current Short Targets: {7: {'target': Position(9, 17)}}
INFO:root:Current Long Targets: {7: {'target': Position(9, 17)}}
INFO:root:=============== TURN 072 ================
INFO:root:Current Short Targets: {7: {'target': Position(9, 17)}}
INFO:root:Current Long Targets: {7: {'target': Position(9, 17)}}
INFO:root:=============== TURN 073 ================
INFO:root:Current Short Targets: {7: {'target': Position(9, 17)}}
INFO:root:Current Long Targets: {7: {'target': Position(9, 17)}}
INFO:root:=============== TURN 074 ================
INFO:root:Current Short Targets: {7: {'target': Position(9, 17)}}
INFO:root:Current Long Targets: {7: {'target': Position(9, 17)}}
INFO:root:=============== TURN 075 ================
INFO:root:Current Short Targets: {7: {'target': Position(9, 17)}}
INFO:root:Current Long Targets: {7: {'target': Position(9, 17)}}
INFO:root:=============== TURN 076 ================
INFO:root:Current Short Targets: {7: {'target': Position(9, 17)}}
INFO:root:Current Long Targets: {7: {'target': Position(9, 17)}}
INFO:root:=============== TURN 077 ================
INFO:root:Current Short Targets: {7: {'target': Position(9, 17)}}
INFO:root:Current Long Targets: {7: {'target': Position(9, 17)}}
INFO:root:=============== TURN 078 ================
INFO:root:Current Short Targets: {7: {'target': Position(9, 17)}}
INFO:root:Current Long Targets: {7: {'target': Position(9, 17)}}
INFO:root:=============== TURN 079 ================
INFO:root:Current Short Targets: {7: {'target': Position(9, 17)}}
INFO:root:Current Long Targets: {7: {'target': Position(9, 17)}}
INFO:root:=============== TURN 080 ================
INFO:root:Current Short Targets: {7: {'target': Position(9, 17)}}
INFO:root:Current Long Targets: {7: {'target': Position(9, 17)}}
INFO:root:=============== TURN 081 ================
INFO:root:Current Short Targets: {7: {'target': Position(9, 17)}}
INFO:root:Current Long Targets: {7: {'target': Position(9, 17)}}
INFO:root:=============== TURN 082 ================
INFO:root:Current Short Targets: {7: {'target': Position(9, 17)}}
INFO:root:Current Long Targets: {7: {'target': Position(9, 17)}}
INFO:root:=============== TURN 083 ================
INFO:root:Current Short Targets: {7: {'target': Position(9, 17)}}
INFO:root:Current Long Targets: {7: {'target': Position(9, 17)}}
INFO:root:=============== TURN 084 ================
INFO:root:Current Short Targets: {7: {'target': Position(9, 17)}}
INFO:root:Current Long Targets: {7: {'target': Position(9, 17)}}
INFO:root:=============== TURN 085 ================
INFO:root:Current Short Targets: {7: {'target': Position(9, 17)}}
INFO:root:Current Long Targets: {7: {'target': Position(9, 17)}}
INFO:root:=============== TURN 086 ================
INFO:root:Current Short Targets: {7: {'target': Position(9, 17)}}
INFO:root:Current Long Targets: {7: {'target': Position(9, 17)}}
INFO:root:=============== TURN 087 ================
INFO:root:Current Short Targets: {7: {'target': Position(9, 17)}}
INFO:root:Current Long Targets: {7: {'target': Position(9, 17)}}
INFO:root:=============== TURN 088 ================
INFO:root:Current Short Targets: {7: {'target': Position(9, 17)}}
INFO:root:Current Long Targets: {7: {'target': Position(9, 17)}}
INFO:root:=============== TURN 089 ================
INFO:root:Current Short Targets: {7: {'target': Position(9, 17)}}
INFO:root:Current Long Targets: {7: {'target': Position(9, 17)}}
INFO:root:=============== TURN 090 ================
INFO:root:Current Short Targets: {7: {'target': Position(9, 17)}}
INFO:root:Current Long Targets: {7: {'target': Position(9, 17)}}
INFO:root:=============== TURN 091 ================
INFO:root:Current Short Targets: {7: {'target': Position(9, 17)}}
INFO:root:Current Long Targets: {7: {'target': Position(9, 17)}}
INFO:root:=============== TURN 092 ================
INFO:root:Current Short Targets: {7: {'target': Position(9, 17)}}
INFO:root:Current Long Targets: {7: {'target': Position(9, 17)}}
INFO:root:=============== TURN 093 ================
INFO:root:Current Short Targets: {7: {'target': Position(9, 17)}}
INFO:root:Current Long Targets: {7: {'target': Position(9, 17)}}
INFO:root:=============== TURN 094 ================
INFO:root:Current Short Targets: {7: {'target': Position(9, 17)}}
INFO:root:Current Long Targets: {7: {'target': Position(9, 17)}}
INFO:root:=============== TURN 095 ================
INFO:root:Current Short Targets: {7: {'target': Position(9, 17)}}
INFO:root:Current Long Targets: {7: {'target': Position(9, 17)}}
INFO:root:=============== TURN 096 ================
INFO:root:Current Short Targets: {7: {'target': Position(9, 17)}}
INFO:root:Current Long Targets: {7: {'target': Position(9, 17)}}
INFO:root:=============== TURN 097 ================
INFO:root:Current Short Targets: {7: {'target': Position(9, 17)}}
INFO:root:Current Long Targets: {7: {'target': Position(9, 17)}}
INFO:root:=============== TURN 098 ================
INFO:root:Current Short Targets: {7: {'target': Position(9, 17)}}
INFO:root:Current Long Targets: {7: {'target': Position(9, 17)}}
INFO:root:=============== TURN 099 ================
INFO:root:Current Short Targets: {7: {'target': Position(9, 17)}}
INFO:root:Current Long Targets: {7: {'target': Position(9, 17)}}
INFO:root:=============== TURN 100 ================
INFO:root:Current Short Targets: {7: {'target': Position(9, 17)}}
INFO:root:Current Long Targets: {7: {'target': Position(9, 17)}}
INFO:root:=============== TURN 101 ================
INFO:root:Current Short Targets: {7: {'target': Position(9, 17)}}
INFO:root:Current Long Targets: {7: {'target': Position(9, 17)}}
INFO:root:=============== TURN 102 ================
INFO:root:Current Short Targets: {7: {'target': Position(9, 17)}}
INFO:root:Current Long Targets: {7: {'target': Position(9, 17)}}
INFO:root:=============== TURN 103 ================
INFO:root:Current Short Targets: {7: {'target': Position(9, 17)}}
INFO:root:Current Long Targets: {7: {'target': Position(9, 17)}}
INFO:root:=============== TURN 104 ================
INFO:root:Current Short Targets: {7: {'target': Position(9, 17)}}
INFO:root:Current Long Targets: {7: {'target': Position(9, 17)}}
INFO:root:=============== TURN 105 ================
INFO:root:Current Short Targets: {7: {'target': Position(9, 17)}}
INFO:root:Current Long Targets: {7: {'target': Position(9, 17)}}
INFO:root:=============== TURN 106 ================
INFO:root:Current Short Targets: {7: {'target': Position(9, 17)}}
INFO:root:Current Long Targets: {7: {'target': Position(9, 17)}}
INFO:root:=============== TURN 107 ================
INFO:root:Current Short Targets: {7: {'target': Position(9, 17)}}
INFO:root:Current Long Targets: {7: {'target': Position(9, 17)}}
INFO:root:=============== TURN 108 ================
INFO:root:Current Short Targets: {7: {'target': Position(9, 17)}}
INFO:root:Current Long Targets: {7: {'target': Position(9, 17)}}
INFO:root:=============== TURN 109 ================
INFO:root:Current Short Targets: {7: {'target': Position(9, 17)}}
INFO:root:Current Long Targets: {7: {'target': Position(9, 17)}}
INFO:root:=============== TURN 110 ================
INFO:root:Current Short Targets: {7: {'target': Position(9, 17)}}
INFO:root:Current Long Targets: {7: {'target': Position(9, 17)}}
INFO:root:=============== TURN 111 ================
INFO:root:Current Short Targets: {7: {'target': Position(9, 17)}}
INFO:root:Current Long Targets: {7: {'target': Position(9, 17)}}
INFO:root:=============== TURN 112 ================
INFO:root:Current Short Targets: {7: {'target': Position(9, 17)}}
INFO:root:Current Long Targets: {7: {'target': Position(9, 17)}}
INFO:root:=============== TURN 113 ================
INFO:root:Current Short Targets: {7: {'target': Position(9, 17)}}
INFO:root:Current Long Targets: {7: {'target': Position(9, 17)}}
INFO:root:=============== TURN 114 ================
INFO:root:Current Short Targets: {7: {'target': Position(9, 17)}}
INFO:root:Current Long Targets: {7: {'target': Position(9, 17)}}
INFO:root:=============== TURN 115 ================
INFO:root:Current Short Targets: {7: {'target': Position(9, 17)}}
INFO:root:Current Long Targets: {7: {'target': Position(9, 17)}}
INFO:root:=============== TURN 116 ================
INFO:root:Current Short Targets: {7: {'target': Position(9, 17)}}
INFO:root:Current Long Targets: {7: {'target': Position(9, 17)}}
INFO:root:=============== TURN 117 ================
INFO:root:Current Short Targets: {7: {'target': Position(9, 17)}}
INFO:root:Current Long Targets: {7: {'target': Position(9, 17)}}
INFO:root:=============== TURN 118 ================
INFO:root:Current Short Targets: {7: {'target': Position(9, 17)}}
INFO:root:Current Long Targets: {7: {'target': Position(9, 17)}}
INFO:root:=============== TURN 119 ================
INFO:root:Current Short Targets: {7: {'target': Position(9, 17)}}
INFO:root:Current Long Targets: {7: {'target': Position(9, 17)}}
INFO:root:=============== TURN 120 ================
INFO:root:Current Short Targets: {7: {'target': Position(9, 17)}}
INFO:root:Current Long Targets: {7: {'target': Position(9, 17)}}
INFO:root:=============== TURN 121 ================
INFO:root:Current Short Targets: {7: {'target': Position(9, 17)}}
INFO:root:Current Long Targets: {7: {'target': Position(9, 17)}}
INFO:root:=============== TURN 122 ================
INFO:root:Current Short Targets: {7: {'target': Position(9, 17)}}
INFO:root:Current Long Targets: {7: {'target': Position(9, 17)}}
INFO:root:=============== TURN 123 ================
INFO:root:Current Short Targets: {7: {'target': Position(9, 17)}}
INFO:root:Current Long Targets: {7: {'target': Position(9, 17)}}
INFO:root:=============== TURN 124 ================
INFO:root:Current Short Targets: {7: {'target': Position(9, 17)}}
INFO:root:Current Long Targets: {7: {'target': Position(9, 17)}}
INFO:root:=============== TURN 125 ================
INFO:root:Current Short Targets: {7: {'target': Position(9, 17)}}
INFO:root:Current Long Targets: {7: {'target': Position(9, 17)}}
INFO:root:=============== TURN 126 ================
INFO:root:Current Short Targets: {7: {'target': Position(9, 17)}}
INFO:root:Current Long Targets: {7: {'target': Position(9, 17)}}
INFO:root:=============== TURN 127 ================
INFO:root:Current Short Targets: {7: {'target': Position(9, 17)}}
INFO:root:Current Long Targets: {7: {'target': Position(9, 17)}}
INFO:root:=============== TURN 128 ================
INFO:root:Current Short Targets: {7: {'target': Position(9, 17)}}
INFO:root:Current Long Targets: {7: {'target': Position(9, 17)}}
INFO:root:=============== TURN 129 ================
INFO:root:Current Short Targets: {7: {'target': Position(9, 17)}}
INFO:root:Current Long Targets: {7: {'target': Position(9, 17)}}
INFO:root:=============== TURN 130 ================
INFO:root:Current Short Targets: {7: {'target': Position(9, 17)}}
INFO:root:Current Long Targets: {7: {'target': Position(9, 17)}}
INFO:root:=============== TURN 131 ================
INFO:root:Current Short Targets: {7: {'target': Position(9, 17)}}
INFO:root:Current Long Targets: {7: {'target': Position(9, 17)}}
INFO:root:=============== TURN 132 ================
INFO:root:Current Short Targets: {7: {'target': Position(9, 17)}}
INFO:root:Current Long Targets: {7: {'target': Position(9, 17)}}
INFO:root:=============== TURN 133 ================
INFO:root:Current Short Targets: {7: {'target': Position(9, 17)}}
INFO:root:Current Long Targets: {7: {'target': Position(9, 17)}}
INFO:root:=============== TURN 134 ================
INFO:root:Current Short Targets: {7: {'target': Position(9, 17)}}
INFO:root:Current Long Targets: {7: {'target': Position(9, 17)}}
INFO:root:=============== TURN 135 ================
INFO:root:Current Short Targets: {7: {'target': Position(9, 17)}}
INFO:root:Current Long Targets: {7: {'target': Position(9, 17)}}
INFO:root:=============== TURN 136 ================
INFO:root:Current Short Targets: {7: {'target': Position(9, 17)}}
INFO:root:Current Long Targets: {7: {'target': Position(9, 17)}}
INFO:root:=============== TURN 137 ================
INFO:root:Current Short Targets: {7: {'target': Position(9, 17)}}
INFO:root:Current Long Targets: {7: {'target': Position(9, 17)}}
INFO:root:=============== TURN 138 ================
INFO:root:Current Short Targets: {7: {'target': Position(9, 17)}}
INFO:root:Current Long Targets: {7: {'target': Position(9, 17)}}
INFO:root:=============== TURN 139 ================
INFO:root:Current Short Targets: {7: {'target': Position(9, 17)}}
INFO:root:Current Long Targets: {7: {'target': Position(9, 17)}}
INFO:root:=============== TURN 140 ================
INFO:root:Current Short Targets: {7: {'target': Position(9, 17)}}
INFO:root:Current Long Targets: {7: {'target': Position(9, 17)}}
INFO:root:=============== TURN 141 ================
INFO:root:Current Short Targets: {7: {'target': Position(9, 17)}}
INFO:root:Current Long Targets: {7: {'target': Position(9, 17)}}
INFO:root:=============== TURN 142 ================
INFO:root:Current Short Targets: {7: {'target': Position(9, 17)}}
INFO:root:Current Long Targets: {7: {'target': Position(9, 17)}}
INFO:root:=============== TURN 143 ================
INFO:root:Current Short Targets: {7: {'target': Position(9, 17)}}
INFO:root:Current Long Targets: {7: {'target': Position(9, 17)}}
INFO:root:=============== TURN 144 ================
INFO:root:Current Short Targets: {7: {'target': Position(9, 17)}}
INFO:root:Current Long Targets: {7: {'target': Position(9, 17)}}
INFO:root:=============== TURN 145 ================
INFO:root:Current Short Targets: {7: {'target': Position(9, 17)}}
INFO:root:Current Long Targets: {7: {'target': Position(9, 17)}}
INFO:root:=============== TURN 146 ================
INFO:root:Current Short Targets: {7: {'target': Position(9, 17)}}
INFO:root:Current Long Targets: {7: {'target': Position(9, 17)}}
INFO:root:=============== TURN 147 ================
INFO:root:Current Short Targets: {7: {'target': Position(9, 17)}}
INFO:root:Current Long Targets: {7: {'target': Position(9, 17)}}
INFO:root:=============== TURN 148 ================
INFO:root:Current Short Targets: {7: {'target': Position(9, 17)}}
INFO:root:Current Long Targets: {7: {'target': Position(9, 17)}}
INFO:root:=============== TURN 149 ================
INFO:root:Current Short Targets: {7: {'target': Position(9, 17)}}
INFO:root:Current Long Targets: {7: {'target': Position(9, 17)}}
INFO:root:=============== TURN 150 ================
INFO:root:Current Short Targets: {7: {'target': Position(9, 17)}}
INFO:root:Current Long Targets: {7: {'target': Position(9, 17)}}
INFO:root:=============== TURN 151 ================
INFO:root:Current Short Targets: {7: {'target': Position(9, 17)}}
INFO:root:Current Long Targets: {7: {'target': Position(9, 17)}}
INFO:root:=============== TURN 152 ================
INFO:root:Current Short Targets: {7: {'target': Position(9, 17)}}
INFO:root:Current Long Targets: {7: {'target': Position(9, 17)}}
INFO:root:=============== TURN 153 ================
INFO:root:Current Short Targets: {7: {'target': Position(9, 17)}}
INFO:root:Current Long Targets: {7: {'target': Position(9, 17)}}
INFO:root:=============== TURN 154 ================
INFO:root:Current Short Targets: {7: {'target': Position(9, 17)}}
INFO:root:Current Long Targets: {7: {'target': Position(9, 17)}}
INFO:root:=============== TURN 155 ================
INFO:root:Current Short Targets: {7: {'target': Position(9, 17)}}
INFO:root:Current Long Targets: {7: {'target': Position(9, 17)}}
INFO:root:=============== TURN 156 ================
INFO:root:Current Short Targets: {7: {'target': Position(9, 17)}}
INFO:root:Current Long Targets: {7: {'target': Position(9, 17)}}
INFO:root:=============== TURN 157 ================
INFO:root:Current Short Targets: {7: {'target': Position(9, 17)}}
INFO:root:Current Long Targets: {7: {'target': Position(9, 17)}}
INFO:root:=============== TURN 158 ================
INFO:root:Current Short Targets: {7: {'target': Position(9, 17)}}
INFO:root:Current Long Targets: {7: {'target': Position(9, 17)}}
INFO:root:=============== TURN 159 ================
INFO:root:Current Short Targets: {7: {'target': Position(9, 17)}}
INFO:root:Current Long Targets: {7: {'target': Position(9, 17)}}
INFO:root:=============== TURN 160 ================
INFO:root:Current Short Targets: {7: {'target': Position(9, 17)}}
INFO:root:Current Long Targets: {7: {'target': Position(9, 17)}}
INFO:root:=============== TURN 161 ================
INFO:root:Current Short Targets: {7: {'target': Position(9, 17)}}
INFO:root:Current Long Targets: {7: {'target': Position(9, 17)}}
INFO:root:=============== TURN 162 ================
INFO:root:Current Short Targets: {7: {'target': Position(9, 17)}}
INFO:root:Current Long Targets: {7: {'target': Position(9, 17)}}
INFO:root:=============== TURN 163 ================
INFO:root:Current Short Targets: {7: {'target': Position(9, 17)}}
INFO:root:Current Long Targets: {7: {'target': Position(9, 17)}}
INFO:root:=============== TURN 164 ================
INFO:root:Current Short Targets: {7: {'target': Position(9, 17)}}
INFO:root:Current Long Targets: {7: {'target': Position(9, 17)}}
INFO:root:=============== TURN 165 ================
INFO:root:Current Short Targets: {7: {'target': Position(9, 17)}}
INFO:root:Current Long Targets: {7: {'target': Position(9, 17)}}
INFO:root:=============== TURN 166 ================
INFO:root:Current Short Targets: {7: {'target': Position(9, 17)}}
INFO:root:Current Long Targets: {7: {'target': Position(9, 17)}}
INFO:root:=============== TURN 167 ================
INFO:root:Current Short Targets: {7: {'target': Position(9, 17)}}
INFO:root:Current Long Targets: {7: {'target': Position(9, 17)}}
INFO:root:=============== TURN 168 ================
INFO:root:Current Short Targets: {7: {'target': Position(9, 17)}}
INFO:root:Current Long Targets: {7: {'target': Position(9, 17)}}
INFO:root:=============== TURN 169 ================
INFO:root:Current Short Targets: {7: {'target': Position(9, 17)}}
INFO:root:Current Long Targets: {7: {'target': Position(9, 17)}}
INFO:root:=============== TURN 170 ================
INFO:root:Current Short Targets: {7: {'target': Position(9, 17)}}
INFO:root:Current Long Targets: {7: {'target': Position(9, 17)}}
INFO:root:=============== TURN 171 ================
INFO:root:Current Short Targets: {7: {'target': Position(9, 17)}}
INFO:root:Current Long Targets: {7: {'target': Position(9, 17)}}
INFO:root:=============== TURN 172 ================
INFO:root:Current Short Targets: {7: {'target': Position(9, 17)}}
INFO:root:Current Long Targets: {7: {'target': Position(9, 17)}}
INFO:root:=============== TURN 173 ================
INFO:root:Current Short Targets: {7: {'target': Position(9, 17)}}
INFO:root:Current Long Targets: {7: {'target': Position(9, 17)}}
INFO:root:=============== TURN 174 ================
INFO:root:Current Short Targets: {7: {'target': Position(9, 17)}}
INFO:root:Current Long Targets: {7: {'target': Position(9, 17)}}
INFO:root:=============== TURN 175 ================
INFO:root:Current Short Targets: {7: {'target': Position(9, 17)}}
INFO:root:Current Long Targets: {7: {'target': Position(9, 17)}}
INFO:root:=============== TURN 176 ================
INFO:root:Current Short Targets: {7: {'target': Position(9, 17)}}
INFO:root:Current Long Targets: {7: {'target': Position(9, 17)}}
INFO:root:=============== TURN 177 ================
INFO:root:Current Short Targets: {7: {'target': Position(9, 17)}}
INFO:root:Current Long Targets: {7: {'target': Position(9, 17)}}
INFO:root:=============== TURN 178 ================
INFO:root:Current Short Targets: {7: {'target': Position(9, 17)}}
INFO:root:Current Long Targets: {7: {'target': Position(9, 17)}}
INFO:root:=============== TURN 179 ================
INFO:root:Current Short Targets: {7: {'target': Position(9, 17)}}
INFO:root:Current Long Targets: {7: {'target': Position(9, 17)}}
INFO:root:=============== TURN 180 ================
INFO:root:Current Short Targets: {7: {'target': Position(9, 17)}}
INFO:root:Current Long Targets: {7: {'target': Position(9, 17)}}
INFO:root:=============== TURN 181 ================
INFO:root:Current Short Targets: {7: {'target': Position(9, 17)}}
INFO:root:Current Long Targets: {7: {'target': Position(9, 17)}}
INFO:root:=============== TURN 182 ================
INFO:root:Current Short Targets: {7: {'target': Position(9, 17)}}
INFO:root:Current Long Targets: {7: {'target': Position(9, 17)}}
INFO:root:=============== TURN 183 ================
INFO:root:Current Short Targets: {7: {'target': Position(9, 17)}}
INFO:root:Current Long Targets: {7: {'target': Position(9, 17)}}
INFO:root:=============== TURN 184 ================
INFO:root:Current Short Targets: {7: {'target': Position(9, 17)}}
INFO:root:Current Long Targets: {7: {'target': Position(9, 17)}}
INFO:root:=============== TURN 185 ================
INFO:root:Current Short Targets: {7: {'target': Position(9, 17)}}
INFO:root:Current Long Targets: {7: {'target': Position(9, 17)}}
INFO:root:=============== TURN 186 ================
INFO:root:Current Short Targets: {7: {'target': Position(9, 17)}}
INFO:root:Current Long Targets: {7: {'target': Position(9, 17)}}
INFO:root:=============== TURN 187 ================
INFO:root:Current Short Targets: {7: {'target': Position(9, 17)}}
INFO:root:Current Long Targets: {7: {'target': Position(9, 17)}}
INFO:root:=============== TURN 188 ================
INFO:root:Current Short Targets: {7: {'target': Position(9, 17)}}
INFO:root:Current Long Targets: {7: {'target': Position(9, 17)}}
INFO:root:=============== TURN 189 ================
INFO:root:Current Short Targets: {7: {'target': Position(9, 17)}}
INFO:root:Current Long Targets: {7: {'target': Position(9, 17)}}
INFO:root:=============== TURN 190 ================
INFO:root:Current Short Targets: {7: {'target': Position(9, 17)}}
INFO:root:Current Long Targets: {7: {'target': Position(9, 17)}}
INFO:root:=============== TURN 191 ================
INFO:root:Current Short Targets: {7: {'target': Position(9, 17)}}
INFO:root:Current Long Targets: {7: {'target': Position(9, 17)}}
INFO:root:=============== TURN 192 ================
INFO:root:Current Short Targets: {7: {'target': Position(9, 17)}}
INFO:root:Current Long Targets: {7: {'target': Position(9, 17)}}
INFO:root:=============== TURN 193 ================
INFO:root:Current Short Targets: {7: {'target': Position(9, 17)}}
INFO:root:Current Long Targets: {7: {'target': Position(9, 17)}}
INFO:root:=============== TURN 194 ================
INFO:root:Current Short Targets: {7: {'target': Position(9, 17)}}
INFO:root:Current Long Targets: {7: {'target': Position(9, 17)}}
INFO:root:=============== TURN 195 ================
INFO:root:Current Short Targets: {7: {'target': Position(9, 17)}}
INFO:root:Current Long Targets: {7: {'target': Position(9, 17)}}
INFO:root:=============== TURN 196 ================
INFO:root:Current Short Targets: {7: {'target': Position(9, 17)}}
INFO:root:Current Long Targets: {7: {'target': Position(9, 17)}}
INFO:root:=============== TURN 197 ================
INFO:root:Current Short Targets: {7: {'target': Position(9, 17)}}
INFO:root:Current Long Targets: {7: {'target': Position(9, 17)}}
INFO:root:=============== TURN 198 ================
INFO:root:Current Short Targets: {7: {'target': Position(9, 17)}}
INFO:root:Current Long Targets: {7: {'target': Position(9, 17)}}
INFO:root:=============== TURN 199 ================
INFO:root:Current Short Targets: {7: {'target': Position(9, 17)}}
INFO:root:Current Long Targets: {7: {'target': Position(9, 17)}}
INFO:root:=============== TURN 200 ================
INFO:root:Current Short Targets: {7: {'target': Position(9, 17)}}
INFO:root:Current Long Targets: {7: {'target': Position(9, 17)}}
INFO:root:=============== TURN 201 ================
INFO:root:Current Short Targets: {7: {'target': Position(9, 17)}}
INFO:root:Current Long Targets: {7: {'target': Position(9, 17)}}
INFO:root:=============== TURN 202 ================
INFO:root:Current Short Targets: {7: {'target': Position(9, 17)}}
INFO:root:Current Long Targets: {7: {'target': Position(9, 17)}}
INFO:root:=============== TURN 203 ================
INFO:root:Current Short Targets: {7: {'target': Position(9, 17)}}
INFO:root:Current Long Targets: {7: {'target': Position(9, 17)}}
INFO:root:=============== TURN 204 ================
INFO:root:Current Short Targets: {7: {'target': Position(9, 17)}}
INFO:root:Current Long Targets: {7: {'target': Position(9, 17)}}
INFO:root:=============== TURN 205 ================
INFO:root:Current Short Targets: {7: {'target': Position(9, 17)}}
INFO:root:Current Long Targets: {7: {'target': Position(9, 17)}}
INFO:root:=============== TURN 206 ================
INFO:root:Current Short Targets: {7: {'target': Position(9, 17)}}
INFO:root:Current Long Targets: {7: {'target': Position(9, 17)}}
INFO:root:=============== TURN 207 ================
INFO:root:Current Short Targets: {7: {'target': Position(9, 17)}}
INFO:root:Current Long Targets: {7: {'target': Position(9, 17)}}
INFO:root:=============== TURN 208 ================
INFO:root:Current Short Targets: {7: {'target': Position(9, 17)}}
INFO:root:Current Long Targets: {7: {'target': Position(9, 17)}}
INFO:root:=============== TURN 209 ================
INFO:root:Current Short Targets: {7: {'target': Position(9, 17)}}
INFO:root:Current Long Targets: {7: {'target': Position(9, 17)}}
INFO:root:=============== TURN 210 ================
INFO:root:Current Short Targets: {7: {'target': Position(9, 17)}}
INFO:root:Current Long Targets: {7: {'target': Position(9, 17)}}
INFO:root:=============== TURN 211 ================
INFO:root:Current Short Targets: {7: {'target': Position(9, 17)}}
INFO:root:Current Long Targets: {7: {'target': Position(9, 17)}}
INFO:root:=============== TURN 212 ================
INFO:root:Current Short Targets: {7: {'target': Position(9, 17)}}
INFO:root:Current Long Targets: {7: {'target': Position(9, 17)}}
INFO:root:=============== TURN 213 ================
INFO:root:Current Short Targets: {7: {'target': Position(9, 17)}}
INFO:root:Current Long Targets: {7: {'target': Position(9, 17)}}
INFO:root:=============== TURN 214 ================
INFO:root:Current Short Targets: {7: {'target': Position(9, 17)}}
INFO:root:Current Long Targets: {7: {'target': Position(9, 17)}}
INFO:root:=============== TURN 215 ================
INFO:root:Current Short Targets: {7: {'target': Position(9, 17)}}
INFO:root:Current Long Targets: {7: {'target': Position(9, 17)}}
INFO:root:=============== TURN 216 ================
INFO:root:Current Short Targets: {7: {'target': Position(9, 17)}}
INFO:root:Current Long Targets: {7: {'target': Position(9, 17)}}
INFO:root:=============== TURN 217 ================
INFO:root:Current Short Targets: {7: {'target': Position(9, 17)}}
INFO:root:Current Long Targets: {7: {'target': Position(9, 17)}}
INFO:root:=============== TURN 218 ================
INFO:root:Current Short Targets: {7: {'target': Position(9, 17)}}
INFO:root:Current Long Targets: {7: {'target': Position(9, 17)}}
INFO:root:=============== TURN 219 ================
INFO:root:Current Short Targets: {7: {'target': Position(9, 17)}}
INFO:root:Current Long Targets: {7: {'target': Position(9, 17)}}
INFO:root:=============== TURN 220 ================
INFO:root:Current Short Targets: {7: {'target': Position(9, 17)}}
INFO:root:Current Long Targets: {7: {'target': Position(9, 17)}}
INFO:root:=============== TURN 221 ================
INFO:root:Current Short Targets: {7: {'target': Position(9, 17)}}
INFO:root:Current Long Targets: {7: {'target': Position(9, 17)}}
INFO:root:=============== TURN 222 ================
INFO:root:Current Short Targets: {7: {'target': Position(9, 17)}}
INFO:root:Current Long Targets: {7: {'target': Position(9, 17)}}
INFO:root:=============== TURN 223 ================
INFO:root:Current Short Targets: {7: {'target': Position(9, 17)}}
INFO:root:Current Long Targets: {7: {'target': Position(9, 17)}}
INFO:root:=============== TURN 224 ================
INFO:root:Current Short Targets: {7: {'target': Position(9, 17)}}
INFO:root:Current Long Targets: {7: {'target': Position(9, 17)}}
INFO:root:=============== TURN 225 ================
INFO:root:Current Short Targets: {7: {'target': Position(9, 17)}}
INFO:root:Current Long Targets: {7: {'target': Position(9, 17)}}
INFO:root:=============== TURN 226 ================
INFO:root:Current Short Targets: {7: {'target': Position(9, 17)}}
INFO:root:Current Long Targets: {7: {'target': Position(9, 17)}}
INFO:root:=============== TURN 227 ================
INFO:root:Current Short Targets: {7: {'target': Position(9, 17)}}
INFO:root:Current Long Targets: {7: {'target': Position(9, 17)}}
INFO:root:=============== TURN 228 ================
INFO:root:Current Short Targets: {7: {'target': Position(9, 17)}}
INFO:root:Current Long Targets: {7: {'target': Position(9, 17)}}
INFO:root:=============== TURN 229 ================
INFO:root:Current Short Targets: {7: {'target': Position(9, 17)}}
INFO:root:Current Long Targets: {7: {'target': Position(9, 17)}}
INFO:root:=============== TURN 230 ================
INFO:root:Current Short Targets: {7: {'target': Position(9, 17)}}
INFO:root:Current Long Targets: {7: {'target': Position(9, 17)}}
INFO:root:=============== TURN 231 ================
INFO:root:Current Short Targets: {7: {'target': Position(9, 17)}}
INFO:root:Current Long Targets: {7: {'target': Position(9, 17)}}
INFO:root:=============== TURN 232 ================
INFO:root:Current Short Targets: {7: {'target': Position(9, 17)}}
INFO:root:Current Long Targets: {7: {'target': Position(9, 17)}}
INFO:root:=============== TURN 233 ================
INFO:root:Current Short Targets: {7: {'target': Position(9, 17)}}
INFO:root:Current Long Targets: {7: {'target': Position(9, 17)}}
INFO:root:=============== TURN 234 ================
INFO:root:Current Short Targets: {7: {'target': Position(9, 17)}}
INFO:root:Current Long Targets: {7: {'target': Position(9, 17)}}
INFO:root:=============== TURN 235 ================
INFO:root:Current Short Targets: {7: {'target': Position(9, 17)}}
INFO:root:Current Long Targets: {7: {'target': Position(9, 17)}}
INFO:root:=============== TURN 236 ================
INFO:root:Current Short Targets: {7: {'target': Position(9, 17)}}
INFO:root:Current Long Targets: {7: {'target': Position(9, 17)}}
INFO:root:=============== TURN 237 ================
INFO:root:Current Short Targets: {7: {'target': Position(9, 17)}}
INFO:root:Current Long Targets: {7: {'target': Position(9, 17)}}
INFO:root:=============== TURN 238 ================
INFO:root:Current Short Targets: {7: {'target': Position(9, 17)}}
INFO:root:Current Long Targets: {7: {'target': Position(9, 17)}}
INFO:root:=============== TURN 239 ================
INFO:root:Current Short Targets: {7: {'target': Position(9, 17)}}
INFO:root:Current Long Targets: {7: {'target': Position(9, 17)}}
INFO:root:=============== TURN 240 ================
INFO:root:Current Short Targets: {7: {'target': Position(9, 17)}}
INFO:root:Current Long Targets: {7: {'target': Position(9, 17)}}
INFO:root:=============== TURN 241 ================
INFO:root:Current Short Targets: {7: {'target': Position(9, 17)}}
INFO:root:Current Long Targets: {7: {'target': Position(9, 17)}}
INFO:root:=============== TURN 242 ================
INFO:root:Current Short Targets: {7: {'target': Position(9, 17)}}
INFO:root:Current Long Targets: {7: {'target': Position(9, 17)}}
INFO:root:=============== TURN 243 ================
INFO:root:Current Short Targets: {7: {'target': Position(9, 17)}}
INFO:root:Current Long Targets: {7: {'target': Position(9, 17)}}
INFO:root:=============== TURN 244 ================
INFO:root:Current Short Targets: {7: {'target': Position(9, 17)}}
INFO:root:Current Long Targets: {7: {'target': Position(9, 17)}}
INFO:root:=============== TURN 245 ================
INFO:root:Current Short Targets: {7: {'target': Position(9, 17)}}
INFO:root:Current Long Targets: {7: {'target': Position(9, 17)}}
INFO:root:=============== TURN 246 ================
INFO:root:Current Short Targets: {7: {'target': Position(9, 17)}}
INFO:root:Current Long Targets: {7: {'target': Position(9, 17)}}
INFO:root:=============== TURN 247 ================
INFO:root:Current Short Targets: {7: {'target': Position(9, 17)}}
INFO:root:Current Long Targets: {7: {'target': Position(9, 17)}}
INFO:root:=============== TURN 248 ================
INFO:root:Current Short Targets: {7: {'target': Position(9, 17)}}
INFO:root:Current Long Targets: {7: {'target': Position(9, 17)}}
INFO:root:=============== TURN 249 ================
INFO:root:Current Short Targets: {7: {'target': Position(9, 17)}}
INFO:root:Current Long Targets: {7: {'target': Position(9, 17)}}
INFO:root:=============== TURN 250 ================
INFO:root:Current Short Targets: {7: {'target': Position(9, 17)}}
INFO:root:Current Long Targets: {7: {'target': Position(9, 17)}}
INFO:root:=============== TURN 251 ================
INFO:root:Current Short Targets: {7: {'target': Position(9, 17)}}
INFO:root:Current Long Targets: {7: {'target': Position(9, 17)}}
INFO:root:=============== TURN 252 ================
INFO:root:Current Short Targets: {7: {'target': Position(9, 17)}}
INFO:root:Current Long Targets: {7: {'target': Position(9, 17)}}
INFO:root:=============== TURN 253 ================
INFO:root:Current Short Targets: {7: {'target': Position(9, 17)}}
INFO:root:Current Long Targets: {7: {'target': Position(9, 17)}}
INFO:root:=============== TURN 254 ================
INFO:root:Current Short Targets: {7: {'target': Position(9, 17)}}
INFO:root:Current Long Targets: {7: {'target': Position(9, 17)}}
INFO:root:=============== TURN 255 ================
INFO:root:Current Short Targets: {7: {'target': Position(9, 17)}}
INFO:root:Current Long Targets: {7: {'target': Position(9, 17)}}
INFO:root:=============== TURN 256 ================
INFO:root:Current Short Targets: {7: {'target': Position(9, 17)}}
INFO:root:Current Long Targets: {7: {'target': Position(9, 17)}}
INFO:root:=============== TURN 257 ================
INFO:root:Current Short Targets: {7: {'target': Position(9, 17)}}
INFO:root:Current Long Targets: {7: {'target': Position(9, 17)}}
INFO:root:=============== TURN 258 ================
INFO:root:Current Short Targets: {7: {'target': Position(9, 17)}}
INFO:root:Current Long Targets: {7: {'target': Position(9, 17)}}
INFO:root:=============== TURN 259 ================
INFO:root:Current Short Targets: {7: {'target': Position(9, 17)}}
INFO:root:Current Long Targets: {7: {'target': Position(9, 17)}}
INFO:root:=============== TURN 260 ================
INFO:root:Current Short Targets: {7: {'target': Position(9, 17)}}
INFO:root:Current Long Targets: {7: {'target': Position(9, 17)}}
INFO:root:=============== TURN 261 ================
INFO:root:Current Short Targets: {7: {'target': Position(9, 17)}}
INFO:root:Current Long Targets: {7: {'target': Position(9, 17)}}
INFO:root:=============== TURN 262 ================
INFO:root:Current Short Targets: {7: {'target': Position(9, 17)}}
INFO:root:Current Long Targets: {7: {'target': Position(9, 17)}}
INFO:root:=============== TURN 263 ================
INFO:root:Current Short Targets: {7: {'target': Position(9, 17)}}
INFO:root:Current Long Targets: {7: {'target': Position(9, 17)}}
INFO:root:=============== TURN 264 ================
INFO:root:Current Short Targets: {7: {'target': Position(9, 17)}}
INFO:root:Current Long Targets: {7: {'target': Position(9, 17)}}
INFO:root:=============== TURN 265 ================
INFO:root:Current Short Targets: {7: {'target': Position(9, 17)}}
INFO:root:Current Long Targets: {7: {'target': Position(9, 17)}}
INFO:root:=============== TURN 266 ================
INFO:root:Current Short Targets: {7: {'target': Position(9, 17)}}
INFO:root:Current Long Targets: {7: {'target': Position(9, 17)}}
INFO:root:=============== TURN 267 ================
INFO:root:Current Short Targets: {7: {'target': Position(9, 17)}}
INFO:root:Current Long Targets: {7: {'target': Position(9, 17)}}
INFO:root:=============== TURN 268 ================
INFO:root:Current Short Targets: {7: {'target': Position(9, 17)}}
INFO:root:Current Long Targets: {7: {'target': Position(9, 17)}}
INFO:root:=============== TURN 269 ================
INFO:root:Current Short Targets: {7: {'target': Position(9, 17)}}
INFO:root:Current Long Targets: {7: {'target': Position(9, 17)}}
INFO:root:=============== TURN 270 ================
INFO:root:Current Short Targets: {7: {'target': Position(9, 17)}}
INFO:root:Current Long Targets: {7: {'target': Position(9, 17)}}
INFO:root:=============== TURN 271 ================
INFO:root:Current Short Targets: {7: {'target': Position(9, 17)}}
INFO:root:Current Long Targets: {7: {'target': Position(9, 17)}}
INFO:root:=============== TURN 272 ================
INFO:root:Current Short Targets: {7: {'target': Position(9, 17)}}
INFO:root:Current Long Targets: {7: {'target': Position(9, 17)}}
INFO:root:=============== TURN 273 ================
INFO:root:Current Short Targets: {7: {'target': Position(9, 17)}}
INFO:root:Current Long Targets: {7: {'target': Position(9, 17)}}
INFO:root:=============== TURN 274 ================
INFO:root:Current Short Targets: {7: {'target': Position(9, 17)}}
INFO:root:Current Long Targets: {7: {'target': Position(9, 17)}}
INFO:root:=============== TURN 275 ================
INFO:root:Current Short Targets: {7: {'target': Position(9, 17)}}
INFO:root:Current Long Targets: {7: {'target': Position(9, 17)}}
INFO:root:=============== TURN 276 ================
INFO:root:Current Short Targets: {7: {'target': Position(9, 17)}}
INFO:root:Current Long Targets: {7: {'target': Position(9, 17)}}
INFO:root:=============== TURN 277 ================
INFO:root:Current Short Targets: {7: {'target': Position(9, 17)}}
INFO:root:Current Long Targets: {7: {'target': Position(9, 17)}}
INFO:root:=============== TURN 278 ================
INFO:root:Current Short Targets: {7: {'target': Position(9, 17)}}
INFO:root:Current Long Targets: {7: {'target': Position(9, 17)}}
INFO:root:=============== TURN 279 ================
INFO:root:Current Short Targets: {7: {'target': Position(9, 17)}}
INFO:root:Current Long Targets: {7: {'target': Position(9, 17)}}
INFO:root:=============== TURN 280 ================
INFO:root:Current Short Targets: {7: {'target': Position(9, 17)}}
INFO:root:Current Long Targets: {7: {'target': Position(9, 17)}}
INFO:root:=============== TURN 281 ================
INFO:root:Current Short Targets: {7: {'target': Position(9, 17)}}
INFO:root:Current Long Targets: {7: {'target': Position(9, 17)}}
INFO:root:=============== TURN 282 ================
INFO:root:Current Short Targets: {7: {'target': Position(9, 17)}}
INFO:root:Current Long Targets: {7: {'target': Position(9, 17)}}
INFO:root:=============== TURN 283 ================
INFO:root:Current Short Targets: {7: {'target': Position(9, 17)}}
INFO:root:Current Long Targets: {7: {'target': Position(9, 17)}}
INFO:root:=============== TURN 284 ================
INFO:root:Current Short Targets: {7: {'target': Position(9, 17)}}
INFO:root:Current Long Targets: {7: {'target': Position(9, 17)}}
INFO:root:=============== TURN 285 ================
INFO:root:Current Short Targets: {7: {'target': Position(9, 17)}}
INFO:root:Current Long Targets: {7: {'target': Position(9, 17)}}
INFO:root:=============== TURN 286 ================
INFO:root:Current Short Targets: {7: {'target': Position(9, 17)}}
INFO:root:Current Long Targets: {7: {'target': Position(9, 17)}}
INFO:root:=============== TURN 287 ================
INFO:root:Current Short Targets: {7: {'target': Position(9, 17)}}
INFO:root:Current Long Targets: {7: {'target': Position(9, 17)}}
INFO:root:=============== TURN 288 ================
INFO:root:Current Short Targets: {7: {'target': Position(9, 17)}}
INFO:root:Current Long Targets: {7: {'target': Position(9, 17)}}
INFO:root:=============== TURN 289 ================
INFO:root:Current Short Targets: {7: {'target': Position(9, 17)}}
INFO:root:Current Long Targets: {7: {'target': Position(9, 17)}}
INFO:root:=============== TURN 290 ================
INFO:root:Current Short Targets: {7: {'target': Position(9, 17)}}
INFO:root:Current Long Targets: {7: {'target': Position(9, 17)}}
INFO:root:=============== TURN 291 ================
INFO:root:Current Short Targets: {7: {'target': Position(9, 17)}}
INFO:root:Current Long Targets: {7: {'target': Position(9, 17)}}
INFO:root:=============== TURN 292 ================
INFO:root:Current Short Targets: {7: {'target': Position(9, 17)}}
INFO:root:Current Long Targets: {7: {'target': Position(9, 17)}}
INFO:root:=============== TURN 293 ================
INFO:root:Current Short Targets: {7: {'target': Position(9, 17)}}
INFO:root:Current Long Targets: {7: {'target': Position(9, 17)}}
INFO:root:=============== TURN 294 ================
INFO:root:Current Short Targets: {7: {'target': Position(9, 17)}}
INFO:root:Current Long Targets: {7: {'target': Position(9, 17)}}
INFO:root:=============== TURN 295 ================
INFO:root:Current Short Targets: {7: {'target': Position(9, 17)}}
INFO:root:Current Long Targets: {7: {'target': Position(9, 17)}}
INFO:root:=============== TURN 296 ================
INFO:root:Current Short Targets: {7: {'target': Position(9, 17)}}
INFO:root:Current Long Targets: {7: {'target': Position(9, 17)}}
INFO:root:=============== TURN 297 ================
INFO:root:Current Short Targets: {7: {'target': Position(9, 17)}}
INFO:root:Current Long Targets: {7: {'target': Position(9, 17)}}
INFO:root:=============== TURN 298 ================
INFO:root:Current Short Targets: {7: {'target': Position(9, 17)}}
INFO:root:Current Long Targets: {7: {'target': Position(9, 17)}}
INFO:root:=============== TURN 299 ================
INFO:root:Current Short Targets: {7: {'target': Position(9, 17)}}
INFO:root:Current Long Targets: {7: {'target': Position(9, 17)}}
INFO:root:=============== TURN 300 ================
INFO:root:Current Short Targets: {7: {'target': Position(9, 17)}}
INFO:root:Current Long Targets: {7: {'target': Position(9, 17)}}
INFO:root:=============== TURN 301 ================
INFO:root:Current Short Targets: {7: {'target': Position(9, 17)}}
INFO:root:Current Long Targets: {7: {'target': Position(9, 17)}}
INFO:root:=============== TURN 302 ================
INFO:root:Current Short Targets: {7: {'target': Position(9, 17)}}
INFO:root:Current Long Targets: {7: {'target': Position(9, 17)}}
INFO:root:=============== TURN 303 ================
INFO:root:Current Short Targets: {7: {'target': Position(9, 17)}}
INFO:root:Current Long Targets: {7: {'target': Position(9, 17)}}
INFO:root:=============== TURN 304 ================
INFO:root:Current Short Targets: {7: {'target': Position(9, 17)}}
INFO:root:Current Long Targets: {7: {'target': Position(9, 17)}}
INFO:root:=============== TURN 305 ================
INFO:root:Current Short Targets: {7: {'target': Position(9, 17)}}
INFO:root:Current Long Targets: {7: {'target': Position(9, 17)}}
INFO:root:=============== TURN 306 ================
INFO:root:Current Short Targets: {7: {'target': Position(9, 17)}}
INFO:root:Current Long Targets: {7: {'target': Position(9, 17)}}
INFO:root:=============== TURN 307 ================
INFO:root:Current Short Targets: {7: {'target': Position(9, 17)}}
INFO:root:Current Long Targets: {7: {'target': Position(9, 17)}}
INFO:root:=============== TURN 308 ================
INFO:root:Current Short Targets: {7: {'target': Position(9, 17)}}
INFO:root:Current Long Targets: {7: {'target': Position(9, 17)}}
INFO:root:=============== TURN 309 ================
INFO:root:Current Short Targets: {7: {'target': Position(9, 17)}}
INFO:root:Current Long Targets: {7: {'target': Position(9, 17)}}
INFO:root:=============== TURN 310 ================
INFO:root:Current Short Targets: {7: {'target': Position(9, 17)}}
INFO:root:Current Long Targets: {7: {'target': Position(9, 17)}}
INFO:root:=============== TURN 311 ================
INFO:root:Current Short Targets: {7: {'target': Position(9, 17)}}
INFO:root:Current Long Targets: {7: {'target': Position(9, 17)}}
INFO:root:=============== TURN 312 ================
INFO:root:Current Short Targets: {7: {'target': Position(9, 17)}}
INFO:root:Current Long Targets: {7: {'target': Position(9, 17)}}
INFO:root:=============== TURN 313 ================
INFO:root:Current Short Targets: {7: {'target': Position(9, 17)}}
INFO:root:Current Long Targets: {7: {'target': Position(9, 17)}}
INFO:root:=============== TURN 314 ================
INFO:root:Current Short Targets: {7: {'target': Position(9, 17)}}
INFO:root:Current Long Targets: {7: {'target': Position(9, 17)}}
INFO:root:=============== TURN 315 ================
INFO:root:Current Short Targets: {7: {'target': Position(9, 17)}}
INFO:root:Current Long Targets: {7: {'target': Position(9, 17)}}
INFO:root:=============== TURN 316 ================
INFO:root:Current Short Targets: {7: {'target': Position(9, 17)}}
INFO:root:Current Long Targets: {7: {'target': Position(9, 17)}}
INFO:root:=============== TURN 317 ================
INFO:root:Current Short Targets: {7: {'target': Position(9, 17)}}
INFO:root:Current Long Targets: {7: {'target': Position(9, 17)}}
INFO:root:=============== TURN 318 ================
INFO:root:Current Short Targets: {7: {'target': Position(9, 17)}}
INFO:root:Current Long Targets: {7: {'target': Position(9, 17)}}
INFO:root:=============== TURN 319 ================
INFO:root:Current Short Targets: {7: {'target': Position(9, 17)}}
INFO:root:Current Long Targets: {7: {'target': Position(9, 17)}}
INFO:root:=============== TURN 320 ================
INFO:root:Current Short Targets: {7: {'target': Position(9, 17)}}
INFO:root:Current Long Targets: {7: {'target': Position(9, 17)}}
INFO:root:=============== TURN 321 ================
INFO:root:Current Short Targets: {7: {'target': Position(9, 17)}}
INFO:root:Current Long Targets: {7: {'target': Position(9, 17)}}
INFO:root:=============== TURN 322 ================
INFO:root:Current Short Targets: {7: {'target': Position(9, 17)}}
INFO:root:Current Long Targets: {7: {'target': Position(9, 17)}}
INFO:root:=============== TURN 323 ================
INFO:root:Current Short Targets: {7: {'target': Position(9, 17)}}
INFO:root:Current Long Targets: {7: {'target': Position(9, 17)}}
INFO:root:=============== TURN 324 ================
INFO:root:Current Short Targets: {7: {'target': Position(9, 17)}}
INFO:root:Current Long Targets: {7: {'target': Position(9, 17)}}
INFO:root:=============== TURN 325 ================
INFO:root:Current Short Targets: {7: {'target': Position(9, 17)}}
INFO:root:Current Long Targets: {7: {'target': Position(9, 17)}}
INFO:root:=============== TURN 326 ================
INFO:root:Current Short Targets: {7: {'target': Position(9, 17)}}
INFO:root:Current Long Targets: {7: {'target': Position(9, 17)}}
INFO:root:=============== TURN 327 ================
INFO:root:Current Short Targets: {7: {'target': Position(9, 17)}}
INFO:root:Current Long Targets: {7: {'target': Position(9, 17)}}
INFO:root:=============== TURN 328 ================
INFO:root:Current Short Targets: {7: {'target': Position(9, 17)}}
INFO:root:Current Long Targets: {7: {'target': Position(9, 17)}}
INFO:root:=============== TURN 329 ================
INFO:root:Current Short Targets: {7: {'target': Position(9, 17)}}
INFO:root:Current Long Targets: {7: {'target': Position(9, 17)}}
INFO:root:=============== TURN 330 ================
INFO:root:Current Short Targets: {7: {'target': Position(9, 17)}}
INFO:root:Current Long Targets: {7: {'target': Position(9, 17)}}
INFO:root:=============== TURN 331 ================
INFO:root:Current Short Targets: {7: {'target': Position(9, 17)}}
INFO:root:Current Long Targets: {7: {'target': Position(9, 17)}}
INFO:root:=============== TURN 332 ================
INFO:root:Current Short Targets: {7: {'target': Position(9, 17)}}
INFO:root:Current Long Targets: {7: {'target': Position(9, 17)}}
INFO:root:=============== TURN 333 ================
INFO:root:Current Short Targets: {7: {'target': Position(9, 17)}}
INFO:root:Current Long Targets: {7: {'target': Position(9, 17)}}
INFO:root:=============== TURN 334 ================
INFO:root:Current Short Targets: {7: {'target': Position(9, 17)}}
INFO:root:Current Long Targets: {7: {'target': Position(9, 17)}}
INFO:root:=============== TURN 335 ================
INFO:root:Current Short Targets: {7: {'target': Position(9, 17)}}
INFO:root:Current Long Targets: {7: {'target': Position(9, 17)}}
INFO:root:=============== TURN 336 ================
INFO:root:Current Short Targets: {7: {'target': Position(9, 17)}}
INFO:root:Current Long Targets: {7: {'target': Position(9, 17)}}
INFO:root:=============== TURN 337 ================
INFO:root:Current Short Targets: {7: {'target': Position(9, 17)}}
INFO:root:Current Long Targets: {7: {'target': Position(9, 17)}}
INFO:root:=============== TURN 338 ================
INFO:root:Current Short Targets: {7: {'target': Position(9, 17)}}
INFO:root:Current Long Targets: {7: {'target': Position(9, 17)}}
INFO:root:=============== TURN 339 ================
INFO:root:Current Short Targets: {7: {'target': Position(9, 17)}}
INFO:root:Current Long Targets: {7: {'target': Position(9, 17)}}
INFO:root:=============== TURN 340 ================
INFO:root:Current Short Targets: {7: {'target': Position(9, 17)}}
INFO:root:Current Long Targets: {7: {'target': Position(9, 17)}}
INFO:root:=============== TURN 341 ================
INFO:root:Current Short Targets: {7: {'target': Position(9, 17)}}
INFO:root:Current Long Targets: {7: {'target': Position(9, 17)}}
INFO:root:=============== TURN 342 ================
INFO:root:Current Short Targets: {7: {'target': Position(9, 17)}}
INFO:root:Current Long Targets: {7: {'target': Position(9, 17)}}
INFO:root:=============== TURN 343 ================
INFO:root:Current Short Targets: {7: {'target': Position(9, 17)}}
INFO:root:Current Long Targets: {7: {'target': Position(9, 17)}}
INFO:root:=============== TURN 344 ================
INFO:root:Current Short Targets: {7: {'target': Position(9, 17)}}
INFO:root:Current Long Targets: {7: {'target': Position(9, 17)}}
INFO:root:=============== TURN 345 ================
INFO:root:Current Short Targets: {7: {'target': Position(9, 17)}}
INFO:root:Current Long Targets: {7: {'target': Position(9, 17)}}
INFO:root:=============== TURN 346 ================
INFO:root:Current Short Targets: {7: {'target': Position(9, 17)}}
INFO:root:Current Long Targets: {7: {'target': Position(9, 17)}}
INFO:root:=============== TURN 347 ================
INFO:root:Current Short Targets: {7: {'target': Position(9, 17)}}
INFO:root:Current Long Targets: {7: {'target': Position(9, 17)}}
INFO:root:=============== TURN 348 ================
INFO:root:Current Short Targets: {7: {'target': Position(9, 17)}}
INFO:root:Current Long Targets: {7: {'target': Position(9, 17)}}
INFO:root:=============== TURN 349 ================
INFO:root:Current Short Targets: {7: {'target': Position(9, 17)}}
INFO:root:Current Long Targets: {7: {'target': Position(9, 17)}}
INFO:root:=============== TURN 350 ================
INFO:root:Current Short Targets: {7: {'target': Position(9, 17)}}
INFO:root:Current Long Targets: {7: {'target': Position(9, 17)}}
INFO:root:=============== TURN 351 ================
INFO:root:Current Short Targets: {7: {'target': Position(9, 17)}}
INFO:root:Current Long Targets: {7: {'target': Position(9, 17)}}
INFO:root:=============== TURN 352 ================
INFO:root:Current Short Targets: {7: {'target': Position(9, 17)}}
INFO:root:Current Long Targets: {7: {'target': Position(9, 17)}}
INFO:root:=============== TURN 353 ================
INFO:root:Current Short Targets: {7: {'target': Position(9, 17)}}
INFO:root:Current Long Targets: {7: {'target': Position(9, 17)}}
INFO:root:=============== TURN 354 ================
INFO:root:Current Short Targets: {7: {'target': Position(9, 17)}}
INFO:root:Current Long Targets: {7: {'target': Position(9, 17)}}
INFO:root:=============== TURN 355 ================
INFO:root:Current Short Targets: {7: {'target': Position(9, 17)}}
INFO:root:Current Long Targets: {7: {'target': Position(9, 17)}}
INFO:root:=============== TURN 356 ================
INFO:root:Current Short Targets: {7: {'target': Position(9, 17)}}
INFO:root:Current Long Targets: {7: {'target': Position(9, 17)}}
INFO:root:=============== TURN 357 ================
INFO:root:Current Short Targets: {7: {'target': Position(9, 17)}}
INFO:root:Current Long Targets: {7: {'target': Position(9, 17)}}
INFO:root:=============== TURN 358 ================
INFO:root:Current Short Targets: {7: {'target': Position(9, 17)}}
INFO:root:Current Long Targets: {7: {'target': Position(9, 17)}}
INFO:root:=============== TURN 359 ================
INFO:root:Current Short Targets: {7: {'target': Position(9, 17)}}
INFO:root:Current Long Targets: {7: {'target': Position(9, 17)}}
INFO:root:=============== TURN 360 ================
INFO:root:Current Short Targets: {7: {'target': Position(9, 17)}}
INFO:root:Current Long Targets: {7: {'target': Position(9, 17)}}
INFO:root:=============== TURN 361 ================
INFO:root:Current Short Targets: {7: {'target': Position(9, 17)}}
INFO:root:Current Long Targets: {7: {'target': Position(9, 17)}}
INFO:root:=============== TURN 362 ================
INFO:root:Current Short Targets: {7: {'target': Position(9, 17)}}
INFO:root:Current Long Targets: {7: {'target': Position(9, 17)}}
INFO:root:=============== TURN 363 ================
INFO:root:Current Short Targets: {7: {'target': Position(9, 17)}}
INFO:root:Current Long Targets: {7: {'target': Position(9, 17)}}
INFO:root:=============== TURN 364 ================
INFO:root:Current Short Targets: {7: {'target': Position(9, 17)}}
INFO:root:Current Long Targets: {7: {'target': Position(9, 17)}}
INFO:root:=============== TURN 365 ================
INFO:root:Current Short Targets: {7: {'target': Position(9, 17)}}
INFO:root:Current Long Targets: {7: {'target': Position(9, 17)}}
INFO:root:=============== TURN 366 ================
INFO:root:Current Short Targets: {7: {'target': Position(9, 17)}}
INFO:root:Current Long Targets: {7: {'target': Position(9, 17)}}
INFO:root:=============== TURN 367 ================
INFO:root:Current Short Targets: {7: {'target': Position(9, 17)}}
INFO:root:Current Long Targets: {7: {'target': Position(9, 17)}}
INFO:root:=============== TURN 368 ================
INFO:root:Current Short Targets: {7: {'target': Position(9, 17)}}
INFO:root:Current Long Targets: {7: {'target': Position(9, 17)}}
INFO:root:=============== TURN 369 ================
INFO:root:Current Short Targets: {7: {'target': Position(9, 17)}}
INFO:root:Current Long Targets: {7: {'target': Position(9, 17)}}
INFO:root:=============== TURN 370 ================
INFO:root:Current Short Targets: {7: {'target': Position(9, 17)}}
INFO:root:Current Long Targets: {7: {'target': Position(9, 17)}}
INFO:root:=============== TURN 371 ================
INFO:root:Current Short Targets: {7: {'target': Position(9, 17)}}
INFO:root:Current Long Targets: {7: {'target': Position(9, 17)}}
INFO:root:=============== TURN 372 ================
INFO:root:Current Short Targets: {7: {'target': Position(9, 17)}}
INFO:root:Current Long Targets: {7: {'target': Position(9, 17)}}
INFO:root:=============== TURN 373 ================
INFO:root:Current Short Targets: {7: {'target': Position(9, 17)}}
INFO:root:Current Long Targets: {7: {'target': Position(9, 17)}}
INFO:root:=============== TURN 374 ================
INFO:root:Current Short Targets: {7: {'target': Position(9, 17)}}
INFO:root:Current Long Targets: {7: {'target': Position(9, 17)}}
INFO:root:=============== TURN 375 ================
INFO:root:Current Short Targets: {7: {'target': Position(9, 17)}}
INFO:root:Current Long Targets: {7: {'target': Position(9, 17)}}
INFO:root:=============== TURN 376 ================
INFO:root:Current Short Targets: {7: {'target': Position(9, 17)}}
INFO:root:Current Long Targets: {7: {'target': Position(9, 17)}}
INFO:root:=============== TURN 377 ================
INFO:root:Current Short Targets: {7: {'target': Position(9, 17)}}
INFO:root:Current Long Targets: {7: {'target': Position(9, 17)}}
INFO:root:=============== TURN 378 ================
INFO:root:Current Short Targets: {7: {'target': Position(9, 17)}}
INFO:root:Current Long Targets: {7: {'target': Position(9, 17)}}
INFO:root:=============== TURN 379 ================
INFO:root:Current Short Targets: {7: {'target': Position(9, 17)}}
INFO:root:Current Long Targets: {7: {'target': Position(9, 17)}}
INFO:root:=============== TURN 380 ================
INFO:root:Current Short Targets: {7: {'target': Position(9, 17)}}
INFO:root:Current Long Targets: {7: {'target': Position(9, 17)}}
INFO:root:=============== TURN 381 ================
INFO:root:Current Short Targets: {7: {'target': Position(9, 17)}}
INFO:root:Current Long Targets: {7: {'target': Position(9, 17)}}
INFO:root:=============== TURN 382 ================
INFO:root:Current Short Targets: {7: {'target': Position(9, 17)}}
INFO:root:Current Long Targets: {7: {'target': Position(9, 17)}}
INFO:root:=============== TURN 383 ================
INFO:root:Current Short Targets: {7: {'target': Position(9, 17)}}
INFO:root:Current Long Targets: {7: {'target': Position(9, 17)}}
INFO:root:=============== TURN 384 ================
INFO:root:Current Short Targets: {7: {'target': Position(9, 17)}}
INFO:root:Current Long Targets: {7: {'target': Position(9, 17)}}
INFO:root:=============== TURN 385 ================
INFO:root:Current Short Targets: {7: {'target': Position(9, 17)}}
INFO:root:Current Long Targets: {7: {'target': Position(9, 17)}}
INFO:root:=============== TURN 386 ================
INFO:root:Current Short Targets: {7: {'target': Position(9, 17)}}
INFO:root:Current Long Targets: {7: {'target': Position(9, 17)}}
INFO:root:=============== TURN 387 ================
INFO:root:Current Short Targets: {7: {'target': Position(9, 17)}}
INFO:root:Current Long Targets: {7: {'target': Position(9, 17)}}
INFO:root:=============== TURN 388 ================
INFO:root:Current Short Targets: {7: {'target': Position(9, 17)}}
INFO:root:Current Long Targets: {7: {'target': Position(9, 17)}}
INFO:root:=============== TURN 389 ================
INFO:root:Current Short Targets: {7: {'target': Position(9, 17)}}
INFO:root:Current Long Targets: {7: {'target': Position(9, 17)}}
INFO:root:=============== TURN 390 ================
INFO:root:Current Short Targets: {7: {'target': Position(9, 17)}}
INFO:root:Current Long Targets: {7: {'target': Position(9, 17)}}
INFO:root:=============== TURN 391 ================
INFO:root:Current Short Targets: {7: {'target': Position(9, 17)}}
INFO:root:Current Long Targets: {7: {'target': Position(9, 17)}}
INFO:root:=============== TURN 392 ================
INFO:root:Current Short Targets: {7: {'target': Position(9, 17)}}
INFO:root:Current Long Targets: {7: {'target': Position(9, 17)}}
INFO:root:=============== TURN 393 ================
INFO:root:Current Short Targets: {7: {'target': Position(9, 17)}}
INFO:root:Current Long Targets: {7: {'target': Position(9, 17)}}
INFO:root:=============== TURN 394 ================
INFO:root:Current Short Targets: {7: {'target': Position(9, 17)}}
INFO:root:Current Long Targets: {7: {'target': Position(9, 17)}}
INFO:root:=============== TURN 395 ================
INFO:root:Current Short Targets: {7: {'target': Position(9, 17)}}
INFO:root:Current Long Targets: {7: {'target': Position(9, 17)}}
INFO:root:=============== TURN 396 ================
INFO:root:Current Short Targets: {7: {'target': Position(9, 17)}}
INFO:root:Current Long Targets: {7: {'target': Position(9, 17)}}
INFO:root:=============== TURN 397 ================
INFO:root:Current Short Targets: {7: {'target': Position(9, 17)}}
INFO:root:Current Long Targets: {7: {'target': Position(9, 17)}}
INFO:root:=============== TURN 398 ================
INFO:root:Current Short Targets: {7: {'target': Position(9, 17)}}
INFO:root:Current Long Targets: {7: {'target': Position(9, 17)}}
INFO:root:=============== TURN 399 ================
INFO:root:Current Short Targets: {7: {'target': Position(9, 17)}}
INFO:root:Current Long Targets: {7: {'target': Position(9, 17)}}
INFO:root:=============== TURN 400 ================
INFO:root:Current Short Targets: {7: {'target': Position(9, 17)}}
INFO:root:Current Long Targets: {7: {'target': Position(9, 17)}}
