
Turn 3
================================================================
warning: entity 0 was directed to use 3 halite to move north, but only 0 halite was available
At command 1 of 2:
>>> 1   m 0 n
    2   g


Turn 11
================================================================
warning: entity 4 was directed to use 1 halite to move south, but only 0 halite was available
At command 3 of 4:
    1   m 2 n
    2   m 0 o
>>> 3   m 4 s
    4   g


Turn 14
================================================================
warning: entity 5 was directed to use 1 halite to move south, but only 0 halite was available
At command 3 of 5:
    1   m 2 e
    2   m 0 o
>>> 3   m 5 s
    4   m 4 s
    5   g

warning: entity 4 was directed to use 21 halite to move south, but only 1 halite was available
At command 4 of 5:
    2   m 0 o
    3   m 5 s
>>> 4   m 4 s
    5   g


Turn 57
================================================================
warning: entity 0 was directed to use 2 halite to move south, but only 0 halite was available
At command 6 of 7:
    4   m 2 o
    5   m 6 o
>>> 6   m 0 s
    7   m 9 s


Turn 59
================================================================
warning: entity 0 was directed to use 6 halite to move east, but only 5 halite was available
At command 6 of 7:
    4   m 9 e
    5   m 7 o
>>> 6   m 0 e
    7   m 2 w


Turn 67
================================================================
warning: entity 10 was directed to use 1 halite to move east, but only 0 halite was available
At command 3 of 8:
    1   m 4 o
    2   m 0 o
>>> 3   m 10 e
    4   m 2 e
    5   m 9 o


Turn 106
================================================================
warning: entity 4 was directed to use 2 halite to move west, but only 0 halite was available
At command 8 of 10:
    6   m 0 o
    7   m 2 o
>>> 8   m 4 w
    9   m 7 o
    10   m 14 n


Turn 152
================================================================
warning: entity 10 was directed to use 2 halite to move west, but only 0 halite was available
At command 12 of 13:
    10   m 13 e
    11   m 5 w
>>> 12   m 10 w
    13   m 19 s


Turn 293
================================================================
warning: entity 20 was directed to use 6 halite to move east, but only 4 halite was available
At command 18 of 23:
    16   m 31 w
    17   m 16 s
>>> 18   m 20 e
    19   m 23 n
    20   m 5 w

