
Turn 3
================================================================
warning: entity 0 was directed to use 9 halite to move east, but only 0 halite was available
At command 1 of 2:
>>> 1   m 0 e
    2   g


Turn 5
================================================================
warning: entity 2 was directed to use 7 halite to move east, but only 0 halite was available
At command 2 of 3:
    1   m 0 e
>>> 2   m 2 e
    3   g


Turn 6
================================================================
warning: entity 0 was directed to use 44 halite to move east, but only 9 halite was available
At command 2 of 3:
    1   m 2 e
>>> 2   m 0 e
    3   m 4 e


Turn 7
================================================================
warning: entity 4 was directed to use 5 halite to move east, but only 0 halite was available
At command 3 of 4:
    1   m 0 e
    2   m 2 e
>>> 3   m 4 e
    4   g


Turn 8
================================================================
warning: entity 2 was directed to use 33 halite to move east, but only 5 halite was available
At command 2 of 4:
    1   m 4 e
>>> 2   m 2 e
    3   m 0 o
    4   m 5 e


Turn 9
================================================================
warning: entity 5 was directed to use 4 halite to move east, but only 0 halite was available
At command 4 of 5:
    2   m 0 o
    3   m 4 e
>>> 4   m 5 e
    5   g

warning: owned entities 2, 0 collided on cell (12, 16) as the result of moves on this turn
At command 1 of 5:
>>> 1   m 2 e
    2   m 0 o
    3   m 4 e


Turn 10
================================================================
warning: entity 4 was directed to use 24 halite to move east, but only 1 halite was available
At command 2 of 3:
    1   m 5 e
>>> 2   m 4 e
    3   m 7 e


Turn 11
================================================================
warning: entity 5 was directed to use 9 halite to move east, but only 7 halite was available
At command 2 of 3:
    1   m 4 e
>>> 2   m 5 e
    3   m 7 e

warning: entity 7 was directed to use 3 halite to move east, but only 0 halite was available
At command 3 of 3:
    1   m 4 e
    2   m 5 e
>>> 3   m 7 e


Turn 12
================================================================
warning: entity 4 was directed to use 80 halite to move east, but only 46 halite was available
At command 3 of 3:
    1   m 5 e
    2   m 7 e
>>> 3   m 4 e


Turn 13
================================================================
warning: entity 7 was directed to use 7 halite to move east, but only 6 halite was available
At command 3 of 3:
    1   m 4 e
    2   m 5 e
>>> 3   m 7 e


Turn 16
================================================================
warning: entity 7 was directed to use 31 halite to move east, but only 2 halite was available
At command 3 of 3:
    1   m 4 o
    2   m 5 e
>>> 3   m 7 e


Turn 18
================================================================
warning: entity 5 was directed to use 43 halite to move west, but only 21 halite was available
At command 3 of 3:
    1   m 4 o
    2   m 7 n
>>> 3   m 5 w


Turn 20
================================================================
warning: entity 7 was directed to use 23 halite to move north, but only 6 halite was available
At command 3 of 3:
    1   m 4 o
    2   m 5 n
>>> 3   m 7 n


Turn 22
================================================================
warning: entity 5 was directed to use 53 halite to move west, but only 13 halite was available
At command 3 of 3:
    1   m 4 o
    2   m 7 n
>>> 3   m 5 w


Turn 24
================================================================
warning: entity 7 was directed to use 29 halite to move north, but only 7 halite was available
At command 3 of 3:
    1   m 4 o
    2   m 5 n
>>> 3   m 7 n


Turn 27
================================================================
warning: entity 7 was directed to use 50 halite to move west, but only 8 halite was available
At command 3 of 3:
    1   m 4 o
    2   m 5 n
>>> 3   m 7 w


Turn 33
================================================================
warning: entity 5 was directed to use 54 halite to move south, but only 1 halite was available
At command 3 of 3:
    1   m 4 o
    2   m 7 s
>>> 3   m 5 s


Turn 34
================================================================
warning: entity 7 was directed to use 51 halite to move north, but only 40 halite was available
At command 3 of 3:
    1   m 4 o
    2   m 5 o
>>> 3   m 7 n


Turn 41
================================================================
warning: entity 5 was directed to use 45 halite to move north, but only 1 halite was available
At command 3 of 3:
    1   m 4 o
    2   m 7 n
>>> 3   m 5 n


Turn 46
================================================================
warning: entity 7 was directed to use 30 halite to move south, but only 23 halite was available
At command 3 of 3:
    1   m 4 o
    2   m 5 n
>>> 3   m 7 s


Turn 48
================================================================
warning: entity 5 was directed to use 39 halite to move north, but only 36 halite was available
At command 3 of 3:
    1   m 4 o
    2   m 7 s
>>> 3   m 5 n


Turn 52
================================================================
warning: entity 7 was directed to use 28 halite to move north, but only 23 halite was available
At command 3 of 3:
    1   m 4 o
    2   m 5 n
>>> 3   m 7 n

warning: owned entities 5, 7 collided on cell (12, 12) as the result of moves on this turn
At command 2 of 3:
    1   m 4 o
>>> 2   m 5 n
    3   m 7 n

