
Turn 24
================================================================
warning: entity 2 was directed to use 8 halite to move west, but only 0 halite was available
At command 4 of 5:
    2   m 5 w
    3   m 1 w
>>> 4   m 2 w
    5   m 8 o


Turn 28
================================================================
warning: entity 10 was directed to use 6 halite to move north, but only 0 halite was available
At command 3 of 7:
    1   m 1 o
    2   m 5 s
>>> 3   m 10 n
    4   m 2 o
    5   m 6 w


Turn 41
================================================================
warning: entity 14 was directed to use 4 halite to move east, but only 0 halite was available
At command 6 of 8:
    4   m 1 o
    5   m 8 n
>>> 6   m 14 e
    7   m 6 w
    8   m 12 o


Turn 43
================================================================
warning: entity 14 was directed to use 11 halite to move east, but only 9 halite was available
At command 4 of 8:
    2   m 10 e
    3   m 1 o
>>> 4   m 14 e
    5   m 6 s
    6   m 12 o


Turn 58
================================================================
warning: entity 5 was directed to use 4 halite to move west, but only 0 halite was available
At command 9 of 9:
    7   m 2 o
    8   m 12 o
>>> 9   m 5 w


Turn 64
================================================================
warning: entity 19 was directed to use 3 halite to move west, but only 0 halite was available
At command 10 of 11:
    8   m 1 o
    9   m 8 o
>>> 10   m 19 w
    11   g


Turn 66
================================================================
warning: entity 20 was directed to use 1 halite to move west, but only 0 halite was available
At command 11 of 11:
    9   m 6 n
    10   m 19 w
>>> 11   m 20 w


Turn 73
================================================================
warning: entity 22 was directed to use 2 halite to move south, but only 0 halite was available
At command 12 of 12:
    10   m 14 o
    11   m 2 o
>>> 12   m 22 s


Turn 75
================================================================
warning: entity 12 was directed to use 1 halite to move west, but only 0 halite was available
At command 12 of 13:
    10   m 17 o
    11   m 22 o
>>> 12   m 12 w
    13   g


Turn 83
================================================================
warning: entity 1 was directed to use 2 halite to move north, but only 0 halite was available
At command 7 of 14:
    5   m 12 w
    6   m 19 o
>>> 7   m 1 n
    8   m 8 o
    9   m 22 o


Turn 97
================================================================
warning: entity 6 was directed to use 1 halite to move south, but only 0 halite was available
At command 12 of 15:
    10   m 10 n
    11   m 17 s
>>> 12   m 6 s
    13   m 5 n
    14   m 1 o


Turn 102
================================================================
warning: entity 5 was directed to use 1 halite to move north, but only 0 halite was available
At command 14 of 15:
    12   m 8 w
    13   m 17 n
>>> 14   m 5 n
    15   m 31 n


Turn 109
================================================================
warning: entity 10 was directed to use 1 halite to move west, but only 0 halite was available
At command 15 of 16:
    13   m 8 w
    14   m 17 o
>>> 15   m 10 w
    16   m 32 n


Turn 120
================================================================
warning: entity 24 was directed to use 1 halite to move west, but only 0 halite was available
At command 17 of 18:
    15   m 22 w
    16   m 19 w
>>> 17   m 24 w
    18   g


Turn 129
================================================================
warning: entity 36 was directed to use 10 halite to move east, but only 2 halite was available
At command 14 of 18:
    12   m 1 o
    13   m 26 s
>>> 14   m 36 e
    15   m 28 o
    16   m 8 o


Turn 201
================================================================
warning: entity 55 was directed to use 1 halite to move west, but only 0 halite was available
At command 26 of 26:
    24   m 20 n
    25   m 19 n
>>> 26   m 55 w


Turn 268
================================================================
warning: entity 40 was directed to use 1 halite to move east, but only 0 halite was available
At command 19 of 23:
    17   m 33 o
    18   m 32 o
>>> 19   m 40 e
    20   m 5 w
    21   m 20 w

