
Turn 18
================================================================
warning: entity 5 was directed to use 13 halite to move west, but only 0 halite was available
At command 4 of 5:
    2   m 2 o
    3   m 0 w
>>> 4   m 5 w
    5   g


Turn 33
================================================================
warning: entity 10 was directed to use 5 halite to move east, but only 0 halite was available
At command 1 of 7:
>>> 1   m 10 e
    2   m 2 o
    3   m 8 w


Turn 38
================================================================
warning: entity 5 was directed to use 9 halite to move east, but only 0 halite was available
At command 7 of 8:
    5   m 8 o
    6   m 4 o
>>> 7   m 5 e
    8   g


Turn 41
================================================================
warning: entity 11 was directed to use 4 halite to move west, but only 0 halite was available
At command 8 of 8:
    6   m 5 o
    7   m 4 o
>>> 8   m 11 w


Turn 47
================================================================
warning: entity 13 was directed to use 3 halite to move west, but only 0 halite was available
At command 9 of 9:
    7   m 8 o
    8   m 6 o
>>> 9   m 13 w


Turn 51
================================================================
warning: entity 0 was directed to use 5 halite to move west, but only 0 halite was available
At command 9 of 10:
    7   m 13 o
    8   m 10 o
>>> 9   m 0 w
    10   g


Turn 53
================================================================
warning: entity 14 was directed to use 5 halite to move south, but only 0 halite was available
At command 8 of 10:
    6   m 11 o
    7   m 13 o
>>> 8   m 14 s
    9   m 0 w
    10   m 4 n


Turn 55
================================================================
warning: entity 14 was directed to use 12 halite to move west, but only 11 halite was available
At command 7 of 10:
    5   m 5 o
    6   m 0 o
>>> 7   m 14 w
    8   m 4 o
    9   m 8 n


Turn 56
================================================================
warning: entity 2 was directed to use 2 halite to move north, but only 0 halite was available
At command 10 of 11:
    8   m 6 o
    9   m 8 e
>>> 10   m 2 n
    11   g


Turn 58
================================================================
warning: entity 16 was directed to use 4 halite to move south, but only 0 halite was available
At command 11 of 11:
    9   m 6 o
    10   m 2 w
>>> 11   m 16 s


Turn 67
================================================================
warning: entity 4 was directed to use 4 halite to move south, but only 0 halite was available
At command 11 of 12:
    9   m 14 o
    10   m 6 e
>>> 11   m 4 s
    12   g


Turn 73
================================================================
warning: entity 8 was directed to use 3 halite to move east, but only 0 halite was available
At command 12 of 13:
    10   m 0 e
    11   m 10 n
>>> 12   m 8 e
    13   g


Turn 75
================================================================
warning: entity 20 was directed to use 3 halite to move south, but only 0 halite was available
At command 10 of 13:
    8   m 4 o
    9   m 2 o
>>> 10   m 20 s
    11   m 8 o
    12   m 0 n


Turn 79
================================================================
warning: entity 13 was directed to use 3 halite to move south, but only 0 halite was available
At command 13 of 14:
    11   m 6 o
    12   m 11 w
>>> 13   m 13 s
    14   g


Turn 81
================================================================
warning: entity 21 was directed to use 1 halite to move north, but only 0 halite was available
At command 14 of 14:
    12   m 13 o
    13   m 11 o
>>> 14   m 21 n


Turn 86
================================================================
warning: entity 10 was directed to use 2 halite to move west, but only 0 halite was available
At command 13 of 15:
    11   m 13 o
    12   m 6 n
>>> 13   m 10 w
    14   m 0 w
    15   g


Turn 95
================================================================
warning: entity 25 was directed to use 2 halite to move west, but only 0 halite was available
At command 14 of 16:
    12   m 6 n
    13   m 5 o
>>> 14   m 25 w
    15   m 11 n
    16   m 14 e


Turn 98
================================================================
warning: entity 11 was directed to use 2 halite to move west, but only 0 halite was available
At command 14 of 17:
    12   m 4 o
    13   m 14 o
>>> 14   m 11 w
    15   m 6 e
    16   m 25 o


Turn 102
================================================================
warning: entity 14 was directed to use 1 halite to move east, but only 0 halite was available
At command 13 of 18:
    11   m 4 e
    12   m 21 o
>>> 13   m 14 e
    14   m 6 w
    15   m 11 o


Turn 111
================================================================
warning: entity 30 was directed to use 1 halite to move west, but only 0 halite was available
At command 19 of 19:
    17   m 25 o
    18   m 13 e
>>> 19   m 30 w


Turn 129
================================================================
warning: entity 21 was directed to use 1 halite to move east, but only 0 halite was available
At command 15 of 22:
    13   m 13 n
    14   m 11 o
>>> 15   m 21 e
    16   m 26 o
    17   m 20 o


Turn 146
================================================================
warning: entity 8 was directed to use 2 halite to move west, but only 1 halite was available
At command 18 of 25:
    16   m 26 e
    17   m 13 o
>>> 18   m 8 w
    19   m 10 o
    20   m 28 w


Turn 165
================================================================
warning: entity 45 was directed to use 1 halite to move east, but only 0 halite was available
At command 25 of 27:
    23   m 30 o
    24   m 43 o
>>> 25   m 45 e
    26   m 35 e
    27   m 18 w


Turn 261
================================================================
warning: entity 43 was directed to use 1 halite to move west, but only 0 halite was available
At command 39 of 42:
    37   m 35 w
    38   m 65 w
>>> 39   m 43 w
    40   m 33 w
    41   m 13 w

