
Turn 7
================================================================
warning: entity 3 was directed to use 7 halite to move south, but only 0 halite was available
At command 2 of 3:
    1   m 1 o
>>> 2   m 3 s
    3   g


Turn 17
================================================================
warning: entity 9 was directed to use 5 halite to move west, but only 0 halite was available
At command 1 of 5:
>>> 1   m 9 w
    2   m 1 e
    3   m 5 e


Turn 47
================================================================
warning: entity 9 was directed to use 1 halite to move west, but only 0 halite was available
At command 1 of 6:
>>> 1   m 9 w
    2   m 1 o
    3   m 5 s


Turn 52
================================================================
warning: entity 3 was directed to use 2 halite to move south, but only 0 halite was available
At command 5 of 7:
    3   m 5 o
    4   m 11 e
>>> 5   m 3 s
    6   m 7 w
    7   g


Turn 70
================================================================
warning: entity 7 was directed to use 1 halite to move south, but only 0 halite was available
At command 8 of 8:
    6   m 9 o
    7   m 14 o
>>> 8   m 7 s


Turn 79
================================================================
warning: entity 5 was directed to use 1 halite to move south, but only 0 halite was available
At command 5 of 9:
    3   m 9 o
    4   m 1 n
>>> 5   m 5 s
    6   m 13 o
    7   m 14 w


Turn 81
================================================================
warning: entity 16 was directed to use 1 halite to move south, but only 0 halite was available
At command 9 of 9:
    7   m 3 o
    8   m 7 o
>>> 9   m 16 s


Turn 92
================================================================
warning: entity 3 was directed to use 1 halite to move west, but only 0 halite was available
At command 10 of 11:
    8   m 9 w
    9   m 11 s
>>> 10   m 3 w
    11   g


Turn 93
================================================================
warning: entity 9 was directed to use 8 halite to move north, but only 5 halite was available
At command 9 of 11:
    7   m 16 o
    8   m 7 o
>>> 9   m 9 n
    10   m 11 n
    11   m 20 e


Turn 94
================================================================
warning: entity 20 was directed to use 1 halite to move east, but only 0 halite was available
At command 8 of 11:
    6   m 7 e
    7   m 9 n
>>> 8   m 20 e
    9   m 3 o
    10   m 11 s


Turn 98
================================================================
warning: entity 11 was directed to use 1 halite to move south, but only 0 halite was available
At command 9 of 11:
    7   m 14 w
    8   m 7 o
>>> 9   m 11 s
    10   m 3 o
    11   m 1 o


Turn 101
================================================================
warning: entity 13 was directed to use 1 halite to move east, but only 0 halite was available
At command 11 of 12:
    9   m 14 o
    10   m 20 o
>>> 11   m 13 e
    12   m 23 n


Turn 103
================================================================
warning: entity 11 was directed to use 9 halite to move west, but only 4 halite was available
At command 11 of 12:
    9   m 7 o
    10   m 13 o
>>> 11   m 11 w
    12   m 23 o


Turn 108
================================================================
warning: entity 25 was directed to use 1 halite to move west, but only 0 halite was available
At command 12 of 13:
    10   m 7 w
    11   m 13 o
>>> 12   m 25 w
    13   m 1 o


Turn 120
================================================================
warning: entity 7 was directed to use 2 halite to move west, but only 0 halite was available
At command 14 of 14:
    12   m 5 o
    13   m 16 w
>>> 14   m 7 w


Turn 127
================================================================
warning: entity 30 was directed to use 1 halite to move west, but only 0 halite was available
At command 16 of 16:
    14   m 3 n
    15   m 19 w
>>> 16   m 30 w


Turn 133
================================================================
warning: entity 5 was directed to use 2 halite to move west, but only 0 halite was available
At command 16 of 17:
    14   m 19 s
    15   m 20 o
>>> 16   m 5 w
    17   m 32 w


Turn 152
================================================================
warning: entity 20 was directed to use 1 halite to move west, but only 0 halite was available
At command 18 of 20:
    16   m 38 w
    17   m 19 e
>>> 18   m 20 w
    19   m 13 s
    20   m 7 e


Turn 185
================================================================
warning: entity 49 was directed to use 2 halite to move west, but only 0 halite was available
At command 20 of 25:
    18   m 30 s
    19   m 14 n
>>> 20   m 49 w
    21   m 13 s
    22   m 23 s


Turn 252
================================================================
warning: entity 29 was directed to use 2 halite to move east, but only 1 halite was available
At command 23 of 28:
    21   m 51 o
    22   m 44 e
>>> 23   m 29 e
    24   m 13 s
    25   m 3 e


Turn 264
================================================================
warning: entity 49 was directed to use 1 halite to move west, but only 0 halite was available
At command 26 of 28:
    24   m 53 w
    25   m 19 w
>>> 26   m 49 w
    27   m 9 s
    28   m 3 e


Turn 364
================================================================
warning: entity 32 was directed to use 1 halite to move west, but only 0 halite was available
At command 17 of 27:
    15   m 30 n
    16   m 36 n
>>> 17   m 32 w
    18   m 1 o
    19   m 7 w

