
Turn 3
================================================================
warning: entity 1 was directed to use 1 halite to move north, but only 0 halite was available
At command 1 of 2:
>>> 1   m 1 n
    2   g


Turn 5
================================================================
warning: entity 2 was directed to use 2 halite to move south, but only 0 halite was available
At command 2 of 3:
    1   m 1 o
>>> 2   m 2 s
    3   g


Turn 9
================================================================
warning: entity 6 was directed to use 1 halite to move south, but only 0 halite was available
At command 4 of 5:
    2   m 4 o
    3   m 2 o
>>> 4   m 6 s
    5   g


Turn 66
================================================================
warning: entity 6 was directed to use 2 halite to move east, but only 0 halite was available
At command 6 of 7:
    4   m 4 o
    5   m 7 o
>>> 6   m 6 e
    7   m 1 n


Turn 111
================================================================
warning: entity 18 was directed to use 2 halite to move east, but only 0 halite was available
At command 6 of 10:
    4   m 4 o
    5   m 1 o
>>> 6   m 18 e
    7   m 16 o
    8   m 10 o


Turn 130
================================================================
warning: entity 6 was directed to use 3 halite to move east, but only 1 halite was available
At command 9 of 12:
    7   m 2 o
    8   m 4 n
>>> 9   m 6 e
    10   m 12 n
    11   m 10 o


Turn 145
================================================================
warning: entity 4 was directed to use 1 halite to move east, but only 0 halite was available
At command 12 of 13:
    10   m 2 o
    11   m 14 o
>>> 12   m 4 e
    13   m 23 s


Turn 147
================================================================
warning: entity 23 was directed to use 1 halite to move west, but only 0 halite was available
At command 9 of 13:
    7   m 14 o
    8   m 18 o
>>> 9   m 23 w
    10   m 4 o
    11   m 12 o


Turn 158
================================================================
warning: entity 24 was directed to use 1 halite to move east, but only 0 halite was available
At command 9 of 14:
    7   m 21 o
    8   m 16 s
>>> 9   m 24 e
    10   m 20 o
    11   m 12 w

