
Turn 51
================================================================
warning: entity 10 was directed to use 5 halite to move west, but only 0 halite was available
At command 7 of 7:
    5   m 0 e
    6   m 2 o
>>> 7   m 10 w


Turn 60
================================================================
warning: entity 0 was directed to use 4 halite to move west, but only 0 halite was available
At command 7 of 8:
    5   m 10 o
    6   m 2 o
>>> 7   m 0 w
    8   g


Turn 62
================================================================
warning: entity 12 was directed to use 6 halite to move south, but only 0 halite was available
At command 8 of 8:
    6   m 6 o
    7   m 4 s
>>> 8   m 12 s


Turn 74
================================================================
warning: entity 15 was directed to use 7 halite to move west, but only 0 halite was available
At command 7 of 9:
    5   m 0 w
    6   m 9 o
>>> 7   m 15 w
    8   m 4 o
    9   m 2 e


Turn 79
================================================================
warning: entity 2 was directed to use 5 halite to move west, but only 0 halite was available
At command 8 of 10:
    6   m 15 o
    7   m 4 e
>>> 8   m 2 w
    9   m 6 n
    10   g


Turn 82
================================================================
warning: entity 17 was directed to use 3 halite to move south, but only 0 halite was available
At command 9 of 10:
    7   m 9 o
    8   m 6 e
>>> 9   m 17 s
    10   m 2 o


Turn 89
================================================================
warning: entity 10 was directed to use 5 halite to move south, but only 0 halite was available
At command 10 of 11:
    8   m 4 s
    9   m 12 e
>>> 10   m 10 s
    11   g


Turn 91
================================================================
warning: entity 10 was directed to use 12 halite to move west, but only 11 halite was available
At command 10 of 11:
    8   m 4 o
    9   m 2 o
>>> 10   m 10 w
    11   m 7 o


Turn 98
================================================================
warning: entity 21 was directed to use 2 halite to move west, but only 0 halite was available
At command 12 of 12:
    10   m 18 o
    11   m 12 e
>>> 12   m 21 w


Turn 102
================================================================
warning: entity 22 was directed to use 1 halite to move east, but only 0 halite was available
At command 13 of 13:
    11   m 0 n
    12   m 12 o
>>> 13   m 22 e


Turn 104
================================================================
warning: entity 7 was directed to use 2 halite to move south, but only 0 halite was available
At command 13 of 13:
    11   m 18 o
    12   m 22 e
>>> 13   m 7 s


Turn 110
================================================================
warning: entity 0 was directed to use 1 halite to move south, but only 0 halite was available
At command 13 of 14:
    11   m 17 o
    12   m 7 o
>>> 13   m 0 s
    14   g


Turn 122
================================================================
warning: entity 2 was directed to use 1 halite to move south, but only 0 halite was available
At command 15 of 16:
    13   m 17 n
    14   m 4 o
>>> 15   m 2 s
    16   g


Turn 127
================================================================
warning: entity 10 was directed to use 1 halite to move west, but only 0 halite was available
At command 15 of 16:
    13   m 26 n
    14   m 4 e
>>> 15   m 10 w
    16   m 17 n


Turn 137
================================================================
warning: entity 4 was directed to use 1 halite to move west, but only 0 halite was available
At command 17 of 18:
    15   m 6 s
    16   m 12 o
>>> 17   m 4 w
    18   g


Turn 143
================================================================
warning: entity 17 was directed to use 1 halite to move south, but only 0 halite was available
At command 18 of 18:
    16   m 0 o
    17   m 15 o
>>> 18   m 17 s


Turn 154
================================================================
warning: entity 35 was directed to use 1 halite to move west, but only 0 halite was available
At command 18 of 20:
    16   m 22 o
    17   m 27 o
>>> 18   m 35 w
    19   m 0 w
    20   m 24 e


Turn 245
================================================================
error: failed to decode bot message: "T" (at position 1)
Last input received was:
Traceback (most recent call last):
  File "MyBot.py", line 39, in <module>
    if not cell.is_occupied and cell.position is not ship.position:
AttributeError: 'NoneType' object has no attribute 'is_occupied'

