
Turn 3
================================================================
warning: entity 1 was directed to use 4 halite to move south, but only 0 halite was available
At command 1 of 2:
>>> 1   m 1 s
    2   g


Turn 9
================================================================
warning: entity 7 was directed to use 1 halite to move north, but only 0 halite was available
At command 4 of 5:
    2   m 1 o
    3   m 5 o
>>> 4   m 7 n
    5   g


Turn 106
================================================================
warning: entity 9 was directed to use 6 halite to move north, but only 3 halite was available
At command 3 of 8:
    1   m 5 n
    2   m 10 o
>>> 3   m 9 n
    4   m 1 o
    5   m 11 o


Turn 111
================================================================
warning: entity 7 was directed to use 2 halite to move west, but only 0 halite was available
At command 8 of 8:
    6   m 1 o
    7   m 9 o
>>> 8   m 7 w


Turn 123
================================================================
warning: entity 3 was directed to use 7 halite to move south, but only 1 halite was available
At command 8 of 9:
    6   m 13 w
    7   m 5 w
>>> 8   m 3 s
    9   m 7 o


Turn 190
================================================================
warning: entity 5 was directed to use 1 halite to move south, but only 0 halite was available
At command 9 of 15:
    7   m 11 o
    8   m 14 e
>>> 9   m 5 s
    10   m 12 e
    11   m 1 o

