
Turn 7
================================================================
warning: entity 4 was directed to use 24 halite to move west, but only 0 halite was available
At command 3 of 4:
    1   m 1 o
    2   m 2 o
>>> 3   m 4 w
    4   g


Turn 9
================================================================
warning: entity 6 was directed to use 11 halite to move west, but only 0 halite was available
At command 4 of 5:
    2   m 1 o
    3   m 4 o
>>> 4   m 6 w
    5   g


Turn 39
================================================================
warning: entity 6 was directed to use 4 halite to move east, but only 0 halite was available
At command 5 of 6:
    3   m 2 n
    4   m 1 e
>>> 5   m 6 e
    6   g


Turn 51
================================================================
warning: entity 1 was directed to use 3 halite to move east, but only 0 halite was available
At command 5 of 8:
    3   m 11 o
    4   m 7 w
>>> 5   m 1 e
    6   m 6 o
    7   m 4 o


Turn 70
================================================================
warning: entity 4 was directed to use 2 halite to move west, but only 0 halite was available
At command 8 of 9:
    6   m 6 o
    7   m 11 o
>>> 8   m 4 w
    9   g


Turn 86
================================================================
warning: entity 10 was directed to use 1 halite to move west, but only 0 halite was available
At command 9 of 10:
    7   m 13 o
    8   m 11 e
>>> 9   m 10 w
    10   g


Turn 95
================================================================
warning: entity 16 was directed to use 2 halite to move west, but only 0 halite was available
At command 9 of 11:
    7   m 15 o
    8   m 11 o
>>> 9   m 16 w
    10   m 10 o
    11   m 13 w


Turn 102
================================================================
warning: entity 2 was directed to use 1 halite to move west, but only 0 halite was available
At command 4 of 12:
    2   m 4 o
    3   m 15 o
>>> 4   m 2 w
    5   m 11 o
    6   m 14 w


Turn 112
================================================================
warning: entity 13 was directed to use 1 halite to move south, but only 0 halite was available
At command 12 of 13:
    10   m 1 o
    11   m 7 w
>>> 12   m 13 s
    13   g


Turn 116
================================================================
warning: entity 18 was directed to use 1 halite to move west, but only 0 halite was available
At command 6 of 13:
    4   m 2 o
    5   m 13 s
>>> 6   m 18 w
    7   m 4 n
    8   m 16 o


Turn 120
================================================================
warning: entity 19 was directed to use 1 halite to move east, but only 0 halite was available
At command 14 of 14:
    12   m 6 o
    13   m 7 e
>>> 14   m 19 e


Turn 131
================================================================
warning: entity 20 was directed to use 2 halite to move east, but only 0 halite was available
At command 15 of 15:
    13   m 10 o
    14   m 4 e
>>> 15   m 20 e

