
Turn 42
================================================================
warning: entity 1 was directed to use 2 halite to move east, but only 0 halite was available
At command 5 of 5:
    3   m 3 e
    4   m 4 w
>>> 5   m 1 e


Turn 51
================================================================
warning: entity 7 was directed to use 1 halite to move east, but only 0 halite was available
At command 6 of 6:
    4   m 5 e
    5   m 4 o
>>> 6   m 7 e


Turn 59
================================================================
warning: entity 8 was directed to use 1 halite to move east, but only 0 halite was available
At command 7 of 7:
    5   m 7 o
    6   m 4 w
>>> 7   m 8 e


Turn 66
================================================================
warning: entity 9 was directed to use 1 halite to move south, but only 0 halite was available
At command 3 of 8:
    1   m 7 n
    2   m 1 o
>>> 3   m 9 s
    4   m 8 n
    5   m 3 o


Turn 77
================================================================
warning: entity 6 was directed to use 2 halite to move east, but only 0 halite was available
At command 8 of 8:
    6   m 5 o
    7   m 3 n
>>> 8   m 6 e


Turn 80
================================================================
warning: entity 3 was directed to use 1 halite to move west, but only 0 halite was available
At command 8 of 9:
    6   m 6 o
    7   m 7 o
>>> 8   m 3 w
    9   m 10 n


Turn 94
================================================================
warning: entity 1 was directed to use 1 halite to move west, but only 0 halite was available
At command 7 of 11:
    5   m 5 o
    6   m 11 o
>>> 7   m 1 w
    8   m 4 o
    9   m 6 o


Turn 100
================================================================
warning: entity 12 was directed to use 4 halite to move north, but only 3 halite was available
At command 11 of 11:
    9   m 8 e
    10   m 7 o
>>> 11   m 12 n


Turn 101
================================================================
warning: entity 4 was directed to use 1 halite to move west, but only 0 halite was available
At command 10 of 12:
    8   m 12 n
    9   m 5 e
>>> 10   m 4 w
    11   m 8 w
    12   g


Turn 104
================================================================
warning: entity 4 was directed to use 4 halite to move east, but only 1 halite was available
At command 9 of 12:
    7   m 5 e
    8   m 8 w
>>> 9   m 4 e
    10   m 10 w
    11   m 13 e


Turn 120
================================================================
warning: entity 10 was directed to use 1 halite to move west, but only 0 halite was available
At command 13 of 14:
    11   m 6 s
    12   m 9 n
>>> 13   m 10 w
    14   g


Turn 147
================================================================
warning: entity 12 was directed to use 1 halite to move west, but only 0 halite was available
At command 10 of 18:
    8   m 9 o
    9   m 1 e
>>> 10   m 12 w
    11   m 17 o
    12   m 13 w


Turn 154
================================================================
warning: entity 20 was directed to use 1 halite to move east, but only 0 halite was available
At command 19 of 19:
    17   m 8 e
    18   m 7 n
>>> 19   m 20 e


Turn 169
================================================================
warning: entity 22 was directed to use 4 halite to move east, but only 1 halite was available
At command 13 of 21:
    11   m 1 o
    12   m 4 o
>>> 13   m 22 e
    14   m 10 e
    15   m 6 s

