
Turn 55
================================================================
warning: entity 1 was directed to use 3 halite to move east, but only 0 halite was available
At command 3 of 3:
    1   m 7 e
    2   m 3 e
>>> 3   m 1 e


Turn 66
================================================================
warning: entity 11 was directed to use 2 halite to move east, but only 0 halite was available
At command 4 of 4:
    2   m 7 o
    3   m 3 w
>>> 4   m 11 e


Turn 69
================================================================
warning: entity 3 was directed to use 4 halite to move east, but only 0 halite was available
At command 2 of 4:
    1   m 7 o
>>> 2   m 3 e
    3   m 11 w
    4   m 1 o


Turn 92
================================================================
warning: entity 14 was directed to use 3 halite to move south, but only 0 halite was available
At command 5 of 5:
    3   m 7 s
    4   m 1 o
>>> 5   m 14 s


Turn 97
================================================================
warning: entity 11 was directed to use 1 halite to move east, but only 0 halite was available
At command 2 of 5:
    1   m 14 s
>>> 2   m 11 e
    3   m 3 o
    4   m 1 o


Turn 134
================================================================
warning: entity 14 was directed to use 2 halite to move west, but only 0 halite was available
At command 6 of 7:
    4   m 3 o
    5   m 1 s
>>> 6   m 14 w
    7   g


Turn 141
================================================================
warning: entity 1 was directed to use 2 halite to move west, but only 0 halite was available
At command 7 of 7:
    5   m 15 w
    6   m 14 o
>>> 7   m 1 w


Turn 158
================================================================
warning: entity 11 was directed to use 1 halite to move east, but only 0 halite was available
At command 7 of 9:
    5   m 14 o
    6   m 3 o
>>> 7   m 11 e
    8   m 1 o
    9   g


Turn 195
================================================================
warning: entity 20 was directed to use 1 halite to move west, but only 0 halite was available
At command 8 of 11:
    6   m 3 o
    7   m 1 o
>>> 8   m 20 w
    9   m 23 o
    10   m 15 o


Turn 197
================================================================
warning: entity 20 was directed to use 4 halite to move west, but only 3 halite was available
At command 10 of 11:
    8   m 7 n
    9   m 3 o
>>> 10   m 20 w
    11   m 15 s


Turn 221
================================================================
warning: entity 25 was directed to use 1 halite to move west, but only 0 halite was available
At command 11 of 11:
    9   m 7 o
    10   m 15 o
>>> 11   m 25 w


Turn 339
================================================================
warning: entity 1 was directed to use 1 halite to move east, but only 0 halite was available
At command 11 of 11:
    9   m 28 s
    10   m 3 s
>>> 11   m 1 e

