
Turn 46
================================================================
warning: entity 9 was directed to use 5 halite to move east, but only 0 halite was available
At command 3 of 6:
    1   m 10 s
    2   m 3 s
>>> 3   m 9 e
    4   m 1 n
    5   m 8 o


Turn 58
================================================================
warning: entity 3 was directed to use 5 halite to move south, but only 0 halite was available
At command 5 of 7:
    3   m 8 o
    4   m 10 o
>>> 5   m 3 s
    6   m 11 o
    7   g


Turn 60
================================================================
warning: entity 12 was directed to use 2 halite to move east, but only 0 halite was available
At command 7 of 7:
    5   m 11 s
    6   m 3 o
>>> 7   m 12 e


Turn 92
================================================================
warning: entity 9 was directed to use 4 halite to move west, but only 0 halite was available
At command 7 of 8:
    5   m 12 e
    6   m 1 o
>>> 7   m 9 w
    8   g


Turn 94
================================================================
warning: entity 13 was directed to use 1 halite to move east, but only 0 halite was available
At command 8 of 8:
    6   m 9 o
    7   m 1 o
>>> 8   m 13 e


Turn 123
================================================================
warning: entity 9 was directed to use 1 halite to move west, but only 0 halite was available
At command 9 of 10:
    7   m 14 o
    8   m 13 s
>>> 9   m 9 w
    10   g


Turn 125
================================================================
warning: entity 15 was directed to use 2 halite to move east, but only 0 halite was available
At command 10 of 10:
    8   m 13 s
    9   m 9 o
>>> 10   m 15 e


Turn 134
================================================================
warning: entity 13 was directed to use 2 halite to move south, but only 0 halite was available
At command 10 of 10:
    8   m 14 e
    9   m 9 o
>>> 10   m 13 s


Turn 146
================================================================
warning: entity 16 was directed to use 1 halite to move east, but only 0 halite was available
At command 8 of 11:
    6   m 12 o
    7   m 9 s
>>> 8   m 16 e
    9   m 13 o
    10   m 14 e


Turn 178
================================================================
warning: entity 13 was directed to use 1 halite to move south, but only 0 halite was available
At command 11 of 12:
    9   m 16 n
    10   m 9 n
>>> 11   m 13 s
    12   g


Turn 181
================================================================
warning: entity 17 was directed to use 1 halite to move west, but only 0 halite was available
At command 12 of 12:
    10   m 16 o
    11   m 9 o
>>> 12   m 17 w


Turn 184
================================================================
warning: entity 17 was directed to use 6 halite to move north, but only 2 halite was available
At command 11 of 12:
    9   m 9 o
    10   m 13 s
>>> 11   m 17 n
    12   m 14 s


Turn 201
================================================================
warning: entity 18 was directed to use 1 halite to move west, but only 0 halite was available
At command 13 of 13:
    11   m 16 o
    12   m 9 o
>>> 13   m 18 w


Turn 223
================================================================
warning: entity 17 was directed to use 1 halite to move north, but only 0 halite was available
At command 13 of 13:
    11   m 16 o
    12   m 9 o
>>> 13   m 17 n


Turn 261
================================================================
warning: entity 18 was directed to use 1 halite to move south, but only 0 halite was available
At command 13 of 13:
    11   m 16 n
    12   m 9 n
>>> 13   m 18 s


Turn 305
================================================================
warning: entity 14 was directed to use 1 halite to move south, but only 0 halite was available
At command 13 of 13:
    11   m 16 n
    12   m 18 n
>>> 13   m 14 s


Turn 348
================================================================
warning: entity 17 was directed to use 2 halite to move south, but only 0 halite was available
At command 13 of 13:
    11   m 18 o
    12   m 14 o
>>> 13   m 17 s

