
Turn 5
================================================================
warning: entity 3 was directed to use 8 halite to move west, but only 0 halite was available
At command 2 of 3:
    1   m 1 s
>>> 2   m 3 w
    3   g


Turn 7
================================================================
warning: entity 4 was directed to use 4 halite to move south, but only 0 halite was available
At command 3 of 4:
    1   m 1 o
    2   m 3 s
>>> 3   m 4 s
    4   g

warning: owned entities 3, 1 collided on cell (23, 19) as the result of moves on this turn
At command 2 of 4:
    1   m 1 o
>>> 2   m 3 s
    3   m 4 s
    4   g


Turn 9
================================================================
warning: entity 6 was directed to use 6 halite to move east, but only 0 halite was available
At command 2 of 3:
    1   m 4 o
>>> 2   m 6 e
    3   g


Turn 12
================================================================
warning: entity 6 was directed to use 6 halite to move south, but only 2 halite was available
At command 1 of 3:
>>> 1   m 6 s
    2   m 8 w
    3   m 4 n


Turn 13
================================================================
warning: entity 8 was directed to use 3 halite to move west, but only 0 halite was available
At command 2 of 3:
    1   m 6 e
>>> 2   m 8 w
    3   m 4 n


Turn 15
================================================================
warning: entity 8 was directed to use 8 halite to move west, but only 7 halite was available
At command 1 of 3:
>>> 1   m 8 w
    2   m 6 o
    3   m 4 n


Turn 20
================================================================
warning: owned entities 8, 4 collided on cell (22, 14) as the result of moves on this turn
At command 2 of 3:
    1   m 6 o
>>> 2   m 8 s
    3   m 4 w

Other commands that placed an entity on this cell:
    1   m 6 o
    2   m 8 s
>>> 3   m 4 w


Turn 282
================================================================
warning: entity 6 was directed to use 1 halite to move south, but only 0 halite was available
At command 1 of 1:
>>> 1   m 6 s


Turn 285
================================================================
warning: entity 6 was directed to use 3 halite to move south, but only 2 halite was available
At command 1 of 1:
>>> 1   m 6 s


Turn 287
================================================================
warning: entity 6 was directed to use 9 halite to move west, but only 8 halite was available
At command 1 of 1:
>>> 1   m 6 w


Turn 297
================================================================
warning: entity 6 was directed to use 2 halite to move north, but only 0 halite was available
At command 1 of 1:
>>> 1   m 6 n


Turn 305
================================================================
warning: entity 6 was directed to use 2 halite to move north, but only 1 halite was available
At command 1 of 1:
>>> 1   m 6 n

