
Turn 30
================================================================
warning: spawn on cell (8, 16) collided with owned entity 6 on that cell
At command 7 of 7:
    5   m 6 e
    6   m 10 s
>>> 7   g


Turn 31
================================================================
warning: spawn on cell (8, 16) collided with owned entity 0 on that cell
At command 6 of 6:
    4   m 0 w
    5   m 8 s
>>> 6   g


Turn 96
================================================================
warning: spawn on cell (8, 16) collided with owned entity 19 on that cell
At command 11 of 11:
    9   m 12 n
    10   m 19 w
>>> 11   g


Turn 112
================================================================
warning: spawn on cell (8, 16) collided with owned entity 2 on that cell
At command 13 of 13:
    11   m 16 w
    12   m 28 s
>>> 13   g

