
Turn 5
================================================================
warning: entity 3 was directed to use 5 halite to move north, but only 0 halite was available
At command 2 of 3:
    1   m 1 w
>>> 2   m 3 n
    3   g


Turn 7
================================================================
warning: entity 3 was directed to use 11 halite to move north, but only 10 halite was available
At command 3 of 3:
    1   m 1 s
    2   m 5 n
>>> 3   m 3 n


Turn 8
================================================================
warning: entity 5 was directed to use 3 halite to move east, but only 0 halite was available
At command 3 of 4:
    1   m 3 n
    2   m 1 o
>>> 3   m 5 e
    4   g

