
Turn 9
================================================================
warning: entity 3 was directed to use 1 halite to move south, but only 0 halite was available
At command 2 of 3:
    1   m 1 w
>>> 2   m 3 s
    3   g


Turn 11
================================================================
warning: entity 3 was directed to use 5 halite to move south, but only 4 halite was available
At command 2 of 4:
    1   m 1 o
>>> 2   m 3 s
    3   m 4 n
    4   g

warning: entity 4 was directed to use 2 halite to move north, but only 0 halite was available
At command 3 of 4:
    1   m 1 o
    2   m 3 s
>>> 3   m 4 n
    4   g


Turn 51
================================================================
warning: entity 5 was directed to use 4 halite to move east, but only 0 halite was available
At command 3 of 5:
    1   m 6 e
    2   m 3 w
>>> 3   m 5 e
    4   m 1 s
    5   m 4 o


Turn 65
================================================================
warning: entity 4 was directed to use 1 halite to move south, but only 0 halite was available
At command 6 of 7:
    4   m 5 o
    5   m 7 o
>>> 6   m 4 s
    7   g


Turn 107
================================================================
warning: entity 4 was directed to use 3 halite to move west, but only 2 halite was available
At command 9 of 10:
    7   m 11 n
    8   m 6 o
>>> 9   m 4 w
    10   m 3 o


Turn 110
================================================================
warning: entity 8 was directed to use 2 halite to move south, but only 0 halite was available
At command 10 of 11:
    8   m 9 o
    9   m 11 o
>>> 10   m 8 s
    11   m 12 s


Turn 118
================================================================
warning: entity 6 was directed to use 1 halite to move east, but only 0 halite was available
At command 9 of 12:
    7   m 3 e
    8   m 12 o
>>> 9   m 6 e
    10   m 9 o
    11   m 1 w


Turn 123
================================================================
warning: entity 3 was directed to use 2 halite to move south, but only 0 halite was available
At command 11 of 12:
    9   m 5 o
    10   m 7 s
>>> 11   m 3 s
    12   m 1 s


Turn 127
================================================================
warning: entity 7 was directed to use 1 halite to move west, but only 0 halite was available
At command 9 of 13:
    7   m 8 o
    8   m 6 o
>>> 9   m 7 w
    10   m 9 o
    11   m 13 o


Turn 131
================================================================
warning: entity 14 was directed to use 4 halite to move west, but only 1 halite was available
At command 12 of 13:
    10   m 6 o
    11   m 11 o
>>> 12   m 14 w
    13   m 1 s


Turn 136
================================================================
warning: entity 1 was directed to use 1 halite to move east, but only 0 halite was available
At command 13 of 14:
    11   m 5 o
    12   m 14 o
>>> 13   m 1 e
    14   m 15 e


Turn 147
================================================================
warning: entity 9 was directed to use 4 halite to move east, but only 2 halite was available
At command 13 of 15:
    11   m 8 e
    12   m 16 o
>>> 13   m 9 e
    14   m 12 n
    15   m 10 w


Turn 289
================================================================
warning: entity 5 was directed to use 2 halite to move east, but only 1 halite was available
At command 17 of 22:
    15   m 11 o
    16   m 7 s
>>> 17   m 5 e
    18   m 15 n
    19   m 14 s


Turn 351
================================================================
warning: entity 20 was directed to use 1 halite to move west, but only 0 halite was available
At command 18 of 22:
    16   m 17 n
    17   m 12 o
>>> 18   m 20 w
    19   m 10 s
    20   m 18 n


Turn 359
================================================================
warning: entity 17 was directed to use 2 halite to move west, but only 1 halite was available
At command 17 of 22:
    15   m 8 w
    16   m 19 w
>>> 17   m 17 w
    18   m 3 n
    19   m 10 o

