
Turn 6
================================================================
warning: entity 3 was directed to use 13 halite to move east, but only 0 halite was available
At command 2 of 2:
    1   m 1 o
>>> 2   m 3 e


Turn 26
================================================================
warning: entity 3 was directed to use 21 halite to move east, but only 0 halite was available
At command 2 of 3:
    1   m 1 o
>>> 2   m 3 e
    3   g


Turn 62
================================================================
warning: entity 4 was directed to use 4 halite to move north, but only 0 halite was available
At command 3 of 4:
    1   m 6 w
    2   m 1 o
>>> 3   m 4 n
    4   m 3 w


Turn 65
================================================================
warning: entity 3 was directed to use 3 halite to move north, but only 0 halite was available
At command 3 of 5:
    1   m 6 e
    2   m 1 s
>>> 3   m 3 n
    4   m 4 o
    5   g


Turn 80
================================================================
warning: entity 10 was directed to use 2 halite to move north, but only 0 halite was available
At command 3 of 6:
    1   m 1 n
    2   m 4 w
>>> 3   m 10 n
    4   m 8 o
    5   m 6 o


Turn 90
================================================================
warning: entity 4 was directed to use 3 halite to move south, but only 0 halite was available
At command 3 of 6:
    1   m 1 o
    2   m 10 o
>>> 3   m 4 s
    4   m 8 o
    5   m 6 o


Turn 98
================================================================
warning: entity 3 was directed to use 3 halite to move east, but only 0 halite was available
At command 6 of 7:
    4   m 6 o
    5   m 8 w
>>> 6   m 3 e
    7   g


Turn 100
================================================================
warning: entity 12 was directed to use 1 halite to move east, but only 0 halite was available
At command 3 of 7:
    1   m 8 n
    2   m 10 n
>>> 3   m 12 e
    4   m 4 o
    5   m 3 o


Turn 110
================================================================
warning: entity 14 was directed to use 1 halite to move west, but only 0 halite was available
At command 6 of 8:
    4   m 1 e
    5   m 6 o
>>> 6   m 14 w
    7   m 8 o
    8   m 10 o


Turn 124
================================================================
warning: entity 4 was directed to use 1 halite to move east, but only 0 halite was available
At command 9 of 9:
    7   m 16 o
    8   m 14 o
>>> 9   m 4 e


Turn 127
================================================================
warning: entity 16 was directed to use 7 halite to move north, but only 4 halite was available
At command 6 of 9:
    4   m 1 n
    5   m 8 o
>>> 6   m 16 n
    7   m 6 o
    8   m 3 o


Turn 132
================================================================
warning: entity 3 was directed to use 1 halite to move south, but only 0 halite was available
At command 7 of 10:
    5   m 10 w
    6   m 14 o
>>> 7   m 3 s
    8   m 12 w
    9   m 4 o


Turn 134
================================================================
warning: entity 18 was directed to use 1 halite to move west, but only 0 halite was available
At command 7 of 10:
    5   m 10 o
    6   m 1 o
>>> 7   m 18 w
    8   m 3 o
    9   m 14 n


Turn 140
================================================================
warning: entity 12 was directed to use 4 halite to move west, but only 2 halite was available
At command 5 of 11:
    3   m 6 o
    4   m 19 o
>>> 5   m 12 w
    6   m 16 o
    7   m 3 o


Turn 145
================================================================
warning: entity 8 was directed to use 1 halite to move south, but only 0 halite was available
At command 10 of 11:
    8   m 16 o
    9   m 3 o
>>> 10   m 8 s
    11   m 1 n


Turn 150
================================================================
warning: entity 22 was directed to use 1 halite to move south, but only 0 halite was available
At command 12 of 12:
    10   m 16 s
    11   m 1 s
>>> 12   m 22 s


Turn 157
================================================================
warning: entity 6 was directed to use 1 halite to move west, but only 0 halite was available
At command 12 of 12:
    10   m 18 o
    11   m 1 s
>>> 12   m 6 w


Turn 159
================================================================
warning: entity 1 was directed to use 1 halite to move south, but only 0 halite was available
At command 10 of 12:
    8   m 14 s
    9   m 6 o
>>> 10   m 1 s
    11   m 16 s
    12   m 3 w


Turn 163
================================================================
warning: entity 23 was directed to use 2 halite to move west, but only 0 halite was available
At command 12 of 14:
    10   m 3 w
    11   m 4 n
>>> 12   m 23 w
    13   m 16 o
    14   m 24 w


Turn 182
================================================================
warning: entity 28 was directed to use 1 halite to move east, but only 0 halite was available
At command 16 of 16:
    14   m 8 n
    15   m 14 n
>>> 16   m 28 e

