
Turn 3
================================================================
warning: entity 1 was directed to use 9 halite to move west, but only 0 halite was available
At command 1 of 2:
>>> 1   m 1 w
    2   g


Turn 6
================================================================
warning: entity 2 was directed to use 6 halite to move west, but only 0 halite was available
At command 2 of 3:
    1   m 1 o
>>> 2   m 2 w
    3   g


Turn 12
================================================================
warning: entity 4 was directed to use 3 halite to move east, but only 0 halite was available
At command 4 of 5:
    2   m 3 n
    3   m 2 o
>>> 4   m 4 e
    5   g


Turn 15
================================================================
warning: entity 5 was directed to use 2 halite to move east, but only 0 halite was available
At command 4 of 5:
    2   m 4 n
    3   m 3 o
>>> 4   m 5 e
    5   m 1 o


Turn 31
================================================================
warning: entity 2 was directed to use 4 halite to move south, but only 0 halite was available
At command 3 of 5:
    1   m 5 o
    2   m 4 n
>>> 3   m 2 s
    4   m 3 o
    5   m 1 s


Turn 40
================================================================
warning: entity 1 was directed to use 2 halite to move east, but only 0 halite was available
At command 3 of 6:
    1   m 2 o
    2   m 4 n
>>> 3   m 1 e
    4   m 5 o
    5   m 3 s


Turn 61
================================================================
warning: entity 4 was directed to use 1 halite to move north, but only 0 halite was available
At command 7 of 8:
    5   m 2 n
    6   m 1 o
>>> 7   m 4 n
    8   g


Turn 63
================================================================
warning: entity 8 was directed to use 2 halite to move west, but only 0 halite was available
At command 8 of 8:
    6   m 1 o
    7   m 4 o
>>> 8   m 8 w


Turn 70
================================================================
warning: entity 5 was directed to use 2 halite to move east, but only 0 halite was available
At command 8 of 8:
    6   m 3 o
    7   m 4 n
>>> 8   m 5 e


Turn 72
================================================================
warning: entity 2 was directed to use 1 halite to move east, but only 0 halite was available
At command 8 of 9:
    6   m 5 o
    7   m 7 o
>>> 8   m 2 e
    9   g


Turn 74
================================================================
warning: entity 9 was directed to use 1 halite to move west, but only 0 halite was available
At command 9 of 9:
    7   m 5 o
    8   m 2 w
>>> 9   m 9 w


Turn 79
================================================================
warning: entity 1 was directed to use 2 halite to move east, but only 0 halite was available
At command 9 of 10:
    7   m 8 o
    8   m 3 e
>>> 9   m 1 e
    10   g


Turn 113
================================================================
warning: entity 3 was directed to use 6 halite to move north, but only 1 halite was available
At command 13 of 13:
    11   m 11 e
    12   m 5 o
>>> 13   m 3 n


Turn 116
================================================================
warning: entity 9 was directed to use 2 halite to move west, but only 0 halite was available
At command 13 of 13:
    11   m 12 o
    12   m 1 e
>>> 13   m 9 w


Turn 156
================================================================
warning: entity 10 was directed to use 3 halite to move east, but only 0 halite was available
At command 14 of 19:
    12   m 18 o
    13   m 11 o
>>> 14   m 10 e
    15   m 16 o
    16   m 19 o

