
Turn 24
================================================================
warning: entity 3 was directed to use 12 halite to move west, but only 0 halite was available
At command 5 of 6:
    3   m 1 w
    4   m 7 o
>>> 5   m 3 w
    6   g


Turn 43
================================================================
warning: entity 9 was directed to use 3 halite to move east, but only 0 halite was available
At command 1 of 8:
>>> 1   m 9 e
    2   m 1 o
    3   m 7 o


Turn 51
================================================================
warning: entity 3 was directed to use 2 halite to move north, but only 0 halite was available
At command 5 of 9:
    3   m 7 o
    4   m 5 o
>>> 5   m 3 n
    6   m 11 o
    7   m 12 o


Turn 53
================================================================
warning: entity 18 was directed to use 4 halite to move south, but only 0 halite was available
At command 8 of 9:
    6   m 16 o
    7   m 3 o
>>> 8   m 18 s
    9   m 12 o


Turn 55
================================================================
warning: entity 18 was directed to use 16 halite to move east, but only 8 halite was available
At command 8 of 9:
    6   m 12 s
    7   m 9 o
>>> 8   m 18 e
    9   m 16 o


Turn 64
================================================================
warning: entity 11 was directed to use 2 halite to move east, but only 0 halite was available
At command 8 of 9:
    6   m 9 e
    7   m 18 o
>>> 8   m 11 e
    9   m 3 o


Turn 74
================================================================
warning: entity 18 was directed to use 3 halite to move south, but only 0 halite was available
At command 9 of 10:
    7   m 9 w
    8   m 12 n
>>> 9   m 18 s
    10   g


Turn 76
================================================================
warning: entity 21 was directed to use 4 halite to move west, but only 0 halite was available
At command 10 of 10:
    8   m 12 n
    9   m 3 o
>>> 10   m 21 w


Turn 80
================================================================
warning: entity 9 was directed to use 1 halite to move east, but only 0 halite was available
At command 10 of 11:
    8   m 12 n
    9   m 11 o
>>> 10   m 9 e
    11   g


Turn 90
================================================================
warning: entity 16 was directed to use 1 halite to move north, but only 0 halite was available
At command 10 of 11:
    8   m 12 n
    9   m 3 o
>>> 10   m 16 n
    11   g


Turn 92
================================================================
warning: entity 26 was directed to use 1 halite to move south, but only 0 halite was available
At command 8 of 11:
    6   m 11 o
    7   m 18 o
>>> 8   m 26 s
    9   m 3 n
    10   m 16 o


Turn 134
================================================================
warning: entity 30 was directed to use 1 halite to move west, but only 0 halite was available
At command 9 of 9:
    7   m 9 o
    8   m 3 s
>>> 9   m 30 w


Turn 180
================================================================
warning: entity 9 was directed to use 1 halite to move west, but only 0 halite was available
At command 5 of 7:
    3   m 21 o
    4   m 30 o
>>> 5   m 9 w
    6   m 5 n
    7   g

