
Turn 3
================================================================
warning: entity 0 was directed to use 19 halite to move north, but only 0 halite was available
At command 1 of 2:
>>> 1   m 0 n
    2   g


Turn 11
================================================================
warning: entity 4 was directed to use 6 halite to move north, but only 0 halite was available
At command 2 of 4:
    1   m 0 o
>>> 2   m 4 n
    3   m 2 o
    4   g


Turn 23
================================================================
warning: entity 0 was directed to use 4 halite to move north, but only 0 halite was available
At command 5 of 5:
    3   m 7 o
    4   m 4 o
>>> 5   m 0 n


Turn 34
================================================================
warning: entity 4 was directed to use 3 halite to move north, but only 0 halite was available
At command 5 of 6:
    3   m 0 o
    4   m 7 s
>>> 5   m 4 n
    6   g


Turn 38
================================================================
warning: entity 11 was directed to use 2 halite to move east, but only 0 halite was available
At command 7 of 7:
    5   m 2 o
    6   m 4 o
>>> 7   m 11 e


Turn 43
================================================================
warning: entity 7 was directed to use 4 halite to move west, but only 0 halite was available
At command 5 of 7:
    3   m 11 o
    4   m 0 o
>>> 5   m 7 w
    6   m 4 o
    7   m 9 s


Turn 45
================================================================
warning: entity 9 was directed to use 1 halite to move east, but only 0 halite was available
At command 7 of 8:
    5   m 4 o
    6   m 7 o
>>> 7   m 9 e
    8   g


Turn 49
================================================================
warning: entity 15 was directed to use 3 halite to move south, but only 0 halite was available
At command 5 of 9:
    3   m 14 o
    4   m 11 o
>>> 5   m 15 s
    6   m 10 n
    7   m 0 s


Turn 54
================================================================
warning: entity 0 was directed to use 1 halite to move north, but only 0 halite was available
At command 9 of 9:
    7   m 7 o
    8   m 9 o
>>> 9   m 0 n


Turn 70
================================================================
warning: entity 10 was directed to use 2 halite to move north, but only 0 halite was available
At command 5 of 10:
    3   m 9 n
    4   m 4 o
>>> 5   m 10 n
    6   m 7 o
    7   m 17 s


Turn 76
================================================================
warning: entity 20 was directed to use 1 halite to move east, but only 0 halite was available
At command 12 of 12:
    10   m 7 s
    11   m 9 s
>>> 12   m 20 e


Turn 87
================================================================
warning: entity 14 was directed to use 1 halite to move north, but only 0 halite was available
At command 12 of 13:
    10   m 2 e
    11   m 15 e
>>> 12   m 14 n
    13   g


Turn 88
================================================================
warning: entity 9 was directed to use 3 halite to move east, but only 1 halite was available
At command 11 of 13:
    9   m 7 o
    10   m 2 e
>>> 11   m 9 e
    12   m 19 o
    13   m 23 o

