
Turn 3
================================================================
warning: entity 0 was directed to use 2 halite to move north, but only 0 halite was available
At command 1 of 2:
>>> 1   m 0 n
    2   g


Turn 5
================================================================
warning: entity 2 was directed to use 2 halite to move north, but only 0 halite was available
At command 2 of 3:
    1   m 0 e
>>> 2   m 2 n
    3   g


Turn 6
================================================================
warning: entity 0 was directed to use 5 halite to move east, but only 4 halite was available
At command 2 of 3:
    1   m 2 n
>>> 2   m 0 e
    3   m 4 n


Turn 7
================================================================
warning: entity 4 was directed to use 1 halite to move north, but only 0 halite was available
At command 3 of 4:
    1   m 0 e
    2   m 2 e
>>> 3   m 4 n
    4   g


Turn 9
================================================================
warning: entity 6 was directed to use 1 halite to move north, but only 0 halite was available
At command 2 of 5:
    1   m 4 e
>>> 2   m 6 n
    3   m 0 e
    4   m 2 e

warning: entity 0 was directed to use 34 halite to move east, but only 1 halite was available
At command 3 of 5:
    1   m 4 e
    2   m 6 n
>>> 3   m 0 e
    4   m 2 e
    5   g

warning: entity 2 was directed to use 13 halite to move east, but only 1 halite was available
At command 4 of 5:
    2   m 6 n
    3   m 0 e
>>> 4   m 2 e
    5   g


Turn 10
================================================================
warning: entity 4 was directed to use 3 halite to move east, but only 2 halite was available
At command 5 of 5:
    3   m 0 e
    4   m 2 e
>>> 5   m 4 e


Turn 11
================================================================
warning: entity 2 was directed to use 26 halite to move east, but only 25 halite was available
At command 3 of 5:
    1   m 4 e
    2   m 6 e
>>> 3   m 2 e
    4   m 0 e
    5   m 8 n


Turn 12
================================================================
warning: entity 8 was directed to use 1 halite to move east, but only 0 halite was available
At command 4 of 5:
    2   m 4 e
    3   m 6 e
>>> 4   m 8 e
    5   m 0 e

warning: entity 0 was directed to use 37 halite to move east, but only 36 halite was available
At command 5 of 5:
    3   m 6 e
    4   m 8 e
>>> 5   m 0 e


Turn 13
================================================================
warning: entity 4 was directed to use 19 halite to move east, but only 1 halite was available
At command 4 of 5:
    2   m 0 e
    3   m 2 e
>>> 4   m 4 e
    5   m 6 e

warning: entity 6 was directed to use 9 halite to move east, but only 0 halite was available
At command 5 of 5:
    3   m 2 e
    4   m 4 e
>>> 5   m 6 e


Turn 15
================================================================
warning: entity 8 was directed to use 7 halite to move east, but only 2 halite was available
At command 1 of 5:
>>> 1   m 8 e
    2   m 0 o
    3   m 2 o


Turn 18
================================================================
warning: entity 8 was directed to use 5 halite to move north, but only 2 halite was available
At command 1 of 5:
>>> 1   m 8 n
    2   m 0 o
    3   m 2 n

warning: entity 6 was directed to use 10 halite to move north, but only 0 halite was available
At command 5 of 5:
    3   m 2 n
    4   m 4 n
>>> 5   m 6 n


Turn 19
================================================================
warning: entity 4 was directed to use 54 halite to move north, but only 10 halite was available
At command 5 of 5:
    3   m 6 e
    4   m 2 s
>>> 5   m 4 n


Turn 21
================================================================
warning: entity 8 was directed to use 45 halite to move south, but only 4 halite was available
At command 1 of 5:
>>> 1   m 8 s
    2   m 0 o
    3   m 4 n

warning: entity 6 was directed to use 40 halite to move south, but only 1 halite was available
At command 4 of 5:
    2   m 0 o
    3   m 4 n
>>> 4   m 6 s
    5   m 2 s

warning: entity 2 was directed to use 53 halite to move south, but only 19 halite was available
At command 5 of 5:
    3   m 4 n
    4   m 6 s
>>> 5   m 2 s

warning: owned entities 4, 6 collided on cell (12, 13) as the result of moves on this turn
At command 3 of 5:
    1   m 8 s
    2   m 0 o
>>> 3   m 4 n
    4   m 6 s
    5   m 2 s


Turn 25
================================================================
warning: entity 8 was directed to use 43 halite to move south, but only 7 halite was available
At command 1 of 3:
>>> 1   m 8 s
    2   m 0 o
    3   m 2 s

warning: entity 2 was directed to use 41 halite to move south, but only 34 halite was available
At command 3 of 3:
    1   m 8 s
    2   m 0 o
>>> 3   m 2 s


Turn 27
================================================================
warning: entity 8 was directed to use 92 halite to move south, but only 85 halite was available
At command 1 of 3:
>>> 1   m 8 s
    2   m 0 o
    3   m 2 s


Turn 28
================================================================
warning: entity 2 was directed to use 64 halite to move north, but only 60 halite was available
At command 3 of 3:
    1   m 8 e
    2   m 0 o
>>> 3   m 2 n


Turn 31
================================================================
warning: owned entities 8, 0 collided on cell (14, 14) as the result of moves on this turn
At command 1 of 3:
>>> 1   m 8 s
    2   m 0 o
    3   m 2 s

