
Turn 32
================================================================
warning: owned entities 5, 0 collided on cell (12, 16) as the result of moves on this turn
At command 2 of 4:
    1   m 3 n
>>> 2   m 5 e
    3   m 7 o
    4   m 9 o


Turn 187
================================================================
warning: owned entities 17, 9 collided on cell (8, 16) as the result of moves on this turn
At command 6 of 8:
    4   m 14 o
    5   m 20 s
>>> 6   m 17 e
    7   m 23 o
    8   m 7 o


Turn 190
================================================================
warning: owned entities 30, 26 collided on cell (8, 15) as the result of moves on this turn
At command 6 of 8:
    4   m 14 o
    5   m 23 o
>>> 6   m 30 n
    7   m 13 n
    8   m 20 o

