
Turn 5
================================================================
warning: entity 3 was directed to use 16 halite to move north, but only 0 halite was available
At command 2 of 3:
    1   m 1 o
>>> 2   m 3 n
    3   g


Turn 11
================================================================
warning: entity 9 was directed to use 19 halite to move south, but only 0 halite was available
At command 4 of 5:
    2   m 5 o
    3   m 7 o
>>> 4   m 9 s
    5   m 1 o


Turn 41
================================================================
warning: entity 1 was directed to use 2 halite to move north, but only 0 halite was available
At command 3 of 7:
    1   m 7 e
    2   m 5 o
>>> 3   m 1 n
    4   m 9 o
    5   m 3 e


Turn 43
================================================================
warning: entity 11 was directed to use 4 halite to move west, but only 0 halite was available
At command 5 of 7:
    3   m 10 o
    4   m 7 e
>>> 5   m 11 w
    6   m 3 o
    7   m 5 o


Turn 45
================================================================
warning: entity 11 was directed to use 11 halite to move west, but only 9 halite was available
At command 4 of 7:
    2   m 1 e
    3   m 10 o
>>> 4   m 11 w
    5   m 3 o
    6   m 5 s


Turn 52
================================================================
warning: entity 12 was directed to use 4 halite to move north, but only 0 halite was available
At command 8 of 8:
    6   m 10 o
    7   m 7 w
>>> 8   m 12 n


Turn 58
================================================================
warning: entity 7 was directed to use 2 halite to move west, but only 0 halite was available
At command 7 of 9:
    5   m 12 w
    6   m 5 n
>>> 7   m 7 w
    8   m 10 o
    9   g


Turn 60
================================================================
warning: entity 13 was directed to use 3 halite to move west, but only 0 halite was available
At command 9 of 9:
    7   m 1 o
    8   m 7 o
>>> 9   m 13 w


Turn 68
================================================================
warning: entity 5 was directed to use 3 halite to move south, but only 0 halite was available
At command 8 of 10:
    6   m 9 w
    7   m 10 o
>>> 8   m 5 s
    9   m 7 o
    10   g


Turn 70
================================================================
warning: entity 14 was directed to use 1 halite to move north, but only 0 halite was available
At command 10 of 10:
    8   m 13 o
    9   m 5 o
>>> 10   m 14 n


Turn 79
================================================================
warning: entity 15 was directed to use 2 halite to move east, but only 0 halite was available
At command 7 of 11:
    5   m 7 o
    6   m 14 o
>>> 7   m 15 e
    8   m 11 o
    9   m 12 s


Turn 82
================================================================
warning: entity 15 was directed to use 8 halite to move east, but only 2 halite was available
At command 10 of 11:
    8   m 13 o
    9   m 9 s
>>> 10   m 15 e
    11   m 10 o


Turn 84
================================================================
warning: entity 9 was directed to use 2 halite to move west, but only 0 halite was available
At command 8 of 12:
    6   m 12 w
    7   m 3 o
>>> 8   m 9 w
    9   m 15 o
    10   m 10 w


Turn 86
================================================================
warning: entity 16 was directed to use 1 halite to move west, but only 0 halite was available
At command 12 of 12:
    10   m 9 o
    11   m 12 w
>>> 12   m 16 w


Turn 91
================================================================
warning: entity 12 was directed to use 1 halite to move east, but only 0 halite was available
At command 12 of 12:
    10   m 3 w
    11   m 16 o
>>> 12   m 12 e


Turn 94
================================================================
warning: entity 7 was directed to use 1 halite to move south, but only 0 halite was available
At command 12 of 13:
    10   m 12 o
    11   m 10 w
>>> 12   m 7 s
    13   g


Turn 96
================================================================
warning: entity 17 was directed to use 1 halite to move west, but only 0 halite was available
At command 8 of 13:
    6   m 9 w
    7   m 15 o
>>> 8   m 17 w
    9   m 7 o
    10   m 13 w


Turn 110
================================================================
warning: entity 19 was directed to use 2 halite to move west, but only 0 halite was available
At command 15 of 15:
    13   m 5 s
    14   m 15 w
>>> 15   m 19 w


Turn 115
================================================================
warning: entity 20 was directed to use 1 halite to move east, but only 0 halite was available
At command 16 of 16:
    14   m 18 o
    15   m 14 s
>>> 16   m 20 e


Turn 116
================================================================
warning: entity 5 was directed to use 3 halite to move east, but only 2 halite was available
At command 14 of 16:
    12   m 10 s
    13   m 12 o
>>> 14   m 5 e
    15   m 13 n
    16   m 7 o


Turn 119
================================================================
warning: entity 13 was directed to use 1 halite to move east, but only 0 halite was available
At command 16 of 17:
    14   m 14 e
    15   m 15 n
>>> 16   m 13 e
    17   g


Turn 121
================================================================
warning: entity 21 was directed to use 1 halite to move west, but only 0 halite was available
At command 17 of 17:
    15   m 10 w
    16   m 14 e
>>> 17   m 21 w


Turn 145
================================================================
warning: entity 16 was directed to use 1 halite to move west, but only 0 halite was available
At command 18 of 21:
    16   m 7 s
    17   m 9 o
>>> 18   m 16 w
    19   m 12 o
    20   m 10 e


Turn 155
================================================================
warning: entity 26 was directed to use 4 halite to move east, but only 0 halite was available
At command 15 of 22:
    13   m 16 o
    14   m 5 o
>>> 15   m 26 e
    16   m 19 e
    17   m 13 o


Turn 156
================================================================
warning: entity 10 was directed to use 1 halite to move west, but only 0 halite was available
At command 22 of 22:
    20   m 17 w
    21   m 19 o
>>> 22   m 10 w


Turn 303
================================================================
warning: entity 5 was directed to use 1 halite to move east, but only 0 halite was available
At command 29 of 30:
    27   m 31 e
    28   m 14 o
>>> 29   m 5 e
    30   m 15 w

