
Turn 16
================================================================
warning: entity 5 was directed to use 15 halite to move west, but only 0 halite was available
At command 3 of 3:
    1   m 3 o
    2   m 1 w
>>> 3   m 5 w


Turn 50
================================================================
warning: entity 1 was directed to use 20 halite to move west, but only 0 halite was available
At command 4 of 5:
    2   m 8 o
    3   m 3 n
>>> 4   m 1 w
    5   g


Turn 56
================================================================
warning: entity 5 was directed to use 4 halite to move north, but only 0 halite was available
At command 3 of 5:
    1   m 8 o
    2   m 10 o
>>> 3   m 5 n
    4   m 1 o
    5   m 3 e


Turn 59
================================================================
warning: entity 3 was directed to use 8 halite to move west, but only 0 halite was available
At command 4 of 6:
    2   m 5 o
    3   m 10 o
>>> 4   m 3 w
    5   m 8 o
    6   g


Turn 65
================================================================
warning: entity 8 was directed to use 3 halite to move east, but only 0 halite was available
At command 4 of 6:
    2   m 10 o
    3   m 3 o
>>> 4   m 8 e
    5   m 12 w
    6   m 1 e


Turn 67
================================================================
warning: entity 1 was directed to use 6 halite to move west, but only 0 halite was available
At command 6 of 7:
    4   m 10 o
    5   m 3 o
>>> 6   m 1 w
    7   g


Turn 81
================================================================
warning: entity 10 was directed to use 2 halite to move east, but only 0 halite was available
At command 4 of 7:
    2   m 12 w
    3   m 3 o
>>> 4   m 10 e
    5   m 8 o
    6   m 5 o


Turn 83
================================================================
warning: entity 12 was directed to use 4 halite to move west, but only 0 halite was available
At command 5 of 7:
    3   m 5 s
    4   m 14 e
>>> 5   m 12 w
    6   m 10 o
    7   m 1 o


Turn 86
================================================================
warning: entity 3 was directed to use 3 halite to move west, but only 0 halite was available
At command 7 of 7:
    5   m 10 o
    6   m 12 o
>>> 7   m 3 w


Turn 89
================================================================
warning: entity 5 was directed to use 2 halite to move east, but only 0 halite was available
At command 6 of 8:
    4   m 14 o
    5   m 10 o
>>> 6   m 5 e
    7   m 1 w
    8   g


Turn 94
================================================================
warning: entity 19 was directed to use 1 halite to move west, but only 0 halite was available
At command 7 of 9:
    5   m 8 s
    6   m 14 w
>>> 7   m 19 w
    8   m 1 n
    9   m 18 o


Turn 96
================================================================
warning: entity 1 was directed to use 2 halite to move west, but only 0 halite was available
At command 5 of 10:
    3   m 5 o
    4   m 3 n
>>> 5   m 1 w
    6   m 10 o
    7   m 19 o


Turn 100
================================================================
warning: entity 8 was directed to use 2 halite to move north, but only 0 halite was available
At command 9 of 10:
    7   m 14 n
    8   m 3 o
>>> 9   m 8 n
    10   m 20 o


Turn 110
================================================================
warning: entity 3 was directed to use 1 halite to move east, but only 0 halite was available
At command 11 of 11:
    9   m 1 n
    10   m 14 o
>>> 11   m 3 e


Turn 118
================================================================
warning: entity 19 was directed to use 1 halite to move east, but only 0 halite was available
At command 9 of 12:
    7   m 22 o
    8   m 8 o
>>> 9   m 19 e
    10   m 18 w
    11   m 14 o


Turn 121
================================================================
warning: entity 25 was directed to use 1 halite to move east, but only 0 halite was available
At command 8 of 12:
    6   m 8 o
    7   m 12 o
>>> 8   m 25 e
    9   m 19 o
    10   m 1 o


Turn 128
================================================================
warning: entity 12 was directed to use 1 halite to move north, but only 0 halite was available
At command 11 of 12:
    9   m 1 o
    10   m 20 w
>>> 11   m 12 n
    12   m 5 n


Turn 131
================================================================
warning: entity 5 was directed to use 1 halite to move west, but only 0 halite was available
At command 9 of 12:
    7   m 1 o
    8   m 8 o
>>> 9   m 5 w
    10   m 3 o
    11   m 22 o


Turn 133
================================================================
warning: entity 5 was directed to use 6 halite to move west, but only 3 halite was available
At command 10 of 12:
    8   m 12 o
    9   m 1 o
>>> 10   m 5 w
    11   m 8 s
    12   m 14 o


Turn 137
================================================================
warning: entity 20 was directed to use 3 halite to move west, but only 0 halite was available
At command 10 of 12:
    8   m 10 o
    9   m 1 o
>>> 10   m 20 w
    11   m 8 s
    12   m 14 s


Turn 139
================================================================
warning: entity 8 was directed to use 1 halite to move south, but only 0 halite was available
At command 10 of 12:
    8   m 20 o
    9   m 18 o
>>> 10   m 8 s
    11   m 3 w
    12   m 14 s


Turn 141
================================================================
warning: entity 14 was directed to use 2 halite to move west, but only 0 halite was available
At command 12 of 13:
    10   m 8 o
    11   m 3 w
>>> 12   m 14 w
    13   m 28 s


Turn 151
================================================================
warning: entity 32 was directed to use 2 halite to move west, but only 0 halite was available
At command 16 of 16:
    14   m 18 o
    15   m 8 o
>>> 16   m 32 w


Turn 158
================================================================
warning: entity 33 was directed to use 2 halite to move west, but only 0 halite was available
At command 17 of 17:
    15   m 10 o
    16   m 25 s
>>> 17   m 33 w

