
Turn 3
================================================================
warning: entity 1 was directed to use 3 halite to move north, but only 0 halite was available
At command 1 of 2:
>>> 1   m 1 n
    2   g


Turn 5
================================================================
warning: entity 2 was directed to use 5 halite to move west, but only 0 halite was available
At command 2 of 3:
    1   m 1 o
>>> 2   m 2 w
    3   g


Turn 9
================================================================
warning: entity 6 was directed to use 4 halite to move west, but only 0 halite was available
At command 4 of 5:
    2   m 4 o
    3   m 2 o
>>> 4   m 6 w
    5   g


Turn 11
================================================================
warning: entity 7 was directed to use 2 halite to move east, but only 0 halite was available
At command 5 of 5:
    3   m 6 o
    4   m 4 e
>>> 5   m 7 e


Turn 48
================================================================
warning: entity 6 was directed to use 1 halite to move north, but only 0 halite was available
At command 5 of 5:
    3   m 7 w
    4   m 4 o
>>> 5   m 6 n


Turn 76
================================================================
warning: entity 7 was directed to use 1 halite to move south, but only 0 halite was available
At command 6 of 8:
    4   m 2 o
    5   m 1 o
>>> 6   m 7 s
    7   m 11 e
    8   g


Turn 168
================================================================
warning: entity 14 was directed to use 1 halite to move west, but only 0 halite was available
At command 13 of 14:
    11   m 7 o
    12   m 6 e
>>> 13   m 14 w
    14   m 27 w

