
Turn 6
================================================================
warning: owned entities 3, 0 collided on cell (8, 15) as the result of moves on this turn
At command 2 of 2:
    1   m 0 o
>>> 2   m 3 n


Turn 12
================================================================
warning: owned entities 7, 5 collided on cell (8, 15) as the result of moves on this turn
At command 2 of 2:
    1   m 5 o
>>> 2   m 7 n


Turn 127
================================================================
warning: owned entities 23, 9 collided on cell (9, 16) as the result of moves on this turn
At command 3 of 4:
    1   m 20 o
    2   m 9 o
>>> 3   m 23 e
    4   m 16 o


Turn 145
================================================================
warning: owned entities 20, 16 collided on cell (9, 16) as the result of moves on this turn
At command 2 of 2:
    1   m 16 o
>>> 2   m 20 w

