
Turn 69
================================================================
warning: owned entities 9, 11 collided on cell (4, 20) as the result of moves on this turn
At command 4 of 6:
    2   m 3 o
    3   m 8 o
>>> 4   m 9 s
    5   m 13 s
    6   m 15 o


Turn 80
================================================================
warning: owned entities 3, 16 collided on cell (8, 16) as the result of moves on this turn
At command 2 of 5:
    1   m 0 o
>>> 2   m 3 w
    3   m 8 o
    4   m 13 o


Turn 133
================================================================
warning: owned entities 13, 0 collided on cell (7, 16) as the result of moves on this turn
At command 2 of 6:
    1   m 8 o
>>> 2   m 13 e
    3   m 15 o
    4   m 20 o


Turn 145
================================================================
warning: owned entities 23, 8 collided on cell (31, 20) as the result of moves on this turn
At command 4 of 5:
    2   m 15 s
    3   m 20 o
>>> 4   m 23 w
    5   m 24 o


Turn 152
================================================================
warning: owned entities 15, 20 collided on cell (4, 16) as the result of moves on this turn
At command 1 of 3:
>>> 1   m 15 e
    2   m 24 n
    3   m 27 n

