
Turn 3
================================================================
warning: entity 1 was directed to use 8 halite to move north, but only 0 halite was available
At command 1 of 2:
>>> 1   m 1 n
    2   g


Turn 8
================================================================
warning: entity 4 was directed to use 6 halite to move west, but only 0 halite was available
At command 3 of 4:
    1   m 1 o
    2   m 2 o
>>> 3   m 4 w
    4   g


Turn 12
================================================================
warning: entity 8 was directed to use 4 halite to move east, but only 0 halite was available
At command 5 of 5:
    3   m 2 o
    4   m 1 o
>>> 5   m 8 e


Turn 33
================================================================
warning: entity 6 was directed to use 3 halite to move west, but only 0 halite was available
At command 5 of 5:
    3   m 2 o
    4   m 4 e
>>> 5   m 6 w


Turn 57
================================================================
warning: entity 1 was directed to use 2 halite to move east, but only 0 halite was available
At command 7 of 8:
    5   m 8 w
    6   m 11 o
>>> 7   m 1 e
    8   g


Turn 60
================================================================
warning: entity 12 was directed to use 1 halite to move north, but only 0 halite was available
At command 2 of 8:
    1   m 6 s
>>> 2   m 12 n
    3   m 4 o
    4   m 2 o


Turn 73
================================================================
warning: entity 6 was directed to use 1 halite to move north, but only 0 halite was available
At command 8 of 9:
    6   m 4 o
    7   m 8 s
>>> 8   m 6 n
    9   g


Turn 75
================================================================
warning: entity 13 was directed to use 2 halite to move east, but only 0 halite was available
At command 9 of 9:
    7   m 1 o
    8   m 6 o
>>> 9   m 13 e


Turn 90
================================================================
warning: entity 15 was directed to use 1 halite to move west, but only 0 halite was available
At command 7 of 10:
    5   m 13 o
    6   m 2 n
>>> 7   m 15 w
    8   m 1 o
    9   m 4 o


Turn 108
================================================================
warning: entity 8 was directed to use 1 halite to move south, but only 0 halite was available
At command 11 of 12:
    9   m 11 n
    10   m 12 e
>>> 11   m 8 s
    12   g


Turn 114
================================================================
warning: entity 11 was directed to use 1 halite to move west, but only 0 halite was available
At command 12 of 13:
    10   m 12 s
    11   m 4 e
>>> 12   m 11 w
    13   g


Turn 120
================================================================
warning: entity 18 was directed to use 3 halite to move east, but only 2 halite was available
At command 9 of 13:
    7   m 16 o
    8   m 2 o
>>> 9   m 18 e
    10   m 1 s
    11   m 6 o


Turn 131
================================================================
warning: entity 1 was directed to use 1 halite to move east, but only 0 halite was available
At command 13 of 15:
    11   m 8 o
    12   m 6 o
>>> 13   m 1 e
    14   m 13 e
    15   m 22 n


Turn 150
================================================================
warning: entity 4 was directed to use 1 halite to move west, but only 0 halite was available
At command 14 of 17:
    12   m 18 s
    13   m 2 n
>>> 14   m 4 w
    15   m 16 e
    16   m 10 o


Turn 152
================================================================
warning: entity 24 was directed to use 1 halite to move east, but only 0 halite was available
At command 12 of 17:
    10   m 23 o
    11   m 17 o
>>> 12   m 24 e
    13   m 10 e
    14   m 22 o


Turn 160
================================================================
warning: entity 25 was directed to use 7 halite to move east, but only 2 halite was available
At command 12 of 18:
    10   m 11 o
    11   m 10 e
>>> 12   m 25 e
    13   m 13 o
    14   m 2 e


Turn 162
================================================================
warning: entity 2 was directed to use 1 halite to move south, but only 0 halite was available
At command 18 of 19:
    16   m 25 o
    17   m 18 s
>>> 18   m 2 s
    19   m 27 e


Turn 182
================================================================
warning: entity 29 was directed to use 2 halite to move east, but only 0 halite was available
At command 20 of 21:
    18   m 4 s
    19   m 17 w
>>> 20   m 29 e
    21   m 12 w


Turn 211
================================================================
warning: entity 4 was directed to use 1 halite to move south, but only 0 halite was available
At command 14 of 24:
    12   m 25 s
    13   m 27 o
>>> 14   m 4 s
    15   m 24 n
    16   m 23 s


Turn 247
================================================================
warning: entity 15 was directed to use 1 halite to move west, but only 0 halite was available
At command 24 of 24:
    22   m 28 n
    23   m 8 e
>>> 24   m 15 w

