
Turn 48
================================================================
warning: entity 7 was directed to use 23 halite to move east, but only 0 halite was available
At command 6 of 6:
    4   m 3 s
    5   m 5 s
>>> 6   m 7 e


Turn 69
================================================================
warning: entity 8 was directed to use 6 halite to move east, but only 0 halite was available
At command 7 of 7:
    5   m 5 s
    6   m 3 w
>>> 7   m 8 e


Turn 76
================================================================
warning: entity 3 was directed to use 7 halite to move east, but only 0 halite was available
At command 7 of 8:
    5   m 5 s
    6   m 7 o
>>> 7   m 3 e
    8   g


Turn 90
================================================================
warning: entity 7 was directed to use 7 halite to move south, but only 0 halite was available
At command 8 of 8:
    6   m 5 s
    7   m 8 o
>>> 8   m 7 s


Turn 97
================================================================
warning: entity 8 was directed to use 2 halite to move east, but only 0 halite was available
At command 8 of 9:
    6   m 3 o
    7   m 5 s
>>> 8   m 8 e
    9   g


Turn 99
================================================================
warning: entity 10 was directed to use 5 halite to move east, but only 0 halite was available
At command 9 of 9:
    7   m 8 o
    8   m 5 o
>>> 9   m 10 e


Turn 105
================================================================
warning: entity 9 was directed to use 5 halite to move north, but only 0 halite was available
At command 9 of 10:
    7   m 10 o
    8   m 5 s
>>> 9   m 9 n
    10   g


Turn 113
================================================================
warning: entity 3 was directed to use 4 halite to move east, but only 0 halite was available
At command 10 of 11:
    8   m 5 s
    9   m 7 o
>>> 10   m 3 e
    11   g


Turn 116
================================================================
warning: entity 12 was directed to use 3 halite to move east, but only 0 halite was available
At command 11 of 11:
    9   m 11 o
    10   m 5 s
>>> 11   m 12 e


Turn 128
================================================================
warning: entity 10 was directed to use 4 halite to move north, but only 0 halite was available
At command 11 of 11:
    9   m 9 o
    10   m 7 s
>>> 11   m 10 n


Turn 130
================================================================
warning: entity 10 was directed to use 9 halite to move west, but only 7 halite was available
At command 7 of 11:
    5   m 12 n
    6   m 3 w
>>> 7   m 10 w
    8   m 7 s
    9   m 11 e


Turn 133
================================================================
warning: entity 8 was directed to use 3 halite to move west, but only 0 halite was available
At command 9 of 12:
    7   m 10 o
    8   m 9 s
>>> 9   m 8 w
    10   m 3 w
    11   m 7 s


Turn 135
================================================================
warning: entity 13 was directed to use 1 halite to move west, but only 0 halite was available
At command 11 of 12:
    9   m 7 s
    10   m 9 s
>>> 11   m 13 w
    12   m 3 o


Turn 137
================================================================
warning: entity 13 was directed to use 6 halite to move west, but only 3 halite was available
At command 12 of 12:
    10   m 7 e
    11   m 3 o
>>> 12   m 13 w


Turn 138
================================================================
warning: entity 7 was directed to use 2 halite to move north, but only 0 halite was available
At command 11 of 13:
    9   m 13 w
    10   m 12 o
>>> 11   m 7 n
    12   m 9 s
    13   g


Turn 140
================================================================
warning: entity 14 was directed to use 2 halite to move north, but only 0 halite was available
At command 10 of 13:
    8   m 3 w
    9   m 11 w
>>> 10   m 14 n
    11   m 8 o
    12   m 7 e

warning: entity 7 was directed to use 6 halite to move east, but only 5 halite was available
At command 12 of 13:
    10   m 14 n
    11   m 8 o
>>> 12   m 7 e
    13   m 9 s


Turn 148
================================================================
warning: entity 11 was directed to use 2 halite to move south, but only 0 halite was available
At command 13 of 14:
    11   m 3 e
    12   m 12 n
>>> 13   m 11 s
    14   m 15 s


Turn 154
================================================================
warning: entity 3 was directed to use 2 halite to move south, but only 0 halite was available
At command 14 of 15:
    12   m 12 e
    13   m 10 o
>>> 14   m 3 s
    15   m 16 s


Turn 156
================================================================
warning: entity 16 was directed to use 4 halite to move east, but only 0 halite was available
At command 15 of 15:
    13   m 14 o
    14   m 10 e
>>> 15   m 16 e


Turn 160
================================================================
warning: entity 12 was directed to use 3 halite to move east, but only 0 halite was available
At command 15 of 16:
    13   m 10 o
    14   m 9 n
>>> 15   m 12 e
    16   m 17 s


Turn 165
================================================================
warning: entity 10 was directed to use 1 halite to move north, but only 0 halite was available
At command 16 of 16:
    14   m 17 o
    15   m 16 o
>>> 16   m 10 n


Turn 167
================================================================
warning: entity 10 was directed to use 4 halite to move east, but only 3 halite was available
At command 12 of 16:
    10   m 11 s
    11   m 15 s
>>> 12   m 10 e
    13   m 13 n
    14   m 7 s


Turn 171
================================================================
warning: entity 8 was directed to use 1 halite to move west, but only 0 halite was available
At command 14 of 17:
    12   m 16 o
    13   m 9 s
>>> 14   m 8 w
    15   m 15 o
    16   m 14 s


Turn 173
================================================================
warning: entity 8 was directed to use 5 halite to move west, but only 3 halite was available
At command 13 of 17:
    11   m 18 s
    12   m 12 o
>>> 13   m 8 w
    14   m 7 w
    15   m 14 s


Turn 174
================================================================
warning: entity 18 was directed to use 1 halite to move east, but only 0 halite was available
At command 14 of 17:
    12   m 3 o
    13   m 7 w
>>> 14   m 18 e
    15   m 13 e
    16   m 14 n


Turn 178
================================================================
warning: entity 19 was directed to use 1 halite to move east, but only 0 halite was available
At command 18 of 18:
    16   m 3 o
    17   m 9 s
>>> 18   m 19 e


Turn 183
================================================================
warning: entity 13 was directed to use 2 halite to move north, but only 0 halite was available
At command 16 of 19:
    14   m 8 w
    15   m 14 e
>>> 16   m 13 n
    17   m 16 o
    18   m 11 o


Turn 192
================================================================
warning: entity 15 was directed to use 1 halite to move south, but only 0 halite was available
At command 17 of 20:
    15   m 7 o
    16   m 14 n
>>> 17   m 15 s
    18   m 12 o
    19   m 11 o


Turn 198
================================================================
warning: entity 16 was directed to use 1 halite to move north, but only 0 halite was available
At command 20 of 21:
    18   m 10 s
    19   m 12 w
>>> 20   m 16 n
    21   g


Turn 218
================================================================
warning: entity 19 was directed to use 2 halite to move west, but only 0 halite was available
At command 14 of 21:
    12   m 11 s
    13   m 16 o
>>> 14   m 19 w
    15   m 18 n
    16   m 15 s


Turn 225
================================================================
warning: entity 17 was directed to use 1 halite to move south, but only 0 halite was available
At command 16 of 21:
    14   m 7 s
    15   m 11 o
>>> 16   m 17 s
    17   m 19 o
    18   m 18 n


Turn 228
================================================================
warning: entity 17 was directed to use 4 halite to move east, but only 1 halite was available
At command 20 of 21:
    18   m 19 o
    19   m 21 w
>>> 20   m 17 e
    21   m 16 o


Turn 276
================================================================
warning: entity 7 was directed to use 2 halite to move east, but only 0 halite was available
At command 19 of 21:
    17   m 19 o
    18   m 18 o
>>> 19   m 7 e
    20   m 17 n
    21   m 11 o


Turn 319
================================================================
warning: entity 11 was directed to use 2 halite to move west, but only 0 halite was available
At command 21 of 21:
    19   m 17 o
    20   m 7 w
>>> 21   m 11 w


Turn 336
================================================================
warning: entity 17 was directed to use 1 halite to move south, but only 0 halite was available
At command 20 of 21:
    18   m 7 o
    19   m 19 o
>>> 20   m 17 s
    21   m 12 o

