
Turn 5
================================================================
warning: entity 2 was directed to use 11 halite to move west, but only 0 halite was available
At command 2 of 3:
    1   m 1 w
>>> 2   m 2 w
    3   g


Turn 11
================================================================
warning: entity 7 was directed to use 4 halite to move west, but only 0 halite was available
At command 2 of 5:
    1   m 6 w
>>> 2   m 7 w
    3   m 2 o
    4   m 1 o


Turn 46
================================================================
warning: entity 1 was directed to use 2 halite to move east, but only 0 halite was available
At command 6 of 7:
    4   m 6 o
    5   m 4 w
>>> 6   m 1 e
    7   g


Turn 81
================================================================
warning: entity 17 was directed to use 2 halite to move east, but only 0 halite was available
At command 5 of 8:
    3   m 12 w
    4   m 4 e
>>> 5   m 17 e
    6   m 1 w
    7   m 7 s


Turn 87
================================================================
warning: entity 18 was directed to use 2 halite to move south, but only 0 halite was available
At command 6 of 9:
    4   m 10 n
    5   m 2 o
>>> 6   m 18 s
    7   m 4 w
    8   m 7 e


Turn 98
================================================================
warning: entity 19 was directed to use 7 halite to move west, but only 2 halite was available
At command 9 of 11:
    7   m 17 e
    8   m 7 o
>>> 9   m 19 w
    10   m 10 n
    11   g


Turn 105
================================================================
warning: entity 22 was directed to use 1 halite to move west, but only 0 halite was available
At command 12 of 12:
    10   m 7 o
    11   m 2 o
>>> 12   m 22 w


Turn 109
================================================================
warning: entity 10 was directed to use 2 halite to move west, but only 0 halite was available
At command 8 of 12:
    6   m 21 o
    7   m 17 o
>>> 8   m 10 w
    9   m 2 o
    10   m 18 o


Turn 129
================================================================
warning: entity 26 was directed to use 1 halite to move west, but only 0 halite was available
At command 14 of 14:
    12   m 12 o
    13   m 4 o
>>> 14   m 26 w


Turn 139
================================================================
warning: entity 28 was directed to use 1 halite to move east, but only 0 halite was available
At command 12 of 15:
    10   m 21 s
    11   m 10 o
>>> 12   m 28 e
    13   m 1 o
    14   m 6 o


Turn 148
================================================================
warning: entity 17 was directed to use 1 halite to move east, but only 0 halite was available
At command 16 of 17:
    14   m 28 o
    15   m 22 w
>>> 16   m 17 e
    17   m 30 e


Turn 170
================================================================
warning: entity 32 was directed to use 1 halite to move west, but only 0 halite was available
At command 19 of 19:
    17   m 1 s
    18   m 10 s
>>> 19   m 32 w

