
Turn 8
================================================================
warning: entity 2 was directed to use 37 halite to move west, but only 0 halite was available
At command 2 of 2:
    1   m 0 o
>>> 2   m 2 w


Turn 22
================================================================
warning: entity 4 was directed to use 28 halite to move west, but only 0 halite was available
At command 3 of 3:
    1   m 2 w
    2   m 0 w
>>> 3   m 4 w


Turn 32
================================================================
warning: entity 6 was directed to use 11 halite to move north, but only 0 halite was available
At command 3 of 4:
    1   m 0 w
    2   m 4 e
>>> 3   m 6 n
    4   m 2 o


Turn 39
================================================================
warning: entity 4 was directed to use 8 halite to move north, but only 0 halite was available
At command 5 of 5:
    3   m 8 o
    4   m 6 o
>>> 5   m 4 n


Turn 41
================================================================
warning: entity 4 was directed to use 20 halite to move east, but only 17 halite was available
At command 5 of 5:
    3   m 6 o
    4   m 2 o
>>> 5   m 4 e


Turn 50
================================================================
warning: entity 2 was directed to use 17 halite to move west, but only 0 halite was available
At command 5 of 5:
    3   m 8 o
    4   m 4 o
>>> 5   m 2 w


Turn 52
================================================================
warning: entity 6 was directed to use 6 halite to move east, but only 0 halite was available
At command 5 of 6:
    3   m 4 w
    4   m 2 o
>>> 5   m 6 e
    6   g


Turn 56
================================================================
warning: entity 12 was directed to use 12 halite to move west, but only 0 halite was available
At command 7 of 7:
    5   m 2 o
    6   m 4 o
>>> 7   m 12 w


Turn 58
================================================================
warning: entity 12 was directed to use 25 halite to move west, but only 24 halite was available
At command 2 of 8:
    1   m 2 o
>>> 2   m 12 w
    3   m 4 e
    4   m 11 o


Turn 60
================================================================
warning: entity 14 was directed to use 9 halite to move west, but only 0 halite was available
At command 1 of 8:
>>> 1   m 14 w
    2   m 6 n
    3   m 0 n


Turn 66
================================================================
warning: entity 4 was directed to use 6 halite to move east, but only 0 halite was available
At command 3 of 9:
    1   m 14 o
    2   m 6 o
>>> 3   m 4 e
    4   m 12 e
    5   m 2 n


Turn 71
================================================================
warning: entity 2 was directed to use 4 halite to move west, but only 0 halite was available
At command 9 of 10:
    7   m 12 o
    8   m 6 w
>>> 9   m 2 w
    10   g


Turn 74
================================================================
warning: entity 17 was directed to use 3 halite to move west, but only 0 halite was available
At command 9 of 10:
    7   m 4 o
    8   m 12 o
>>> 9   m 17 w
    10   m 14 e


Turn 82
================================================================
warning: entity 12 was directed to use 2 halite to move east, but only 0 halite was available
At command 10 of 11:
    8   m 17 o
    9   m 14 s
>>> 10   m 12 e
    11   g


Turn 84
================================================================
warning: entity 21 was directed to use 4 halite to move east, but only 0 halite was available
At command 11 of 11:
    9   m 4 w
    10   m 8 w
>>> 11   m 21 e


Turn 87
================================================================
warning: entity 14 was directed to use 3 halite to move east, but only 0 halite was available
At command 11 of 12:
    9   m 4 s
    10   m 11 o
>>> 11   m 14 e
    12   g


Turn 98
================================================================
warning: entity 23 was directed to use 1 halite to move north, but only 0 halite was available
At command 13 of 13:
    11   m 16 s
    12   m 6 o
>>> 13   m 23 n


Turn 103
================================================================
warning: entity 17 was directed to use 2 halite to move north, but only 0 halite was available
At command 13 of 13:
    11   m 11 o
    12   m 6 n
>>> 13   m 17 n


Turn 105
================================================================
warning: entity 8 was directed to use 1 halite to move south, but only 0 halite was available
At command 12 of 14:
    10   m 14 o
    11   m 17 o
>>> 12   m 8 s
    13   m 23 o
    14   g


Turn 107
================================================================
warning: entity 24 was directed to use 1 halite to move north, but only 0 halite was available
At command 13 of 14:
    11   m 8 o
    12   m 21 e
>>> 13   m 24 n
    14   m 6 w


Turn 111
================================================================
warning: entity 11 was directed to use 1 halite to move south, but only 0 halite was available
At command 13 of 15:
    11   m 8 o
    12   m 16 e
>>> 13   m 11 s
    14   m 12 o
    15   g


Turn 119
================================================================
warning: entity 25 was directed to use 22 halite to move west, but only 9 halite was available
At command 5 of 15:
    3   m 22 o
    4   m 2 o
>>> 5   m 25 w
    6   m 11 o
    7   m 4 s


Turn 134
================================================================
warning: entity 4 was directed to use 1 halite to move east, but only 0 halite was available
At command 17 of 17:
    15   m 12 e
    16   m 14 o
>>> 17   m 4 e


Turn 137
================================================================
warning: entity 12 was directed to use 1 halite to move west, but only 0 halite was available
At command 16 of 18:
    14   m 28 o
    15   m 14 e
>>> 16   m 12 w
    17   m 0 w
    18   m 29 s


Turn 146
================================================================
warning: entity 22 was directed to use 1 halite to move east, but only 0 halite was available
At command 18 of 19:
    16   m 16 w
    17   m 0 w
>>> 18   m 22 e
    19   m 30 s


Turn 161
================================================================
warning: entity 0 was directed to use 1 halite to move west, but only 0 halite was available
At command 20 of 21:
    18   m 21 e
    19   m 17 e
>>> 20   m 0 w
    21   m 32 s


Turn 164
================================================================
warning: entity 0 was directed to use 7 halite to move north, but only 0 halite was available
At command 17 of 21:
    15   m 32 w
    16   m 23 w
>>> 17   m 0 n
    18   m 31 o
    19   m 8 s


Turn 170
================================================================
warning: entity 17 was directed to use 1 halite to move east, but only 0 halite was available
At command 11 of 22:
    9   m 32 w
    10   m 2 o
>>> 11   m 17 e
    12   m 21 n
    13   m 30 o


Turn 198
================================================================
warning: entity 36 was directed to use 2 halite to move west, but only 0 halite was available
At command 24 of 25:
    22   m 4 o
    23   m 6 o
>>> 24   m 36 w
    25   m 14 o


Turn 267
================================================================
warning: entity 16 was directed to use 1 halite to move west, but only 0 halite was available
At command 23 of 26:
    21   m 11 w
    22   m 24 e
>>> 23   m 16 w
    24   m 25 w
    25   m 4 o


Turn 274
================================================================
warning: entity 16 was directed to use 15 halite to move west, but only 6 halite was available
At command 17 of 26:
    15   m 14 s
    16   m 24 s
>>> 17   m 16 w
    18   m 8 w
    19   m 28 e


Turn 281
================================================================
warning: entity 33 was directed to use 5 halite to move west, but only 1 halite was available
At command 25 of 26:
    23   m 29 e
    24   m 35 w
>>> 25   m 33 w
    26   m 4 w

