
Turn 36
================================================================
warning: owned entities 0, 9 collided on cell (12, 19) as the result of moves on this turn
At command 1 of 4:
>>> 1   m 0 n
    2   m 3 o
    3   m 5 o


Turn 66
================================================================
warning: owned entities 11, 7 collided on cell (9, 14) as the result of moves on this turn
At command 3 of 3:
    1   m 3 o
    2   m 5 e
>>> 3   m 11 n


Turn 136
================================================================
warning: owned entities 5, 18 collided on cell (8, 16) as the result of moves on this turn
At command 2 of 3:
    1   m 3 o
>>> 2   m 5 e
    3   m 14 w


Turn 154
================================================================
warning: owned entities 3, 19 collided on cell (5, 19) as the result of moves on this turn
At command 1 of 2:
>>> 1   m 3 s
    2   m 14 o

