
Turn 13
================================================================
warning: entity 8 was directed to use 10 halite to move west, but only 0 halite was available
At command 5 of 5:
    3   m 4 n
    4   m 2 o
>>> 5   m 8 w


Turn 30
================================================================
warning: entity 1 was directed to use 11 halite to move east, but only 0 halite was available
At command 5 of 5:
    3   m 4 s
    4   m 6 o
>>> 5   m 1 e


Turn 39
================================================================
warning: entity 2 was directed to use 4 halite to move west, but only 0 halite was available
At command 5 of 5:
    3   m 4 w
    4   m 8 o
>>> 5   m 2 w


Turn 47
================================================================
warning: entity 11 was directed to use 2 halite to move north, but only 0 halite was available
At command 7 of 8:
    5   m 8 n
    6   m 6 o
>>> 7   m 11 n
    8   g


Turn 55
================================================================
warning: entity 8 was directed to use 4 halite to move north, but only 0 halite was available
At command 7 of 9:
    5   m 6 o
    6   m 1 o
>>> 7   m 8 n
    8   m 11 o
    9   g


Turn 57
================================================================
warning: entity 13 was directed to use 1 halite to move north, but only 0 halite was available
At command 5 of 9:
    3   m 2 e
    4   m 6 w
>>> 5   m 13 n
    6   m 8 o
    7   m 10 o


Turn 80
================================================================
warning: entity 15 was directed to use 3 halite to move west, but only 0 halite was available
At command 7 of 10:
    5   m 4 o
    6   m 11 s
>>> 7   m 15 w
    8   m 13 o
    9   m 10 n


Turn 89
================================================================
warning: entity 10 was directed to use 1 halite to move north, but only 0 halite was available
At command 6 of 11:
    4   m 12 n
    5   m 1 e
>>> 6   m 10 n
    7   m 2 w
    8   m 15 o


Turn 101
================================================================
warning: entity 18 was directed to use 2 halite to move east, but only 0 halite was available
At command 11 of 12:
    9   m 11 s
    10   m 4 w
>>> 11   m 18 e
    12   m 13 s


Turn 110
================================================================
warning: entity 4 was directed to use 1 halite to move east, but only 0 halite was available
At command 9 of 13:
    7   m 12 o
    8   m 15 o
>>> 9   m 4 e
    10   m 16 o
    11   m 13 o


Turn 115
================================================================
warning: entity 20 was directed to use 2 halite to move east, but only 0 halite was available
At command 8 of 15:
    6   m 2 o
    7   m 16 o
>>> 8   m 20 e
    9   m 8 e
    10   m 15 n


Turn 122
================================================================
warning: entity 22 was directed to use 1 halite to move east, but only 0 halite was available
At command 13 of 16:
    11   m 4 o
    12   m 11 o
>>> 13   m 22 e
    14   m 13 o
    15   m 8 e


Turn 127
================================================================
warning: entity 8 was directed to use 1 halite to move east, but only 0 halite was available
At command 16 of 16:
    14   m 22 o
    15   m 1 s
>>> 16   m 8 e


Turn 157
================================================================
warning: entity 27 was directed to use 3 halite to move south, but only 1 halite was available
At command 9 of 20:
    7   m 1 o
    8   m 2 w
>>> 9   m 27 s
    10   m 22 o
    11   m 20 o


Turn 190
================================================================
warning: entity 12 was directed to use 1 halite to move west, but only 0 halite was available
At command 11 of 25:
    9   m 22 w
    10   m 11 o
>>> 11   m 12 w
    12   m 28 o
    13   m 16 o


Turn 210
================================================================
warning: entity 13 was directed to use 3 halite to move west, but only 0 halite was available
At command 21 of 26:
    19   m 4 o
    20   m 23 w
>>> 21   m 13 w
    22   m 10 s
    23   m 11 e


Turn 274
================================================================
warning: entity 35 was directed to use 1 halite to move east, but only 0 halite was available
At command 21 of 26:
    19   m 28 o
    20   m 25 e
>>> 21   m 35 e
    22   m 27 w
    23   m 32 s

