
Turn 7
================================================================
warning: entity 2 was directed to use 5 halite to move east, but only 0 halite was available
At command 2 of 3:
    1   m 1 w
>>> 2   m 2 e
    3   g


Turn 10
================================================================
warning: entity 4 was directed to use 4 halite to move east, but only 0 halite was available
At command 3 of 4:
    1   m 1 o
    2   m 2 o
>>> 3   m 4 e
    4   g


Turn 42
================================================================
warning: entity 4 was directed to use 1 halite to move east, but only 0 halite was available
At command 5 of 6:
    3   m 1 o
    4   m 2 w
>>> 5   m 4 e
    6   g


Turn 44
================================================================
warning: entity 7 was directed to use 3 halite to move south, but only 0 halite was available
At command 6 of 6:
    4   m 4 e
    5   m 2 n
>>> 6   m 7 s


Turn 53
================================================================
warning: entity 2 was directed to use 3 halite to move east, but only 0 halite was available
At command 5 of 7:
    3   m 7 o
    4   m 5 s
>>> 5   m 2 e
    6   m 6 o
    7   g


Turn 56
================================================================
warning: entity 2 was directed to use 11 halite to move east, but only 2 halite was available
At command 6 of 7:
    4   m 7 o
    5   m 4 o
>>> 6   m 2 e
    7   m 6 w


Turn 60
================================================================
warning: entity 6 was directed to use 1 halite to move north, but only 0 halite was available
At command 6 of 8:
    4   m 7 o
    5   m 5 s
>>> 6   m 6 n
    7   m 8 o
    8   g


Turn 70
================================================================
warning: entity 5 was directed to use 2 halite to move north, but only 0 halite was available
At command 8 of 8:
    6   m 6 o
    7   m 7 s
>>> 8   m 5 n


Turn 79
================================================================
warning: entity 2 was directed to use 2 halite to move north, but only 0 halite was available
At command 9 of 9:
    7   m 7 w
    8   m 10 n
>>> 9   m 2 n


Turn 81
================================================================
warning: entity 10 was directed to use 3 halite to move east, but only 0 halite was available
At command 9 of 9:
    7   m 2 o
    8   m 4 o
>>> 9   m 10 e


Turn 91
================================================================
warning: entity 7 was directed to use 1 halite to move south, but only 0 halite was available
At command 10 of 11:
    8   m 11 n
    9   m 6 s
>>> 10   m 7 s
    11   g


Turn 93
================================================================
warning: entity 12 was directed to use 1 halite to move east, but only 0 halite was available
At command 8 of 11:
    6   m 10 o
    7   m 1 o
>>> 8   m 12 e
    9   m 6 o
    10   m 7 e


Turn 95
================================================================
warning: entity 12 was directed to use 7 halite to move east, but only 4 halite was available
At command 9 of 11:
    7   m 1 o
    8   m 6 o
>>> 9   m 12 e
    10   m 9 o
    11   m 8 s


Turn 97
================================================================
warning: entity 4 was directed to use 1 halite to move west, but only 0 halite was available
At command 11 of 11:
    9   m 12 o
    10   m 2 o
>>> 11   m 4 w


Turn 103
================================================================
warning: entity 8 was directed to use 2 halite to move east, but only 0 halite was available
At command 9 of 12:
    7   m 2 o
    8   m 5 o
>>> 9   m 8 e
    10   m 9 s
    11   m 6 n


Turn 114
================================================================
warning: entity 6 was directed to use 1 halite to move south, but only 0 halite was available
At command 12 of 14:
    10   m 5 w
    11   m 14 o
>>> 12   m 6 s
    13   m 10 o
    14   g


Turn 130
================================================================
warning: entity 2 was directed to use 1 halite to move west, but only 0 halite was available
At command 13 of 15:
    11   m 6 o
    12   m 9 o
>>> 13   m 2 w
    14   m 15 o
    15   m 10 s


Turn 137
================================================================
warning: entity 10 was directed to use 2 halite to move west, but only 0 halite was available
At command 16 of 16:
    14   m 13 o
    15   m 17 n
>>> 16   m 10 w


Turn 142
================================================================
warning: entity 18 was directed to use 1 halite to move west, but only 0 halite was available
At command 11 of 17:
    9   m 6 w
    10   m 17 n
>>> 11   m 18 w
    12   m 4 n
    13   m 11 s


Turn 146
================================================================
warning: entity 11 was directed to use 1 halite to move west, but only 0 halite was available
At command 17 of 18:
    15   m 1 n
    16   m 8 o
>>> 17   m 11 w
    18   m 19 n


Turn 183
================================================================
warning: entity 24 was directed to use 1 halite to move east, but only 0 halite was available
At command 21 of 23:
    19   m 6 o
    20   m 2 o
>>> 21   m 24 e
    22   m 18 w
    23   m 15 e


Turn 184
================================================================
warning: entity 15 was directed to use 3 halite to move east, but only 1 halite was available
At command 23 of 23:
    21   m 7 o
    22   m 5 e
>>> 23   m 15 e


Turn 253
================================================================
warning: entity 10 was directed to use 1 halite to move west, but only 0 halite was available
At command 16 of 25:
    14   m 13 o
    15   m 5 s
>>> 16   m 10 w
    17   m 1 o
    18   m 4 o


Turn 347
================================================================
warning: entity 10 was directed to use 1 halite to move east, but only 0 halite was available
At command 19 of 25:
    17   m 4 o
    18   m 25 w
>>> 19   m 10 e
    20   m 18 w
    21   m 14 o


Turn 379
================================================================
warning: entity 15 was directed to use 1 halite to move east, but only 0 halite was available
At command 22 of 25:
    20   m 1 o
    21   m 2 s
>>> 22   m 15 e
    23   m 19 n
    24   m 18 e

