
Turn 7
================================================================
warning: entity 4 was directed to use 34 halite to move south, but only 0 halite was available
At command 3 of 4:
    1   m 1 n
    2   m 2 o
>>> 3   m 4 s
    4   g


Turn 12
================================================================
warning: entity 8 was directed to use 29 halite to move west, but only 0 halite was available
At command 5 of 5:
    3   m 6 o
    4   m 2 n
>>> 5   m 8 w


Turn 23
================================================================
warning: entity 2 was directed to use 10 halite to move east, but only 0 halite was available
At command 5 of 6:
    3   m 1 o
    4   m 6 o
>>> 5   m 2 e
    6   g


Turn 25
================================================================
warning: entity 2 was directed to use 23 halite to move east, but only 19 halite was available
At command 2 of 6:
    1   m 6 o
>>> 2   m 2 e
    3   m 10 n
    4   m 8 o


Turn 29
================================================================
warning: entity 8 was directed to use 10 halite to move south, but only 0 halite was available
At command 6 of 7:
    4   m 1 s
    5   m 6 n
>>> 6   m 8 s
    7   g


Turn 34
================================================================
warning: entity 1 was directed to use 4 halite to move north, but only 0 halite was available
At command 7 of 8:
    5   m 6 n
    6   m 8 o
>>> 7   m 1 n
    8   g


Turn 36
================================================================
warning: entity 13 was directed to use 8 halite to move east, but only 0 halite was available
At command 8 of 8:
    6   m 1 o
    7   m 6 w
>>> 8   m 13 e


Turn 48
================================================================
warning: entity 2 was directed to use 4 halite to move east, but only 0 halite was available
At command 9 of 10:
    7   m 6 o
    8   m 8 o
>>> 9   m 2 e
    10   g


Turn 51
================================================================
warning: entity 18 was directed to use 3 halite to move south, but only 0 halite was available
At command 10 of 10:
    8   m 8 o
    9   m 2 o
>>> 10   m 18 s


Turn 53
================================================================
warning: entity 18 was directed to use 8 halite to move south, but only 7 halite was available
At command 4 of 10:
    2   m 10 s
    3   m 1 w
>>> 4   m 18 s
    5   m 2 o
    6   m 15 o


Turn 55
================================================================
warning: entity 4 was directed to use 4 halite to move south, but only 0 halite was available
At command 10 of 11:
    8   m 18 o
    9   m 13 o
>>> 10   m 4 s
    11   g


Turn 58
================================================================
warning: entity 21 was directed to use 3 halite to move east, but only 0 halite was available
At command 11 of 11:
    9   m 12 e
    10   m 10 e
>>> 11   m 21 e


Turn 62
================================================================
warning: entity 8 was directed to use 5 halite to move south, but only 0 halite was available
At command 11 of 11:
    9   m 2 o
    10   m 4 o
>>> 11   m 8 s


Turn 66
================================================================
warning: entity 13 was directed to use 3 halite to move south, but only 0 halite was available
At command 11 of 12:
    9   m 15 s
    10   m 10 w
>>> 11   m 13 s
    12   g


Turn 72
================================================================
warning: entity 10 was directed to use 1 halite to move east, but only 0 halite was available
At command 8 of 13:
    6   m 21 o
    7   m 23 o
>>> 8   m 10 e
    9   m 1 n
    10   m 8 o


Turn 74
================================================================
warning: entity 24 was directed to use 2 halite to move east, but only 0 halite was available
At command 13 of 13:
    11   m 4 o
    12   m 12 w
>>> 13   m 24 e


Turn 81
================================================================
warning: entity 12 was directed to use 2 halite to move east, but only 0 halite was available
At command 13 of 14:
    11   m 4 s
    12   m 1 o
>>> 13   m 12 e
    14   m 26 n


Turn 87
================================================================
warning: entity 2 was directed to use 1 halite to move south, but only 0 halite was available
At command 15 of 16:
    13   m 4 o
    14   m 15 w
>>> 15   m 2 s
    16   g


Turn 94
================================================================
warning: entity 6 was directed to use 1 halite to move west, but only 0 halite was available
At command 16 of 17:
    14   m 21 s
    15   m 2 o
>>> 16   m 6 w
    17   g


Turn 96
================================================================
warning: entity 6 was directed to use 5 halite to move south, but only 3 halite was available
At command 13 of 17:
    11   m 12 o
    12   m 2 o
>>> 13   m 6 s
    14   m 13 e
    15   m 18 e


Turn 97
================================================================
warning: entity 32 was directed to use 2 halite to move west, but only 0 halite was available
At command 17 of 17:
    15   m 21 w
    16   m 18 n
>>> 17   m 32 w


Turn 117
================================================================
warning: entity 37 was directed to use 1 halite to move west, but only 0 halite was available
At command 19 of 20:
    17   m 33 o
    18   m 4 o
>>> 19   m 37 w
    20   m 18 o


Turn 134
================================================================
warning: entity 8 was directed to use 9 halite to move east, but only 0 halite was available
At command 11 of 23:
    9   m 23 w
    10   m 12 o
>>> 11   m 8 e
    12   m 27 o
    13   m 1 o

