
Turn 6
================================================================
warning: entity 2 was directed to use 12 halite to move west, but only 0 halite was available
At command 2 of 3:
    1   m 0 s
>>> 2   m 2 w
    3   g


Turn 15
================================================================
warning: entity 7 was directed to use 14 halite to move north, but only 11 halite was available
At command 5 of 5:
    3   m 2 o
    4   m 4 o
>>> 5   m 7 n


Turn 44
================================================================
warning: entity 10 was directed to use 2 halite to move north, but only 0 halite was available
At command 5 of 6:
    3   m 7 n
    4   m 2 s
>>> 5   m 10 n
    6   m 4 w


Turn 50
================================================================
warning: entity 12 was directed to use 1 halite to move north, but only 0 halite was available
At command 6 of 7:
    4   m 10 n
    5   m 7 o
>>> 6   m 12 n
    7   m 4 s


Turn 60
================================================================
warning: entity 14 was directed to use 2 halite to move west, but only 0 halite was available
At command 8 of 8:
    6   m 12 o
    7   m 7 o
>>> 8   m 14 w


Turn 63
================================================================
warning: entity 4 was directed to use 1 halite to move east, but only 0 halite was available
At command 5 of 8:
    3   m 0 w
    4   m 8 o
>>> 5   m 4 e
    6   m 12 o
    7   m 14 s


Turn 69
================================================================
warning: entity 0 was directed to use 3 halite to move east, but only 0 halite was available
At command 6 of 9:
    4   m 4 s
    5   m 14 o
>>> 6   m 0 e
    7   m 8 o
    8   m 7 e


Turn 71
================================================================
warning: entity 17 was directed to use 2 halite to move south, but only 0 halite was available
At command 9 of 9:
    7   m 0 e
    8   m 8 e
>>> 9   m 17 s


Turn 85
================================================================
warning: entity 10 was directed to use 1 halite to move south, but only 0 halite was available
At command 8 of 10:
    6   m 8 w
    7   m 14 s
>>> 8   m 10 s
    9   m 2 o
    10   g


Turn 88
================================================================
warning: entity 19 was directed to use 2 halite to move east, but only 0 halite was available
At command 9 of 10:
    7   m 2 w
    8   m 12 o
>>> 9   m 19 e
    10   m 8 o


Turn 100
================================================================
warning: entity 7 was directed to use 1 halite to move east, but only 0 halite was available
At command 11 of 12:
    9   m 2 n
    10   m 12 e
>>> 11   m 7 e
    12   g


Turn 103
================================================================
warning: entity 23 was directed to use 1 halite to move north, but only 0 halite was available
At command 10 of 12:
    8   m 21 o
    9   m 4 w
>>> 10   m 23 n
    11   m 7 o
    12   m 8 o


Turn 121
================================================================
warning: entity 28 was directed to use 1 halite to move west, but only 0 halite was available
At command 14 of 14:
    12   m 8 w
    13   m 14 n
>>> 14   m 28 w


Turn 149
================================================================
warning: entity 37 was directed to use 1 halite to move east, but only 0 halite was available
At command 18 of 19:
    16   m 0 o
    17   m 21 o
>>> 18   m 37 e
    19   m 10 o


Turn 164
================================================================
warning: entity 0 was directed to use 2 halite to move east, but only 0 halite was available
At command 20 of 22:
    18   m 2 w
    19   m 10 w
>>> 20   m 0 e
    21   m 42 e
    22   g


Turn 168
================================================================
warning: entity 42 was directed to use 2 halite to move south, but only 1 halite was available
At command 18 of 22:
    16   m 34 o
    17   m 10 w
>>> 18   m 42 s
    19   m 35 o
    20   m 7 s


Turn 172
================================================================
warning: entity 7 was directed to use 1 halite to move east, but only 0 halite was available
At command 19 of 23:
    17   m 12 o
    18   m 14 n
>>> 19   m 7 e
    20   m 26 e
    21   m 4 n


Turn 181
================================================================
warning: entity 26 was directed to use 2 halite to move east, but only 0 halite was available
At command 20 of 24:
    18   m 42 o
    19   m 8 o
>>> 20   m 26 e
    21   m 2 e
    22   m 10 s


Turn 195
================================================================
warning: entity 51 was directed to use 3 halite to move west, but only 0 halite was available
At command 25 of 26:
    23   m 28 o
    24   m 19 o
>>> 25   m 51 w
    26   m 39 o

