
Turn 26
================================================================
warning: entity 0 was directed to use 2 halite to move south, but only 0 halite was available
At command 1 of 2:
>>> 1   m 0 s
    2   m 2 n


Turn 40
================================================================
warning: entity 2 was directed to use 4 halite to move east, but only 0 halite was available
At command 2 of 3:
    1   m 0 o
>>> 2   m 2 e
    3   g


Turn 42
================================================================
warning: entity 2 was directed to use 8 halite to move south, but only 7 halite was available
At command 2 of 3:
    1   m 0 s
>>> 2   m 2 s
    3   m 4 o


Turn 52
================================================================
warning: entity 0 was directed to use 1 halite to move south, but only 0 halite was available
At command 3 of 3:
    1   m 4 n
    2   m 2 e
>>> 3   m 0 s


Turn 60
================================================================
warning: entity 2 was directed to use 3 halite to move east, but only 0 halite was available
At command 3 of 4:
    1   m 4 e
    2   m 0 o
>>> 3   m 2 e
    4   g


Turn 62
================================================================
warning: entity 6 was directed to use 2 halite to move west, but only 0 halite was available
At command 3 of 4:
    1   m 4 e
    2   m 0 o
>>> 3   m 6 w
    4   m 2 e


Turn 69
================================================================
warning: entity 4 was directed to use 1 halite to move south, but only 0 halite was available
At command 4 of 4:
    2   m 6 o
    3   m 0 o
>>> 4   m 4 s


Turn 80
================================================================
warning: entity 0 was directed to use 2 halite to move south, but only 0 halite was available
At command 4 of 5:
    2   m 2 w
    3   m 4 e
>>> 4   m 0 s
    5   g


Turn 83
================================================================
warning: entity 8 was directed to use 1 halite to move north, but only 0 halite was available
At command 3 of 5:
    1   m 6 e
    2   m 2 w
>>> 3   m 8 n
    4   m 0 e
    5   m 4 e

warning: entity 0 was directed to use 10 halite to move east, but only 1 halite was available
At command 4 of 5:
    2   m 2 w
    3   m 8 n
>>> 4   m 0 e
    5   m 4 e


Turn 88
================================================================
warning: entity 2 was directed to use 1 halite to move north, but only 0 halite was available
At command 5 of 5:
    3   m 0 o
    4   m 6 s
>>> 5   m 2 n


Turn 92
================================================================
warning: entity 6 was directed to use 1 halite to move west, but only 0 halite was available
At command 5 of 6:
    3   m 4 w
    4   m 2 n
>>> 5   m 6 w
    6   g


Turn 95
================================================================
warning: entity 11 was directed to use 1 halite to move west, but only 0 halite was available
At command 6 of 6:
    4   m 4 e
    5   m 2 o
>>> 6   m 11 w


Turn 117
================================================================
warning: entity 12 was directed to use 20 halite to move east, but only 2 halite was available
At command 3 of 8:
    1   m 0 o
    2   m 8 o
>>> 3   m 12 e
    4   m 4 n
    5   m 11 n


Turn 119
================================================================
warning: entity 14 was directed to use 2 halite to move east, but only 0 halite was available
At command 8 of 8:
    6   m 2 s
    7   m 6 e
>>> 8   m 14 e


Turn 124
================================================================
warning: entity 2 was directed to use 3 halite to move east, but only 0 halite was available
At command 8 of 8:
    6   m 14 o
    7   m 6 s
>>> 8   m 2 e


Turn 128
================================================================
warning: entity 6 was directed to use 2 halite to move south, but only 0 halite was available
At command 3 of 9:
    1   m 8 s
    2   m 0 o
>>> 3   m 6 s
    4   m 14 s
    5   m 4 o


Turn 146
================================================================
warning: entity 12 was directed to use 1 halite to move north, but only 0 halite was available
At command 10 of 10:
    8   m 19 o
    9   m 2 w
>>> 10   m 12 n


Turn 158
================================================================
warning: entity 11 was directed to use 1 halite to move east, but only 0 halite was available
At command 6 of 11:
    4   m 2 w
    5   m 0 o
>>> 6   m 11 e
    7   m 12 o
    8   m 4 o


Turn 162
================================================================
warning: entity 14 was directed to use 1 halite to move east, but only 0 halite was available
At command 11 of 12:
    9   m 6 e
    10   m 2 s
>>> 11   m 14 e
    12   m 23 n


Turn 168
================================================================
warning: entity 2 was directed to use 1 halite to move east, but only 0 halite was available
At command 11 of 13:
    9   m 19 o
    10   m 4 o
>>> 11   m 2 e
    12   m 6 s
    13   m 25 s


Turn 175
================================================================
warning: entity 6 was directed to use 1 halite to move east, but only 0 halite was available
At command 12 of 13:
    10   m 4 s
    11   m 11 o
>>> 12   m 6 e
    13   m 17 e


Turn 179
================================================================
warning: entity 4 was directed to use 2 halite to move east, but only 0 halite was available
At command 6 of 14:
    4   m 8 e
    5   m 12 e
>>> 6   m 4 e
    7   m 25 s
    8   m 11 o


Turn 185
================================================================
warning: entity 12 was directed to use 1 halite to move west, but only 0 halite was available
At command 14 of 14:
    12   m 19 o
    13   m 8 e
>>> 14   m 12 w


Turn 188
================================================================
warning: entity 17 was directed to use 1 halite to move south, but only 0 halite was available
At command 9 of 15:
    7   m 19 e
    8   m 12 o
>>> 9   m 17 s
    10   m 11 n
    11   m 14 o


Turn 209
================================================================
warning: entity 14 was directed to use 2 halite to move east, but only 0 halite was available
At command 12 of 16:
    10   m 19 o
    11   m 12 w
>>> 12   m 14 e
    13   m 6 o
    14   m 4 o


Turn 298
================================================================
warning: entity 23 was directed to use 2 halite to move east, but only 1 halite was available
At command 15 of 16:
    13   m 4 e
    14   m 12 o
>>> 15   m 23 e
    16   m 17 o


Turn 302
================================================================
warning: entity 25 was directed to use 1 halite to move east, but only 0 halite was available
At command 12 of 16:
    10   m 6 o
    11   m 8 w
>>> 12   m 25 e
    13   m 17 e
    14   m 12 e

