
Turn 3
================================================================
warning: entity 1 was directed to use 5 halite to move north, but only 0 halite was available
At command 1 of 2:
>>> 1   m 1 n
    2   g


Turn 36
================================================================
warning: entity 2 was directed to use 3 halite to move west, but only 0 halite was available
At command 5 of 5:
    3   m 4 w
    4   m 1 s
>>> 5   m 2 w


Turn 38
================================================================
warning: entity 2 was directed to use 22 halite to move west, but only 8 halite was available
At command 3 of 5:
    1   m 6 o
    2   m 1 s
>>> 3   m 2 w
    4   m 8 o
    5   m 4 s


Turn 40
================================================================
warning: entity 1 was directed to use 2 halite to move west, but only 0 halite was available
At command 4 of 6:
    2   m 8 n
    3   m 2 o
>>> 4   m 1 w
    5   m 4 w
    6   g


Turn 42
================================================================
warning: entity 11 was directed to use 1 halite to move east, but only 0 halite was available
At command 6 of 6:
    4   m 4 n
    5   m 1 o
>>> 6   m 11 e


Turn 47
================================================================
warning: entity 13 was directed to use 2 halite to move west, but only 0 halite was available
At command 6 of 7:
    4   m 8 o
    5   m 2 o
>>> 6   m 13 w
    7   m 6 w


Turn 49
================================================================
warning: entity 13 was directed to use 9 halite to move west, but only 5 halite was available
At command 6 of 7:
    4   m 8 o
    5   m 2 s
>>> 6   m 13 w
    7   m 6 w


Turn 57
================================================================
warning: entity 6 was directed to use 2 halite to move north, but only 0 halite was available
At command 7 of 8:
    5   m 13 n
    6   m 14 n
>>> 7   m 6 n
    8   m 2 s


Turn 59
================================================================
warning: entity 14 was directed to use 4 halite to move west, but only 0 halite was available
At command 7 of 8:
    5   m 11 n
    6   m 6 o
>>> 7   m 14 w
    8   m 2 s


Turn 66
================================================================
warning: entity 2 was directed to use 1 halite to move east, but only 0 halite was available
At command 7 of 9:
    5   m 13 n
    6   m 11 o
>>> 7   m 2 e
    8   m 1 w
    9   m 15 n


Turn 68
================================================================
warning: entity 15 was directed to use 3 halite to move east, but only 0 halite was available
At command 8 of 9:
    6   m 13 o
    7   m 2 o
>>> 8   m 15 e
    9   m 1 e


Turn 82
================================================================
warning: entity 13 was directed to use 2 halite to move east, but only 0 halite was available
At command 9 of 9:
    7   m 2 o
    8   m 15 e
>>> 9   m 13 e


Turn 105
================================================================
warning: entity 15 was directed to use 1 halite to move south, but only 0 halite was available
At command 10 of 11:
    8   m 11 o
    9   m 17 e
>>> 10   m 15 s
    11   g


Turn 112
================================================================
warning: entity 18 was directed to use 6 halite to move east, but only 5 halite was available
At command 9 of 12:
    7   m 6 s
    8   m 17 o
>>> 9   m 18 e
    10   m 2 e
    11   m 11 w


Turn 118
================================================================
warning: entity 13 was directed to use 1 halite to move south, but only 0 halite was available
At command 12 of 12:
    10   m 14 o
    11   m 6 s
>>> 12   m 13 s


Turn 120
================================================================
warning: entity 13 was directed to use 7 halite to move south, but only 3 halite was available
At command 12 of 12:
    10   m 17 e
    11   m 11 o
>>> 12   m 13 s


Turn 123
================================================================
warning: entity 2 was directed to use 1 halite to move south, but only 0 halite was available
At command 9 of 13:
    7   m 13 o
    8   m 6 w
>>> 9   m 2 s
    10   m 18 e
    11   m 11 o


Turn 152
================================================================
warning: entity 11 was directed to use 2 halite to move west, but only 0 halite was available
At command 15 of 17:
    13   m 22 e
    14   m 2 o
>>> 15   m 11 w
    16   m 14 w
    17   m 25 w


Turn 191
================================================================
warning: entity 22 was directed to use 1 halite to move east, but only 0 halite was available
At command 18 of 20:
    16   m 18 e
    17   m 2 o
>>> 18   m 22 e
    19   m 13 w
    20   m 29 e


Turn 232
================================================================
warning: entity 22 was directed to use 1 halite to move east, but only 0 halite was available
At command 20 of 21:
    18   m 28 s
    19   m 19 o
>>> 20   m 22 e
    21   m 29 s


Turn 253
================================================================
warning: entity 23 was directed to use 1 halite to move east, but only 0 halite was available
At command 21 of 21:
    19   m 25 o
    20   m 30 w
>>> 21   m 23 e


Turn 276
================================================================
warning: entity 13 was directed to use 3 halite to move east, but only 1 halite was available
At command 19 of 21:
    17   m 22 w
    18   m 6 n
>>> 19   m 13 e
    20   m 27 s
    21   m 19 s


Turn 301
================================================================
warning: entity 23 was directed to use 1 halite to move east, but only 0 halite was available
At command 17 of 21:
    15   m 27 o
    16   m 19 n
>>> 17   m 23 e
    18   m 29 o
    19   m 25 o


Turn 311
================================================================
warning: entity 25 was directed to use 1 halite to move east, but only 0 halite was available
At command 18 of 21:
    16   m 30 o
    17   m 22 o
>>> 18   m 25 e
    19   m 13 w
    20   m 23 o


Turn 313
================================================================
warning: entity 25 was directed to use 4 halite to move east, but only 3 halite was available
At command 19 of 21:
    17   m 2 w
    18   m 29 o
>>> 19   m 25 e
    20   m 13 e
    21   m 17 e


Turn 376
================================================================
warning: entity 27 was directed to use 1 halite to move east, but only 0 halite was available
At command 19 of 21:
    17   m 25 o
    18   m 22 w
>>> 19   m 27 e
    20   m 30 w
    21   m 13 s


Turn 398
================================================================
warning: entity 29 was directed to use 1 halite to move west, but only 0 halite was available
At command 21 of 21:
    19   m 28 o
    20   m 25 w
>>> 21   m 29 w


Turn 400
================================================================
warning: entity 29 was directed to use 4 halite to move west, but only 3 halite was available
At command 20 of 21:
    18   m 22 o
    19   m 25 w
>>> 20   m 29 w
    21   m 27 o

