
Turn 3
================================================================
warning: entity 1 was directed to use 6 halite to move west, but only 0 halite was available
At command 1 of 2:
>>> 1   m 1 w
    2   g


Turn 5
================================================================
warning: entity 2 was directed to use 2 halite to move west, but only 0 halite was available
At command 2 of 3:
    1   m 1 o
>>> 2   m 2 w
    3   g


Turn 12
================================================================
warning: entity 5 was directed to use 1 halite to move north, but only 0 halite was available
At command 1 of 5:
>>> 1   m 5 n
    2   m 1 o
    3   m 3 o


Turn 85
================================================================
warning: entity 7 was directed to use 1 halite to move east, but only 0 halite was available
At command 7 of 7:
    5   m 4 o
    6   m 6 o
>>> 7   m 7 e


Turn 168
================================================================
warning: entity 8 was directed to use 1 halite to move south, but only 0 halite was available
At command 12 of 13:
    10   m 5 o
    11   m 2 o
>>> 12   m 8 s
    13   m 13 s


Turn 176
================================================================
warning: entity 2 was directed to use 1 halite to move east, but only 0 halite was available
At command 7 of 14:
    5   m 7 o
    6   m 12 w
>>> 7   m 2 e
    8   m 10 o
    9   m 11 e

