
Turn 6
================================================================
warning: entity 3 was directed to use 19 halite to move west, but only 0 halite was available
At command 1 of 2:
>>> 1   m 3 w
    2   m 1 o


Turn 21
================================================================
warning: entity 3 was directed to use 22 halite to move east, but only 0 halite was available
At command 2 of 3:
    1   m 1 o
>>> 2   m 3 e
    3   g


Turn 51
================================================================
warning: entity 6 was directed to use 4 halite to move east, but only 0 halite was available
At command 5 of 5:
    3   m 4 s
    4   m 5 w
>>> 5   m 6 e


Turn 55
================================================================
warning: entity 3 was directed to use 5 halite to move south, but only 0 halite was available
At command 5 of 5:
    3   m 1 o
    4   m 6 o
>>> 5   m 3 s


Turn 59
================================================================
warning: entity 5 was directed to use 6 halite to move south, but only 0 halite was available
At command 5 of 6:
    3   m 3 o
    4   m 4 n
>>> 5   m 5 s
    6   g


Turn 61
================================================================
warning: entity 7 was directed to use 5 halite to move west, but only 0 halite was available
At command 5 of 6:
    3   m 6 o
    4   m 5 o
>>> 5   m 7 w
    6   m 4 n


Turn 63
================================================================
warning: entity 7 was directed to use 12 halite to move west, but only 11 halite was available
At command 5 of 6:
    3   m 1 o
    4   m 3 o
>>> 5   m 7 w
    6   m 4 n

warning: entity 4 was directed to use 2 halite to move north, but only 0 halite was available
At command 6 of 6:
    4   m 3 o
    5   m 7 w
>>> 6   m 4 n


Turn 84
================================================================
warning: entity 5 was directed to use 4 halite to move east, but only 0 halite was available
At command 4 of 6:
    2   m 6 o
    3   m 3 o
>>> 4   m 5 e
    5   m 7 o
    6   m 4 w


Turn 87
================================================================
warning: entity 1 was directed to use 3 halite to move east, but only 0 halite was available
At command 5 of 6:
    3   m 6 o
    4   m 5 e
>>> 5   m 1 e
    6   m 4 w


Turn 90
================================================================
warning: entity 3 was directed to use 2 halite to move north, but only 0 halite was available
At command 5 of 6:
    3   m 5 o
    4   m 1 o
>>> 5   m 3 n
    6   m 4 s


Turn 95
================================================================
warning: entity 4 was directed to use 3 halite to move west, but only 0 halite was available
At command 6 of 7:
    4   m 1 o
    5   m 6 o
>>> 6   m 4 w
    7   g


Turn 97
================================================================
warning: entity 8 was directed to use 1 halite to move east, but only 0 halite was available
At command 7 of 8:
    5   m 6 o
    6   m 4 w
>>> 7   m 8 e
    8   g


Turn 99
================================================================
warning: entity 9 was directed to use 2 halite to move north, but only 0 halite was available
At command 1 of 9:
>>> 1   m 9 n
    2   m 1 s
    3   m 5 e


Turn 102
================================================================
warning: entity 10 was directed to use 2 halite to move west, but only 0 halite was available
At command 8 of 10:
    6   m 8 o
    7   m 6 o
>>> 8   m 10 w
    9   m 7 n
    10   g


Turn 104
================================================================
warning: entity 10 was directed to use 6 halite to move south, but only 5 halite was available
At command 8 of 10:
    6   m 7 s
    7   m 9 w
>>> 8   m 10 s
    9   m 5 o
    10   m 8 o


Turn 105
================================================================
warning: entity 11 was directed to use 1 halite to move west, but only 0 halite was available
At command 8 of 10:
    6   m 7 e
    7   m 3 o
>>> 8   m 11 w
    9   m 1 w
    10   m 9 o


Turn 107
================================================================
warning: entity 11 was directed to use 9 halite to move south, but only 3 halite was available
At command 10 of 10:
    8   m 3 o
    9   m 5 w
>>> 10   m 11 s


Turn 114
================================================================
warning: entity 1 was directed to use 1 halite to move north, but only 0 halite was available
At command 8 of 10:
    6   m 5 n
    7   m 3 o
>>> 8   m 1 n
    9   m 4 e
    10   m 6 o


Turn 116
================================================================
warning: entity 5 was directed to use 1 halite to move west, but only 0 halite was available
At command 9 of 10:
    7   m 1 e
    8   m 6 w
>>> 9   m 5 w
    10   m 4 e


Turn 119
================================================================
warning: entity 3 was directed to use 5 halite to move south, but only 0 halite was available
At command 9 of 10:
    7   m 11 o
    8   m 10 o
>>> 9   m 3 s
    10   m 4 s


Turn 130
================================================================
warning: entity 9 was directed to use 3 halite to move east, but only 2 halite was available
At command 11 of 12:
    9   m 12 o
    10   m 5 o
>>> 11   m 9 e
    12   m 1 o


Turn 132
================================================================
warning: entity 8 was directed to use 1 halite to move north, but only 0 halite was available
At command 10 of 12:
    8   m 13 o
    9   m 11 e
>>> 10   m 8 n
    11   m 3 o
    12   m 9 o


Turn 141
================================================================
warning: entity 15 was directed to use 1 halite to move north, but only 0 halite was available
At command 14 of 15:
    12   m 5 o
    13   m 3 n
>>> 14   m 15 n
    15   m 16 e


Turn 153
================================================================
warning: entity 4 was directed to use 2 halite to move east, but only 0 halite was available
At command 11 of 15:
    9   m 7 e
    10   m 11 o
>>> 11   m 4 e
    12   m 15 o
    13   m 1 s


Turn 156
================================================================
warning: entity 12 was directed to use 1 halite to move east, but only 0 halite was available
At command 15 of 16:
    13   m 1 o
    14   m 13 w
>>> 15   m 12 e
    16   m 17 e


Turn 184
================================================================
warning: entity 22 was directed to use 2 halite to move west, but only 0 halite was available
At command 13 of 22:
    11   m 5 w
    12   m 4 o
>>> 13   m 22 w
    14   m 7 e
    15   m 18 o


Turn 186
================================================================
warning: entity 23 was directed to use 1 halite to move west, but only 0 halite was available
At command 22 of 22:
    20   m 8 n
    21   m 5 s
>>> 22   m 23 w


Turn 190
================================================================
warning: entity 14 was directed to use 2 halite to move south, but only 0 halite was available
At command 16 of 22:
    14   m 17 w
    15   m 22 o
>>> 16   m 14 s
    17   m 8 o
    18   m 16 w


Turn 196
================================================================
warning: entity 4 was directed to use 1 halite to move south, but only 0 halite was available
At command 16 of 23:
    14   m 19 o
    15   m 13 o
>>> 16   m 4 s
    17   m 7 w
    18   m 23 o


Turn 198
================================================================
warning: entity 7 was directed to use 1 halite to move south, but only 0 halite was available
At command 22 of 23:
    20   m 24 w
    21   m 4 o
>>> 22   m 7 s
    23   m 17 s


Turn 201
================================================================
warning: entity 19 was directed to use 1 halite to move west, but only 0 halite was available
At command 23 of 23:
    21   m 9 o
    22   m 12 n
>>> 23   m 19 w


Turn 206
================================================================
warning: entity 3 was directed to use 1 halite to move west, but only 0 halite was available
At command 12 of 23:
    10   m 14 s
    11   m 4 o
>>> 12   m 3 w
    13   m 24 o
    14   m 17 w


Turn 216
================================================================
warning: entity 20 was directed to use 1 halite to move west, but only 0 halite was available
At command 16 of 23:
    14   m 10 s
    15   m 22 o
>>> 16   m 20 w
    17   m 19 o
    18   m 7 o

