
Turn 6
================================================================
warning: entity 3 was directed to use 3 halite to move west, but only 0 halite was available
At command 2 of 3:
    1   m 1 o
>>> 2   m 3 w
    3   g


Turn 9
================================================================
warning: entity 5 was directed to use 2 halite to move west, but only 0 halite was available
At command 2 of 4:
    1   m 3 o
>>> 2   m 5 w
    3   m 1 o
    4   g


Turn 12
================================================================
warning: entity 7 was directed to use 1 halite to move north, but only 0 halite was available
At command 2 of 5:
    1   m 1 o
>>> 2   m 7 n
    3   m 3 n
    4   m 5 o


Turn 34
================================================================
warning: entity 1 was directed to use 1 halite to move west, but only 0 halite was available
At command 3 of 5:
    1   m 7 o
    2   m 3 o
>>> 3   m 1 w
    4   m 9 o
    5   m 5 o


Turn 51
================================================================
warning: entity 3 was directed to use 2 halite to move north, but only 0 halite was available
At command 3 of 6:
    1   m 9 w
    2   m 1 o
>>> 3   m 3 n
    4   m 7 o
    5   m 5 e


Turn 53
================================================================
warning: entity 10 was directed to use 1 halite to move north, but only 0 halite was available
At command 6 of 6:
    4   m 5 w
    5   m 3 o
>>> 6   m 10 n


Turn 63
================================================================
warning: entity 12 was directed to use 1 halite to move west, but only 0 halite was available
At command 6 of 7:
    4   m 1 o
    5   m 7 e
>>> 6   m 12 w
    7   m 5 w


Turn 100
================================================================
warning: entity 16 was directed to use 2 halite to move east, but only 0 halite was available
At command 9 of 9:
    7   m 10 s
    8   m 5 w
>>> 9   m 16 e


Turn 116
================================================================
warning: entity 10 was directed to use 1 halite to move east, but only 0 halite was available
At command 9 of 11:
    7   m 18 o
    8   m 15 o
>>> 9   m 10 e
    10   m 3 o
    11   g

