
Turn 3
================================================================
warning: entity 0 was directed to use 48 halite to move west, but only 0 halite was available
At command 1 of 2:
>>> 1   m 0 w
    2   g


Turn 5
================================================================
warning: entity 2 was directed to use 36 halite to move west, but only 0 halite was available
At command 1 of 3:
>>> 1   m 2 w
    2   m 0 e
    3   g

warning: owned entities 0, 2 collided on cell (8, 17) as the result of moves on this turn
At command 2 of 3:
    1   m 2 w
>>> 2   m 0 e
    3   g


Turn 7
================================================================
warning: entity 4 was directed to use 41 halite to move west, but only 0 halite was available
At command 1 of 2:
>>> 1   m 4 w
    2   g


Turn 9
================================================================
warning: entity 6 was directed to use 32 halite to move south, but only 0 halite was available
At command 2 of 3:
    1   m 4 n
>>> 2   m 6 s
    3   g

warning: owned entities 4, 6 collided on cell (7, 16) as the result of moves on this turn
At command 1 of 3:
>>> 1   m 4 n
    2   m 6 s
    3   g


Turn 11
================================================================
warning: entity 8 was directed to use 36 halite to move south, but only 0 halite was available
At command 1 of 1:
>>> 1   m 8 s


Turn 15
================================================================
warning: entity 8 was directed to use 33 halite to move east, but only 1 halite was available
At command 1 of 1:
>>> 1   m 8 e


Turn 19
================================================================
warning: entity 8 was directed to use 31 halite to move west, but only 4 halite was available
At command 1 of 1:
>>> 1   m 8 w


Turn 23
================================================================
warning: entity 8 was directed to use 25 halite to move north, but only 7 halite was available
At command 1 of 1:
>>> 1   m 8 n


Turn 27
================================================================
warning: entity 8 was directed to use 32 halite to move north, but only 4 halite was available
At command 1 of 1:
>>> 1   m 8 n


Turn 30
================================================================
warning: entity 8 was directed to use 55 halite to move south, but only 4 halite was available
At command 1 of 1:
>>> 1   m 8 s


Turn 34
================================================================
warning: entity 8 was directed to use 57 halite to move north, but only 4 halite was available
At command 1 of 1:
>>> 1   m 8 n


Turn 38
================================================================
warning: entity 8 was directed to use 41 halite to move north, but only 20 halite was available
At command 1 of 1:
>>> 1   m 8 n


Turn 42
================================================================
warning: entity 8 was directed to use 45 halite to move south, but only 18 halite was available
At command 1 of 1:
>>> 1   m 8 s


Turn 46
================================================================
warning: entity 8 was directed to use 31 halite to move south, but only 25 halite was available
At command 1 of 1:
>>> 1   m 8 s


Turn 50
================================================================
warning: entity 8 was directed to use 58 halite to move west, but only 10 halite was available
At command 1 of 1:
>>> 1   m 8 w


Turn 55
================================================================
warning: entity 8 was directed to use 54 halite to move north, but only 3 halite was available
At command 1 of 1:
>>> 1   m 8 n


Turn 60
================================================================
warning: entity 8 was directed to use 43 halite to move west, but only 0 halite was available
At command 1 of 1:
>>> 1   m 8 w


Turn 64
================================================================
warning: entity 8 was directed to use 28 halite to move west, but only 7 halite was available
At command 1 of 1:
>>> 1   m 8 w


Turn 67
================================================================
warning: entity 8 was directed to use 24 halite to move north, but only 17 halite was available
At command 1 of 1:
>>> 1   m 8 n


Turn 70
================================================================
warning: entity 8 was directed to use 23 halite to move south, but only 18 halite was available
At command 1 of 1:
>>> 1   m 8 s


Turn 73
================================================================
warning: entity 8 was directed to use 21 halite to move west, but only 18 halite was available
At command 1 of 1:
>>> 1   m 8 w


Turn 76
================================================================
warning: entity 8 was directed to use 20 halite to move east, but only 14 halite was available
At command 1 of 1:
>>> 1   m 8 e


Turn 79
================================================================
warning: entity 8 was directed to use 18 halite to move east, but only 9 halite was available
At command 1 of 1:
>>> 1   m 8 e


Turn 82
================================================================
warning: entity 8 was directed to use 26 halite to move west, but only 2 halite was available
At command 1 of 1:
>>> 1   m 8 w


Turn 85
================================================================
warning: entity 8 was directed to use 16 halite to move west, but only 9 halite was available
At command 1 of 1:
>>> 1   m 8 w


Turn 87
================================================================
warning: entity 8 was directed to use 42 halite to move south, but only 38 halite was available
At command 1 of 1:
>>> 1   m 8 s


Turn 93
================================================================
warning: entity 8 was directed to use 21 halite to move north, but only 0 halite was available
At command 1 of 1:
>>> 1   m 8 n


Turn 95
================================================================
warning: entity 8 was directed to use 40 halite to move north, but only 38 halite was available
At command 1 of 1:
>>> 1   m 8 n


Turn 100
================================================================
warning: entity 8 was directed to use 40 halite to move north, but only 36 halite was available
At command 1 of 1:
>>> 1   m 8 n


Turn 105
================================================================
warning: entity 8 was directed to use 38 halite to move east, but only 22 halite was available
At command 1 of 1:
>>> 1   m 8 e


Turn 109
================================================================
warning: entity 8 was directed to use 30 halite to move east, but only 26 halite was available
At command 1 of 1:
>>> 1   m 8 e


Turn 113
================================================================
warning: entity 8 was directed to use 34 halite to move north, but only 23 halite was available
At command 1 of 1:
>>> 1   m 8 n


Turn 117
================================================================
warning: entity 8 was directed to use 28 halite to move west, but only 27 halite was available
At command 1 of 1:
>>> 1   m 8 w


Turn 121
================================================================
warning: entity 8 was directed to use 33 halite to move south, but only 21 halite was available
At command 1 of 1:
>>> 1   m 8 s


Turn 126
================================================================
warning: entity 8 was directed to use 27 halite to move east, but only 6 halite was available
At command 1 of 1:
>>> 1   m 8 e


Turn 130
================================================================
warning: entity 8 was directed to use 24 halite to move south, but only 7 halite was available
At command 1 of 1:
>>> 1   m 8 s


Turn 134
================================================================
warning: entity 8 was directed to use 28 halite to move west, but only 4 halite was available
At command 1 of 1:
>>> 1   m 8 w


Turn 138
================================================================
warning: entity 8 was directed to use 25 halite to move south, but only 5 halite was available
At command 1 of 1:
>>> 1   m 8 s


Turn 142
================================================================
warning: entity 8 was directed to use 25 halite to move north, but only 7 halite was available
At command 1 of 1:
>>> 1   m 8 n


Turn 146
================================================================
warning: entity 8 was directed to use 22 halite to move south, but only 12 halite was available
At command 1 of 1:
>>> 1   m 8 s


Turn 150
================================================================
warning: entity 8 was directed to use 32 halite to move north, but only 8 halite was available
At command 1 of 1:
>>> 1   m 8 n


Turn 154
================================================================
warning: entity 8 was directed to use 22 halite to move south, but only 18 halite was available
At command 1 of 1:
>>> 1   m 8 s


Turn 158
================================================================
warning: entity 8 was directed to use 32 halite to move east, but only 10 halite was available
At command 1 of 1:
>>> 1   m 8 e


Turn 162
================================================================
warning: entity 8 was directed to use 21 halite to move south, but only 11 halite was available
At command 1 of 1:
>>> 1   m 8 s


Turn 165
================================================================
warning: entity 8 was directed to use 19 halite to move east, but only 13 halite was available
At command 1 of 1:
>>> 1   m 8 e


Turn 168
================================================================
warning: entity 8 was directed to use 15 halite to move south, but only 13 halite was available
At command 1 of 1:
>>> 1   m 8 s


Turn 171
================================================================
warning: entity 8 was directed to use 14 halite to move west, but only 6 halite was available
At command 1 of 1:
>>> 1   m 8 w


Turn 174
================================================================
warning: entity 8 was directed to use 11 halite to move east, but only 2 halite was available
At command 1 of 1:
>>> 1   m 8 e


Turn 176
================================================================
warning: entity 8 was directed to use 36 halite to move west, but only 22 halite was available
At command 1 of 1:
>>> 1   m 8 w


Turn 182
================================================================
warning: entity 8 was directed to use 15 halite to move north, but only 2 halite was available
At command 1 of 1:
>>> 1   m 8 n


Turn 185
================================================================
warning: entity 8 was directed to use 12 halite to move north, but only 1 halite was available
At command 1 of 1:
>>> 1   m 8 n


Turn 187
================================================================
warning: entity 8 was directed to use 30 halite to move east, but only 23 halite was available
At command 1 of 1:
>>> 1   m 8 e


Turn 192
================================================================
warning: entity 8 was directed to use 24 halite to move north, but only 17 halite was available
At command 1 of 1:
>>> 1   m 8 n


Turn 197
================================================================
warning: entity 8 was directed to use 23 halite to move west, but only 2 halite was available
At command 1 of 1:
>>> 1   m 8 w


Turn 201
================================================================
warning: entity 8 was directed to use 18 halite to move west, but only 3 halite was available
At command 1 of 1:
>>> 1   m 8 w


Turn 204
================================================================
warning: entity 8 was directed to use 17 halite to move west, but only 14 halite was available
At command 1 of 1:
>>> 1   m 8 w


Turn 208
================================================================
warning: entity 8 was directed to use 28 halite to move north, but only 0 halite was available
At command 1 of 1:
>>> 1   m 8 n


Turn 212
================================================================
warning: entity 8 was directed to use 18 halite to move south, but only 8 halite was available
At command 1 of 1:
>>> 1   m 8 s


Turn 216
================================================================
warning: entity 8 was directed to use 25 halite to move west, but only 0 halite was available
At command 1 of 1:
>>> 1   m 8 w


Turn 220
================================================================
warning: entity 8 was directed to use 19 halite to move east, but only 7 halite was available
At command 1 of 1:
>>> 1   m 8 e


Turn 224
================================================================
warning: entity 8 was directed to use 21 halite to move east, but only 4 halite was available
At command 1 of 1:
>>> 1   m 8 e


Turn 228
================================================================
warning: entity 8 was directed to use 17 halite to move south, but only 4 halite was available
At command 1 of 1:
>>> 1   m 8 s


Turn 231
================================================================
warning: entity 8 was directed to use 15 halite to move east, but only 14 halite was available
At command 1 of 1:
>>> 1   m 8 e


Turn 235
================================================================
warning: entity 8 was directed to use 24 halite to move west, but only 7 halite was available
At command 1 of 1:
>>> 1   m 8 w


Turn 239
================================================================
warning: entity 8 was directed to use 15 halite to move north, but only 13 halite was available
At command 1 of 1:
>>> 1   m 8 n


Turn 243
================================================================
warning: entity 8 was directed to use 22 halite to move north, but only 7 halite was available
At command 1 of 1:
>>> 1   m 8 n


Turn 247
================================================================
warning: entity 8 was directed to use 21 halite to move east, but only 10 halite was available
At command 1 of 1:
>>> 1   m 8 e


Turn 251
================================================================
warning: entity 8 was directed to use 27 halite to move west, but only 5 halite was available
At command 1 of 1:
>>> 1   m 8 w


Turn 255
================================================================
warning: entity 8 was directed to use 16 halite to move west, but only 12 halite was available
At command 1 of 1:
>>> 1   m 8 w


Turn 259
================================================================
warning: entity 8 was directed to use 25 halite to move south, but only 2 halite was available
At command 1 of 1:
>>> 1   m 8 s


Turn 263
================================================================
warning: entity 8 was directed to use 16 halite to move north, but only 13 halite was available
At command 1 of 1:
>>> 1   m 8 n


Turn 267
================================================================
warning: entity 8 was directed to use 21 halite to move west, but only 9 halite was available
At command 1 of 1:
>>> 1   m 8 w


Turn 272
================================================================
warning: entity 8 was directed to use 26 halite to move south, but only 0 halite was available
At command 1 of 1:
>>> 1   m 8 s


Turn 276
================================================================
warning: entity 8 was directed to use 15 halite to move east, but only 13 halite was available
At command 1 of 1:
>>> 1   m 8 e


Turn 280
================================================================
warning: entity 8 was directed to use 20 halite to move east, but only 8 halite was available
At command 1 of 1:
>>> 1   m 8 e


Turn 285
================================================================
warning: entity 8 was directed to use 19 halite to move north, but only 1 halite was available
At command 1 of 1:
>>> 1   m 8 n


Turn 289
================================================================
warning: entity 8 was directed to use 13 halite to move north, but only 4 halite was available
At command 1 of 1:
>>> 1   m 8 n


Turn 292
================================================================
warning: entity 8 was directed to use 13 halite to move west, but only 11 halite was available
At command 1 of 1:
>>> 1   m 8 w


Turn 296
================================================================
warning: entity 8 was directed to use 19 halite to move south, but only 5 halite was available
At command 1 of 1:
>>> 1   m 8 s


Turn 301
================================================================
warning: entity 8 was directed to use 19 halite to move north, but only 0 halite was available
At command 1 of 1:
>>> 1   m 8 n


Turn 305
================================================================
warning: entity 8 was directed to use 14 halite to move east, but only 4 halite was available
At command 1 of 1:
>>> 1   m 8 e


Turn 313
================================================================
warning: entity 8 was directed to use 21 halite to move east, but only 9 halite was available
At command 1 of 1:
>>> 1   m 8 e


Turn 318
================================================================
warning: entity 8 was directed to use 30 halite to move west, but only 3 halite was available
At command 1 of 1:
>>> 1   m 8 w


Turn 323
================================================================
warning: entity 8 was directed to use 22 halite to move west, but only 9 halite was available
At command 1 of 1:
>>> 1   m 8 w


Turn 327
================================================================
warning: entity 8 was directed to use 27 halite to move north, but only 15 halite was available
At command 1 of 1:
>>> 1   m 8 n


Turn 332
================================================================
warning: entity 8 was directed to use 20 halite to move north, but only 2 halite was available
At command 1 of 1:
>>> 1   m 8 n


Turn 336
================================================================
warning: entity 8 was directed to use 21 halite to move south, but only 2 halite was available
At command 1 of 1:
>>> 1   m 8 s


Turn 340
================================================================
warning: entity 8 was directed to use 23 halite to move east, but only 7 halite was available
At command 1 of 1:
>>> 1   m 8 e


Turn 344
================================================================
warning: entity 8 was directed to use 22 halite to move west, but only 10 halite was available
At command 1 of 1:
>>> 1   m 8 w


Turn 348
================================================================
warning: entity 8 was directed to use 21 halite to move north, but only 16 halite was available
At command 1 of 1:
>>> 1   m 8 n


Turn 353
================================================================
warning: entity 8 was directed to use 18 halite to move east, but only 1 halite was available
At command 1 of 1:
>>> 1   m 8 e


Turn 356
================================================================
warning: entity 8 was directed to use 17 halite to move west, but only 16 halite was available
At command 1 of 1:
>>> 1   m 8 w


Turn 360
================================================================
warning: entity 8 was directed to use 18 halite to move south, but only 13 halite was available
At command 1 of 1:
>>> 1   m 8 s


Turn 365
================================================================
warning: entity 8 was directed to use 14 halite to move west, but only 0 halite was available
At command 1 of 1:
>>> 1   m 8 w


Turn 368
================================================================
warning: entity 8 was directed to use 14 halite to move south, but only 11 halite was available
At command 1 of 1:
>>> 1   m 8 s


Turn 372
================================================================
warning: entity 8 was directed to use 16 halite to move west, but only 8 halite was available
At command 1 of 1:
>>> 1   m 8 w


Turn 376
================================================================
warning: entity 8 was directed to use 13 halite to move south, but only 9 halite was available
At command 1 of 1:
>>> 1   m 8 s


Turn 380
================================================================
warning: entity 8 was directed to use 15 halite to move south, but only 8 halite was available
At command 1 of 1:
>>> 1   m 8 s


Turn 385
================================================================
warning: entity 8 was directed to use 11 halite to move south, but only 6 halite was available
At command 1 of 1:
>>> 1   m 8 s


Turn 389
================================================================
warning: entity 8 was directed to use 16 halite to move south, but only 9 halite was available
At command 1 of 1:
>>> 1   m 8 s


Turn 395
================================================================
warning: entity 8 was directed to use 28 halite to move south, but only 10 halite was available
At command 1 of 1:
>>> 1   m 8 s


Turn 398
================================================================
warning: entity 8 was directed to use 68 halite to move east, but only 38 halite was available
At command 1 of 1:
>>> 1   m 8 e

