
Turn 58
================================================================
warning: entity 5 was directed to use 3 halite to move east, but only 0 halite was available
At command 6 of 7:
    4   m 4 e
    5   m 6 n
>>> 6   m 5 e
    7   g


Turn 66
================================================================
warning: entity 10 was directed to use 2 halite to move west, but only 0 halite was available
At command 3 of 8:
    1   m 0 w
    2   m 8 o
>>> 3   m 10 w
    4   m 2 n
    5   m 5 o


Turn 70
================================================================
warning: entity 6 was directed to use 2 halite to move north, but only 0 halite was available
At command 9 of 9:
    7   m 8 s
    8   m 0 w
>>> 9   m 6 n


Turn 113
================================================================
warning: entity 2 was directed to use 1 halite to move east, but only 0 halite was available
At command 10 of 11:
    8   m 10 e
    9   m 0 w
>>> 10   m 2 e
    11   g


Turn 115
================================================================
warning: entity 16 was directed to use 1 halite to move south, but only 0 halite was available
At command 8 of 11:
    6   m 4 s
    7   m 0 o
>>> 8   m 16 s
    9   m 2 o
    10   m 8 n


Turn 120
================================================================
warning: entity 8 was directed to use 1 halite to move west, but only 0 halite was available
At command 10 of 12:
    8   m 6 e
    9   m 12 n
>>> 10   m 8 w
    11   m 10 o
    12   m 17 n


Turn 125
================================================================
warning: entity 10 was directed to use 1 halite to move north, but only 0 halite was available
At command 12 of 13:
    10   m 4 o
    11   m 0 o
>>> 12   m 10 n
    13   m 18 n


Turn 177
================================================================
warning: entity 5 was directed to use 1 halite to move west, but only 0 halite was available
At command 16 of 19:
    14   m 0 o
    15   m 24 o
>>> 16   m 5 w
    17   m 19 o
    18   m 13 o

