
Turn 15
================================================================
warning: entity 6 was directed to use 11 halite to move west, but only 0 halite was available
At command 5 of 5:
    3   m 5 o
    4   m 0 o
>>> 5   m 6 w


Turn 54
================================================================
warning: entity 10 was directed to use 3 halite to move west, but only 0 halite was available
At command 7 of 8:
    5   m 6 o
    6   m 2 w
>>> 7   m 10 w
    8   g


Turn 61
================================================================
warning: entity 2 was directed to use 2 halite to move north, but only 0 halite was available
At command 3 of 9:
    1   m 8 e
    2   m 0 s
>>> 3   m 2 n
    4   m 10 o
    5   m 4 o


Turn 78
================================================================
warning: entity 0 was directed to use 3 halite to move west, but only 0 halite was available
At command 10 of 11:
    8   m 6 o
    9   m 14 o
>>> 10   m 0 w
    11   g


Turn 80
================================================================
warning: entity 15 was directed to use 1 halite to move west, but only 0 halite was available
At command 11 of 11:
    9   m 2 o
    10   m 0 o
>>> 11   m 15 w


Turn 91
================================================================
warning: entity 4 was directed to use 2 halite to move west, but only 0 halite was available
At command 12 of 13:
    10   m 6 o
    11   m 0 o
>>> 12   m 4 w
    13   g


Turn 93
================================================================
warning: entity 18 was directed to use 1 halite to move west, but only 0 halite was available
At command 12 of 13:
    10   m 15 o
    11   m 6 o
>>> 12   m 18 w
    13   m 4 o


Turn 143
================================================================
warning: entity 29 was directed to use 1 halite to move east, but only 0 halite was available
At command 18 of 20:
    16   m 6 o
    17   m 10 o
>>> 18   m 29 e
    19   m 14 n
    20   m 4 n


Turn 167
================================================================
warning: entity 4 was directed to use 1 halite to move west, but only 0 halite was available
At command 23 of 24:
    21   m 35 o
    22   m 18 e
>>> 23   m 4 w
    24   m 23 w


Turn 170
================================================================
warning: entity 4 was directed to use 6 halite to move west, but only 0 halite was available
At command 19 of 24:
    17   m 22 n
    18   m 2 o
>>> 19   m 4 w
    20   m 6 o
    21   m 5 e


Turn 188
================================================================
warning: entity 42 was directed to use 1 halite to move west, but only 0 halite was available
At command 22 of 27:
    20   m 23 o
    21   m 24 e
>>> 22   m 42 w
    23   m 25 n
    24   m 8 w


Turn 194
================================================================
warning: entity 5 was directed to use 3 halite to move west, but only 2 halite was available
At command 23 of 28:
    21   m 15 s
    22   m 11 o
>>> 23   m 5 w
    24   m 25 w
    25   m 24 w


Turn 196
================================================================
warning: entity 43 was directed to use 3 halite to move west, but only 0 halite was available
At command 27 of 28:
    25   m 27 e
    26   m 6 s
>>> 27   m 43 w
    28   m 0 o


Turn 208
================================================================
warning: entity 27 was directed to use 1 halite to move west, but only 0 halite was available
At command 29 of 30:
    27   m 45 o
    28   m 6 w
>>> 29   m 27 w
    30   m 25 s


Turn 215
================================================================
warning: entity 24 was directed to use 1 halite to move west, but only 0 halite was available
At command 31 of 31:
    29   m 17 e
    30   m 6 e
>>> 31   m 24 w


Turn 246
================================================================
warning: entity 17 was directed to use 1 halite to move west, but only 0 halite was available
At command 24 of 36:
    22   m 27 o
    23   m 49 o
>>> 24   m 17 w
    25   m 20 e
    26   m 29 o

