
Turn 3
================================================================
warning: entity 1 was directed to use 15 halite to move north, but only 0 halite was available
At command 1 of 2:
>>> 1   m 1 n
    2   g


Turn 18
================================================================
warning: entity 1 was directed to use 8 halite to move west, but only 0 halite was available
At command 2 of 2:
    1   m 3 e
>>> 2   m 1 w


Turn 47
================================================================
warning: entity 10 was directed to use 4 halite to move east, but only 0 halite was available
At command 4 of 4:
    2   m 3 o
    3   m 7 s
>>> 4   m 10 e


Turn 64
================================================================
warning: entity 1 was directed to use 5 halite to move west, but only 0 halite was available
At command 4 of 5:
    2   m 10 e
    3   m 7 o
>>> 4   m 1 w
    5   g


Turn 66
================================================================
warning: entity 13 was directed to use 2 halite to move north, but only 0 halite was available
At command 4 of 5:
    2   m 3 w
    3   m 10 e
>>> 4   m 13 n
    5   m 1 o


Turn 83
================================================================
warning: entity 16 was directed to use 4 halite to move west, but only 0 halite was available
At command 6 of 6:
    4   m 7 n
    5   m 1 o
>>> 6   m 16 w


Turn 88
================================================================
warning: entity 7 was directed to use 1 halite to move east, but only 0 halite was available
At command 6 of 6:
    4   m 1 e
    5   m 13 n
>>> 6   m 7 e


Turn 105
================================================================
warning: entity 20 was directed to use 1 halite to move west, but only 0 halite was available
At command 7 of 8:
    5   m 3 w
    6   m 16 o
>>> 7   m 20 w
    8   m 13 o


Turn 116
================================================================
warning: entity 16 was directed to use 1 halite to move north, but only 0 halite was available
At command 7 of 9:
    5   m 13 o
    6   m 20 o
>>> 7   m 16 n
    8   m 3 w
    9   g


Turn 124
================================================================
warning: entity 10 was directed to use 1 halite to move east, but only 0 halite was available
At command 9 of 9:
    7   m 13 e
    8   m 16 o
>>> 9   m 10 e


Turn 131
================================================================
warning: entity 7 was directed to use 1 halite to move west, but only 0 halite was available
At command 7 of 10:
    5   m 3 o
    6   m 18 w
>>> 7   m 7 w
    8   m 1 e
    9   m 16 o


Turn 149
================================================================
warning: entity 13 was directed to use 1 halite to move east, but only 0 halite was available
At command 11 of 11:
    9   m 7 o
    10   m 29 o
>>> 11   m 13 e


Turn 233
================================================================
warning: entity 7 was directed to use 2 halite to move west, but only 0 halite was available
At command 17 of 17:
    15   m 20 e
    16   m 33 w
>>> 17   m 7 w


Turn 270
================================================================
warning: entity 3 was directed to use 1 halite to move west, but only 0 halite was available
At command 15 of 17:
    13   m 13 o
    14   m 1 o
>>> 15   m 3 w
    16   m 41 s
    17   m 26 o

