
Turn 41
================================================================
warning: entity 6 was directed to use 4 halite to move west, but only 0 halite was available
At command 6 of 7:
    4   m 5 w
    5   m 4 s
>>> 6   m 6 w
    7   g


Turn 43
================================================================
warning: entity 10 was directed to use 8 halite to move east, but only 0 halite was available
At command 3 of 7:
    1   m 0 s
    2   m 8 o
>>> 3   m 10 e
    4   m 2 o
    5   m 5 w


Turn 50
================================================================
warning: entity 11 was directed to use 3 halite to move east, but only 0 halite was available
At command 8 of 8:
    6   m 5 e
    7   m 4 e
>>> 8   m 11 e


Turn 61
================================================================
warning: entity 4 was directed to use 2 halite to move west, but only 0 halite was available
At command 9 of 10:
    7   m 11 o
    8   m 8 w
>>> 9   m 4 w
    10   g


Turn 63
================================================================
warning: entity 4 was directed to use 9 halite to move west, but only 6 halite was available
At command 7 of 10:
    5   m 0 o
    6   m 2 s
>>> 7   m 4 w
    8   m 12 o
    9   m 8 w


Turn 68
================================================================
warning: entity 8 was directed to use 4 halite to move west, but only 0 halite was available
At command 10 of 11:
    8   m 2 e
    9   m 10 w
>>> 10   m 8 w
    11   g


Turn 70
================================================================
warning: entity 15 was directed to use 1 halite to move east, but only 0 halite was available
At command 7 of 11:
    5   m 11 o
    6   m 14 o
>>> 7   m 15 e
    8   m 5 o
    9   m 8 w

warning: entity 8 was directed to use 11 halite to move west, but only 9 halite was available
At command 9 of 11:
    7   m 15 e
    8   m 5 o
>>> 9   m 8 w
    10   m 2 o
    11   m 10 o


Turn 78
================================================================
warning: entity 0 was directed to use 1 halite to move west, but only 0 halite was available
At command 10 of 12:
    8   m 4 o
    9   m 8 w
>>> 10   m 0 w
    11   m 12 o
    12   g


Turn 80
================================================================
warning: entity 18 was directed to use 2 halite to move south, but only 0 halite was available
At command 12 of 12:
    10   m 0 o
    11   m 2 o
>>> 12   m 18 s


Turn 82
================================================================
warning: entity 10 was directed to use 2 halite to move south, but only 0 halite was available
At command 11 of 13:
    9   m 4 o
    10   m 12 o
>>> 11   m 10 s
    12   m 18 o
    13   g


Turn 84
================================================================
warning: entity 19 was directed to use 1 halite to move east, but only 0 halite was available
At command 13 of 13:
    11   m 10 w
    12   m 18 o
>>> 13   m 19 e


Turn 89
================================================================
warning: entity 6 was directed to use 1 halite to move south, but only 0 halite was available
At command 12 of 14:
    10   m 8 o
    11   m 2 o
>>> 12   m 6 s
    13   m 11 w
    14   g


Turn 99
================================================================
warning: entity 22 was directed to use 1 halite to move south, but only 0 halite was available
At command 15 of 15:
    13   m 10 o
    14   m 5 n
>>> 15   m 22 s


Turn 104
================================================================
warning: entity 8 was directed to use 1 halite to move north, but only 0 halite was available
At command 11 of 16:
    9   m 11 n
    10   m 14 s
>>> 11   m 8 n
    12   m 15 o
    13   m 10 o


Turn 106
================================================================
warning: entity 24 was directed to use 2 halite to move west, but only 0 halite was available
At command 7 of 16:
    5   m 18 o
    6   m 14 o
>>> 7   m 24 w
    8   m 19 o
    9   m 22 o


Turn 109
================================================================
warning: entity 26 was directed to use 1 halite to move south, but only 0 halite was available
At command 15 of 17:
    13   m 19 o
    14   m 12 o
>>> 15   m 26 s
    16   m 5 n
    17   m 4 s


Turn 112
================================================================
warning: entity 26 was directed to use 5 halite to move west, but only 2 halite was available
At command 15 of 17:
    13   m 18 o
    14   m 0 n
>>> 15   m 26 w
    16   m 15 n
    17   m 4 e


Turn 114
================================================================
warning: entity 10 was directed to use 1 halite to move south, but only 0 halite was available
At command 16 of 18:
    14   m 26 o
    15   m 24 o
>>> 16   m 10 s
    17   m 4 w
    18   g


Turn 117
================================================================
warning: entity 27 was directed to use 1 halite to move north, but only 0 halite was available
At command 17 of 18:
    15   m 11 o
    16   m 18 o
>>> 17   m 27 n
    18   m 14 n


Turn 119
================================================================
warning: entity 14 was directed to use 1 halite to move north, but only 0 halite was available
At command 9 of 18:
    7   m 6 w
    8   m 2 o
>>> 9   m 14 n
    10   m 0 o
    11   m 20 o


Turn 121
================================================================
warning: entity 14 was directed to use 4 halite to move west, but only 3 halite was available
At command 12 of 19:
    10   m 2 o
    11   m 22 o
>>> 12   m 14 w
    13   m 0 o
    14   m 19 o


Turn 123
================================================================
warning: entity 11 was directed to use 3 halite to move east, but only 2 halite was available
At command 15 of 20:
    13   m 20 o
    14   m 2 o
>>> 15   m 11 e
    16   m 0 o
    17   m 15 w


Turn 128
================================================================
warning: entity 18 was directed to use 1 halite to move north, but only 0 halite was available
At command 17 of 21:
    15   m 15 n
    16   m 11 o
>>> 17   m 18 n
    18   m 19 w
    19   m 12 o


Turn 132
================================================================
warning: entity 31 was directed to use 2 halite to move east, but only 1 halite was available
At command 20 of 21:
    18   m 11 o
    19   m 4 o
>>> 20   m 31 e
    21   m 10 o


Turn 142
================================================================
warning: entity 35 was directed to use 1 halite to move west, but only 0 halite was available
At command 22 of 23:
    20   m 19 s
    21   m 6 e
>>> 22   m 35 w
    23   m 15 w


Turn 155
================================================================
warning: entity 39 was directed to use 2 halite to move east, but only 0 halite was available
At command 23 of 25:
    21   m 10 o
    22   m 35 o
>>> 23   m 39 e
    24   m 8 o
    25   m 6 o


Turn 181
================================================================
warning: entity 6 was directed to use 2 halite to move east, but only 0 halite was available
At command 22 of 29:
    20   m 11 o
    21   m 8 e
>>> 22   m 6 e
    23   m 5 e
    24   m 10 o


Turn 276
================================================================
warning: entity 46 was directed to use 1 halite to move west, but only 0 halite was available
At command 28 of 40:
    26   m 24 s
    27   m 10 e
>>> 28   m 46 w
    29   m 27 o
    30   m 47 e


Turn 336
================================================================
warning: entity 41 was directed to use 3 halite to move west, but only 0 halite was available
At command 32 of 35:
    30   m 8 o
    31   m 14 o
>>> 32   m 41 w
    33   m 24 n
    34   m 30 w


Turn 338
================================================================
warning: entity 41 was directed to use 9 halite to move west, but only 7 halite was available
At command 23 of 35:
    21   m 8 o
    22   m 12 o
>>> 23   m 41 w
    24   m 29 w
    25   m 11 w


Turn 344
================================================================
warning: entity 62 was directed to use 9 halite to move south, but only 0 halite was available
At command 28 of 34:
    26   m 54 s
    27   m 26 o
>>> 28   m 62 s
    29   m 29 w
    30   m 27 o


Turn 346
================================================================
warning: entity 62 was directed to use 20 halite to move west, but only 17 halite was available
At command 26 of 34:
    24   m 29 n
    25   m 12 o
>>> 26   m 62 w
    27   m 22 o
    28   m 33 o


Turn 354
================================================================
warning: entity 4 was directed to use 7 halite to move south, but only 0 halite was available
At command 33 of 34:
    31   m 54 w
    32   m 41 e
>>> 33   m 4 s
    34   m 0 o


Turn 359
================================================================
warning: entity 54 was directed to use 1 halite to move west, but only 0 halite was available
At command 34 of 34:
    32   m 26 e
    33   m 30 o
>>> 34   m 54 w


Turn 365
================================================================
warning: entity 46 was directed to use 1 halite to move west, but only 0 halite was available
At command 29 of 34:
    27   m 0 e
    28   m 55 o
>>> 29   m 46 w
    30   m 60 o
    31   m 30 o


Turn 372
================================================================
warning: entity 62 was directed to use 3 halite to move west, but only 0 halite was available
At command 33 of 33:
    31   m 59 o
    32   m 31 e
>>> 33   m 62 w

