
Turn 21
================================================================
warning: entity 0 was directed to use 8 halite to move north, but only 0 halite was available
At command 3 of 3:
    1   m 2 o
    2   m 4 o
>>> 3   m 0 n


Turn 38
================================================================
warning: entity 4 was directed to use 6 halite to move east, but only 0 halite was available
At command 4 of 5:
    2   m 0 o
    3   m 6 o
>>> 4   m 4 e
    5   g


Turn 41
================================================================
warning: entity 7 was directed to use 4 halite to move east, but only 0 halite was available
At command 5 of 5:
    3   m 0 e
    4   m 6 o
>>> 5   m 7 e


Turn 75
================================================================
warning: entity 12 was directed to use 1 halite to move west, but only 0 halite was available
At command 1 of 8:
>>> 1   m 12 w
    2   m 4 s
    3   m 7 o


Turn 90
================================================================
warning: entity 14 was directed to use 1 halite to move north, but only 0 halite was available
At command 9 of 9:
    7   m 6 o
    8   m 9 e
>>> 9   m 14 n


Turn 111
================================================================
warning: entity 12 was directed to use 2 halite to move north, but only 0 halite was available
At command 4 of 11:
    2   m 0 w
    3   m 7 o
>>> 4   m 12 n
    5   m 2 o
    6   m 14 o


Turn 122
================================================================
warning: entity 20 was directed to use 1 halite to move east, but only 0 halite was available
At command 12 of 12:
    10   m 16 o
    11   m 9 w
>>> 12   m 20 e


Turn 127
================================================================
warning: entity 10 was directed to use 1 halite to move east, but only 0 halite was available
At command 11 of 13:
    9   m 9 o
    10   m 0 n
>>> 11   m 10 e
    12   m 7 e
    13   m 21 n


Turn 129
================================================================
warning: entity 21 was directed to use 1 halite to move east, but only 0 halite was available
At command 8 of 13:
    6   m 7 w
    7   m 6 o
>>> 8   m 21 e
    9   m 16 n
    10   m 10 w


Turn 133
================================================================
warning: entity 7 was directed to use 1 halite to move east, but only 0 halite was available
At command 9 of 14:
    7   m 6 s
    8   m 17 o
>>> 9   m 7 e
    10   m 16 o
    11   m 21 o


Turn 135
================================================================
warning: entity 23 was directed to use 1 halite to move north, but only 0 halite was available
At command 14 of 14:
    12   m 0 s
    13   m 14 s
>>> 14   m 23 n


Turn 137
================================================================
warning: entity 23 was directed to use 4 halite to move west, but only 3 halite was available
At command 12 of 14:
    10   m 9 o
    11   m 0 e
>>> 12   m 23 w
    13   m 7 o
    14   m 14 n


Turn 150
================================================================
warning: entity 16 was directed to use 3 halite to move east, but only 0 halite was available
At command 15 of 16:
    13   m 6 o
    14   m 2 o
>>> 15   m 16 e
    16   m 27 e


Turn 158
================================================================
warning: entity 28 was directed to use 1 halite to move north, but only 0 halite was available
At command 15 of 17:
    13   m 6 n
    14   m 2 o
>>> 15   m 28 n
    16   m 9 s
    17   m 12 s


Turn 184
================================================================
warning: entity 4 was directed to use 1 halite to move west, but only 0 halite was available
At command 19 of 20:
    17   m 23 e
    18   m 10 s
>>> 19   m 4 w
    20   m 14 s


Turn 280
================================================================
error: failed to decode bot message: "T" (at position 1)
Last input received was:
Traceback (most recent call last):
  File "MyBot.py", line 50, in <module>
    max_halite_position = find_best_move(ship)
  File "MyBot.py", line 21, in find_best_move
    if (not cell.is_occupied) and (cell.position is not ship.position):
AttributeError: 'NoneType' object has no attribute 'is_occupied'

