
Turn 3
================================================================
warning: entity 1 was directed to use 5 halite to move east, but only 0 halite was available
At command 1 of 2:
>>> 1   m 1 e
    2   g


Turn 5
================================================================
warning: entity 3 was directed to use 1 halite to move south, but only 0 halite was available
At command 2 of 2:
    1   m 1 w
>>> 2   m 3 s


Turn 7
================================================================
warning: entity 1 was directed to use 2 halite to move east, but only 0 halite was available
At command 1 of 3:
>>> 1   m 1 e
    2   m 3 e
    3   m 4 e


Turn 8
================================================================
warning: entity 3 was directed to use 3 halite to move east, but only 1 halite was available
At command 2 of 4:
    1   m 1 s
>>> 2   m 3 e
    3   m 4 s
    4   g

warning: entity 4 was directed to use 3 halite to move south, but only 0 halite was available
At command 3 of 4:
    1   m 1 s
    2   m 3 e
>>> 3   m 4 s
    4   g


Turn 11
================================================================
warning: entity 6 was directed to use 1 halite to move west, but only 0 halite was available
At command 4 of 5:
    2   m 4 o
    3   m 3 e
>>> 4   m 6 w
    5   m 8 n

warning: owned entities 1, 6 collided on cell (21, 16) as the result of moves on this turn
At command 1 of 5:
>>> 1   m 1 w
    2   m 4 o
    3   m 3 e


Turn 12
================================================================
warning: entity 8 was directed to use 1 halite to move north, but only 0 halite was available
At command 2 of 3:
    1   m 4 o
>>> 2   m 8 n
    3   m 3 w


Turn 15
================================================================
warning: entity 8 was directed to use 5 halite to move east, but only 2 halite was available
At command 3 of 3:
    1   m 3 s
    2   m 4 s
>>> 3   m 8 e


Turn 22
================================================================
warning: entity 8 was directed to use 2 halite to move north, but only 1 halite was available
At command 3 of 3:
    1   m 3 o
    2   m 4 e
>>> 3   m 8 n


Turn 36
================================================================
warning: entity 8 was directed to use 8 halite to move west, but only 1 halite was available
At command 2 of 3:
    1   m 4 o
>>> 2   m 8 w
    3   m 3 e


Turn 47
================================================================
warning: entity 8 was directed to use 8 halite to move east, but only 1 halite was available
At command 3 of 3:
    1   m 3 o
    2   m 4 e
>>> 3   m 8 e


Turn 54
================================================================
warning: entity 8 was directed to use 8 halite to move north, but only 3 halite was available
At command 2 of 3:
    1   m 4 o
>>> 2   m 8 n
    3   m 3 o


Turn 66
================================================================
warning: entity 8 was directed to use 2 halite to move east, but only 1 halite was available
At command 2 of 3:
    1   m 3 n
>>> 2   m 8 e
    3   m 4 w


Turn 69
================================================================
warning: entity 8 was directed to use 2 halite to move south, but only 0 halite was available
At command 2 of 3:
    1   m 4 e
>>> 2   m 8 s
    3   m 3 w


Turn 72
================================================================
warning: entity 8 was directed to use 1 halite to move east, but only 0 halite was available
At command 3 of 3:
    1   m 4 n
    2   m 3 s
>>> 3   m 8 e


Turn 75
================================================================
warning: entity 8 was directed to use 5 halite to move west, but only 2 halite was available
At command 3 of 3:
    1   m 4 e
    2   m 3 e
>>> 3   m 8 w


Turn 79
================================================================
warning: entity 8 was directed to use 8 halite to move north, but only 5 halite was available
At command 3 of 3:
    1   m 4 w
    2   m 3 e
>>> 3   m 8 n


Turn 85
================================================================
warning: entity 8 was directed to use 5 halite to move west, but only 3 halite was available
At command 2 of 3:
    1   m 3 o
>>> 2   m 8 w
    3   m 4 e


Turn 93
================================================================
warning: entity 8 was directed to use 4 halite to move south, but only 2 halite was available
At command 1 of 3:
>>> 1   m 8 s
    2   m 3 n
    3   m 4 n


Turn 95
================================================================
warning: entity 4 was directed to use 1 halite to move west, but only 0 halite was available
At command 3 of 3:
    1   m 8 s
    2   m 3 e
>>> 3   m 4 w


Turn 98
================================================================
warning: entity 4 was directed to use 3 halite to move west, but only 2 halite was available
At command 1 of 3:
>>> 1   m 4 w
    2   m 8 w
    3   m 3 n


Turn 101
================================================================
warning: entity 8 was directed to use 4 halite to move east, but only 0 halite was available
At command 2 of 3:
    1   m 4 w
>>> 2   m 8 e
    3   m 3 s


Turn 102
================================================================
warning: entity 4 was directed to use 4 halite to move east, but only 0 halite was available
At command 2 of 3:
    1   m 8 e
>>> 2   m 4 e
    3   m 3 o


Turn 105
================================================================
warning: entity 4 was directed to use 9 halite to move north, but only 4 halite was available
At command 1 of 3:
>>> 1   m 4 n
    2   m 3 e
    3   m 8 w

warning: entity 8 was directed to use 3 halite to move west, but only 1 halite was available
At command 3 of 3:
    1   m 4 n
    2   m 3 e
>>> 3   m 8 w


Turn 108
================================================================
warning: entity 8 was directed to use 7 halite to move south, but only 3 halite was available
At command 3 of 3:
    1   m 4 s
    2   m 3 e
>>> 3   m 8 s


Turn 115
================================================================
warning: entity 4 was directed to use 9 halite to move west, but only 4 halite was available
At command 3 of 3:
    1   m 8 n
    2   m 3 s
>>> 3   m 4 w


Turn 116
================================================================
warning: entity 8 was directed to use 5 halite to move east, but only 4 halite was available
At command 2 of 3:
    1   m 4 e
>>> 2   m 8 e
    3   m 3 s


Turn 120
================================================================
warning: entity 4 was directed to use 6 halite to move east, but only 4 halite was available
At command 3 of 3:
    1   m 8 s
    2   m 3 o
>>> 3   m 4 e


Turn 121
================================================================
warning: entity 8 was directed to use 5 halite to move north, but only 1 halite was available
At command 3 of 3:
    1   m 3 o
    2   m 4 n
>>> 3   m 8 n


Turn 125
================================================================
warning: entity 4 was directed to use 2 halite to move east, but only 1 halite was available
At command 3 of 3:
    1   m 8 s
    2   m 3 s
>>> 3   m 4 e


Turn 127
================================================================
warning: entity 4 was directed to use 9 halite to move north, but only 7 halite was available
At command 1 of 3:
>>> 1   m 4 n
    2   m 8 s
    3   m 3 o


Turn 143
================================================================
warning: entity 8 was directed to use 3 halite to move west, but only 1 halite was available
At command 2 of 3:
    1   m 3 s
>>> 2   m 8 w
    3   m 4 e


Turn 148
================================================================
warning: entity 8 was directed to use 3 halite to move west, but only 1 halite was available
At command 2 of 3:
    1   m 3 e
>>> 2   m 8 w
    3   m 4 n


Turn 151
================================================================
warning: entity 8 was directed to use 5 halite to move south, but only 0 halite was available
At command 1 of 3:
>>> 1   m 8 s
    2   m 3 s
    3   m 4 w


Turn 156
================================================================
warning: entity 8 was directed to use 5 halite to move west, but only 1 halite was available
At command 1 of 3:
>>> 1   m 8 w
    2   m 3 w
    3   m 4 w


Turn 168
================================================================
warning: entity 4 was directed to use 3 halite to move west, but only 0 halite was available
At command 3 of 3:
    1   m 8 s
    2   m 3 n
>>> 3   m 4 w


Turn 173
================================================================
warning: entity 4 was directed to use 3 halite to move south, but only 0 halite was available
At command 2 of 3:
    1   m 3 e
>>> 2   m 4 s
    3   m 8 n


Turn 175
================================================================
warning: entity 4 was directed to use 9 halite to move west, but only 8 halite was available
At command 1 of 3:
>>> 1   m 4 w
    2   m 3 n
    3   m 8 e


Turn 258
================================================================
warning: entity 4 was directed to use 2 halite to move north, but only 0 halite was available
At command 2 of 3:
    1   m 8 s
>>> 2   m 4 n
    3   m 3 e


Turn 263
================================================================
warning: entity 4 was directed to use 1 halite to move west, but only 0 halite was available
At command 2 of 3:
    1   m 8 e
>>> 2   m 4 w
    3   m 3 e


Turn 268
================================================================
warning: entity 4 was directed to use 3 halite to move west, but only 1 halite was available
At command 2 of 3:
    1   m 3 w
>>> 2   m 4 w
    3   m 8 w


Turn 272
================================================================
warning: entity 4 was directed to use 5 halite to move west, but only 2 halite was available
At command 3 of 3:
    1   m 3 e
    2   m 8 n
>>> 3   m 4 w


Turn 278
================================================================
warning: entity 4 was directed to use 3 halite to move west, but only 1 halite was available
At command 2 of 3:
    1   m 3 w
>>> 2   m 4 w
    3   m 8 w


Turn 282
================================================================
warning: entity 4 was directed to use 3 halite to move north, but only 2 halite was available
At command 2 of 3:
    1   m 8 e
>>> 2   m 4 n
    3   m 3 n


Turn 288
================================================================
warning: entity 4 was directed to use 1 halite to move south, but only 0 halite was available
At command 2 of 3:
    1   m 3 o
>>> 2   m 4 s
    3   m 8 n

warning: entity 8 was directed to use 8 halite to move north, but only 0 halite was available
At command 3 of 3:
    1   m 3 o
    2   m 4 s
>>> 3   m 8 n


Turn 291
================================================================
warning: entity 4 was directed to use 6 halite to move east, but only 0 halite was available
At command 3 of 3:
    1   m 8 w
    2   m 3 e
>>> 3   m 4 e


Turn 292
================================================================
warning: entity 8 was directed to use 7 halite to move west, but only 2 halite was available
At command 3 of 3:
    1   m 4 s
    2   m 3 s
>>> 3   m 8 w


Turn 295
================================================================
warning: entity 4 was directed to use 9 halite to move south, but only 2 halite was available
At command 2 of 3:
    1   m 8 s
>>> 2   m 4 s
    3   m 3 w


Turn 296
================================================================
warning: entity 8 was directed to use 9 halite to move north, but only 2 halite was available
At command 2 of 3:
    1   m 4 s
>>> 2   m 8 n
    3   m 3 n


Turn 300
================================================================
warning: entity 8 was directed to use 9 halite to move east, but only 4 halite was available
At command 1 of 3:
>>> 1   m 8 e
    2   m 3 n
    3   m 4 s


Turn 303
================================================================
warning: entity 4 was directed to use 2 halite to move north, but only 1 halite was available
At command 3 of 3:
    1   m 8 n
    2   m 3 n
>>> 3   m 4 n


Turn 307
================================================================
warning: entity 4 was directed to use 2 halite to move north, but only 1 halite was available
At command 1 of 3:
>>> 1   m 4 n
    2   m 8 w
    3   m 3 w


Turn 309
================================================================
warning: entity 4 was directed to use 7 halite to move west, but only 6 halite was available
At command 2 of 3:
    1   m 8 w
>>> 2   m 4 w
    3   m 3 w


Turn 318
================================================================
warning: entity 8 was directed to use 7 halite to move north, but only 4 halite was available
At command 1 of 3:
>>> 1   m 8 n
    2   m 4 e
    3   m 3 s


Turn 321
================================================================
warning: entity 4 was directed to use 1 halite to move west, but only 0 halite was available
At command 3 of 3:
    1   m 8 o
    2   m 3 w
>>> 3   m 4 w


Turn 323
================================================================
warning: entity 4 was directed to use 5 halite to move south, but only 4 halite was available
At command 2 of 3:
    1   m 8 o
>>> 2   m 4 s
    3   m 3 n


Turn 333
================================================================
warning: entity 4 was directed to use 1 halite to move east, but only 0 halite was available
At command 2 of 3:
    1   m 8 o
>>> 2   m 4 e
    3   m 3 o


Turn 338
================================================================
warning: entity 4 was directed to use 3 halite to move north, but only 0 halite was available
At command 3 of 3:
    1   m 8 w
    2   m 3 e
>>> 3   m 4 n


Turn 344
================================================================
warning: entity 4 was directed to use 7 halite to move south, but only 3 halite was available
At command 3 of 3:
    1   m 8 e
    2   m 3 s
>>> 3   m 4 s


Turn 353
================================================================
warning: entity 4 was directed to use 6 halite to move west, but only 0 halite was available
At command 2 of 3:
    1   m 8 w
>>> 2   m 4 w
    3   m 3 s


Turn 363
================================================================
warning: entity 4 was directed to use 2 halite to move west, but only 0 halite was available
At command 3 of 3:
    1   m 3 w
    2   m 8 n
>>> 3   m 4 w


Turn 367
================================================================
warning: entity 4 was directed to use 9 halite to move north, but only 1 halite was available
At command 2 of 3:
    1   m 3 e
>>> 2   m 4 n
    3   m 8 o


Turn 375
================================================================
warning: entity 4 was directed to use 5 halite to move west, but only 1 halite was available
At command 3 of 3:
    1   m 3 o
    2   m 8 e
>>> 3   m 4 w

