
Turn 6
================================================================
warning: entity 2 was directed to use 4 halite to move north, but only 0 halite was available
At command 2 of 3:
    1   m 1 o
>>> 2   m 2 n
    3   g


Turn 50
================================================================
warning: entity 7 was directed to use 3 halite to move north, but only 0 halite was available
At command 6 of 6:
    4   m 4 o
    5   m 2 o
>>> 6   m 7 n


Turn 59
================================================================
warning: entity 5 was directed to use 1 halite to move west, but only 0 halite was available
At command 6 of 7:
    4   m 4 o
    5   m 6 w
>>> 6   m 5 w
    7   g


Turn 61
================================================================
warning: entity 8 was directed to use 2 halite to move west, but only 0 halite was available
At command 7 of 7:
    5   m 5 n
    6   m 6 w
>>> 7   m 8 w


Turn 66
================================================================
warning: entity 6 was directed to use 2 halite to move east, but only 0 halite was available
At command 8 of 8:
    6   m 9 n
    7   m 1 o
>>> 8   m 6 e


Turn 83
================================================================
warning: entity 10 was directed to use 1 halite to move east, but only 0 halite was available
At command 8 of 9:
    6   m 6 o
    7   m 2 o
>>> 8   m 10 e
    9   m 4 e


Turn 85
================================================================
warning: entity 10 was directed to use 4 halite to move east, but only 3 halite was available
At command 6 of 9:
    4   m 5 o
    5   m 7 e
>>> 6   m 10 e
    7   m 2 o
    8   m 1 w


Turn 88
================================================================
warning: entity 4 was directed to use 1 halite to move west, but only 0 halite was available
At command 7 of 9:
    5   m 10 o
    6   m 9 o
>>> 7   m 4 w
    8   m 1 w
    9   m 7 e


Turn 95
================================================================
warning: entity 7 was directed to use 1 halite to move east, but only 0 halite was available
At command 9 of 10:
    7   m 6 o
    8   m 1 e
>>> 9   m 7 e
    10   m 11 n


Turn 102
================================================================
warning: entity 1 was directed to use 1 halite to move west, but only 0 halite was available
At command 7 of 11:
    5   m 4 o
    6   m 5 o
>>> 7   m 1 w
    8   m 2 o
    9   m 7 o


Turn 131
================================================================
warning: entity 10 was directed to use 1 halite to move west, but only 0 halite was available
At command 13 of 14:
    11   m 4 o
    12   m 14 o
>>> 13   m 10 w
    14   g


Turn 144
================================================================
warning: entity 16 was directed to use 1 halite to move east, but only 0 halite was available
At command 15 of 15:
    13   m 1 w
    14   m 2 e
>>> 15   m 16 e


Turn 168
================================================================
warning: entity 13 was directed to use 1 halite to move east, but only 0 halite was available
At command 17 of 17:
    15   m 9 w
    16   m 1 s
>>> 17   m 13 e

