
Turn 8
================================================================
warning: entity 4 was directed to use 4 halite to move west, but only 0 halite was available
At command 3 of 4:
    1   m 1 e
    2   m 2 o
>>> 3   m 4 w
    4   g


Turn 40
================================================================
warning: entity 2 was directed to use 2 halite to move east, but only 0 halite was available
At command 5 of 5:
    3   m 1 w
    4   m 4 w
>>> 5   m 2 e


Turn 47
================================================================
warning: entity 10 was directed to use 2 halite to move west, but only 0 halite was available
At command 4 of 6:
    2   m 6 n
    3   m 2 o
>>> 4   m 10 w
    5   m 1 w
    6   m 4 s


Turn 52
================================================================
warning: entity 4 was directed to use 3 halite to move west, but only 0 halite was available
At command 6 of 7:
    4   m 8 s
    5   m 6 o
>>> 6   m 4 w
    7   g


Turn 57
================================================================
warning: entity 11 was directed to use 5 halite to move west, but only 1 halite was available
At command 7 of 7:
    5   m 8 s
    6   m 4 o
>>> 7   m 11 w


Turn 91
================================================================
warning: entity 1 was directed to use 1 halite to move north, but only 0 halite was available
At command 9 of 10:
    7   m 4 o
    8   m 10 o
>>> 9   m 1 n
    10   m 14 n

