
Turn 9
================================================================
warning: entity 4 was directed to use 3 halite to move north, but only 0 halite was available
At command 3 of 4:
    1   m 3 s
    2   m 1 o
>>> 3   m 4 n
    4   g


Turn 36
================================================================
warning: entity 4 was directed to use 4 halite to move south, but only 0 halite was available
At command 3 of 5:
    1   m 1 o
    2   m 3 n
>>> 3   m 4 s
    4   m 8 o
    5   m 7 o


Turn 40
================================================================
warning: entity 3 was directed to use 1 halite to move north, but only 0 halite was available
At command 5 of 6:
    3   m 4 w
    4   m 8 s
>>> 5   m 3 n
    6   g


Turn 42
================================================================
warning: entity 9 was directed to use 2 halite to move south, but only 0 halite was available
At command 6 of 6:
    4   m 7 o
    5   m 1 o
>>> 6   m 9 s


Turn 55
================================================================
warning: entity 8 was directed to use 3 halite to move south, but only 0 halite was available
At command 6 of 7:
    4   m 7 s
    5   m 3 w
>>> 6   m 8 s
    7   g


Turn 58
================================================================
warning: entity 10 was directed to use 1 halite to move east, but only 0 halite was available
At command 7 of 7:
    5   m 8 s
    6   m 7 s
>>> 7   m 10 e


Turn 63
================================================================
warning: entity 1 was directed to use 2 halite to move west, but only 0 halite was available
At command 1 of 8:
>>> 1   m 1 w
    2   m 9 n
    3   m 4 e


Turn 65
================================================================
warning: entity 1 was directed to use 7 halite to move west, but only 5 halite was available
At command 1 of 8:
>>> 1   m 1 w
    2   m 9 o
    3   m 8 o

warning: entity 11 was directed to use 2 halite to move east, but only 0 halite was available
At command 4 of 8:
    2   m 9 o
    3   m 8 o
>>> 4   m 11 e
    5   m 3 e
    6   m 10 o


Turn 70
================================================================
warning: entity 7 was directed to use 2 halite to move south, but only 0 halite was available
At command 8 of 9:
    6   m 11 o
    7   m 4 e
>>> 8   m 7 s
    9   g


Turn 86
================================================================
warning: entity 13 was directed to use 3 halite to move east, but only 2 halite was available
At command 10 of 10:
    8   m 9 s
    9   m 8 o
>>> 10   m 13 e


Turn 89
================================================================
warning: entity 9 was directed to use 1 halite to move west, but only 0 halite was available
At command 10 of 11:
    8   m 8 o
    9   m 7 o
>>> 10   m 9 w
    11   g


Turn 92
================================================================
warning: entity 14 was directed to use 1 halite to move west, but only 0 halite was available
At command 11 of 11:
    9   m 3 o
    10   m 1 e
>>> 11   m 14 w


Turn 100
================================================================
warning: entity 1 was directed to use 1 halite to move east, but only 0 halite was available
At command 11 of 12:
    9   m 9 o
    10   m 8 o
>>> 11   m 1 e
    12   g


Turn 107
================================================================
warning: entity 8 was directed to use 1 halite to move west, but only 0 halite was available
At command 8 of 13:
    6   m 4 w
    7   m 7 w
>>> 8   m 8 w
    9   m 13 o
    10   m 9 o


Turn 117
================================================================
warning: entity 7 was directed to use 2 halite to move south, but only 0 halite was available
At command 12 of 13:
    10   m 9 o
    11   m 3 e
>>> 12   m 7 s
    13   m 4 e


Turn 145
================================================================
warning: entity 12 was directed to use 1 halite to move east, but only 0 halite was available
At command 15 of 16:
    13   m 13 w
    14   m 4 o
>>> 15   m 12 e
    16   g


Turn 147
================================================================
warning: entity 20 was directed to use 1 halite to move west, but only 0 halite was available
At command 16 of 16:
    14   m 12 o
    15   m 1 w
>>> 16   m 20 w


Turn 176
================================================================
warning: entity 22 was directed to use 21 halite to move east, but only 8 halite was available
At command 16 of 19:
    14   m 15 o
    15   m 4 o
>>> 16   m 22 e
    17   m 20 o
    18   m 3 o


Turn 211
================================================================
warning: entity 19 was directed to use 2 halite to move west, but only 1 halite was available
At command 13 of 23:
    11   m 13 w
    12   m 27 n
>>> 13   m 19 w
    14   m 16 o
    15   m 15 w


Turn 364
================================================================
warning: entity 9 was directed to use 1 halite to move east, but only 0 halite was available
At command 22 of 23:
    20   m 22 s
    21   m 23 e
>>> 22   m 9 e
    23   m 10 e

