
Turn 3
================================================================
warning: entity 1 was directed to use 5 halite to move north, but only 0 halite was available
At command 1 of 2:
>>> 1   m 1 n
    2   g


Turn 12
================================================================
warning: entity 5 was directed to use 1 halite to move north, but only 0 halite was available
At command 3 of 5:
    1   m 2 o
    2   m 4 o
>>> 3   m 5 n
    4   m 1 o
    5   g


Turn 14
================================================================
warning: entity 7 was directed to use 3 halite to move east, but only 0 halite was available
At command 5 of 5:
    3   m 2 e
    4   m 5 n
>>> 5   m 7 e


Turn 33
================================================================
warning: entity 1 was directed to use 1 halite to move north, but only 0 halite was available
At command 5 of 5:
    3   m 7 o
    4   m 5 o
>>> 5   m 1 n


Turn 46
================================================================
warning: entity 2 was directed to use 2 halite to move east, but only 0 halite was available
At command 5 of 6:
    3   m 4 o
    4   m 7 w
>>> 5   m 2 e
    6   g


Turn 61
================================================================
warning: entity 12 was directed to use 1 halite to move east, but only 0 halite was available
At command 5 of 7:
    3   m 11 o
    4   m 7 n
>>> 5   m 12 e
    6   m 4 s
    7   m 5 s


Turn 125
================================================================
warning: entity 11 was directed to use 1 halite to move west, but only 0 halite was available
At command 9 of 11:
    7   m 4 o
    8   m 5 s
>>> 9   m 11 w
    10   m 7 s
    11   m 12 s


Turn 194
================================================================
warning: entity 38 was directed to use 1 halite to move west, but only 0 halite was available
At command 17 of 17:
    15   m 4 o
    16   m 19 w
>>> 17   m 38 w

