
Turn 13
================================================================
warning: entity 7 was directed to use 7 halite to move east, but only 0 halite was available
At command 4 of 5:
    2   m 3 o
    3   m 5 n
>>> 4   m 7 e
    5   g


Turn 16
================================================================
warning: entity 9 was directed to use 5 halite to move east, but only 0 halite was available
At command 5 of 5:
    3   m 7 e
    4   m 1 w
>>> 5   m 9 e


Turn 37
================================================================
warning: entity 3 was directed to use 10 halite to move east, but only 0 halite was available
At command 5 of 6:
    3   m 7 w
    4   m 5 s
>>> 5   m 3 e
    6   g


Turn 71
================================================================
warning: entity 9 was directed to use 2 halite to move east, but only 0 halite was available
At command 4 of 8:
    2   m 3 o
    3   m 7 o
>>> 4   m 9 e
    5   m 1 n
    6   m 16 o


Turn 109
================================================================
warning: entity 5 was directed to use 1 halite to move east, but only 0 halite was available
At command 9 of 10:
    7   m 16 e
    8   m 1 w
>>> 9   m 5 e
    10   g


Turn 115
================================================================
warning: entity 1 was directed to use 1 halite to move east, but only 0 halite was available
At command 8 of 11:
    6   m 5 o
    7   m 16 e
>>> 8   m 1 e
    9   m 9 s
    10   m 24 o


Turn 117
================================================================
warning: entity 26 was directed to use 2 halite to move west, but only 0 halite was available
At command 11 of 11:
    9   m 1 e
    10   m 9 s
>>> 11   m 26 w


Turn 170
================================================================
warning: entity 1 was directed to use 1 halite to move east, but only 0 halite was available
At command 13 of 14:
    11   m 16 o
    12   m 9 w
>>> 13   m 1 e
    14   g


Turn 172
================================================================
warning: entity 37 was directed to use 1 halite to move south, but only 0 halite was available
At command 12 of 14:
    10   m 9 w
    11   m 26 o
>>> 12   m 37 s
    13   m 16 o
    14   m 1 w


Turn 235
================================================================
warning: entity 39 was directed to use 1 halite to move east, but only 0 halite was available
At command 19 of 19:
    17   m 45 o
    18   m 9 s
>>> 19   m 39 e


Turn 388
================================================================
warning: entity 1 was directed to use 1 halite to move west, but only 0 halite was available
At command 16 of 21:
    14   m 47 n
    15   m 34 n
>>> 16   m 1 w
    17   m 46 w
    18   m 9 n

