
Turn 18
================================================================
warning: entity 1 was directed to use 20 halite to move west, but only 0 halite was available
At command 1 of 5:
>>> 1   m 1 w
    2   m 9 e
    3   m 8 e


Turn 29
================================================================
warning: entity 3 was directed to use 8 halite to move west, but only 0 halite was available
At command 6 of 7:
    4   m 6 s
    5   m 8 o
>>> 6   m 3 w
    7   g


Turn 33
================================================================
warning: entity 9 was directed to use 6 halite to move north, but only 0 halite was available
At command 6 of 8:
    4   m 3 o
    5   m 1 e
>>> 6   m 9 n
    7   m 10 o
    8   g


Turn 37
================================================================
warning: entity 13 was directed to use 12 halite to move west, but only 0 halite was available
At command 6 of 9:
    4   m 11 o
    5   m 8 o
>>> 6   m 13 w
    7   m 1 e
    8   m 12 o


Turn 43
================================================================
warning: entity 1 was directed to use 4 halite to move north, but only 0 halite was available
At command 7 of 10:
    5   m 9 o
    6   m 13 o
>>> 7   m 1 n
    8   m 11 o
    9   m 3 o


Turn 45
================================================================
warning: entity 14 was directed to use 7 halite to move west, but only 0 halite was available
At command 10 of 10:
    8   m 12 o
    9   m 1 o
>>> 10   m 14 w


Turn 50
================================================================
warning: entity 6 was directed to use 7 halite to move east, but only 0 halite was available
At command 10 of 10:
    8   m 1 o
    9   m 10 e
>>> 10   m 6 e


Turn 54
================================================================
warning: entity 10 was directed to use 9 halite to move west, but only 0 halite was available
At command 10 of 11:
    8   m 8 w
    9   m 14 o
>>> 10   m 10 w
    11   g


Turn 61
================================================================
warning: entity 8 was directed to use 2 halite to move east, but only 0 halite was available
At command 9 of 12:
    7   m 13 o
    8   m 14 o
>>> 9   m 8 e
    10   m 10 o
    11   m 15 o


Turn 63
================================================================
warning: entity 16 was directed to use 4 halite to move east, but only 0 halite was available
At command 12 of 13:
    10   m 6 o
    11   m 8 o
>>> 12   m 16 e
    13   g


Turn 75
================================================================
warning: entity 19 was directed to use 1 halite to move east, but only 0 halite was available
At command 15 of 15:
    13   m 14 w
    14   m 12 o
>>> 15   m 19 e


Turn 81
================================================================
warning: entity 9 was directed to use 2 halite to move west, but only 0 halite was available
At command 15 of 16:
    13   m 17 o
    14   m 10 o
>>> 15   m 9 w
    16   g


Turn 83
================================================================
warning: entity 20 was directed to use 1 halite to move north, but only 0 halite was available
At command 16 of 17:
    14   m 19 o
    15   m 9 w
>>> 16   m 20 n
    17   g


Turn 90
================================================================
warning: entity 6 was directed to use 1 halite to move north, but only 0 halite was available
At command 16 of 18:
    14   m 11 e
    15   m 14 n
>>> 16   m 6 n
    17   m 21 o
    18   g


Turn 100
================================================================
warning: entity 14 was directed to use 2 halite to move east, but only 0 halite was available
At command 17 of 19:
    15   m 15 o
    16   m 17 w
>>> 17   m 14 e
    18   m 11 s
    19   m 23 n


Turn 105
================================================================
warning: entity 17 was directed to use 1 halite to move east, but only 0 halite was available
At command 19 of 20:
    17   m 1 s
    18   m 11 w
>>> 19   m 17 e
    20   g


Turn 107
================================================================
warning: entity 24 was directed to use 1 halite to move south, but only 0 halite was available
At command 20 of 20:
    18   m 1 s
    19   m 11 w
>>> 20   m 24 s


Turn 110
================================================================
warning: entity 24 was directed to use 6 halite to move west, but only 1 halite was available
At command 19 of 20:
    17   m 18 o
    18   m 1 w
>>> 19   m 24 w
    20   m 8 n


Turn 112
================================================================
warning: entity 8 was directed to use 1 halite to move west, but only 0 halite was available
At command 19 of 20:
    17   m 3 o
    18   m 12 o
>>> 19   m 8 w
    20   m 24 o


Turn 135
================================================================
warning: entity 3 was directed to use 3 halite to move east, but only 1 halite was available
At command 23 of 25:
    21   m 10 w
    22   m 13 n
>>> 23   m 3 e
    24   m 21 e
    25   g


Turn 164
================================================================
warning: entity 14 was directed to use 1 halite to move east, but only 0 halite was available
At command 29 of 29:
    27   m 6 s
    28   m 9 n
>>> 29   m 14 e

