
Turn 3
================================================================
warning: entity 0 was directed to use 4 halite to move west, but only 0 halite was available
At command 1 of 2:
>>> 1   m 0 w
    2   g


Turn 5
================================================================
warning: entity 2 was directed to use 3 halite to move west, but only 0 halite was available
At command 2 of 3:
    1   m 0 w
>>> 2   m 2 w
    3   g


Turn 6
================================================================
warning: entity 0 was directed to use 17 halite to move west, but only 3 halite was available
At command 2 of 3:
    1   m 2 w
>>> 2   m 0 w
    3   m 4 w


Turn 7
================================================================
warning: entity 4 was directed to use 2 halite to move west, but only 0 halite was available
At command 3 of 4:
    1   m 0 w
    2   m 2 w
>>> 3   m 4 w
    4   g


Turn 8
================================================================
warning: entity 0 was directed to use 41 halite to move west, but only 34 halite was available
At command 2 of 4:
    1   m 4 w
>>> 2   m 0 w
    3   m 2 w
    4   m 6 w

warning: entity 2 was directed to use 13 halite to move west, but only 1 halite was available
At command 3 of 4:
    1   m 4 w
    2   m 0 w
>>> 3   m 2 w
    4   m 6 w


Turn 9
================================================================
warning: entity 6 was directed to use 1 halite to move west, but only 0 halite was available
At command 4 of 5:
    2   m 2 w
    3   m 4 w
>>> 4   m 6 w
    5   g


Turn 10
================================================================
warning: entity 2 was directed to use 30 halite to move west, but only 25 halite was available
At command 3 of 5:
    1   m 6 w
    2   m 0 w
>>> 3   m 2 w
    4   m 4 w
    5   m 7 w

warning: entity 4 was directed to use 9 halite to move west, but only 0 halite was available
At command 4 of 5:
    2   m 0 w
    3   m 2 w
>>> 4   m 4 w
    5   m 7 w


Turn 11
================================================================
warning: entity 6 was directed to use 5 halite to move west, but only 3 halite was available
At command 3 of 5:
    1   m 2 w
    2   m 4 w
>>> 3   m 6 w
    4   m 0 w
    5   m 7 w

warning: entity 7 was directed to use 1 halite to move west, but only 0 halite was available
At command 5 of 5:
    3   m 6 w
    4   m 0 w
>>> 5   m 7 w


Turn 12
================================================================
warning: entity 4 was directed to use 23 halite to move west, but only 18 halite was available
At command 4 of 5:
    2   m 7 w
    3   m 2 w
>>> 4   m 4 w
    5   m 0 w

warning: entity 0 was directed to use 72 halite to move west, but only 37 halite was available
At command 5 of 5:
    3   m 2 w
    4   m 4 w
>>> 5   m 0 w


Turn 14
================================================================
warning: entity 6 was directed to use 17 halite to move west, but only 7 halite was available
At command 3 of 5:
    1   m 4 w
    2   m 0 o
>>> 3   m 6 w
    4   m 7 w
    5   m 2 o

warning: entity 7 was directed to use 7 halite to move west, but only 0 halite was available
At command 4 of 5:
    2   m 0 o
    3   m 6 w
>>> 4   m 7 w
    5   m 2 o

