
Turn 12
================================================================
warning: entity 4 was directed to use 9 halite to move south, but only 0 halite was available
At command 4 of 5:
    2   m 3 o
    3   m 2 n
>>> 4   m 4 s
    5   g


Turn 14
================================================================
warning: entity 5 was directed to use 4 halite to move east, but only 0 halite was available
At command 5 of 5:
    3   m 3 o
    4   m 4 o
>>> 5   m 5 e


Turn 44
================================================================
warning: entity 6 was directed to use 5 halite to move south, but only 0 halite was available
At command 6 of 6:
    4   m 3 o
    5   m 2 w
>>> 6   m 6 s


Turn 50
================================================================
warning: entity 7 was directed to use 5 halite to move east, but only 0 halite was available
At command 7 of 7:
    5   m 1 o
    6   m 5 w
>>> 7   m 7 e


Turn 58
================================================================
warning: entity 8 was directed to use 1 halite to move east, but only 0 halite was available
At command 7 of 8:
    5   m 6 o
    6   m 5 o
>>> 7   m 8 e
    8   m 7 o


Turn 65
================================================================
warning: entity 3 was directed to use 2 halite to move south, but only 0 halite was available
At command 8 of 9:
    6   m 4 o
    7   m 5 w
>>> 8   m 3 s
    9   g


Turn 78
================================================================
warning: entity 4 was directed to use 1 halite to move north, but only 0 halite was available
At command 9 of 9:
    7   m 1 w
    8   m 2 w
>>> 9   m 4 n


Turn 85
================================================================
warning: entity 1 was directed to use 1 halite to move east, but only 0 halite was available
At command 9 of 10:
    7   m 3 o
    8   m 8 s
>>> 9   m 1 e
    10   g


Turn 101
================================================================
warning: entity 6 was directed to use 1 halite to move south, but only 0 halite was available
At command 11 of 12:
    9   m 1 n
    10   m 11 o
>>> 11   m 6 s
    12   g


Turn 103
================================================================
warning: entity 12 was directed to use 1 halite to move north, but only 0 halite was available
At command 11 of 12:
    9   m 2 n
    10   m 11 o
>>> 11   m 12 n
    12   m 6 o


Turn 108
================================================================
warning: entity 7 was directed to use 1 halite to move south, but only 0 halite was available
At command 8 of 12:
    6   m 6 s
    7   m 2 o
>>> 8   m 7 s
    9   m 1 o
    10   m 10 o


Turn 164
================================================================
warning: entity 18 was directed to use 1 halite to move east, but only 0 halite was available
At command 18 of 18:
    16   m 6 o
    17   m 14 o
>>> 18   m 18 e

