
Turn 7
================================================================
warning: entity 3 was directed to use 2 halite to move east, but only 0 halite was available
At command 2 of 3:
    1   m 1 o
>>> 2   m 3 e
    3   g


Turn 9
================================================================
warning: entity 5 was directed to use 4 halite to move south, but only 0 halite was available
At command 3 of 4:
    1   m 1 w
    2   m 3 o
>>> 3   m 5 s
    4   g


Turn 11
================================================================
warning: entity 6 was directed to use 2 halite to move north, but only 0 halite was available
At command 4 of 5:
    2   m 1 o
    3   m 5 o
>>> 4   m 6 n
    5   g


Turn 13
================================================================
warning: entity 6 was directed to use 6 halite to move north, but only 5 halite was available
At command 4 of 5:
    2   m 5 o
    3   m 3 o
>>> 4   m 6 n
    5   m 8 o


Turn 34
================================================================
warning: entity 1 was directed to use 1 halite to move north, but only 0 halite was available
At command 5 of 5:
    3   m 6 s
    4   m 8 o
>>> 5   m 1 n


Turn 48
================================================================
warning: entity 10 was directed to use 2 halite to move west, but only 0 halite was available
At command 6 of 6:
    4   m 3 w
    5   m 8 w
>>> 6   m 10 w


Turn 53
================================================================
warning: entity 11 was directed to use 1 halite to move south, but only 0 halite was available
At command 3 of 7:
    1   m 5 w
    2   m 6 o
>>> 3   m 11 s
    4   m 3 o
    5   m 10 w


Turn 58
================================================================
warning: entity 8 was directed to use 1 halite to move east, but only 0 halite was available
At command 7 of 8:
    5   m 6 o
    6   m 5 o
>>> 7   m 8 e
    8   g


Turn 84
================================================================
warning: entity 10 was directed to use 1 halite to move west, but only 0 halite was available
At command 9 of 10:
    7   m 11 o
    8   m 1 o
>>> 9   m 10 w
    10   g


Turn 87
================================================================
warning: entity 14 was directed to use 1 halite to move south, but only 0 halite was available
At command 10 of 10:
    8   m 8 o
    9   m 1 o
>>> 10   m 14 s


Turn 96
================================================================
warning: entity 3 was directed to use 2 halite to move west, but only 0 halite was available
At command 10 of 11:
    8   m 12 o
    9   m 6 o
>>> 10   m 3 w
    11   m 15 w


Turn 98
================================================================
warning: entity 15 was directed to use 2 halite to move south, but only 0 halite was available
At command 11 of 11:
    9   m 3 o
    10   m 8 s
>>> 11   m 15 s


Turn 103
================================================================
warning: entity 16 was directed to use 3 halite to move west, but only 0 halite was available
At command 12 of 12:
    10   m 13 w
    11   m 6 s
>>> 12   m 16 w


Turn 113
================================================================
warning: entity 6 was directed to use 1 halite to move east, but only 0 halite was available
At command 8 of 13:
    6   m 8 o
    7   m 17 n
>>> 8   m 6 e
    9   m 15 o
    10   m 14 o


Turn 118
================================================================
warning: entity 13 was directed to use 1 halite to move east, but only 0 halite was available
At command 8 of 14:
    6   m 8 o
    7   m 15 o
>>> 8   m 13 e
    9   m 5 o
    10   m 1 o


Turn 120
================================================================
warning: entity 18 was directed to use 1 halite to move west, but only 0 halite was available
At command 12 of 14:
    10   m 6 o
    11   m 10 e
>>> 12   m 18 w
    13   m 11 e
    14   m 3 o


Turn 132
================================================================
warning: entity 1 was directed to use 2 halite to move west, but only 0 halite was available
At command 12 of 16:
    10   m 13 o
    11   m 6 o
>>> 12   m 1 w
    13   m 20 w
    14   m 5 w


Turn 140
================================================================
warning: entity 10 was directed to use 2 halite to move north, but only 1 halite was available
At command 15 of 17:
    13   m 16 o
    14   m 6 o
>>> 15   m 10 n
    16   m 21 e
    17   m 14 e

warning: entity 21 was directed to use 1 halite to move east, but only 0 halite was available
At command 16 of 17:
    14   m 6 o
    15   m 10 n
>>> 16   m 21 e
    17   m 14 e


Turn 143
================================================================
warning: entity 21 was directed to use 5 halite to move south, but only 2 halite was available
At command 17 of 18:
    15   m 13 o
    16   m 14 o
>>> 17   m 21 s
    18   m 22 w


Turn 211
================================================================
warning: entity 22 was directed to use 1 halite to move west, but only 0 halite was available
At command 24 of 26:
    22   m 10 e
    23   m 14 o
>>> 24   m 22 w
    25   m 20 w
    26   m 24 e


Turn 272
================================================================
warning: entity 8 was directed to use 2 halite to move east, but only 0 halite was available
At command 22 of 26:
    20   m 28 w
    21   m 3 w
>>> 22   m 8 e
    23   m 18 w
    24   m 1 w


Turn 300
================================================================
warning: entity 27 was directed to use 1 halite to move east, but only 0 halite was available
At command 24 of 26:
    22   m 18 e
    23   m 8 w
>>> 24   m 27 e
    25   m 29 e
    26   m 24 e


Turn 313
================================================================
warning: entity 8 was directed to use 4 halite to move east, but only 2 halite was available
At command 21 of 26:
    19   m 14 o
    20   m 30 o
>>> 21   m 8 e
    22   m 13 o
    23   m 20 o


Turn 337
================================================================
warning: entity 23 was directed to use 1 halite to move west, but only 0 halite was available
At command 24 of 26:
    22   m 25 o
    23   m 13 w
>>> 24   m 23 w
    25   m 16 o
    26   m 6 o

