
Turn 3
================================================================
warning: entity 1 was directed to use 8 halite to move east, but only 0 halite was available
At command 1 of 2:
>>> 1   m 1 e
    2   g


Turn 8
================================================================
warning: entity 5 was directed to use 6 halite to move north, but only 0 halite was available
At command 3 of 4:
    1   m 1 e
    2   m 3 o
>>> 3   m 5 n
    4   g


Turn 10
================================================================
warning: entity 7 was directed to use 2 halite to move east, but only 0 halite was available
At command 4 of 5:
    2   m 3 o
    3   m 5 o
>>> 4   m 7 e
    5   g


Turn 38
================================================================
warning: entity 5 was directed to use 4 halite to move west, but only 0 halite was available
At command 5 of 5:
    3   m 3 e
    4   m 7 w
>>> 5   m 5 w


Turn 46
================================================================
warning: entity 1 was directed to use 2 halite to move west, but only 0 halite was available
At command 5 of 6:
    3   m 7 w
    4   m 9 o
>>> 5   m 1 w
    6   g


Turn 48
================================================================
warning: entity 10 was directed to use 3 halite to move west, but only 0 halite was available
At command 6 of 6:
    4   m 5 o
    5   m 7 e
>>> 6   m 10 w


Turn 50
================================================================
warning: entity 10 was directed to use 9 halite to move west, but only 7 halite was available
At command 3 of 6:
    1   m 5 o
    2   m 3 n
>>> 3   m 10 w
    4   m 1 o
    5   m 9 o


Turn 51
================================================================
warning: entity 7 was directed to use 1 halite to move west, but only 0 halite was available
At command 6 of 7:
    4   m 9 w
    5   m 3 n
>>> 6   m 7 w
    7   g


Turn 53
================================================================
warning: entity 11 was directed to use 2 halite to move west, but only 0 halite was available
At command 2 of 7:
    1   m 10 o
>>> 2   m 11 w
    3   m 3 n
    4   m 1 o


Turn 58
================================================================
warning: entity 3 was directed to use 2 halite to move west, but only 0 halite was available
At command 2 of 8:
    1   m 10 o
>>> 2   m 3 w
    3   m 11 e
    4   m 9 w


Turn 60
================================================================
warning: entity 12 was directed to use 1 halite to move west, but only 0 halite was available
At command 8 of 8:
    6   m 3 s
    7   m 11 o
>>> 8   m 12 w


Turn 65
================================================================
warning: entity 5 was directed to use 1 halite to move east, but only 0 halite was available
At command 8 of 8:
    6   m 7 o
    7   m 12 o
>>> 8   m 5 e


Turn 68
================================================================
warning: entity 12 was directed to use 14 halite to move east, but only 11 halite was available
At command 8 of 9:
    6   m 7 o
    7   m 5 s
>>> 8   m 12 e
    9   g


Turn 80
================================================================
warning: entity 1 was directed to use 2 halite to move south, but only 0 halite was available
At command 5 of 10:
    3   m 3 o
    4   m 10 o
>>> 5   m 1 s
    6   m 13 o
    7   m 11 w


Turn 87
================================================================
warning: entity 10 was directed to use 2 halite to move east, but only 0 halite was available
At command 5 of 11:
    3   m 5 o
    4   m 1 o
>>> 5   m 10 e
    6   m 12 o
    7   m 14 e


Turn 96
================================================================
warning: entity 16 was directed to use 1 halite to move west, but only 0 halite was available
At command 12 of 12:
    10   m 10 o
    11   m 13 o
>>> 12   m 16 w


Turn 102
================================================================
warning: entity 12 was directed to use 2 halite to move north, but only 0 halite was available
At command 12 of 13:
    10   m 9 o
    11   m 7 n
>>> 12   m 12 n
    13   m 17 n


Turn 107
================================================================
warning: entity 3 was directed to use 1 halite to move east, but only 0 halite was available
At command 13 of 13:
    11   m 13 o
    12   m 11 o
>>> 13   m 3 e


Turn 114
================================================================
warning: entity 7 was directed to use 1 halite to move north, but only 0 halite was available
At command 6 of 14:
    4   m 3 o
    5   m 17 o
>>> 6   m 7 n
    7   m 11 o
    8   m 16 n


Turn 119
================================================================
warning: entity 9 was directed to use 1 halite to move west, but only 0 halite was available
At command 12 of 15:
    10   m 18 o
    11   m 15 w
>>> 12   m 9 w
    13   m 14 o
    14   m 13 n


Turn 121
================================================================
warning: entity 19 was directed to use 2 halite to move west, but only 0 halite was available
At command 14 of 15:
    12   m 14 n
    13   m 13 s
>>> 14   m 19 w
    15   m 17 o


Turn 125
================================================================
warning: entity 14 was directed to use 1 halite to move west, but only 0 halite was available
At command 6 of 16:
    4   m 19 o
    5   m 13 w
>>> 6   m 14 w
    7   m 16 o
    8   m 18 o


Turn 133
================================================================
warning: entity 13 was directed to use 2 halite to move north, but only 0 halite was available
At command 10 of 17:
    8   m 17 o
    9   m 16 o
>>> 10   m 13 n
    11   m 15 o
    12   m 9 o


Turn 149
================================================================
warning: entity 23 was directed to use 1 halite to move east, but only 0 halite was available
At command 9 of 19:
    7   m 14 o
    8   m 19 e
>>> 9   m 23 e
    10   m 3 s
    11   m 12 e


Turn 158
================================================================
warning: entity 24 was directed to use 4 halite to move west, but only 0 halite was available
At command 9 of 21:
    7   m 22 o
    8   m 21 o
>>> 9   m 24 w
    10   m 19 n
    11   m 20 o


Turn 160
================================================================
warning: entity 24 was directed to use 11 halite to move west, but only 9 halite was available
At command 14 of 21:
    12   m 16 e
    13   m 21 o
>>> 14   m 24 w
    15   m 14 e
    16   m 3 w


Turn 161
================================================================
warning: entity 3 was directed to use 2 halite to move west, but only 0 halite was available
At command 17 of 21:
    15   m 13 o
    16   m 17 o
>>> 17   m 3 w
    18   m 7 o
    19   m 19 o


Turn 170
================================================================
warning: entity 19 was directed to use 1 halite to move east, but only 0 halite was available
At command 22 of 22:
    20   m 12 o
    21   m 7 n
>>> 22   m 19 e


Turn 182
================================================================
warning: entity 11 was directed to use 5 halite to move west, but only 0 halite was available
At command 24 of 25:
    22   m 24 e
    23   m 13 s
>>> 24   m 11 w
    25   g


Turn 197
================================================================
warning: entity 9 was directed to use 1 halite to move west, but only 0 halite was available
At command 21 of 27:
    19   m 23 w
    20   m 31 n
>>> 21   m 9 w
    22   m 10 w
    23   m 16 o


Turn 200
================================================================
warning: entity 9 was directed to use 4 halite to move west, but only 2 halite was available
At command 22 of 27:
    20   m 31 n
    21   m 22 w
>>> 22   m 9 w
    23   m 5 n
    24   m 3 e


Turn 260
================================================================
warning: entity 29 was directed to use 1 halite to move west, but only 0 halite was available
At command 21 of 27:
    19   m 9 e
    20   m 13 e
>>> 21   m 29 w
    22   m 31 e
    23   m 14 o


Turn 273
================================================================
warning: entity 28 was directed to use 3 halite to move west, but only 0 halite was available
At command 22 of 27:
    20   m 27 o
    21   m 18 e
>>> 22   m 28 w
    23   m 20 o
    24   m 30 o


Turn 295
================================================================
warning: entity 20 was directed to use 1 halite to move east, but only 0 halite was available
At command 24 of 27:
    22   m 13 n
    23   m 31 s
>>> 24   m 20 e
    25   m 17 n
    26   m 7 e


Turn 326
================================================================
warning: entity 29 was directed to use 1 halite to move west, but only 0 halite was available
At command 15 of 27:
    13   m 31 o
    14   m 14 o
>>> 15   m 29 w
    16   m 21 s
    17   m 15 w


Turn 330
================================================================
warning: entity 17 was directed to use 2 halite to move east, but only 0 halite was available
At command 15 of 27:
    13   m 3 e
    14   m 18 o
>>> 15   m 17 e
    16   m 14 e
    17   m 21 e


Turn 343
================================================================
warning: entity 9 was directed to use 1 halite to move east, but only 0 halite was available
At command 23 of 27:
    21   m 14 w
    22   m 5 n
>>> 23   m 9 e
    24   m 12 o
    25   m 3 o


Turn 356
================================================================
warning: entity 3 was directed to use 1 halite to move east, but only 0 halite was available
At command 24 of 27:
    22   m 19 s
    23   m 12 n
>>> 24   m 3 e
    25   m 5 w
    26   m 25 e

