
Turn 7
================================================================
warning: entity 4 was directed to use 31 halite to move west, but only 0 halite was available
At command 3 of 4:
    1   m 1 o
    2   m 2 o
>>> 3   m 4 w
    4   g


Turn 32
================================================================
warning: entity 6 was directed to use 7 halite to move east, but only 0 halite was available
At command 6 of 7:
    4   m 4 e
    5   m 7 n
>>> 6   m 6 e
    7   g


Turn 42
================================================================
warning: entity 4 was directed to use 7 halite to move west, but only 0 halite was available
At command 3 of 8:
    1   m 10 w
    2   m 2 e
>>> 3   m 4 w
    4   m 12 w
    5   m 7 n


Turn 44
================================================================
warning: entity 4 was directed to use 15 halite to move west, but only 14 halite was available
At command 1 of 8:
>>> 1   m 4 w
    2   m 12 o
    3   m 6 o


Turn 47
================================================================
warning: entity 17 was directed to use 2 halite to move east, but only 0 halite was available
At command 8 of 9:
    6   m 7 e
    7   m 15 n
>>> 8   m 17 e
    9   m 2 w


Turn 49
================================================================
warning: entity 17 was directed to use 9 halite to move west, but only 5 halite was available
At command 7 of 9:
    5   m 15 o
    6   m 2 s
>>> 7   m 17 w
    8   m 10 n
    9   m 7 n


Turn 53
================================================================
warning: entity 18 was directed to use 4 halite to move south, but only 0 halite was available
At command 10 of 10:
    8   m 7 o
    9   m 2 s
>>> 10   m 18 s


Turn 56
================================================================
warning: entity 2 was directed to use 1 halite to move north, but only 0 halite was available
At command 9 of 10:
    7   m 17 o
    8   m 7 n
>>> 9   m 2 n
    10   m 10 w


Turn 62
================================================================
warning: entity 10 was directed to use 3 halite to move west, but only 0 halite was available
At command 10 of 11:
    8   m 2 n
    9   m 18 o
>>> 10   m 10 w
    11   g


Turn 64
================================================================
warning: entity 21 was directed to use 2 halite to move east, but only 0 halite was available
At command 6 of 11:
    4   m 4 e
    5   m 2 n
>>> 6   m 21 e
    7   m 10 w
    8   m 1 o


Turn 71
================================================================
warning: entity 12 was directed to use 3 halite to move south, but only 0 halite was available
At command 5 of 12:
    3   m 21 s
    4   m 17 e
>>> 5   m 12 s
    6   m 2 o
    7   m 10 o


Turn 78
================================================================
warning: entity 17 was directed to use 2 halite to move south, but only 0 halite was available
At command 12 of 13:
    10   m 4 s
    11   m 1 n
>>> 12   m 17 s
    13   g


Turn 84
================================================================
warning: entity 6 was directed to use 1 halite to move east, but only 0 halite was available
At command 13 of 14:
    11   m 17 o
    12   m 23 o
>>> 13   m 6 e
    14   g


Turn 98
================================================================
warning: entity 18 was directed to use 1 halite to move north, but only 0 halite was available
At command 11 of 16:
    9   m 23 e
    10   m 25 o
>>> 11   m 18 n
    12   m 27 o
    13   m 6 w


Turn 105
================================================================
warning: entity 2 was directed to use 1 halite to move north, but only 0 halite was available
At command 11 of 17:
    9   m 21 n
    10   m 12 e
>>> 11   m 2 n
    12   m 24 o
    13   m 17 o


Turn 123
================================================================
warning: entity 12 was directed to use 1 halite to move east, but only 0 halite was available
At command 18 of 20:
    16   m 35 o
    17   m 23 e
>>> 18   m 12 e
    19   m 17 w
    20   m 36 s


Turn 163
================================================================
warning: entity 1 was directed to use 1 halite to move west, but only 0 halite was available
At command 25 of 26:
    23   m 2 n
    24   m 15 o
>>> 25   m 1 w
    26   m 50 w


Turn 192
================================================================
warning: entity 59 was directed to use 1 halite to move west, but only 0 halite was available
At command 19 of 30:
    17   m 47 n
    18   m 4 o
>>> 19   m 59 w
    20   m 27 o
    21   m 6 e


Turn 316
================================================================
warning: entity 33 was directed to use 1 halite to move west, but only 0 halite was available
At command 16 of 23:
    14   m 37 n
    15   m 61 n
>>> 16   m 33 w
    17   m 25 s
    18   m 35 o

