
Turn 14
================================================================
warning: entity 6 was directed to use 5 halite to move west, but only 0 halite was available
At command 2 of 5:
    1   m 2 o
>>> 2   m 6 w
    3   m 5 e
    4   m 1 o


Turn 49
================================================================
warning: entity 1 was directed to use 1 halite to move west, but only 0 halite was available
At command 5 of 5:
    3   m 2 e
    4   m 6 o
>>> 5   m 1 w


Turn 73
================================================================
warning: entity 8 was directed to use 2 halite to move east, but only 0 halite was available
At command 7 of 8:
    5   m 5 o
    6   m 6 w
>>> 7   m 8 e
    8   g


Turn 80
================================================================
warning: entity 6 was directed to use 2 halite to move east, but only 0 halite was available
At command 8 of 8:
    6   m 11 n
    7   m 8 o
>>> 8   m 6 e


Turn 125
================================================================
warning: entity 2 was directed to use 1 halite to move east, but only 0 halite was available
At command 7 of 10:
    5   m 5 s
    6   m 8 w
>>> 7   m 2 e
    8   m 13 o
    9   m 11 s


Turn 133
================================================================
warning: entity 19 was directed to use 1 halite to move east, but only 0 halite was available
At command 10 of 10:
    8   m 5 o
    9   m 18 o
>>> 10   m 19 e


Turn 138
================================================================
warning: entity 11 was directed to use 1 halite to move west, but only 0 halite was available
At command 10 of 10:
    8   m 10 w
    9   m 5 o
>>> 10   m 11 w


Turn 146
================================================================
warning: entity 20 was directed to use 2 halite to move south, but only 0 halite was available
At command 11 of 11:
    9   m 16 o
    10   m 11 o
>>> 11   m 20 s

