
Turn 18
================================================================
warning: entity 3 was directed to use 36 halite to move south, but only 0 halite was available
At command 1 of 3:
>>> 1   m 3 s
    2   m 1 o
    3   g


Turn 41
================================================================
warning: entity 7 was directed to use 6 halite to move west, but only 0 halite was available
At command 4 of 4:
    2   m 1 o
    3   m 3 w
>>> 4   m 7 w


Turn 45
================================================================
warning: entity 3 was directed to use 8 halite to move west, but only 0 halite was available
At command 4 of 5:
    2   m 9 o
    3   m 7 o
>>> 4   m 3 w
    5   g


Turn 48
================================================================
warning: entity 12 was directed to use 6 halite to move south, but only 0 halite was available
At command 4 of 5:
    2   m 9 s
    3   m 7 o
>>> 4   m 12 s
    5   m 3 s

warning: entity 3 was directed to use 38 halite to move south, but only 1 halite was available
At command 5 of 5:
    3   m 7 o
    4   m 12 s
>>> 5   m 3 s


Turn 50
================================================================
warning: entity 12 was directed to use 15 halite to move west, but only 12 halite was available
At command 4 of 5:
    2   m 9 w
    3   m 1 e
>>> 4   m 12 w
    5   m 3 o


Turn 53
================================================================
warning: entity 9 was directed to use 6 halite to move east, but only 0 halite was available
At command 2 of 5:
    1   m 3 n
>>> 2   m 9 e
    3   m 1 e
    4   m 7 o


Turn 56
================================================================
warning: entity 1 was directed to use 10 halite to move west, but only 0 halite was available
At command 2 of 6:
    1   m 12 o
>>> 2   m 1 w
    3   m 9 o
    4   m 7 o


Turn 59
================================================================
warning: entity 14 was directed to use 7 halite to move west, but only 0 halite was available
At command 6 of 6:
    4   m 12 e
    5   m 3 w
>>> 6   m 14 w


Turn 65
================================================================
warning: entity 3 was directed to use 5 halite to move west, but only 0 halite was available
At command 6 of 7:
    4   m 14 o
    5   m 12 w
>>> 6   m 3 w
    7   g


Turn 67
================================================================
warning: entity 15 was directed to use 2 halite to move north, but only 0 halite was available
At command 4 of 7:
    2   m 9 e
    3   m 3 o
>>> 4   m 15 n
    5   m 7 o
    6   m 12 n


Turn 70
================================================================
warning: entity 12 was directed to use 4 halite to move west, but only 0 halite was available
At command 7 of 7:
    5   m 3 o
    6   m 14 o
>>> 7   m 12 w


Turn 73
================================================================
warning: entity 12 was directed to use 18 halite to move south, but only 1 halite was available
At command 7 of 7:
    5   m 9 o
    6   m 3 o
>>> 7   m 12 s


Turn 88
================================================================
warning: entity 19 was directed to use 1 halite to move east, but only 0 halite was available
At command 8 of 9:
    6   m 9 n
    7   m 15 o
>>> 8   m 19 e
    9   m 14 o


Turn 92
================================================================
warning: entity 9 was directed to use 2 halite to move east, but only 0 halite was available
At command 9 of 10:
    7   m 1 o
    8   m 12 n
>>> 9   m 9 e
    10   g


Turn 94
================================================================
warning: entity 21 was directed to use 2 halite to move west, but only 0 halite was available
At command 10 of 10:
    8   m 12 n
    9   m 9 o
>>> 10   m 21 w


Turn 98
================================================================
warning: entity 12 was directed to use 1 halite to move east, but only 0 halite was available
At command 7 of 10:
    5   m 3 o
    6   m 7 o
>>> 7   m 12 e
    8   m 9 o
    9   m 15 e


Turn 105
================================================================
warning: entity 1 was directed to use 2 halite to move east, but only 0 halite was available
At command 10 of 11:
    8   m 12 o
    9   m 15 o
>>> 10   m 1 e
    11   g


Turn 107
================================================================
warning: entity 1 was directed to use 7 halite to move east, but only 5 halite was available
At command 9 of 11:
    7   m 17 n
    8   m 14 w
>>> 9   m 1 e
    10   m 3 o
    11   m 23 s

warning: entity 23 was directed to use 1 halite to move south, but only 0 halite was available
At command 11 of 11:
    9   m 1 e
    10   m 3 o
>>> 11   m 23 s


Turn 115
================================================================
warning: entity 24 was directed to use 1 halite to move south, but only 0 halite was available
At command 9 of 12:
    7   m 17 w
    8   m 14 n
>>> 9   m 24 s
    10   m 12 o
    11   m 3 e


Turn 122
================================================================
warning: entity 14 was directed to use 1 halite to move south, but only 0 halite was available
At command 10 of 13:
    8   m 19 o
    9   m 15 s
>>> 10   m 14 s
    11   m 7 o
    12   m 24 s


Turn 158
================================================================
warning: entity 7 was directed to use 8 halite to move west, but only 2 halite was available
At command 15 of 17:
    13   m 14 e
    14   m 1 o
>>> 15   m 7 w
    16   m 23 w
    17   g


Turn 160
================================================================
warning: entity 23 was directed to use 2 halite to move west, but only 0 halite was available
At command 16 of 17:
    14   m 21 o
    15   m 14 n
>>> 16   m 23 w
    17   m 32 w


Turn 186
================================================================
warning: entity 35 was directed to use 1 halite to move west, but only 0 halite was available
At command 20 of 20:
    18   m 3 s
    19   m 26 n
>>> 20   m 35 w


Turn 198
================================================================
warning: entity 36 was directed to use 2 halite to move west, but only 0 halite was available
At command 21 of 21:
    19   m 27 e
    20   m 15 n
>>> 21   m 36 w


Turn 221
================================================================
warning: entity 26 was directed to use 1 halite to move south, but only 0 halite was available
At command 9 of 22:
    7   m 34 o
    8   m 9 w
>>> 9   m 26 s
    10   m 36 o
    11   m 3 n


Turn 224
================================================================
warning: entity 19 was directed to use 1 halite to move south, but only 0 halite was available
At command 21 of 22:
    19   m 35 s
    20   m 30 o
>>> 21   m 19 s
    22   m 26 o


Turn 398
================================================================
warning: entity 7 was directed to use 1 halite to move west, but only 0 halite was available
At command 20 of 22:
    18   m 23 w
    19   m 17 e
>>> 20   m 7 w
    21   m 32 o
    22   m 24 w

