
Turn 7
================================================================
warning: entity 4 was directed to use 4 halite to move north, but only 0 halite was available
At command 3 of 4:
    1   m 1 o
    2   m 2 o
>>> 3   m 4 n
    4   g


Turn 11
================================================================
warning: entity 7 was directed to use 3 halite to move east, but only 0 halite was available
At command 5 of 5:
    3   m 4 n
    4   m 6 w
>>> 5   m 7 e


Turn 43
================================================================
warning: entity 1 was directed to use 2 halite to move east, but only 0 halite was available
At command 5 of 5:
    3   m 2 o
    4   m 4 e
>>> 5   m 1 e


Turn 106
================================================================
warning: entity 2 was directed to use 1 halite to move east, but only 0 halite was available
At command 10 of 11:
    8   m 19 o
    9   m 11 n
>>> 10   m 2 e
    11   m 21 s


Turn 146
================================================================
warning: entity 14 was directed to use 6 halite to move west, but only 1 halite was available
At command 14 of 14:
    12   m 1 w
    13   m 17 w
>>> 14   m 14 w

