
Turn 9
================================================================
warning: entity 4 was directed to use 2 halite to move east, but only 0 halite was available
At command 3 of 4:
    1   m 2 o
    2   m 1 e
>>> 3   m 4 e
    4   g


Turn 15
================================================================
warning: entity 6 was directed to use 1 halite to move east, but only 0 halite was available
At command 2 of 5:
    1   m 2 n
>>> 2   m 6 e
    3   m 1 o
    4   m 4 o

warning: entity 5 was directed to use 8 halite to move east, but only 1 halite was available
At command 5 of 5:
    3   m 1 o
    4   m 4 o
>>> 5   m 5 e


Turn 36
================================================================
warning: entity 1 was directed to use 1 halite to move south, but only 0 halite was available
At command 5 of 5:
    3   m 6 o
    4   m 5 o
>>> 5   m 1 s


Turn 48
================================================================
warning: entity 4 was directed to use 2 halite to move east, but only 0 halite was available
At command 5 of 6:
    3   m 2 o
    4   m 5 e
>>> 5   m 4 e
    6   m 7 n


Turn 51
================================================================
warning: entity 4 was directed to use 13 halite to move south, but only 0 halite was available
At command 6 of 6:
    4   m 7 e
    5   m 5 e
>>> 6   m 4 s


Turn 52
================================================================
warning: entity 5 was directed to use 1 halite to move south, but only 0 halite was available
At command 5 of 7:
    3   m 1 o
    4   m 6 w
>>> 5   m 5 s
    6   m 7 o
    7   g


Turn 54
================================================================
warning: entity 8 was directed to use 1 halite to move west, but only 0 halite was available
At command 4 of 7:
    2   m 4 o
    3   m 6 w
>>> 4   m 8 w
    5   m 5 s
    6   m 7 o

warning: entity 5 was directed to use 4 halite to move south, but only 3 halite was available
At command 5 of 7:
    3   m 6 w
    4   m 8 w
>>> 5   m 5 s
    6   m 7 o
    7   m 2 e


Turn 62
================================================================
warning: entity 6 was directed to use 2 halite to move east, but only 0 halite was available
At command 8 of 8:
    6   m 4 e
    7   m 8 o
>>> 8   m 6 e


Turn 68
================================================================
warning: entity 2 was directed to use 1 halite to move south, but only 0 halite was available
At command 8 of 8:
    6   m 5 o
    7   m 8 o
>>> 8   m 2 s


Turn 85
================================================================
warning: entity 4 was directed to use 1 halite to move west, but only 0 halite was available
At command 9 of 10:
    7   m 2 o
    8   m 1 o
>>> 9   m 4 w
    10   g


Turn 95
================================================================
warning: entity 12 was directed to use 1 halite to move west, but only 0 halite was available
At command 9 of 11:
    7   m 4 o
    8   m 9 o
>>> 9   m 12 w
    10   m 2 w
    11   m 8 e


Turn 96
================================================================
warning: entity 8 was directed to use 4 halite to move east, but only 2 halite was available
At command 8 of 11:
    6   m 12 w
    7   m 10 o
>>> 8   m 8 e
    9   m 7 w
    10   m 5 n


Turn 120
================================================================
warning: entity 15 was directed to use 1 halite to move west, but only 0 halite was available
At command 14 of 14:
    12   m 9 w
    13   m 10 w
>>> 14   m 15 w


Turn 139
================================================================
warning: entity 6 was directed to use 1 halite to move west, but only 0 halite was available
At command 15 of 17:
    13   m 11 o
    14   m 13 s
>>> 15   m 6 w
    16   m 12 o
    17   m 18 w


Turn 145
================================================================
warning: entity 8 was directed to use 1 halite to move south, but only 0 halite was available
At command 17 of 17:
    15   m 2 w
    16   m 12 n
>>> 17   m 8 s


Turn 148
================================================================
warning: entity 12 was directed to use 1 halite to move east, but only 0 halite was available
At command 17 of 18:
    15   m 2 o
    16   m 13 s
>>> 17   m 12 e
    18   m 19 e


Turn 151
================================================================
warning: entity 19 was directed to use 1 halite to move east, but only 0 halite was available
At command 17 of 18:
    15   m 11 w
    16   m 2 w
>>> 17   m 19 e
    18   m 7 w


Turn 182
================================================================
warning: entity 7 was directed to use 1 halite to move west, but only 0 halite was available
At command 21 of 23:
    19   m 19 w
    20   m 5 e
>>> 21   m 7 w
    22   m 15 e
    23   m 17 n


Turn 191
================================================================
warning: entity 25 was directed to use 1 halite to move south, but only 0 halite was available
At command 24 of 25:
    22   m 6 o
    23   m 14 o
>>> 24   m 25 s
    25   m 17 e


Turn 197
================================================================
warning: entity 9 was directed to use 1 halite to move west, but only 0 halite was available
At command 24 of 26:
    22   m 27 s
    23   m 18 e
>>> 24   m 9 w
    25   m 1 w
    26   m 17 e

