
Turn 11
================================================================
warning: entity 8 was directed to use 5 halite to move west, but only 0 halite was available
At command 4 of 5:
    2   m 1 o
    3   m 3 n
>>> 4   m 8 w
    5   g


Turn 33
================================================================
warning: entity 1 was directed to use 4 halite to move west, but only 0 halite was available
At command 5 of 5:
    3   m 3 s
    4   m 9 o
>>> 5   m 1 w


Turn 38
================================================================
warning: entity 3 was directed to use 3 halite to move west, but only 0 halite was available
At command 5 of 6:
    3   m 1 o
    4   m 6 w
>>> 5   m 3 w
    6   g


Turn 42
================================================================
warning: entity 9 was directed to use 2 halite to move east, but only 0 halite was available
At command 4 of 7:
    2   m 6 w
    3   m 3 n
>>> 4   m 9 e
    5   m 1 w
    6   m 10 o


Turn 49
================================================================
warning: entity 6 was directed to use 1 halite to move west, but only 0 halite was available
At command 6 of 8:
    4   m 1 n
    5   m 8 s
>>> 6   m 6 w
    7   m 10 e
    8   g


Turn 56
================================================================
warning: entity 13 was directed to use 2 halite to move north, but only 0 halite was available
At command 8 of 9:
    6   m 3 o
    7   m 6 o
>>> 8   m 13 n
    9   m 8 o


Turn 65
================================================================
warning: entity 1 was directed to use 1 halite to move north, but only 0 halite was available
At command 7 of 10:
    5   m 6 o
    6   m 3 s
>>> 7   m 1 n
    8   m 12 o
    9   m 9 o


Turn 67
================================================================
warning: entity 14 was directed to use 2 halite to move south, but only 0 halite was available
At command 10 of 10:
    8   m 12 o
    9   m 11 w
>>> 10   m 14 s


Turn 73
================================================================
warning: entity 10 was directed to use 2 halite to move east, but only 0 halite was available
At command 10 of 11:
    8   m 9 o
    9   m 14 o
>>> 10   m 10 e
    11   g


Turn 75
================================================================
warning: entity 15 was directed to use 2 halite to move north, but only 0 halite was available
At command 10 of 11:
    8   m 12 e
    9   m 14 o
>>> 10   m 15 n
    11   m 10 o


Turn 80
================================================================
warning: entity 3 was directed to use 2 halite to move east, but only 0 halite was available
At command 9 of 11:
    7   m 1 o
    8   m 13 e
>>> 9   m 3 e
    10   m 9 n
    11   m 6 w


Turn 84
================================================================
warning: entity 6 was directed to use 2 halite to move west, but only 0 halite was available
At command 5 of 12:
    3   m 3 n
    4   m 1 o
>>> 5   m 6 w
    6   m 14 o
    7   m 11 o


Turn 89
================================================================
warning: entity 17 was directed to use 1 halite to move east, but only 0 halite was available
At command 13 of 13:
    11   m 11 w
    12   m 9 s
>>> 13   m 17 e


Turn 93
================================================================
warning: entity 12 was directed to use 1 halite to move north, but only 0 halite was available
At command 12 of 14:
    10   m 15 o
    11   m 9 s
>>> 12   m 12 n
    13   m 13 e
    14   g


Turn 99
================================================================
warning: entity 13 was directed to use 1 halite to move south, but only 0 halite was available
At command 14 of 15:
    12   m 14 e
    13   m 3 o
>>> 14   m 13 s
    15   g


Turn 102
================================================================
warning: entity 13 was directed to use 6 halite to move west, but only 0 halite was available
At command 15 of 15:
    13   m 11 o
    14   m 19 s
>>> 15   m 13 w


Turn 107
================================================================
warning: entity 8 was directed to use 2 halite to move east, but only 0 halite was available
At command 10 of 15:
    8   m 3 s
    9   m 10 n
>>> 10   m 8 e
    11   m 15 e
    12   m 11 o


Turn 112
================================================================
warning: entity 1 was directed to use 2 halite to move east, but only 0 halite was available
At command 14 of 16:
    12   m 10 o
    13   m 16 o
>>> 14   m 1 e
    15   m 3 n
    16   m 20 s


Turn 114
================================================================
warning: entity 20 was directed to use 3 halite to move west, but only 0 halite was available
At command 16 of 16:
    14   m 10 w
    15   m 14 o
>>> 16   m 20 w


Turn 117
================================================================
warning: entity 15 was directed to use 2 halite to move west, but only 0 halite was available
At command 16 of 17:
    14   m 6 o
    15   m 3 w
>>> 16   m 15 w
    17   m 21 s


Turn 125
================================================================
warning: entity 22 was directed to use 1 halite to move north, but only 0 halite was available
At command 15 of 18:
    13   m 14 e
    14   m 11 e
>>> 15   m 22 n
    16   m 10 w
    17   m 16 o


Turn 132
================================================================
warning: entity 23 was directed to use 1 halite to move south, but only 0 halite was available
At command 17 of 19:
    15   m 11 e
    16   m 12 o
>>> 17   m 23 s
    18   m 10 n
    19   m 13 e


Turn 175
================================================================
warning: entity 20 was directed to use 1 halite to move east, but only 0 halite was available
At command 15 of 26:
    13   m 1 s
    14   m 19 w
>>> 15   m 20 e
    16   m 8 o
    17   m 16 o


Turn 241
================================================================
warning: entity 10 was directed to use 1 halite to move west, but only 0 halite was available
At command 27 of 30:
    25   m 18 w
    26   m 31 o
>>> 27   m 10 w
    28   m 1 o
    29   m 16 o


Turn 264
================================================================
warning: entity 27 was directed to use 2 halite to move west, but only 0 halite was available
At command 24 of 30:
    22   m 16 o
    23   m 22 s
>>> 24   m 27 w
    25   m 32 o
    26   m 29 o


Turn 290
================================================================
warning: entity 1 was directed to use 1 halite to move west, but only 0 halite was available
At command 30 of 30:
    28   m 16 w
    29   m 26 e
>>> 30   m 1 w


Turn 328
================================================================
warning: entity 18 was directed to use 1 halite to move west, but only 0 halite was available
At command 24 of 30:
    22   m 22 w
    23   m 10 w
>>> 24   m 18 w
    25   m 33 s
    26   m 23 n


Turn 347
================================================================
warning: entity 10 was directed to use 1 halite to move west, but only 0 halite was available
At command 21 of 30:
    19   m 19 e
    20   m 1 e
>>> 21   m 10 w
    22   m 8 s
    23   m 33 s

