
Turn 3
================================================================
warning: entity 1 was directed to use 1 halite to move north, but only 0 halite was available
At command 1 of 2:
>>> 1   m 1 n
    2   g


Turn 6
================================================================
warning: entity 3 was directed to use 1 halite to move north, but only 0 halite was available
At command 1 of 2:
>>> 1   m 3 n
    2   m 1 o


Turn 8
================================================================
warning: entity 3 was directed to use 4 halite to move east, but only 3 halite was available
At command 2 of 2:
    1   m 1 o
>>> 2   m 3 e


Turn 42
================================================================
warning: entity 1 was directed to use 2 halite to move north, but only 0 halite was available
At command 2 of 2:
    1   m 3 o
>>> 2   m 1 n


Turn 52
================================================================
warning: entity 3 was directed to use 1 halite to move north, but only 0 halite was available
At command 2 of 3:
    1   m 1 n
>>> 2   m 3 n
    3   g


Turn 54
================================================================
warning: entity 5 was directed to use 1 halite to move east, but only 0 halite was available
At command 3 of 3:
    1   m 1 o
    2   m 3 o
>>> 3   m 5 e


Turn 77
================================================================
warning: entity 1 was directed to use 2 halite to move south, but only 0 halite was available
At command 3 of 3:
    1   m 3 o
    2   m 5 o
>>> 3   m 1 s


Turn 94
================================================================
warning: entity 3 was directed to use 1 halite to move south, but only 0 halite was available
At command 2 of 4:
    1   m 1 o
>>> 2   m 3 s
    3   m 5 w
    4   g


Turn 97
================================================================
warning: entity 8 was directed to use 1 halite to move north, but only 0 halite was available
At command 4 of 4:
    2   m 1 o
    3   m 5 w
>>> 4   m 8 n


Turn 101
================================================================
warning: entity 5 was directed to use 1 halite to move west, but only 0 halite was available
At command 3 of 4:
    1   m 3 o
    2   m 8 w
>>> 3   m 5 w
    4   m 1 o


Turn 117
================================================================
warning: entity 10 was directed to use 1 halite to move east, but only 0 halite was available
At command 4 of 5:
    2   m 8 o
    3   m 3 o
>>> 4   m 10 e
    5   m 1 o


Turn 144
================================================================
warning: entity 8 was directed to use 1 halite to move south, but only 0 halite was available
At command 1 of 5:
>>> 1   m 8 s
    2   m 5 e
    3   m 1 s


Turn 149
================================================================
warning: entity 3 was directed to use 1 halite to move west, but only 0 halite was available
At command 5 of 5:
    3   m 8 s
    4   m 5 s
>>> 5   m 3 w


Turn 205
================================================================
warning: entity 3 was directed to use 1 halite to move west, but only 0 halite was available
At command 3 of 7:
    1   m 14 e
    2   m 15 s
>>> 3   m 3 w
    4   m 10 s
    5   m 8 e

