
Turn 21
================================================================
warning: entity 7 was directed to use 13 halite to move west, but only 0 halite was available
At command 2 of 3:
    1   m 1 o
>>> 2   m 7 w
    3   m 3 o


Turn 27
================================================================
warning: entity 1 was directed to use 10 halite to move west, but only 0 halite was available
At command 3 of 3:
    1   m 3 e
    2   m 7 o
>>> 3   m 1 w


Turn 29
================================================================
warning: entity 3 was directed to use 17 halite to move west, but only 0 halite was available
At command 1 of 4:
>>> 1   m 3 w
    2   m 7 o
    3   m 1 o


Turn 40
================================================================
warning: entity 7 was directed to use 7 halite to move west, but only 0 halite was available
At command 4 of 4:
    2   m 9 o
    3   m 3 e
>>> 4   m 7 w


Turn 44
================================================================
warning: entity 3 was directed to use 12 halite to move west, but only 0 halite was available
At command 4 of 5:
    2   m 9 w
    3   m 7 w
>>> 4   m 3 w
    5   g


Turn 54
================================================================
warning: entity 9 was directed to use 5 halite to move north, but only 0 halite was available
At command 3 of 6:
    1   m 12 n
    2   m 3 o
>>> 3   m 9 n
    4   m 1 s
    5   m 7 e


Turn 65
================================================================
warning: entity 3 was directed to use 4 halite to move north, but only 0 halite was available
At command 6 of 7:
    4   m 1 n
    5   m 12 e
>>> 6   m 3 n
    7   g


Turn 72
================================================================
warning: entity 7 was directed to use 3 halite to move east, but only 0 halite was available
At command 5 of 8:
    3   m 17 o
    4   m 3 o
>>> 5   m 7 e
    6   m 15 w
    7   m 12 n


Turn 78
================================================================
warning: entity 15 was directed to use 5 halite to move east, but only 0 halite was available
At command 6 of 8:
    4   m 19 o
    5   m 3 o
>>> 6   m 15 e
    7   m 7 w
    8   m 12 n


Turn 84
================================================================
warning: entity 22 was directed to use 2 halite to move east, but only 0 halite was available
At command 9 of 9:
    7   m 7 o
    8   m 19 o
>>> 9   m 22 e


Turn 90
================================================================
warning: entity 1 was directed to use 1 halite to move north, but only 0 halite was available
At command 8 of 10:
    6   m 9 w
    7   m 7 o
>>> 8   m 1 n
    9   m 12 e
    10   g


Turn 99
================================================================
warning: entity 27 was directed to use 2 halite to move east, but only 0 halite was available
At command 11 of 11:
    9   m 1 o
    10   m 22 n
>>> 11   m 27 e


Turn 102
================================================================
warning: entity 27 was directed to use 16 halite to move south, but only 1 halite was available
At command 8 of 11:
    6   m 7 s
    7   m 3 s
>>> 8   m 27 s
    9   m 12 w
    10   m 9 e

warning: entity 15 was directed to use 1 halite to move south, but only 0 halite was available
At command 11 of 11:
    9   m 12 w
    10   m 9 e
>>> 11   m 15 s


Turn 104
================================================================
warning: entity 15 was directed to use 4 halite to move south, but only 3 halite was available
At command 7 of 11:
    5   m 27 o
    6   m 1 o
>>> 7   m 15 s
    8   m 7 s
    9   m 17 e


Turn 114
================================================================
warning: entity 17 was directed to use 4 halite to move south, but only 0 halite was available
At command 3 of 12:
    1   m 1 o
    2   m 19 o
>>> 3   m 17 s
    4   m 22 w
    5   m 3 o


Turn 119
================================================================
warning: entity 12 was directed to use 2 halite to move east, but only 0 halite was available
At command 8 of 13:
    6   m 29 o
    7   m 24 o
>>> 8   m 12 e
    9   m 17 o
    10   m 7 o


Turn 124
================================================================
warning: entity 12 was directed to use 13 halite to move east, but only 6 halite was available
At command 12 of 14:
    10   m 27 e
    11   m 24 o
>>> 12   m 12 e
    13   m 22 n
    14   m 34 w


Turn 125
================================================================
warning: entity 34 was directed to use 1 halite to move south, but only 0 halite was available
At command 14 of 14:
    12   m 7 e
    13   m 22 s
>>> 14   m 34 s


Turn 129
================================================================
warning: entity 9 was directed to use 1 halite to move south, but only 0 halite was available
At command 14 of 14:
    12   m 12 o
    13   m 17 o
>>> 14   m 9 s


Turn 134
================================================================
warning: entity 27 was directed to use 3 halite to move west, but only 0 halite was available
At command 12 of 15:
    10   m 1 o
    11   m 3 e
>>> 12   m 27 w
    13   m 19 s
    14   m 15 e


Turn 137
================================================================
warning: entity 37 was directed to use 4 halite to move west, but only 3 halite was available
At command 5 of 15:
    3   m 19 w
    4   m 7 o
>>> 5   m 37 w
    6   m 34 o
    7   m 17 e


Turn 158
================================================================
warning: entity 1 was directed to use 6 halite to move west, but only 1 halite was available
At command 15 of 17:
    13   m 34 o
    14   m 17 o
>>> 15   m 1 w
    16   m 29 o
    17   m 24 w


Turn 160
================================================================
warning: entity 24 was directed to use 2 halite to move west, but only 0 halite was available
At command 16 of 17:
    14   m 22 o
    15   m 19 w
>>> 16   m 24 w
    17   g


Turn 173
================================================================
warning: entity 17 was directed to use 1 halite to move west, but only 0 halite was available
At command 18 of 19:
    16   m 7 n
    17   m 34 w
>>> 18   m 17 w
    19   m 48 w


Turn 200
================================================================
warning: entity 52 was directed to use 9 halite to move east, but only 3 halite was available
At command 19 of 22:
    17   m 44 e
    18   m 22 e
>>> 19   m 52 e
    20   m 3 e
    21   m 1 s


Turn 204
================================================================
warning: entity 9 was directed to use 11 halite to move east, but only 7 halite was available
At command 17 of 22:
    15   m 53 o
    16   m 24 w
>>> 17   m 9 e
    18   m 48 o
    19   m 46 o


Turn 229
================================================================
warning: entity 3 was directed to use 1 halite to move east, but only 0 halite was available
At command 11 of 22:
    9   m 34 o
    10   m 41 o
>>> 11   m 3 e
    12   m 19 e
    13   m 52 s


Turn 235
================================================================
warning: entity 22 was directed to use 1 halite to move east, but only 0 halite was available
At command 19 of 22:
    17   m 12 o
    18   m 39 e
>>> 19   m 22 e
    20   m 29 w
    21   m 41 w


Turn 246
================================================================
warning: entity 49 was directed to use 1 halite to move east, but only 0 halite was available
At command 18 of 22:
    16   m 12 e
    17   m 52 o
>>> 18   m 49 e
    19   m 1 w
    20   m 41 e


Turn 332
================================================================
warning: entity 29 was directed to use 2 halite to move west, but only 1 halite was available
At command 19 of 22:
    17   m 44 s
    18   m 48 o
>>> 19   m 29 w
    20   m 3 o
    21   m 12 o

