
Turn 29
================================================================
warning: entity 1 was directed to use 9 halite to move east, but only 0 halite was available
At command 3 of 3:
    1   m 3 s
    2   m 7 n
>>> 3   m 1 e


Turn 57
================================================================
warning: entity 12 was directed to use 3 halite to move west, but only 0 halite was available
At command 5 of 5:
    3   m 9 o
    4   m 7 o
>>> 5   m 12 w


Turn 73
================================================================
warning: entity 15 was directed to use 2 halite to move west, but only 0 halite was available
At command 4 of 6:
    2   m 9 o
    3   m 3 o
>>> 4   m 15 w
    5   m 7 e
    6   m 12 o


Turn 90
================================================================
warning: entity 16 was directed to use 2 halite to move north, but only 0 halite was available
At command 7 of 7:
    5   m 3 w
    6   m 12 w
>>> 7   m 16 n


Turn 96
================================================================
warning: entity 3 was directed to use 3 halite to move west, but only 0 halite was available
At command 6 of 7:
    4   m 7 o
    5   m 16 o
>>> 6   m 3 w
    7   m 12 e


Turn 103
================================================================
warning: entity 19 was directed to use 3 halite to move south, but only 0 halite was available
At command 8 of 8:
    6   m 16 o
    7   m 3 o
>>> 8   m 19 s


Turn 106
================================================================
warning: entity 9 was directed to use 1 halite to move north, but only 0 halite was available
At command 5 of 8:
    3   m 3 o
    4   m 19 w
>>> 5   m 9 n
    6   m 1 o
    7   m 16 n


Turn 109
================================================================
warning: entity 15 was directed to use 2 halite to move west, but only 0 halite was available
At command 1 of 9:
>>> 1   m 15 w
    2   m 7 n
    3   m 19 w


Turn 111
================================================================
warning: entity 21 was directed to use 2 halite to move east, but only 0 halite was available
At command 9 of 9:
    7   m 15 o
    8   m 3 o
>>> 9   m 21 e


Turn 122
================================================================
warning: entity 24 was directed to use 1 halite to move north, but only 0 halite was available
At command 10 of 10:
    8   m 21 o
    9   m 15 o
>>> 10   m 24 n


Turn 133
================================================================
warning: entity 1 was directed to use 2 halite to move east, but only 0 halite was available
At command 10 of 11:
    8   m 24 o
    9   m 3 w
>>> 10   m 1 e
    11   g


Turn 136
================================================================
warning: entity 26 was directed to use 3 halite to move east, but only 0 halite was available
At command 11 of 11:
    9   m 12 e
    10   m 19 e
>>> 11   m 26 e


Turn 151
================================================================
warning: entity 12 was directed to use 1 halite to move east, but only 0 halite was available
At command 12 of 12:
    10   m 1 o
    11   m 19 o
>>> 12   m 12 e


Turn 157
================================================================
warning: entity 30 was directed to use 1 halite to move east, but only 0 halite was available
At command 13 of 13:
    11   m 21 o
    12   m 9 s
>>> 13   m 30 e


Turn 187
================================================================
warning: entity 7 was directed to use 2 halite to move east, but only 0 halite was available
At command 15 of 15:
    13   m 12 s
    14   m 28 w
>>> 15   m 7 e

