
Turn 40
================================================================
warning: entity 6 was directed to use 7 halite to move north, but only 0 halite was available
At command 5 of 6:
    3   m 8 w
    4   m 2 o
>>> 5   m 6 n
    6   g


Turn 94
================================================================
warning: entity 8 was directed to use 4 halite to move west, but only 0 halite was available
At command 8 of 9:
    6   m 2 o
    7   m 13 s
>>> 8   m 8 w
    9   g


Turn 96
================================================================
warning: entity 16 was directed to use 2 halite to move north, but only 0 halite was available
At command 7 of 9:
    5   m 2 o
    6   m 12 o
>>> 7   m 16 n
    8   m 8 o
    9   m 13 s


Turn 173
================================================================
warning: entity 8 was directed to use 1 halite to move north, but only 0 halite was available
At command 10 of 11:
    8   m 13 s
    9   m 18 o
>>> 10   m 8 n
    11   g


Turn 175
================================================================
warning: entity 20 was directed to use 2 halite to move east, but only 0 halite was available
At command 11 of 11:
    9   m 16 s
    10   m 13 s
>>> 11   m 20 e


Turn 178
================================================================
warning: entity 20 was directed to use 10 halite to move east, but only 1 halite was available
At command 11 of 11:
    9   m 13 o
    10   m 8 e
>>> 11   m 20 e


Turn 204
================================================================
warning: entity 8 was directed to use 2 halite to move south, but only 0 halite was available
At command 11 of 11:
    9   m 16 s
    10   m 13 s
>>> 11   m 8 s


Turn 211
================================================================
warning: entity 18 was directed to use 1 halite to move east, but only 0 halite was available
At command 11 of 11:
    9   m 16 s
    10   m 13 s
>>> 11   m 18 e

