
Turn 3
================================================================
warning: entity 1 was directed to use 7 halite to move south, but only 0 halite was available
At command 1 of 2:
>>> 1   m 1 s
    2   g


Turn 5
================================================================
warning: entity 2 was directed to use 5 halite to move west, but only 0 halite was available
At command 2 of 3:
    1   m 1 w
>>> 2   m 2 w
    3   g


Turn 7
================================================================
warning: entity 3 was directed to use 5 halite to move east, but only 0 halite was available
At command 3 of 4:
    1   m 1 s
    2   m 2 s
>>> 3   m 3 e
    4   g


Turn 9
================================================================
warning: entity 4 was directed to use 4 halite to move east, but only 0 halite was available
At command 4 of 4:
    2   m 3 w
    3   m 2 w
>>> 4   m 4 e


Turn 10
================================================================
warning: entity 3 was directed to use 9 halite to move south, but only 0 halite was available
At command 3 of 5:
    1   m 1 o
    2   m 4 e
>>> 3   m 3 s
    4   m 2 n
    5   g

warning: entity 2 was directed to use 8 halite to move north, but only 0 halite was available
At command 4 of 5:
    2   m 4 e
    3   m 3 s
>>> 4   m 2 n
    5   g


Turn 12
================================================================
warning: entity 5 was directed to use 4 halite to move east, but only 0 halite was available
At command 5 of 5:
    3   m 3 n
    4   m 2 e
>>> 5   m 5 e


Turn 13
================================================================
warning: owned entities 5, 3, 4 collided on cell (23, 16) as the result of moves on this turn
At command 1 of 5:
>>> 1   m 5 n
    2   m 3 e
    3   m 1 s

Other commands that placed an entity on this cell:
    1   m 5 n
>>> 2   m 3 e
    3   m 1 s
    4   m 4 w

    2   m 3 e
    3   m 1 s
>>> 4   m 4 w
    5   m 2 e


Turn 14
================================================================
warning: entity 2 was directed to use 8 halite to move north, but only 7 halite was available
At command 2 of 2:
    1   m 1 n
>>> 2   m 2 n


Turn 18
================================================================
warning: entity 2 was directed to use 3 halite to move north, but only 0 halite was available
At command 1 of 2:
>>> 1   m 2 n
    2   m 1 e

warning: owned entities 1, 2 collided on cell (23, 17) as the result of moves on this turn
At command 2 of 2:
    1   m 2 n
>>> 2   m 1 e

