
Turn 3
================================================================
warning: entity 0 was directed to use 8 halite to move east, but only 0 halite was available
At command 1 of 2:
>>> 1   m 0 e
    2   g


Turn 5
================================================================
warning: entity 0 was directed to use 19 halite to move east, but only 15 halite was available
At command 1 of 3:
>>> 1   m 0 e
    2   m 2 s
    3   g

warning: entity 2 was directed to use 6 halite to move south, but only 0 halite was available
At command 2 of 3:
    1   m 0 e
>>> 2   m 2 s
    3   g


Turn 7
================================================================
warning: entity 2 was directed to use 14 halite to move south, but only 11 halite was available
At command 2 of 4:
    1   m 0 e
>>> 2   m 2 s
    3   m 4 s
    4   g

warning: entity 4 was directed to use 4 halite to move south, but only 0 halite was available
At command 3 of 4:
    1   m 0 e
    2   m 2 s
>>> 3   m 4 s
    4   g


Turn 9
================================================================
warning: entity 4 was directed to use 10 halite to move south, but only 9 halite was available
At command 3 of 5:
    1   m 0 o
    2   m 2 s
>>> 3   m 4 s
    4   m 6 s
    5   g

warning: entity 6 was directed to use 3 halite to move south, but only 0 halite was available
At command 4 of 5:
    2   m 2 s
    3   m 4 s
>>> 4   m 6 s
    5   g


Turn 10
================================================================
warning: entity 2 was directed to use 29 halite to move south, but only 17 halite was available
At command 5 of 5:
    3   m 4 e
    4   m 6 e
>>> 5   m 2 s


Turn 11
================================================================
warning: entity 8 was directed to use 1 halite to move west, but only 0 halite was available
At command 1 of 5:
>>> 1   m 8 w
    2   m 0 o
    3   m 2 e

warning: entity 6 was directed to use 8 halite to move south, but only 7 halite was available
At command 5 of 5:
    3   m 2 e
    4   m 4 s
>>> 5   m 6 s


Turn 12
================================================================
warning: entity 4 was directed to use 21 halite to move south, but only 8 halite was available
At command 5 of 5:
    3   m 6 e
    4   m 2 s
>>> 5   m 4 s


Turn 13
================================================================
warning: entity 2 was directed to use 28 halite to move south, but only 11 halite was available
At command 5 of 5:
    3   m 4 e
    4   m 6 s
>>> 5   m 2 s


Turn 14
================================================================
warning: entity 8 was directed to use 12 halite to move west, but only 0 halite was available
At command 1 of 5:
>>> 1   m 8 w
    2   m 0 o
    3   m 2 s

warning: entity 6 was directed to use 16 halite to move south, but only 1 halite was available
At command 4 of 5:
    2   m 0 o
    3   m 2 s
>>> 4   m 6 s
    5   m 4 s

warning: entity 4 was directed to use 59 halite to move south, but only 47 halite was available
At command 5 of 5:
    3   m 2 s
    4   m 6 s
>>> 5   m 4 s


Turn 15
================================================================
warning: owned entities 6, 4 collided on cell (12, 17) as the result of moves on this turn
At command 3 of 5:
    1   m 8 w
    2   m 0 o
>>> 3   m 6 e
    4   m 4 o
    5   m 2 e


Turn 16
================================================================
warning: entity 8 was directed to use 48 halite to move west, but only 23 halite was available
At command 1 of 3:
>>> 1   m 8 w
    2   m 0 o
    3   m 2 s

warning: entity 2 was directed to use 49 halite to move south, but only 27 halite was available
At command 3 of 3:
    1   m 8 w
    2   m 0 o
>>> 3   m 2 s


Turn 20
================================================================
warning: entity 8 was directed to use 52 halite to move west, but only 23 halite was available
At command 1 of 3:
>>> 1   m 8 w
    2   m 0 o
    3   m 2 s


Turn 21
================================================================
warning: entity 2 was directed to use 37 halite to move north, but only 33 halite was available
At command 3 of 3:
    1   m 8 w
    2   m 0 o
>>> 3   m 2 n


Turn 25
================================================================
warning: entity 2 was directed to use 37 halite to move south, but only 13 halite was available
At command 3 of 3:
    1   m 8 n
    2   m 0 o
>>> 3   m 2 s


Turn 27
================================================================
warning: entity 8 was directed to use 70 halite to move north, but only 24 halite was available
At command 1 of 3:
>>> 1   m 8 n
    2   m 0 o
    3   m 2 n


Turn 28
================================================================
warning: entity 2 was directed to use 34 halite to move south, but only 0 halite was available
At command 3 of 3:
    1   m 8 e
    2   m 0 o
>>> 3   m 2 s


Turn 32
================================================================
warning: entity 2 was directed to use 21 halite to move south, but only 14 halite was available
At command 3 of 3:
    1   m 8 s
    2   m 0 o
>>> 3   m 2 s


Turn 34
================================================================
warning: entity 8 was directed to use 91 halite to move south, but only 55 halite was available
At command 1 of 3:
>>> 1   m 8 s
    2   m 0 o
    3   m 2 s

warning: entity 2 was directed to use 67 halite to move south, but only 52 halite was available
At command 3 of 3:
    1   m 8 s
    2   m 0 o
>>> 3   m 2 s


Turn 47
================================================================
warning: entity 8 was directed to use 70 halite to move north, but only 13 halite was available
At command 1 of 3:
>>> 1   m 8 n
    2   m 0 o
    3   m 2 n


Turn 48
================================================================
warning: entity 2 was directed to use 37 halite to move south, but only 36 halite was available
At command 3 of 3:
    1   m 8 o
    2   m 0 o
>>> 3   m 2 s


Turn 49
================================================================
warning: owned entities 2, 0 collided on cell (12, 16) as the result of moves on this turn
At command 3 of 3:
    1   m 8 n
    2   m 0 o
>>> 3   m 2 n

