
Turn 3
================================================================
warning: entity 0 was directed to use 31 halite to move east, but only 0 halite was available
At command 1 of 2:
>>> 1   m 0 e
    2   g


Turn 5
================================================================
warning: entity 2 was directed to use 23 halite to move west, but only 0 halite was available
At command 2 of 3:
    1   m 0 o
>>> 2   m 2 w
    3   g


Turn 6
================================================================
warning: owned entities 2, 0 collided on cell (9, 17) as the result of moves on this turn
At command 2 of 3:
    1   m 0 o
>>> 2   m 2 e
    3   m 4 e


Turn 7
================================================================
warning: entity 4 was directed to use 47 halite to move south, but only 0 halite was available
At command 1 of 2:
>>> 1   m 4 s
    2   g


Turn 9
================================================================
warning: entity 6 was directed to use 17 halite to move west, but only 0 halite was available
At command 2 of 3:
    1   m 4 o
>>> 2   m 6 w
    3   g


Turn 10
================================================================
warning: owned entities 6, 4 collided on cell (9, 17) as the result of moves on this turn
At command 2 of 3:
    1   m 4 o
>>> 2   m 6 e
    3   m 7 w


Turn 11
================================================================
warning: entity 7 was directed to use 47 halite to move south, but only 0 halite was available
At command 1 of 1:
>>> 1   m 7 s

