
Turn 3
================================================================
warning: entity 1 was directed to use 7 halite to move north, but only 0 halite was available
At command 1 of 2:
>>> 1   m 1 n
    2   g


Turn 44
================================================================
warning: entity 1 was directed to use 2 halite to move north, but only 0 halite was available
At command 2 of 3:
    1   m 3 s
>>> 2   m 1 n
    3   g


Turn 45
================================================================
warning: entity 3 was directed to use 16 halite to move south, but only 14 halite was available
At command 2 of 3:
    1   m 1 n
>>> 2   m 3 s
    3   m 4 o


Turn 67
================================================================
warning: entity 3 was directed to use 2 halite to move south, but only 0 halite was available
At command 3 of 3:
    1   m 1 s
    2   m 4 o
>>> 3   m 3 s


Turn 88
================================================================
warning: entity 5 was directed to use 2 halite to move south, but only 0 halite was available
At command 2 of 4:
    1   m 3 w
>>> 2   m 5 s
    3   m 1 o
    4   m 4 s


Turn 104
================================================================
warning: entity 4 was directed to use 1 halite to move south, but only 0 halite was available
At command 4 of 5:
    2   m 3 o
    3   m 5 o
>>> 4   m 4 s
    5   g


Turn 107
================================================================
warning: entity 6 was directed to use 1 halite to move south, but only 0 halite was available
At command 4 of 5:
    2   m 5 e
    3   m 3 o
>>> 4   m 6 s
    5   m 4 o


Turn 123
================================================================
warning: entity 7 was directed to use 2 halite to move south, but only 0 halite was available
At command 6 of 6:
    4   m 3 o
    5   m 4 o
>>> 6   m 7 s


Turn 164
================================================================
warning: entity 5 was directed to use 2 halite to move west, but only 0 halite was available
At command 6 of 8:
    4   m 4 o
    5   m 8 o
>>> 6   m 5 w
    7   m 9 w
    8   m 1 o


Turn 171
================================================================
warning: entity 1 was directed to use 1 halite to move west, but only 0 halite was available
At command 4 of 9:
    2   m 4 e
    3   m 3 w
>>> 4   m 1 w
    5   m 9 o
    6   m 5 w


Turn 176
================================================================
warning: entity 6 was directed to use 1 halite to move east, but only 0 halite was available
At command 7 of 9:
    5   m 8 n
    6   m 3 o
>>> 7   m 6 e
    8   m 9 o
    9   m 4 o


Turn 187
================================================================
warning: entity 8 was directed to use 1 halite to move east, but only 0 halite was available
At command 8 of 10:
    6   m 3 w
    7   m 4 n
>>> 8   m 8 e
    9   m 10 o
    10   m 7 n

