
Turn 3
================================================================
warning: entity 1 was directed to use 6 halite to move west, but only 0 halite was available
At command 1 of 2:
>>> 1   m 1 w
    2   g


Turn 8
================================================================
warning: entity 3 was directed to use 2 halite to move south, but only 0 halite was available
At command 3 of 4:
    1   m 2 o
    2   m 1 o
>>> 3   m 3 s
    4   g


Turn 10
================================================================
warning: entity 4 was directed to use 3 halite to move west, but only 0 halite was available
At command 4 of 5:
    2   m 1 o
    3   m 3 o
>>> 4   m 4 w
    5   g


Turn 12
================================================================
warning: entity 4 was directed to use 10 halite to move west, but only 8 halite was available
At command 4 of 5:
    2   m 1 o
    3   m 3 o
>>> 4   m 4 w
    5   m 5 o


Turn 30
================================================================
warning: entity 1 was directed to use 3 halite to move east, but only 0 halite was available
At command 5 of 5:
    3   m 5 o
    4   m 2 o
>>> 5   m 1 e


Turn 51
================================================================
warning: entity 6 was directed to use 2 halite to move west, but only 0 halite was available
At command 6 of 6:
    4   m 5 o
    5   m 2 o
>>> 6   m 6 w


Turn 74
================================================================
warning: entity 8 was directed to use 1 halite to move west, but only 0 halite was available
At command 8 of 8:
    6   m 1 w
    7   m 2 s
>>> 8   m 8 w


Turn 81
================================================================
warning: entity 1 was directed to use 1 halite to move east, but only 0 halite was available
At command 8 of 8:
    6   m 5 w
    7   m 4 w
>>> 8   m 1 e


Turn 90
================================================================
warning: entity 5 was directed to use 1 halite to move north, but only 0 halite was available
At command 8 of 9:
    6   m 2 o
    7   m 4 w
>>> 8   m 5 n
    9   g


Turn 114
================================================================
warning: entity 3 was directed to use 1 halite to move west, but only 0 halite was available
At command 5 of 12:
    3   m 4 o
    4   m 5 w
>>> 5   m 3 w
    6   m 9 n
    7   m 1 o


Turn 134
================================================================
warning: entity 13 was directed to use 2 halite to move west, but only 1 halite was available
At command 13 of 14:
    11   m 9 e
    12   m 1 o
>>> 13   m 13 w
    14   m 14 n


Turn 348
================================================================
warning: entity 9 was directed to use 1 halite to move west, but only 0 halite was available
At command 20 of 22:
    18   m 17 o
    19   m 4 e
>>> 20   m 9 w
    21   m 18 w
    22   m 11 o


Turn 368
================================================================
warning: entity 14 was directed to use 1 halite to move west, but only 0 halite was available
At command 12 of 22:
    10   m 15 o
    11   m 21 s
>>> 12   m 14 w
    13   m 3 o
    14   m 20 o

