
Turn 18
================================================================
warning: entity 1 was directed to use 10 halite to move east, but only 0 halite was available
At command 4 of 5:
    2   m 2 o
    3   m 6 o
>>> 4   m 1 e
    5   g


Turn 30
================================================================
warning: entity 10 was directed to use 8 halite to move west, but only 0 halite was available
At command 3 of 6:
    1   m 6 o
    2   m 8 o
>>> 3   m 10 w
    4   m 2 o
    5   m 4 o


Turn 36
================================================================
warning: entity 4 was directed to use 6 halite to move west, but only 0 halite was available
At command 5 of 7:
    3   m 8 e
    4   m 1 o
>>> 5   m 4 w
    6   m 6 o
    7   g


Turn 43
================================================================
warning: entity 13 was directed to use 7 halite to move east, but only 0 halite was available
At command 8 of 8:
    6   m 6 s
    7   m 8 o
>>> 8   m 13 e


Turn 47
================================================================
warning: entity 1 was directed to use 7 halite to move east, but only 0 halite was available
At command 8 of 8:
    6   m 12 o
    7   m 4 o
>>> 8   m 1 e


Turn 55
================================================================
warning: entity 15 was directed to use 3 halite to move east, but only 0 halite was available
At command 9 of 9:
    7   m 12 o
    8   m 6 o
>>> 9   m 15 e


Turn 89
================================================================
warning: entity 4 was directed to use 1 halite to move west, but only 0 halite was available
At command 10 of 12:
    8   m 13 w
    9   m 10 o
>>> 10   m 4 w
    11   m 22 o
    12   m 2 o


Turn 102
================================================================
warning: entity 27 was directed to use 1 halite to move east, but only 0 halite was available
At command 13 of 14:
    11   m 13 o
    12   m 8 s
>>> 13   m 27 e
    14   m 1 s


Turn 158
================================================================
warning: entity 22 was directed to use 1 halite to move west, but only 0 halite was available
At command 19 of 21:
    17   m 13 s
    18   m 6 o
>>> 19   m 22 w
    20   m 4 n
    21   m 40 w

