
Turn 3
================================================================
warning: entity 1 was directed to use 5 halite to move north, but only 0 halite was available
At command 1 of 2:
>>> 1   m 1 n
    2   g


Turn 10
================================================================
warning: entity 6 was directed to use 2 halite to move north, but only 0 halite was available
At command 3 of 5:
    1   m 1 o
    2   m 2 o
>>> 3   m 6 n
    4   m 4 o
    5   g


Turn 12
================================================================
warning: entity 6 was directed to use 8 halite to move east, but only 5 halite was available
At command 5 of 5:
    3   m 8 o
    4   m 1 o
>>> 5   m 6 e


Turn 28
================================================================
warning: entity 1 was directed to use 2 halite to move north, but only 0 halite was available
At command 4 of 5:
    2   m 6 o
    3   m 4 o
>>> 4   m 1 n
    5   m 2 o


Turn 41
================================================================
warning: entity 10 was directed to use 1 halite to move east, but only 0 halite was available
At command 2 of 6:
    1   m 1 n
>>> 2   m 10 e
    3   m 2 o
    4   m 6 o


Turn 63
================================================================
warning: entity 6 was directed to use 1 halite to move north, but only 0 halite was available
At command 7 of 8:
    5   m 1 e
    6   m 8 e
>>> 7   m 6 n
    8   g

