
Turn 30
================================================================
warning: entity 2 was directed to use 6 halite to move east, but only 0 halite was available
At command 5 of 6:
    3   m 6 o
    4   m 4 e
>>> 5   m 2 e
    6   g


Turn 36
================================================================
warning: entity 6 was directed to use 4 halite to move east, but only 0 halite was available
At command 4 of 7:
    2   m 0 o
    3   m 8 o
>>> 4   m 6 e
    5   m 4 s
    6   m 5 s


Turn 39
================================================================
warning: entity 9 was directed to use 7 halite to move south, but only 0 halite was available
At command 7 of 7:
    5   m 4 e
    6   m 5 w
>>> 7   m 9 s


Turn 44
================================================================
warning: entity 10 was directed to use 5 halite to move south, but only 0 halite was available
At command 3 of 8:
    1   m 8 e
    2   m 0 e
>>> 3   m 10 s
    4   m 2 o
    5   m 6 n


Turn 48
================================================================
warning: entity 12 was directed to use 5 halite to move south, but only 0 halite was available
At command 9 of 9:
    7   m 10 o
    8   m 5 e
>>> 9   m 12 s


Turn 55
================================================================
warning: entity 8 was directed to use 4 halite to move south, but only 0 halite was available
At command 9 of 10:
    7   m 12 o
    8   m 0 o
>>> 9   m 8 s
    10   g


Turn 57
================================================================
warning: entity 13 was directed to use 4 halite to move south, but only 0 halite was available
At command 10 of 10:
    8   m 0 s
    9   m 8 o
>>> 10   m 13 s


Turn 60
================================================================
warning: entity 2 was directed to use 4 halite to move south, but only 0 halite was available
At command 10 of 11:
    8   m 10 o
    9   m 0 s
>>> 10   m 2 s
    11   g


Turn 62
================================================================
warning: entity 14 was directed to use 1 halite to move east, but only 0 halite was available
At command 6 of 11:
    4   m 9 o
    5   m 4 o
>>> 6   m 14 e
    7   m 12 o
    8   m 2 o


Turn 64
================================================================
warning: entity 14 was directed to use 5 halite to move east, but only 4 halite was available
At command 10 of 11:
    8   m 13 e
    9   m 9 o
>>> 10   m 14 e
    11   m 10 o


Turn 67
================================================================
warning: entity 0 was directed to use 3 halite to move south, but only 0 halite was available
At command 9 of 12:
    7   m 8 o
    8   m 4 o
>>> 9   m 0 s
    10   m 2 o
    11   m 6 e


Turn 69
================================================================
warning: entity 0 was directed to use 8 halite to move west, but only 6 halite was available
At command 10 of 12:
    8   m 4 e
    9   m 2 o
>>> 10   m 0 w
    11   m 16 s
    12   m 6 e

warning: entity 16 was directed to use 3 halite to move south, but only 0 halite was available
At command 11 of 12:
    9   m 2 o
    10   m 0 w
>>> 11   m 16 s
    12   m 6 e


Turn 74
================================================================
warning: entity 12 was directed to use 3 halite to move south, but only 0 halite was available
At command 12 of 13:
    10   m 13 o
    11   m 6 e
>>> 12   m 12 s
    13   g


Turn 76
================================================================
warning: entity 18 was directed to use 1 halite to move east, but only 0 halite was available
At command 13 of 13:
    11   m 5 o
    12   m 6 e
>>> 13   m 18 e


Turn 80
================================================================
warning: entity 10 was directed to use 2 halite to move east, but only 0 halite was available
At command 13 of 13:
    11   m 13 w
    12   m 4 w
>>> 13   m 10 e


Turn 83
================================================================
warning: entity 9 was directed to use 2 halite to move south, but only 0 halite was available
At command 10 of 14:
    8   m 12 o
    9   m 18 o
>>> 10   m 9 s
    11   m 4 e
    12   m 10 o


Turn 85
================================================================
warning: entity 20 was directed to use 2 halite to move west, but only 0 halite was available
At command 14 of 14:
    12   m 10 o
    13   m 6 w
>>> 14   m 20 w


Turn 93
================================================================
warning: entity 21 was directed to use 5 halite to move east, but only 1 halite was available
At command 11 of 15:
    9   m 16 n
    10   m 6 s
>>> 11   m 21 e
    12   m 13 n
    13   m 2 n


Turn 95
================================================================
warning: entity 5 was directed to use 1 halite to move east, but only 0 halite was available
At command 10 of 16:
    8   m 12 o
    9   m 13 w
>>> 10   m 5 e
    11   m 20 o
    12   m 8 o


Turn 103
================================================================
warning: entity 24 was directed to use 1 halite to move west, but only 0 halite was available
At command 17 of 17:
    15   m 6 e
    16   m 0 o
>>> 17   m 24 w


Turn 113
================================================================
warning: entity 13 was directed to use 1 halite to move east, but only 0 halite was available
At command 18 of 19:
    16   m 12 e
    17   m 26 o
>>> 18   m 13 e
    19   m 27 n


Turn 118
================================================================
warning: entity 14 was directed to use 1 halite to move west, but only 0 halite was available
At command 15 of 20:
    13   m 20 o
    14   m 9 n
>>> 15   m 14 w
    16   m 0 w
    17   m 12 o


Turn 120
================================================================
warning: entity 14 was directed to use 4 halite to move west, but only 3 halite was available
At command 16 of 20:
    14   m 20 e
    15   m 6 s
>>> 16   m 14 w
    17   m 12 o
    18   m 8 o


Turn 123
================================================================
warning: entity 10 was directed to use 1 halite to move south, but only 0 halite was available
At command 17 of 20:
    15   m 6 e
    16   m 12 o
>>> 17   m 10 s
    18   m 29 o
    19   m 9 n


Turn 135
================================================================
warning: entity 4 was directed to use 1 halite to move west, but only 0 halite was available
At command 22 of 22:
    20   m 31 o
    21   m 12 o
>>> 22   m 4 w


Turn 141
================================================================
warning: entity 35 was directed to use 2 halite to move west, but only 0 halite was available
At command 18 of 24:
    16   m 5 w
    17   m 9 s
>>> 18   m 35 w
    19   m 2 o
    20   m 34 w


Turn 142
================================================================
warning: entity 34 was directed to use 6 halite to move west, but only 2 halite was available
At command 24 of 24:
    22   m 26 o
    23   m 6 o
>>> 24   m 34 w


Turn 160
================================================================
warning: entity 6 was directed to use 1 halite to move west, but only 0 halite was available
At command 26 of 27:
    24   m 8 e
    25   m 2 o
>>> 26   m 6 w
    27   m 18 o


Turn 165
================================================================
warning: entity 42 was directed to use 1 halite to move west, but only 0 halite was available
At command 24 of 28:
    22   m 20 o
    23   m 18 o
>>> 24   m 42 w
    25   m 2 o
    26   m 9 s


Turn 179
================================================================
warning: entity 8 was directed to use 3 halite to move east, but only 0 halite was available
At command 24 of 30:
    22   m 20 n
    23   m 14 e
>>> 24   m 8 e
    25   m 45 e
    26   m 24 w


Turn 181
================================================================
warning: entity 23 was directed to use 1 halite to move west, but only 0 halite was available
At command 28 of 31:
    26   m 27 s
    27   m 40 o
>>> 28   m 23 w
    29   m 2 e
    30   m 36 e

