
Turn 3
================================================================
warning: entity 0 was directed to use 1 halite to move north, but only 0 halite was available
At command 1 of 2:
>>> 1   m 0 n
    2   g


Turn 6
================================================================
warning: entity 2 was directed to use 1 halite to move north, but only 0 halite was available
At command 1 of 3:
>>> 1   m 2 n
    2   m 0 o
    3   g


Turn 8
================================================================
warning: entity 2 was directed to use 4 halite to move east, but only 3 halite was available
At command 2 of 3:
    1   m 0 o
>>> 2   m 2 e
    3   m 4 n

warning: entity 4 was directed to use 2 halite to move north, but only 0 halite was available
At command 3 of 3:
    1   m 0 o
    2   m 2 e
>>> 3   m 4 n


Turn 42
================================================================
warning: entity 0 was directed to use 1 halite to move north, but only 0 halite was available
At command 2 of 3:
    1   m 4 w
>>> 2   m 0 n
    3   m 2 o


Turn 53
================================================================
warning: entity 4 was directed to use 1 halite to move east, but only 0 halite was available
At command 2 of 4:
    1   m 0 o
>>> 2   m 4 e
    3   m 2 o
    4   g


Turn 92
================================================================
warning: entity 0 was directed to use 1 halite to move east, but only 0 halite was available
At command 5 of 5:
    3   m 7 o
    4   m 4 o
>>> 5   m 0 e


Turn 121
================================================================
warning: entity 7 was directed to use 1 halite to move west, but only 0 halite was available
At command 6 of 7:
    4   m 0 o
    5   m 4 w
>>> 6   m 7 w
    7   g


Turn 123
================================================================
warning: entity 11 was directed to use 1 halite to move east, but only 0 halite was available
At command 7 of 7:
    5   m 7 o
    6   m 4 w
>>> 7   m 11 e


Turn 127
================================================================
warning: entity 4 was directed to use 1 halite to move south, but only 0 halite was available
At command 7 of 8:
    5   m 9 o
    6   m 11 o
>>> 7   m 4 s
    8   g


Turn 130
================================================================
warning: entity 12 was directed to use 1 halite to move east, but only 0 halite was available
At command 4 of 8:
    2   m 7 o
    3   m 9 n
>>> 4   m 12 e
    5   m 4 s
    6   m 11 o


Turn 137
================================================================
warning: entity 6 was directed to use 1 halite to move west, but only 0 halite was available
At command 8 of 8:
    6   m 11 w
    7   m 0 w
>>> 8   m 6 w


Turn 337
================================================================
error: timed out after 2000 ms (when reading string)
Last input received was:


