
Turn 34
================================================================
warning: entity 4 was directed to use 6 halite to move north, but only 0 halite was available
At command 5 of 6:
    3   m 5 o
    4   m 2 w
>>> 5   m 4 n
    6   g


Turn 36
================================================================
warning: entity 8 was directed to use 10 halite to move south, but only 0 halite was available
At command 3 of 6:
    1   m 6 w
    2   m 5 o
>>> 3   m 8 s
    4   m 0 o
    5   m 4 o


Turn 47
================================================================
warning: entity 2 was directed to use 12 halite to move west, but only 0 halite was available
At command 6 of 6:
    4   m 6 e
    5   m 4 o
>>> 6   m 2 w


Turn 53
================================================================
warning: entity 11 was directed to use 3 halite to move west, but only 0 halite was available
At command 8 of 8:
    6   m 6 e
    7   m 5 w
>>> 8   m 11 w


Turn 60
================================================================
warning: entity 13 was directed to use 2 halite to move west, but only 0 halite was available
At command 8 of 9:
    6   m 11 n
    7   m 10 o
>>> 8   m 13 w
    9   m 5 e


Turn 91
================================================================
warning: entity 4 was directed to use 4 halite to move east, but only 0 halite was available
At command 10 of 11:
    8   m 5 o
    9   m 10 o
>>> 10   m 4 e
    11   g


Turn 108
================================================================
warning: entity 8 was directed to use 2 halite to move west, but only 0 halite was available
At command 5 of 13:
    3   m 17 o
    4   m 6 o
>>> 5   m 8 w
    6   m 14 o
    7   m 10 o


Turn 114
================================================================
warning: entity 22 was directed to use 1 halite to move west, but only 0 halite was available
At command 11 of 14:
    9   m 14 e
    10   m 13 w
>>> 11   m 22 w
    12   m 0 o
    13   m 5 e


Turn 128
================================================================
warning: entity 25 was directed to use 1 halite to move west, but only 0 halite was available
At command 16 of 16:
    14   m 8 o
    15   m 0 o
>>> 16   m 25 w


Turn 145
================================================================
warning: entity 14 was directed to use 1 halite to move west, but only 0 halite was available
At command 17 of 18:
    15   m 2 o
    16   m 8 w
>>> 17   m 14 w
    18   m 29 s


Turn 224
================================================================
warning: entity 5 was directed to use 1 halite to move west, but only 0 halite was available
At command 25 of 29:
    23   m 10 o
    24   m 44 o
>>> 25   m 5 w
    26   m 31 n
    27   m 13 n

