
Turn 7
================================================================
warning: entity 3 was directed to use 5 halite to move north, but only 0 halite was available
At command 1 of 2:
>>> 1   m 3 n
    2   m 1 o


Turn 41
================================================================
warning: entity 3 was directed to use 7 halite to move east, but only 0 halite was available
At command 2 of 3:
    1   m 1 s
>>> 2   m 3 e
    3   g


Turn 45
================================================================
warning: entity 1 was directed to use 3 halite to move east, but only 0 halite was available
At command 3 of 3:
    1   m 4 o
    2   m 3 o
>>> 3   m 1 e


Turn 80
================================================================
warning: entity 5 was directed to use 3 halite to move south, but only 0 halite was available
At command 4 of 4:
    2   m 4 o
    3   m 1 o
>>> 4   m 5 s


Turn 82
================================================================
warning: entity 5 was directed to use 7 halite to move south, but only 6 halite was available
At command 4 of 4:
    2   m 3 o
    3   m 4 s
>>> 4   m 5 s


Turn 84
================================================================
warning: entity 4 was directed to use 2 halite to move south, but only 0 halite was available
At command 4 of 5:
    2   m 3 n
    3   m 5 o
>>> 4   m 4 s
    5   g


Turn 104
================================================================
warning: entity 5 was directed to use 2 halite to move east, but only 0 halite was available
At command 5 of 5:
    3   m 3 s
    4   m 1 s
>>> 5   m 5 e


Turn 117
================================================================
warning: entity 6 was directed to use 1 halite to move east, but only 0 halite was available
At command 4 of 6:
    2   m 7 e
    3   m 4 n
>>> 4   m 6 e
    5   m 1 o
    6   m 3 o


Turn 120
================================================================
warning: entity 4 was directed to use 1 halite to move east, but only 0 halite was available
At command 6 of 7:
    4   m 1 o
    5   m 5 o
>>> 6   m 4 e
    7   g


Turn 161
================================================================
warning: entity 7 was directed to use 1 halite to move west, but only 0 halite was available
At command 8 of 8:
    6   m 8 w
    7   m 4 o
>>> 8   m 7 w


Turn 164
================================================================
warning: entity 3 was directed to use 1 halite to move west, but only 0 halite was available
At command 8 of 8:
    6   m 6 o
    7   m 5 e
>>> 8   m 3 w


Turn 201
================================================================
warning: entity 4 was directed to use 1 halite to move west, but only 0 halite was available
At command 10 of 11:
    8   m 9 w
    9   m 5 w
>>> 10   m 4 w
    11   m 7 o


Turn 264
================================================================
warning: entity 4 was directed to use 1 halite to move west, but only 0 halite was available
At command 11 of 11:
    9   m 9 o
    10   m 6 w
>>> 11   m 4 w

