
Turn 20
================================================================
warning: entity 2 was directed to use 23 halite to move west, but only 0 halite was available
At command 2 of 3:
    1   m 0 e
>>> 2   m 2 w
    3   g


Turn 38
================================================================
warning: entity 6 was directed to use 14 halite to move east, but only 0 halite was available
At command 4 of 4:
    2   m 4 o
    3   m 2 s
>>> 4   m 6 e


Turn 46
================================================================
warning: entity 0 was directed to use 12 halite to move west, but only 0 halite was available
At command 4 of 5:
    2   m 2 o
    3   m 6 o
>>> 4   m 0 w
    5   g


Turn 48
================================================================
warning: entity 8 was directed to use 5 halite to move north, but only 0 halite was available
At command 5 of 5:
    3   m 4 w
    4   m 0 o
>>> 5   m 8 n


Turn 58
================================================================
warning: entity 6 was directed to use 8 halite to move east, but only 0 halite was available
At command 5 of 6:
    3   m 2 w
    4   m 4 o
>>> 5   m 6 e
    6   g


Turn 64
================================================================
warning: entity 2 was directed to use 4 halite to move north, but only 0 halite was available
At command 5 of 6:
    3   m 6 o
    4   m 4 o
>>> 5   m 2 n
    6   m 10 o


Turn 84
================================================================
warning: entity 4 was directed to use 6 halite to move east, but only 0 halite was available
At command 7 of 8:
    5   m 13 o
    6   m 6 w
>>> 7   m 4 e
    8   g


Turn 89
================================================================
warning: entity 6 was directed to use 4 halite to move east, but only 0 halite was available
At command 3 of 9:
    1   m 8 o
    2   m 0 o
>>> 3   m 6 e
    4   m 14 e
    5   m 10 e


Turn 95
================================================================
warning: entity 10 was directed to use 4 halite to move west, but only 0 halite was available
At command 7 of 9:
    5   m 2 w
    6   m 6 o
>>> 7   m 10 w
    8   m 16 e
    9   m 0 n


Turn 102
================================================================
warning: entity 18 was directed to use 2 halite to move north, but only 0 halite was available
At command 9 of 10:
    7   m 0 n
    8   m 4 e
>>> 9   m 18 n
    10   m 2 o


Turn 114
================================================================
warning: entity 20 was directed to use 3 halite to move east, but only 0 halite was available
At command 11 of 11:
    9   m 8 o
    10   m 4 s
>>> 11   m 20 e


Turn 120
================================================================
warning: entity 13 was directed to use 8 halite to move north, but only 1 halite was available
At command 6 of 12:
    4   m 0 o
    5   m 18 o
>>> 6   m 13 n
    7   m 16 o
    8   m 10 o


Turn 129
================================================================
warning: entity 6 was directed to use 1 halite to move east, but only 0 halite was available
At command 8 of 13:
    6   m 4 o
    7   m 2 o
>>> 8   m 6 e
    9   m 18 o
    10   m 20 o


Turn 143
================================================================
warning: entity 27 was directed to use 2 halite to move west, but only 0 halite was available
At command 10 of 14:
    8   m 4 e
    9   m 20 w
>>> 10   m 27 w
    11   m 10 o
    12   m 8 s


Turn 243
================================================================
warning: entity 10 was directed to use 2 halite to move east, but only 1 halite was available
At command 18 of 20:
    16   m 35 s
    17   m 13 n
>>> 18   m 10 e
    19   m 34 e
    20   m 6 s


Turn 268
================================================================
error: failed to decode bot message: "T" (at position 1)
Last input received was:
Traceback (most recent call last):
  File "MyBot.py", line 37, in <module>
    max_halite_position = find_best_move(ship)
NameError: name 'find_best_move' is not defined

