
Turn 65
================================================================
warning: entity 7 was directed to use 2 halite to move east, but only 0 halite was available
At command 7 of 7:
    5   m 10 o
    6   m 5 o
>>> 7   m 7 e


Turn 73
================================================================
warning: entity 9 was directed to use 1 halite to move west, but only 0 halite was available
At command 2 of 8:
    1   m 5 n
>>> 2   m 9 w
    3   m 1 o
    4   m 10 o


Turn 102
================================================================
warning: entity 5 was directed to use 8 halite to move west, but only 3 halite was available
At command 8 of 8:
    6   m 12 o
    7   m 10 n
>>> 8   m 5 w


Turn 146
================================================================
warning: entity 16 was directed to use 1 halite to move west, but only 0 halite was available
At command 11 of 12:
    9   m 10 w
    10   m 7 n
>>> 11   m 16 w
    12   m 12 s


Turn 360
================================================================
warning: entity 13 was directed to use 1 halite to move south, but only 0 halite was available
At command 18 of 19:
    16   m 20 e
    17   m 19 w
>>> 18   m 13 s
    19   m 22 w

