
Turn 12
================================================================
warning: entity 8 was directed to use 3 halite to move west, but only 0 halite was available
At command 5 of 5:
    3   m 4 s
    4   m 1 o
>>> 5   m 8 w


Turn 67
================================================================
warning: entity 8 was directed to use 2 halite to move north, but only 0 halite was available
At command 4 of 6:
    2   m 1 w
    3   m 6 o
>>> 4   m 8 n
    5   m 2 o
    6   g


Turn 116
================================================================
warning: entity 2 was directed to use 1 halite to move west, but only 0 halite was available
At command 6 of 9:
    4   m 17 n
    5   m 1 w
>>> 6   m 2 w
    7   m 11 e
    8   m 13 o

