
Turn 29
================================================================
warning: entity 3 was directed to use 3 halite to move south, but only 0 halite was available
At command 2 of 2:
    1   m 1 s
>>> 2   m 3 s


Turn 36
================================================================
warning: entity 1 was directed to use 2 halite to move west, but only 0 halite was available
At command 2 of 3:
    1   m 3 o
>>> 2   m 1 w
    3   g


Turn 58
================================================================
warning: entity 1 was directed to use 1 halite to move north, but only 0 halite was available
At command 3 of 3:
    1   m 7 e
    2   m 3 e
>>> 3   m 1 n


Turn 63
================================================================
warning: entity 3 was directed to use 1 halite to move west, but only 0 halite was available
At command 2 of 4:
    1   m 7 o
>>> 2   m 3 w
    3   m 1 n
    4   g


Turn 65
================================================================
warning: entity 3 was directed to use 6 halite to move west, but only 4 halite was available
At command 3 of 4:
    1   m 1 o
    2   m 7 o
>>> 3   m 3 w
    4   m 11 n


Turn 66
================================================================
warning: entity 11 was directed to use 2 halite to move west, but only 0 halite was available
At command 3 of 4:
    1   m 1 o
    2   m 7 o
>>> 3   m 11 w
    4   m 3 w


Turn 81
================================================================
warning: entity 7 was directed to use 1 halite to move north, but only 0 halite was available
At command 3 of 4:
    1   m 3 n
    2   m 11 e
>>> 3   m 7 n
    4   m 1 n


Turn 91
================================================================
warning: entity 3 was directed to use 2 halite to move west, but only 0 halite was available
At command 3 of 5:
    1   m 7 o
    2   m 1 o
>>> 3   m 3 w
    4   m 11 n
    5   m 13 n


Turn 99
================================================================
warning: entity 11 was directed to use 1 halite to move east, but only 0 halite was available
At command 2 of 5:
    1   m 7 n
>>> 2   m 11 e
    3   m 3 o
    4   m 13 o


Turn 105
================================================================
warning: entity 1 was directed to use 1 halite to move south, but only 0 halite was available
At command 4 of 6:
    2   m 3 o
    3   m 7 o
>>> 4   m 1 s
    5   m 13 o
    6   g


Turn 107
================================================================
warning: entity 17 was directed to use 1 halite to move west, but only 0 halite was available
At command 4 of 6:
    2   m 3 s
    3   m 13 o
>>> 4   m 17 w
    5   m 1 o
    6   m 7 o


Turn 126
================================================================
warning: entity 7 was directed to use 1 halite to move west, but only 0 halite was available
At command 6 of 6:
    4   m 11 o
    5   m 3 n
>>> 6   m 7 w


Turn 129
================================================================
warning: entity 7 was directed to use 4 halite to move east, but only 3 halite was available
At command 5 of 6:
    3   m 3 n
    4   m 11 s
>>> 5   m 7 e
    6   m 13 o


Turn 132
================================================================
warning: entity 3 was directed to use 1 halite to move west, but only 0 halite was available
At command 5 of 7:
    3   m 7 o
    4   m 11 o
>>> 5   m 3 w
    6   m 21 n
    7   m 13 o


Turn 141
================================================================
warning: entity 13 was directed to use 1 halite to move south, but only 0 halite was available
At command 7 of 8:
    5   m 7 o
    6   m 21 n
>>> 7   m 13 s
    8   g


Turn 146
================================================================
warning: entity 17 was directed to use 1 halite to move west, but only 0 halite was available
At command 8 of 8:
    6   m 3 o
    7   m 1 w
>>> 8   m 17 w


Turn 148
================================================================
warning: entity 17 was directed to use 4 halite to move west, but only 3 halite was available
At command 7 of 8:
    5   m 11 n
    6   m 3 n
>>> 7   m 17 w
    8   m 1 n


Turn 167
================================================================
warning: entity 7 was directed to use 1 halite to move west, but only 0 halite was available
At command 8 of 10:
    6   m 1 o
    7   m 13 o
>>> 8   m 7 w
    9   m 21 w
    10   m 28 n


Turn 192
================================================================
warning: entity 33 was directed to use 3 halite to move east, but only 2 halite was available
At command 10 of 12:
    8   m 30 o
    9   m 23 s
>>> 10   m 33 e
    11   m 25 e
    12   m 17 o


Turn 234
================================================================
warning: entity 3 was directed to use 1 halite to move east, but only 0 halite was available
At command 6 of 13:
    4   m 25 o
    5   m 30 n
>>> 6   m 3 e
    7   m 23 o
    8   m 28 s

