
Turn 3
================================================================
warning: entity 0 was directed to use 11 halite to move north, but only 0 halite was available
At command 1 of 2:
>>> 1   m 0 n
    2   g


Turn 5
================================================================
warning: entity 0 was directed to use 23 halite to move north, but only 20 halite was available
At command 1 of 3:
>>> 1   m 0 n
    2   m 2 n
    3   g

warning: entity 2 was directed to use 8 halite to move north, but only 0 halite was available
At command 2 of 3:
    1   m 0 n
>>> 2   m 2 n
    3   g


Turn 7
================================================================
warning: entity 4 was directed to use 6 halite to move north, but only 0 halite was available
At command 3 of 4:
    1   m 0 n
    2   m 2 o
>>> 3   m 4 n
    4   g


Turn 10
================================================================
warning: owned entities 2, 0 collided on cell (8, 12) as the result of moves on this turn
At command 2 of 5:
    1   m 0 o
>>> 2   m 2 n
    3   m 4 e
    4   m 6 w


Turn 17
================================================================
warning: entity 6 was directed to use 56 halite to move west, but only 44 halite was available
At command 2 of 3:
    1   m 4 o
>>> 2   m 6 w
    3   m 7 o


Turn 18
================================================================
warning: owned entities 7, 6 collided on cell (8, 12) as the result of moves on this turn
At command 3 of 3:
    1   m 4 o
    2   m 6 o
>>> 3   m 7 n

