
Turn 9
================================================================
warning: owned entities 5, 3 collided on cell (8, 17) as the result of moves on this turn
At command 2 of 3:
    1   m 3 o
>>> 2   m 5 s
    3   m 0 o


Turn 15
================================================================
warning: owned entities 9, 7 collided on cell (8, 17) as the result of moves on this turn
At command 3 of 3:
    1   m 0 o
    2   m 7 o
>>> 3   m 9 s


Turn 60
================================================================
warning: owned entities 14, 0 collided on cell (7, 16) as the result of moves on this turn
At command 2 of 2:
    1   m 0 o
>>> 2   m 14 w

