
Turn 5
================================================================
warning: entity 2 was directed to use 2 halite to move north, but only 0 halite was available
At command 2 of 3:
    1   m 0 e
>>> 2   m 2 n
    3   g


Turn 7
================================================================
warning: entity 2 was directed to use 6 halite to move east, but only 4 halite was available
At command 2 of 3:
    1   m 4 n
>>> 2   m 2 e
    3   m 0 e

warning: entity 0 was directed to use 17 halite to move east, but only 12 halite was available
At command 3 of 3:
    1   m 4 n
    2   m 2 e
>>> 3   m 0 e


Turn 10
================================================================
warning: entity 5 was directed to use 2 halite to move east, but only 0 halite was available
At command 4 of 5:
    2   m 0 o
    3   m 4 o
>>> 4   m 5 e
    5   g


Turn 12
================================================================
warning: entity 6 was directed to use 2 halite to move south, but only 0 halite was available
At command 5 of 5:
    3   m 4 w
    4   m 5 s
>>> 5   m 6 s


Turn 13
================================================================
warning: entity 5 was directed to use 11 halite to move south, but only 1 halite was available
At command 5 of 5:
    3   m 6 s
    4   m 4 o
>>> 5   m 5 s


Turn 15
================================================================
warning: entity 5 was directed to use 22 halite to move south, but only 21 halite was available
At command 4 of 5:
    2   m 4 o
    3   m 0 o
>>> 4   m 5 s
    5   m 6 o


Turn 37
================================================================
warning: entity 0 was directed to use 1 halite to move north, but only 0 halite was available
At command 5 of 5:
    3   m 4 w
    4   m 5 e
>>> 5   m 0 n


Turn 42
================================================================
warning: entity 7 was directed to use 2 halite to move east, but only 0 halite was available
At command 4 of 6:
    2   m 2 s
    3   m 0 o
>>> 4   m 7 e
    5   m 6 n
    6   m 5 n


Turn 44
================================================================
warning: entity 2 was directed to use 10 halite to move south, but only 4 halite was available
At command 4 of 6:
    2   m 4 o
    3   m 7 s
>>> 4   m 2 s
    5   m 6 n
    6   m 5 n


Turn 48
================================================================
warning: entity 8 was directed to use 1 halite to move south, but only 0 halite was available
At command 3 of 7:
    1   m 5 o
    2   m 2 o
>>> 3   m 8 s
    4   m 0 o
    5   m 7 o


Turn 68
================================================================
warning: entity 4 was directed to use 1 halite to move south, but only 0 halite was available
At command 7 of 8:
    5   m 2 n
    6   m 7 w
>>> 7   m 4 s
    8   m 9 o


Turn 78
================================================================
warning: entity 11 was directed to use 4 halite to move east, but only 2 halite was available
At command 6 of 9:
    4   m 6 e
    5   m 8 w
>>> 6   m 11 e
    7   m 9 o
    8   m 4 o


Turn 95
================================================================
warning: entity 13 was directed to use 1 halite to move west, but only 0 halite was available
At command 10 of 10:
    8   m 9 w
    9   m 6 s
>>> 10   m 13 w


Turn 122
================================================================
warning: entity 6 was directed to use 3 halite to move east, but only 2 halite was available
At command 13 of 14:
    11   m 2 e
    12   m 18 e
>>> 13   m 6 e
    14   m 7 o


Turn 127
================================================================
warning: entity 2 was directed to use 1 halite to move west, but only 0 halite was available
At command 14 of 15:
    12   m 0 o
    13   m 7 o
>>> 14   m 2 w
    15   m 20 s


Turn 134
================================================================
warning: entity 11 was directed to use 2 halite to move west, but only 0 halite was available
At command 13 of 16:
    11   m 0 w
    12   m 5 e
>>> 13   m 11 w
    14   m 4 o
    15   m 7 o


Turn 142
================================================================
warning: entity 0 was directed to use 2 halite to move east, but only 1 halite was available
At command 14 of 17:
    12   m 14 o
    13   m 6 o
>>> 14   m 0 e
    15   m 9 o
    16   m 4 n


Turn 171
================================================================
warning: entity 18 was directed to use 1 halite to move west, but only 0 halite was available
At command 10 of 20:
    8   m 2 o
    9   m 14 o
>>> 10   m 18 w
    11   m 5 o
    12   m 15 s


Turn 175
================================================================
warning: entity 6 was directed to use 1 halite to move west, but only 0 halite was available
At command 20 of 21:
    18   m 14 o
    19   m 11 e
>>> 20   m 6 w
    21   m 29 w


Turn 195
================================================================
warning: entity 15 was directed to use 3 halite to move west, but only 2 halite was available
At command 21 of 24:
    19   m 24 e
    20   m 8 w
>>> 21   m 15 w
    22   m 11 e
    23   m 2 o


Turn 233
================================================================
warning: entity 4 was directed to use 1 halite to move west, but only 0 halite was available
At command 26 of 30:
    24   m 22 o
    25   m 34 o
>>> 26   m 4 w
    27   m 13 o
    28   m 41 s


Turn 237
================================================================
warning: entity 41 was directed to use 2 halite to move west, but only 1 halite was available
At command 14 of 30:
    12   m 9 o
    13   m 8 s
>>> 14   m 41 w
    15   m 11 e
    16   m 37 o


Turn 311
================================================================
warning: entity 0 was directed to use 1 halite to move west, but only 0 halite was available
At command 27 of 32:
    25   m 32 o
    26   m 21 o
>>> 27   m 0 w
    28   m 2 n
    29   m 39 o


Turn 383
================================================================
warning: entity 31 was directed to use 1 halite to move east, but only 0 halite was available
At command 29 of 32:
    27   m 7 o
    28   m 37 o
>>> 29   m 31 e
    30   m 9 e
    31   m 13 e

