
Turn 6
================================================================
warning: entity 2 was directed to use 2 halite to move north, but only 0 halite was available
At command 2 of 3:
    1   m 1 s
>>> 2   m 2 n
    3   g


Turn 50
================================================================
warning: entity 10 was directed to use 3 halite to move north, but only 0 halite was available
At command 2 of 6:
    1   m 6 w
>>> 2   m 10 n
    3   m 2 s
    4   m 4 e


Turn 57
================================================================
warning: entity 12 was directed to use 1 halite to move north, but only 0 halite was available
At command 2 of 7:
    1   m 1 n
>>> 2   m 12 n
    3   m 4 e
    4   m 8 o


Turn 73
================================================================
warning: entity 6 was directed to use 1 halite to move west, but only 0 halite was available
At command 8 of 8:
    6   m 1 o
    7   m 14 o
>>> 8   m 6 w


Turn 108
================================================================
warning: entity 2 was directed to use 1 halite to move west, but only 0 halite was available
At command 10 of 11:
    8   m 10 o
    9   m 8 s
>>> 10   m 2 w
    11   g


Turn 123
================================================================
warning: entity 12 was directed to use 1 halite to move east, but only 0 halite was available
At command 8 of 13:
    6   m 10 o
    7   m 18 o
>>> 8   m 12 e
    9   m 4 o
    10   m 17 o


Turn 140
================================================================
warning: entity 14 was directed to use 1 halite to move west, but only 0 halite was available
At command 13 of 15:
    11   m 17 o
    12   m 1 e
>>> 13   m 14 w
    14   m 10 w
    15   m 23 w


Turn 239
================================================================
warning: entity 12 was directed to use 1 halite to move east, but only 0 halite was available
At command 21 of 23:
    19   m 6 e
    20   m 23 e
>>> 21   m 12 e
    22   m 21 o
    23   m 28 w


Turn 252
================================================================
warning: entity 25 was directed to use 1 halite to move west, but only 0 halite was available
At command 17 of 23:
    15   m 32 o
    16   m 18 o
>>> 17   m 25 w
    18   m 10 o
    19   m 6 o


Turn 267
================================================================
warning: entity 4 was directed to use 2 halite to move east, but only 0 halite was available
At command 19 of 23:
    17   m 2 o
    18   m 30 o
>>> 19   m 4 e
    20   m 18 e
    21   m 14 o

