
Turn 44
================================================================
warning: entity 6 was directed to use 4 halite to move east, but only 0 halite was available
At command 6 of 6:
    4   m 4 s
    5   m 2 e
>>> 6   m 6 e


Turn 51
================================================================
warning: entity 2 was directed to use 8 halite to move east, but only 0 halite was available
At command 6 of 7:
    4   m 9 s
    5   m 0 o
>>> 6   m 2 e
    7   g


Turn 72
================================================================
warning: entity 9 was directed to use 4 halite to move north, but only 0 halite was available
At command 8 of 9:
    6   m 6 w
    7   m 7 o
>>> 8   m 9 n
    9   g


Turn 76
================================================================
warning: entity 15 was directed to use 9 halite to move west, but only 4 halite was available
At command 8 of 9:
    6   m 2 w
    7   m 0 s
>>> 8   m 15 w
    9   m 6 o


Turn 81
================================================================
warning: entity 16 was directed to use 3 halite to move north, but only 0 halite was available
At command 10 of 10:
    8   m 0 o
    9   m 6 o
>>> 10   m 16 n


Turn 97
================================================================
warning: entity 4 was directed to use 2 halite to move west, but only 0 halite was available
At command 8 of 12:
    6   m 9 s
    7   m 13 s
>>> 8   m 4 w
    9   m 17 o
    10   m 15 o


Turn 99
================================================================
warning: entity 21 was directed to use 1 halite to move east, but only 0 halite was available
At command 12 of 12:
    10   m 4 o
    11   m 11 w
>>> 12   m 21 e


Turn 106
================================================================
warning: entity 11 was directed to use 2 halite to move west, but only 0 halite was available
At command 11 of 13:
    9   m 9 e
    10   m 4 o
>>> 11   m 11 w
    12   m 7 s
    13   g


Turn 111
================================================================
warning: entity 23 was directed to use 3 halite to move east, but only 1 halite was available
At command 12 of 14:
    10   m 17 o
    11   m 21 o
>>> 12   m 23 e
    13   m 13 o
    14   g


Turn 114
================================================================
warning: entity 13 was directed to use 5 halite to move east, but only 1 halite was available
At command 13 of 14:
    11   m 24 s
    12   m 9 s
>>> 13   m 13 e
    14   m 15 o


Turn 137
================================================================
warning: entity 26 was directed to use 2 halite to move east, but only 1 halite was available
At command 13 of 15:
    11   m 7 o
    12   m 6 w
>>> 13   m 26 e
    14   m 4 e
    15   m 23 w


Turn 140
================================================================
warning: entity 23 was directed to use 1 halite to move east, but only 0 halite was available
At command 15 of 16:
    13   m 15 e
    14   m 16 s
>>> 15   m 23 e
    16   g


Turn 146
================================================================
warning: entity 17 was directed to use 1 halite to move south, but only 0 halite was available
At command 11 of 17:
    9   m 6 o
    10   m 16 s
>>> 11   m 17 s
    12   m 15 e
    13   m 23 o


Turn 160
================================================================
warning: entity 4 was directed to use 2 halite to move west, but only 1 halite was available
At command 12 of 18:
    10   m 13 w
    11   m 9 s
>>> 12   m 4 w
    13   m 16 w
    14   m 26 o


Turn 172
================================================================
warning: entity 37 was directed to use 2 halite to move west, but only 0 halite was available
At command 15 of 20:
    13   m 31 o
    14   m 6 o
>>> 15   m 37 w
    16   m 24 o
    17   m 7 n

