
Turn 7
================================================================
warning: entity 2 was directed to use 14 halite to move south, but only 0 halite was available
At command 2 of 3:
    1   m 1 o
>>> 2   m 2 s
    3   g


Turn 43
================================================================
warning: entity 2 was directed to use 3 halite to move east, but only 0 halite was available
At command 5 of 6:
    3   m 4 o
    4   m 6 n
>>> 5   m 2 e
    6   g


Turn 51
================================================================
warning: entity 6 was directed to use 2 halite to move north, but only 0 halite was available
At command 5 of 7:
    3   m 1 w
    4   m 4 o
>>> 5   m 6 n
    6   m 7 o
    7   g


Turn 57
================================================================
warning: entity 7 was directed to use 3 halite to move south, but only 0 halite was available
At command 7 of 8:
    5   m 1 w
    6   m 6 n
>>> 7   m 7 s
    8   g


Turn 59
================================================================
warning: entity 14 was directed to use 4 halite to move west, but only 0 halite was available
At command 5 of 8:
    3   m 4 o
    4   m 12 o
>>> 5   m 14 w
    6   m 6 o
    7   m 1 e


Turn 70
================================================================
warning: entity 1 was directed to use 1 halite to move east, but only 0 halite was available
At command 8 of 8:
    6   m 12 s
    7   m 7 o
>>> 8   m 1 e


Turn 92
================================================================
warning: entity 12 was directed to use 3 halite to move west, but only 0 halite was available
At command 9 of 10:
    7   m 16 o
    8   m 6 o
>>> 9   m 12 w
    10   g


Turn 94
================================================================
warning: entity 18 was directed to use 1 halite to move west, but only 0 halite was available
At command 7 of 10:
    5   m 2 o
    6   m 7 e
>>> 7   m 18 w
    8   m 4 o
    9   m 12 o


Turn 117
================================================================
warning: entity 23 was directed to use 1 halite to move west, but only 0 halite was available
At command 12 of 13:
    10   m 14 o
    11   m 7 o
>>> 12   m 23 w
    13   m 24 n


Turn 119
================================================================
warning: entity 24 was directed to use 1 halite to move east, but only 0 halite was available
At command 13 of 13:
    11   m 7 o
    12   m 23 o
>>> 13   m 24 e

