
Turn 3
================================================================
warning: entity 1 was directed to use 8 halite to move north, but only 0 halite was available
At command 1 of 2:
>>> 1   m 1 n
    2   g


Turn 5
================================================================
warning: entity 3 was directed to use 3 halite to move east, but only 0 halite was available
At command 2 of 3:
    1   m 1 o
>>> 2   m 3 e
    3   g


Turn 7
================================================================
warning: entity 5 was directed to use 6 halite to move north, but only 0 halite was available
At command 1 of 4:
>>> 1   m 5 n
    2   m 1 o
    3   m 3 e


Turn 9
================================================================
warning: entity 7 was directed to use 2 halite to move south, but only 0 halite was available
At command 3 of 5:
    1   m 1 o
    2   m 3 o
>>> 3   m 7 s
    4   m 5 o
    5   g


Turn 11
================================================================
warning: entity 9 was directed to use 4 halite to move west, but only 0 halite was available
At command 4 of 5:
    2   m 5 o
    3   m 1 o
>>> 4   m 9 w
    5   m 7 w


Turn 24
================================================================
warning: entity 1 was directed to use 1 halite to move south, but only 0 halite was available
At command 1 of 5:
>>> 1   m 1 s
    2   m 9 o
    3   m 5 o


Turn 37
================================================================
warning: entity 10 was directed to use 1 halite to move south, but only 0 halite was available
At command 6 of 6:
    4   m 7 n
    5   m 3 w
>>> 6   m 10 s


Turn 48
================================================================
warning: entity 3 was directed to use 2 halite to move west, but only 0 halite was available
At command 3 of 8:
    1   m 5 e
    2   m 10 o
>>> 3   m 3 w
    4   m 11 o
    5   m 9 o


Turn 50
================================================================
warning: entity 12 was directed to use 3 halite to move west, but only 0 halite was available
At command 3 of 8:
    1   m 1 e
    2   m 9 n
>>> 3   m 12 w
    4   m 10 o
    5   m 11 o


Turn 57
================================================================
warning: entity 7 was directed to use 2 halite to move west, but only 0 halite was available
At command 9 of 9:
    7   m 13 s
    8   m 5 e
>>> 9   m 7 w


Turn 64
================================================================
warning: entity 13 was directed to use 10 halite to move east, but only 2 halite was available
At command 9 of 9:
    7   m 1 e
    8   m 9 n
>>> 9   m 13 e


Turn 65
================================================================
warning: entity 1 was directed to use 1 halite to move north, but only 0 halite was available
At command 9 of 9:
    7   m 7 o
    8   m 5 o
>>> 9   m 1 n


Turn 72
================================================================
warning: entity 10 was directed to use 1 halite to move north, but only 0 halite was available
At command 9 of 10:
    7   m 12 e
    8   m 11 e
>>> 9   m 10 n
    10   g


Turn 74
================================================================
warning: entity 10 was directed to use 4 halite to move east, but only 3 halite was available
At command 8 of 10:
    6   m 12 e
    7   m 11 e
>>> 8   m 10 e
    9   m 9 s
    10   m 14 n

warning: entity 14 was directed to use 1 halite to move north, but only 0 halite was available
At command 10 of 10:
    8   m 10 e
    9   m 9 s
>>> 10   m 14 n


Turn 84
================================================================
warning: entity 12 was directed to use 1 halite to move north, but only 0 halite was available
At command 11 of 12:
    9   m 13 w
    10   m 5 w
>>> 11   m 12 n
    12   g


Turn 116
================================================================
warning: entity 3 was directed to use 1 halite to move west, but only 0 halite was available
At command 14 of 16:
    12   m 15 o
    13   m 1 o
>>> 14   m 3 w
    15   m 14 n
    16   m 20 w


Turn 119
================================================================
warning: entity 3 was directed to use 4 halite to move west, but only 2 halite was available
At command 14 of 16:
    12   m 19 o
    13   m 20 o
>>> 14   m 3 w
    15   m 10 w
    16   m 14 n


Turn 133
================================================================
warning: entity 14 was directed to use 1 halite to move south, but only 0 halite was available
At command 14 of 18:
    12   m 17 o
    13   m 16 o
>>> 14   m 14 s
    15   m 9 o
    16   m 1 e


Turn 146
================================================================
warning: entity 13 was directed to use 2 halite to move east, but only 0 halite was available
At command 17 of 19:
    15   m 9 o
    16   m 19 w
>>> 17   m 13 e
    18   m 15 s
    19   m 17 o


Turn 173
================================================================
warning: entity 3 was directed to use 2 halite to move south, but only 0 halite was available
At command 15 of 24:
    13   m 17 s
    14   m 18 w
>>> 15   m 3 s
    16   m 1 o
    17   m 25 o


Turn 196
================================================================
warning: entity 31 was directed to use 1 halite to move south, but only 0 halite was available
At command 27 of 28:
    25   m 5 w
    26   m 19 e
>>> 27   m 31 s
    28   g


Turn 220
================================================================
warning: entity 3 was directed to use 2 halite to move west, but only 0 halite was available
At command 27 of 28:
    25   m 16 w
    26   m 9 e
>>> 27   m 3 w
    28   m 19 e


Turn 228
================================================================
warning: entity 26 was directed to use 1 halite to move west, but only 0 halite was available
At command 23 of 28:
    21   m 9 e
    22   m 20 o
>>> 23   m 26 w
    24   m 11 o
    25   m 29 w


Turn 320
================================================================
warning: entity 13 was directed to use 21 halite to move west, but only 16 halite was available
At command 21 of 28:
    19   m 19 e
    20   m 23 e
>>> 21   m 13 w
    22   m 18 n
    23   m 26 w

