
Turn 11
================================================================
warning: entity 5 was directed to use 19 halite to move west, but only 0 halite was available
At command 5 of 5:
    3   m 1 o
    4   m 4 o
>>> 5   m 5 w


Turn 40
================================================================
warning: entity 8 was directed to use 5 halite to move south, but only 0 halite was available
At command 8 of 8:
    6   m 1 o
    7   m 7 o
>>> 8   m 8 s


Turn 42
================================================================
warning: entity 8 was directed to use 12 halite to move west, but only 10 halite was available
At command 7 of 8:
    5   m 6 o
    6   m 4 n
>>> 7   m 8 w
    8   m 5 s


Turn 46
================================================================
warning: entity 9 was directed to use 3 halite to move south, but only 0 halite was available
At command 7 of 9:
    5   m 6 o
    6   m 7 o
>>> 7   m 9 s
    8   m 1 o
    9   m 2 w


Turn 48
================================================================
warning: entity 9 was directed to use 9 halite to move west, but only 8 halite was available
At command 8 of 9:
    6   m 8 o
    7   m 6 o
>>> 8   m 9 w
    9   m 1 o


Turn 50
================================================================
warning: entity 2 was directed to use 2 halite to move south, but only 0 halite was available
At command 9 of 9:
    7   m 1 s
    8   m 9 o
>>> 9   m 2 s


Turn 55
================================================================
warning: entity 6 was directed to use 5 halite to move north, but only 0 halite was available
At command 6 of 10:
    4   m 5 o
    5   m 9 o
>>> 6   m 6 n
    7   m 3 e
    8   m 2 o


Turn 60
================================================================
warning: entity 1 was directed to use 2 halite to move west, but only 0 halite was available
At command 10 of 11:
    8   m 7 n
    9   m 3 e
>>> 10   m 1 w
    11   g


Turn 62
================================================================
warning: entity 11 was directed to use 4 halite to move north, but only 0 halite was available
At command 11 of 11:
    9   m 1 o
    10   m 7 e
>>> 11   m 11 n


Turn 64
================================================================
warning: entity 11 was directed to use 8 halite to move east, but only 7 halite was available
At command 9 of 11:
    7   m 10 o
    8   m 7 n
>>> 9   m 11 e
    10   m 4 s
    11   m 3 n


Turn 66
================================================================
warning: entity 3 was directed to use 4 halite to move south, but only 0 halite was available
At command 11 of 12:
    9   m 1 o
    10   m 4 s
>>> 11   m 3 s
    12   g


Turn 69
================================================================
warning: entity 12 was directed to use 3 halite to move south, but only 0 halite was available
At command 11 of 12:
    9   m 6 o
    10   m 11 o
>>> 11   m 12 s
    12   m 5 s


Turn 73
================================================================
warning: entity 4 was directed to use 1 halite to move south, but only 0 halite was available
At command 12 of 13:
    10   m 3 w
    11   m 12 n
>>> 12   m 4 s
    13   g


Turn 78
================================================================
warning: entity 7 was directed to use 2 halite to move north, but only 0 halite was available
At command 11 of 14:
    9   m 8 s
    10   m 1 o
>>> 11   m 7 n
    12   m 6 w
    13   m 5 w


Turn 80
================================================================
warning: entity 14 was directed to use 1 halite to move west, but only 0 halite was available
At command 13 of 14:
    11   m 4 o
    12   m 13 o
>>> 13   m 14 w
    14   m 6 o


Turn 82
================================================================
warning: entity 14 was directed to use 7 halite to move west, but only 3 halite was available
At command 12 of 14:
    10   m 5 e
    11   m 10 w
>>> 12   m 14 w
    13   m 8 o
    14   m 6 o


Turn 85
================================================================
warning: entity 15 was directed to use 1 halite to move west, but only 0 halite was available
At command 12 of 15:
    10   m 8 w
    11   m 12 o
>>> 12   m 15 w
    13   m 10 e
    14   m 9 w


Turn 95
================================================================
warning: entity 16 was directed to use 1 halite to move east, but only 0 halite was available
At command 8 of 16:
    6   m 10 e
    7   m 15 o
>>> 8   m 16 e
    9   m 1 e
    10   m 13 o


Turn 99
================================================================
warning: entity 17 was directed to use 1 halite to move east, but only 0 halite was available
At command 16 of 17:
    14   m 13 o
    15   m 14 o
>>> 16   m 17 e
    17   m 1 o


Turn 102
================================================================
warning: entity 10 was directed to use 1 halite to move north, but only 0 halite was available
At command 17 of 18:
    15   m 16 o
    16   m 2 o
>>> 17   m 10 n
    18   g


Turn 106
================================================================
warning: entity 18 was directed to use 1 halite to move east, but only 0 halite was available
At command 18 of 18:
    16   m 15 o
    17   m 9 o
>>> 18   m 18 e


Turn 157
================================================================
warning: entity 9 was directed to use 1 halite to move west, but only 0 halite was available
At command 25 of 26:
    23   m 15 n
    24   m 19 n
>>> 25   m 9 w
    26   m 26 w


Turn 188
================================================================
warning: entity 30 was directed to use 1 halite to move west, but only 0 halite was available
At command 27 of 30:
    25   m 23 w
    26   m 13 e
>>> 27   m 30 w
    28   m 19 e
    29   m 4 e


Turn 210
================================================================
warning: entity 16 was directed to use 1 halite to move west, but only 0 halite was available
At command 28 of 32:
    26   m 6 w
    27   m 2 w
>>> 28   m 16 w
    29   m 15 o
    30   m 20 o

warning: entity 19 was directed to use 2 halite to move east, but only 1 halite was available
At command 32 of 32:
    30   m 20 o
    31   m 25 n
>>> 32   m 19 e


Turn 384
================================================================
warning: entity 31 was directed to use 1 halite to move east, but only 0 halite was available
At command 32 of 32:
    30   m 14 n
    31   m 19 n
>>> 32   m 31 e


Turn 390
================================================================
warning: entity 29 was directed to use 1 halite to move east, but only 0 halite was available
At command 29 of 32:
    27   m 19 e
    28   m 17 o
>>> 29   m 29 e
    30   m 22 o
    31   m 9 w

