
Turn 172
================================================================
warning: owned entities 29, 28 collided on cell (8, 31) as the result of moves on this turn
At command 15 of 18:
    13   m 27 n
    14   m 28 o
>>> 15   m 29 n
    16   m 32 n
    17   m 34 o


Turn 181
================================================================
warning: owned entities 0, 9 collided on cell (8, 31) as the result of moves on this turn
At command 1 of 17:
>>> 1   m 0 n
    2   m 3 n
    3   m 4 o


Turn 187
================================================================
warning: owned entities 21, 32 collided on cell (8, 31) as the result of moves on this turn
At command 9 of 15:
    7   m 17 e
    8   m 19 n
>>> 9   m 21 n
    10   m 23 w
    11   m 27 w


Turn 190
================================================================
warning: owned entities 34, 7 collided on cell (8, 31) as the result of moves on this turn
At command 11 of 13:
    9   m 23 w
    10   m 27 s
>>> 11   m 34 n
    12   m 36 o
    13   m 37 s


Turn 207
================================================================
warning: owned entities 42, 3 collided on cell (8, 21) as the result of moves on this turn
At command 13 of 13:
    11   m 37 s
    12   m 41 o
>>> 13   m 42 s


Turn 225
================================================================
warning: owned entities 15, 4 collided on cell (10, 28) as the result of moves on this turn
At command 4 of 11:
    2   m 12 s
    3   m 14 o
>>> 4   m 15 e
    5   m 17 n
    6   m 19 s

