
Turn 145
================================================================
warning: owned entities 21, 13 collided on cell (6, 4) as the result of moves on this turn
At command 13 of 15:
    11   m 18 o
    12   m 19 o
>>> 13   m 21 w
    14   m 24 o
    15   m 25 n


Turn 158
================================================================
warning: owned entities 16, 6 collided on cell (4, 4) as the result of moves on this turn
At command 8 of 15:
    6   m 10 o
    7   m 14 o
>>> 8   m 16 w
    9   m 17 o
    10   m 18 s


Turn 205
================================================================
warning: owned entities 19, 0 collided on cell (10, 26) as the result of moves on this turn
At command 9 of 17:
    7   m 17 n
    8   m 18 e
>>> 9   m 19 e
    10   m 24 n
    11   m 25 n


Turn 216
================================================================
warning: owned entities 30, 5 collided on cell (11, 24) as the result of moves on this turn
At command 14 of 15:
    12   m 28 o
    13   m 29 o
>>> 14   m 30 w
    15   m 32 o


Turn 289
================================================================
warning: owned entities 32, 14 collided on cell (12, 16) as the result of moves on this turn
At command 9 of 9:
    7   m 28 o
    8   m 29 w
>>> 9   m 32 w

