
Turn 7
================================================================
warning: entity 3 was directed to use 32 halite to move south, but only 0 halite was available
At command 2 of 2:
    1   m 1 o
>>> 2   m 3 s


Turn 33
================================================================
warning: entity 3 was directed to use 9 halite to move east, but only 0 halite was available
At command 3 of 3:
    1   m 1 n
    2   m 4 o
>>> 3   m 3 e


Turn 37
================================================================
warning: entity 4 was directed to use 7 halite to move east, but only 0 halite was available
At command 3 of 4:
    1   m 1 w
    2   m 3 e
>>> 3   m 4 e
    4   g


Turn 59
================================================================
warning: entity 1 was directed to use 7 halite to move west, but only 0 halite was available
At command 5 of 5:
    3   m 3 o
    4   m 4 o
>>> 5   m 1 w


Turn 62
================================================================
warning: entity 7 was directed to use 5 halite to move east, but only 0 halite was available
At command 5 of 5:
    3   m 8 w
    4   m 1 e
>>> 5   m 7 e


Turn 66
================================================================
warning: entity 11 was directed to use 4 halite to move east, but only 0 halite was available
At command 1 of 6:
>>> 1   m 11 e
    2   m 3 o
    3   m 1 e


Turn 83
================================================================
warning: entity 3 was directed to use 18 halite to move east, but only 3 halite was available
At command 5 of 7:
    3   m 1 o
    4   m 11 w
>>> 5   m 3 e
    6   m 7 o
    7   m 8 o


Turn 86
================================================================
warning: entity 1 was directed to use 4 halite to move south, but only 0 halite was available
At command 7 of 7:
    5   m 7 o
    6   m 8 n
>>> 7   m 1 s


Turn 91
================================================================
warning: entity 4 was directed to use 9 halite to move west, but only 7 halite was available
At command 1 of 7:
>>> 1   m 4 w
    2   m 12 e
    3   m 11 w


Turn 94
================================================================
warning: entity 7 was directed to use 1 halite to move east, but only 0 halite was available
At command 5 of 8:
    3   m 1 o
    4   m 8 s
>>> 5   m 7 e
    6   m 11 o
    7   m 3 w


Turn 96
================================================================
warning: entity 15 was directed to use 2 halite to move north, but only 0 halite was available
At command 8 of 9:
    6   m 1 s
    7   m 7 o
>>> 8   m 15 n
    9   g


Turn 99
================================================================
warning: entity 17 was directed to use 1 halite to move south, but only 0 halite was available
At command 9 of 9:
    7   m 12 s
    8   m 4 o
>>> 9   m 17 s


Turn 102
================================================================
warning: entity 8 was directed to use 1 halite to move west, but only 0 halite was available
At command 6 of 9:
    4   m 3 s
    5   m 17 o
>>> 6   m 8 w
    7   m 7 o
    8   m 12 w


Turn 114
================================================================
warning: entity 12 was directed to use 3 halite to move east, but only 2 halite was available
At command 7 of 11:
    5   m 3 o
    6   m 4 n
>>> 7   m 12 e
    8   m 8 o
    9   m 1 n


Turn 117
================================================================
warning: entity 12 was directed to use 13 halite to move east, but only 2 halite was available
At command 10 of 11:
    8   m 4 w
    9   m 11 e
>>> 10   m 12 e
    11   m 1 o


Turn 121
================================================================
warning: entity 7 was directed to use 4 halite to move west, but only 0 halite was available
At command 10 of 12:
    8   m 3 o
    9   m 19 o
>>> 10   m 7 w
    11   m 17 n
    12   m 22 o


Turn 125
================================================================
warning: entity 22 was directed to use 3 halite to move south, but only 0 halite was available
At command 12 of 12:
    10   m 12 o
    11   m 3 o
>>> 12   m 22 s


Turn 134
================================================================
warning: entity 26 was directed to use 2 halite to move west, but only 0 halite was available
At command 8 of 14:
    6   m 4 o
    7   m 15 o
>>> 8   m 26 w
    9   m 17 n
    10   m 11 o


Turn 143
================================================================
warning: entity 20 was directed to use 2 halite to move south, but only 0 halite was available
At command 7 of 15:
    5   m 15 o
    6   m 3 s
>>> 7   m 20 s
    8   m 19 o
    9   m 4 o

