
Turn 16
================================================================
warning: entity 3 was directed to use 21 halite to move east, but only 0 halite was available
At command 2 of 3:
    1   m 1 n
>>> 2   m 3 e
    3   g


Turn 31
================================================================
warning: entity 4 was directed to use 19 halite to move west, but only 0 halite was available
At command 2 of 3:
    1   m 1 e
>>> 2   m 4 w
    3   m 3 s


Turn 35
================================================================
warning: entity 5 was directed to use 21 halite to move south, but only 0 halite was available
At command 4 of 4:
    2   m 3 o
    3   m 1 s
>>> 4   m 5 s


Turn 37
================================================================
warning: entity 1 was directed to use 8 halite to move north, but only 0 halite was available
At command 4 of 5:
    2   m 3 o
    3   m 5 o
>>> 4   m 1 n
    5   g


Turn 49
================================================================
warning: entity 5 was directed to use 6 halite to move north, but only 0 halite was available
At command 5 of 6:
    3   m 1 w
    4   m 4 o
>>> 5   m 5 n
    6   g


Turn 62
================================================================
warning: entity 8 was directed to use 8 halite to move east, but only 0 halite was available
At command 7 of 7:
    5   m 3 o
    6   m 4 s
>>> 7   m 8 e


Turn 65
================================================================
warning: entity 4 was directed to use 6 halite to move east, but only 0 halite was available
At command 7 of 7:
    5   m 1 e
    6   m 5 s
>>> 7   m 4 e


Turn 68
================================================================
warning: entity 6 was directed to use 4 halite to move east, but only 0 halite was available
At command 7 of 7:
    5   m 3 o
    6   m 7 o
>>> 7   m 6 e


Turn 72
================================================================
warning: entity 7 was directed to use 3 halite to move east, but only 0 halite was available
At command 7 of 8:
    5   m 3 o
    6   m 5 o
>>> 7   m 7 e
    8   g


Turn 74
================================================================
warning: entity 9 was directed to use 3 halite to move north, but only 0 halite was available
At command 6 of 9:
    4   m 7 e
    5   m 1 o
>>> 6   m 9 n
    7   m 5 o
    8   m 3 o


Turn 96
================================================================
warning: entity 1 was directed to use 2 halite to move north, but only 0 halite was available
At command 8 of 9:
    6   m 3 o
    7   m 8 o
>>> 8   m 1 n
    9   m 9 w


Turn 99
================================================================
warning: entity 4 was directed to use 3 halite to move west, but only 0 halite was available
At command 6 of 9:
    4   m 1 o
    5   m 9 s
>>> 6   m 4 w
    7   m 7 o
    8   m 6 s


Turn 108
================================================================
warning: entity 11 was directed to use 1 halite to move north, but only 0 halite was available
At command 10 of 10:
    8   m 9 o
    9   m 6 o
>>> 10   m 11 n


Turn 111
================================================================
warning: entity 7 was directed to use 3 halite to move west, but only 0 halite was available
At command 10 of 11:
    8   m 3 o
    9   m 10 o
>>> 10   m 7 w
    11   m 12 s


Turn 113
================================================================
warning: entity 12 was directed to use 1 halite to move east, but only 0 halite was available
At command 11 of 12:
    9   m 10 o
    10   m 6 o
>>> 11   m 12 e
    12   m 13 s


Turn 115
================================================================
warning: entity 13 was directed to use 1 halite to move south, but only 0 halite was available
At command 12 of 13:
    10   m 3 s
    11   m 8 o
>>> 12   m 13 s
    13   m 14 s


Turn 116
================================================================
warning: entity 12 was directed to use 6 halite to move west, but only 1 halite was available
At command 7 of 13:
    5   m 9 o
    6   m 4 o
>>> 7   m 12 w
    8   m 7 o
    9   m 5 o


Turn 120
================================================================
warning: entity 3 was directed to use 1 halite to move north, but only 0 halite was available
At command 11 of 14:
    9   m 8 s
    10   m 6 n
>>> 11   m 3 n
    12   m 13 o
    13   m 1 e


Turn 126
================================================================
warning: entity 1 was directed to use 2 halite to move east, but only 0 halite was available
At command 6 of 15:
    4   m 3 o
    5   m 14 o
>>> 6   m 1 e
    7   m 12 w
    8   m 13 o


Turn 139
================================================================
warning: entity 4 was directed to use 1 halite to move east, but only 0 halite was available
At command 8 of 16:
    6   m 10 o
    7   m 11 s
>>> 8   m 4 e
    9   m 13 n
    10   m 14 o


Turn 141
================================================================
warning: entity 9 was directed to use 2 halite to move east, but only 0 halite was available
At command 16 of 16:
    14   m 14 e
    15   m 13 w
>>> 16   m 9 e


Turn 143
================================================================
warning: entity 5 was directed to use 1 halite to move east, but only 0 halite was available
At command 16 of 16:
    14   m 9 o
    15   m 10 e
>>> 16   m 5 e


Turn 149
================================================================
warning: entity 11 was directed to use 1 halite to move south, but only 0 halite was available
At command 10 of 16:
    8   m 6 o
    9   m 12 e
>>> 10   m 11 s
    11   m 16 o
    12   m 17 o

