
Turn 3
================================================================
warning: entity 1 was directed to use 12 halite to move east, but only 0 halite was available
At command 1 of 2:
>>> 1   m 1 e
    2   g


Turn 48
================================================================
warning: entity 1 was directed to use 11 halite to move west, but only 0 halite was available
At command 3 of 3:
    1   m 3 w
    2   m 8 w
>>> 3   m 1 w


Turn 76
================================================================
warning: entity 1 was directed to use 2 halite to move west, but only 0 halite was available
At command 4 of 5:
    2   m 10 w
    3   m 3 n
>>> 4   m 1 w
    5   g


Turn 82
================================================================
warning: entity 3 was directed to use 2 halite to move north, but only 0 halite was available
At command 5 of 5:
    3   m 14 o
    4   m 8 w
>>> 5   m 3 n


Turn 88
================================================================
warning: entity 10 was directed to use 4 halite to move west, but only 0 halite was available
At command 4 of 6:
    2   m 3 o
    3   m 1 o
>>> 4   m 10 w
    5   m 8 n
    6   g


Turn 93
================================================================
warning: entity 8 was directed to use 2 halite to move south, but only 0 halite was available
At command 5 of 6:
    3   m 10 o
    4   m 1 o
>>> 5   m 8 s
    6   m 14 o


Turn 118
================================================================
warning: entity 19 was directed to use 1 halite to move east, but only 0 halite was available
At command 1 of 7:
>>> 1   m 19 e
    2   m 3 o
    3   m 10 o


Turn 141
================================================================
warning: entity 10 was directed to use 1 halite to move west, but only 0 halite was available
At command 8 of 9:
    6   m 8 e
    7   m 1 o
>>> 8   m 10 w
    9   m 19 w


Turn 149
================================================================
warning: entity 19 was directed to use 2 halite to move west, but only 0 halite was available
At command 6 of 9:
    4   m 3 o
    5   m 14 o
>>> 6   m 19 w
    7   m 8 s
    8   m 10 e


Turn 152
================================================================
warning: entity 26 was directed to use 1 halite to move west, but only 0 halite was available
At command 10 of 10:
    8   m 8 o
    9   m 3 n
>>> 10   m 26 w


Turn 229
================================================================
warning: entity 1 was directed to use 1 halite to move west, but only 0 halite was available
At command 13 of 15:
    11   m 22 o
    12   m 3 e
>>> 13   m 1 w
    14   m 26 s
    15   m 33 s


Turn 246
================================================================
warning: entity 8 was directed to use 1 halite to move east, but only 0 halite was available
At command 12 of 15:
    10   m 10 w
    11   m 26 o
>>> 12   m 8 e
    13   m 24 o
    14   m 22 o

