
Turn 5
================================================================
warning: entity 2 was directed to use 3 halite to move east, but only 0 halite was available
At command 2 of 3:
    1   m 1 n
>>> 2   m 2 e
    3   g


Turn 7
================================================================
warning: entity 4 was directed to use 6 halite to move east, but only 0 halite was available
At command 3 of 4:
    1   m 1 o
    2   m 2 o
>>> 3   m 4 e
    4   g


Turn 51
================================================================
warning: entity 10 was directed to use 1 halite to move east, but only 0 halite was available
At command 3 of 6:
    1   m 4 o
    2   m 6 e
>>> 3   m 10 e
    4   m 2 o
    5   m 1 w


Turn 84
================================================================
warning: entity 13 was directed to use 2 halite to move north, but only 0 halite was available
At command 2 of 7:
    1   m 4 w
>>> 2   m 13 n
    3   m 6 o
    4   m 10 o


Turn 105
================================================================
warning: entity 16 was directed to use 1 halite to move west, but only 0 halite was available
At command 9 of 9:
    7   m 10 o
    8   m 4 n
>>> 9   m 16 w

