
Turn 3
================================================================
warning: entity 1 was directed to use 6 halite to move north, but only 0 halite was available
At command 1 of 2:
>>> 1   m 1 n
    2   g


Turn 8
================================================================
warning: entity 4 was directed to use 2 halite to move north, but only 0 halite was available
At command 3 of 4:
    1   m 1 w
    2   m 2 o
>>> 3   m 4 n
    4   g


Turn 72
================================================================
warning: entity 11 was directed to use 11 halite to move west, but only 1 halite was available
At command 5 of 6:
    3   m 2 o
    4   m 1 s
>>> 5   m 11 w
    6   m 8 s


Turn 78
================================================================
warning: entity 1 was directed to use 1 halite to move south, but only 0 halite was available
At command 6 of 7:
    4   m 8 s
    5   m 6 s
>>> 6   m 1 s
    7   g


Turn 86
================================================================
warning: entity 14 was directed to use 1 halite to move west, but only 0 halite was available
At command 3 of 8:
    1   m 4 o
    2   m 12 o
>>> 3   m 14 w
    4   m 6 s
    5   m 8 s


Turn 96
================================================================
warning: entity 2 was directed to use 1 halite to move west, but only 0 halite was available
At command 8 of 8:
    6   m 11 n
    7   m 8 o
>>> 8   m 2 w


Turn 130
================================================================
warning: entity 1 was directed to use 1 halite to move west, but only 0 halite was available
At command 7 of 11:
    5   m 8 w
    6   m 12 n
>>> 7   m 1 w
    8   m 2 o
    9   m 6 e


Turn 133
================================================================
warning: entity 18 was directed to use 1 halite to move west, but only 0 halite was available
At command 11 of 11:
    9   m 6 o
    10   m 12 n
>>> 11   m 18 w

