
Turn 35
================================================================
warning: entity 10 was directed to use 16 halite to move west, but only 0 halite was available
At command 5 of 6:
    3   m 5 w
    4   m 6 o
>>> 5   m 10 w
    6   m 2 s


Turn 41
================================================================
warning: entity 2 was directed to use 6 halite to move west, but only 0 halite was available
At command 1 of 7:
>>> 1   m 2 w
    2   m 10 o
    3   m 5 o


Turn 57
================================================================
warning: entity 1 was directed to use 3 halite to move west, but only 0 halite was available
At command 7 of 9:
    5   m 5 o
    6   m 8 o
>>> 7   m 1 w
    8   m 12 o
    9   g


Turn 60
================================================================
warning: entity 17 was directed to use 2 halite to move west, but only 0 halite was available
At command 7 of 9:
    5   m 2 o
    6   m 1 o
>>> 7   m 17 w
    8   m 14 o
    9   m 8 o


Turn 66
================================================================
warning: entity 5 was directed to use 3 halite to move east, but only 0 halite was available
At command 7 of 10:
    5   m 6 o
    6   m 17 o
>>> 7   m 5 e
    8   m 8 o
    9   m 2 o


Turn 79
================================================================
warning: entity 10 was directed to use 1 halite to move north, but only 0 halite was available
At command 8 of 11:
    6   m 8 o
    7   m 14 n
>>> 8   m 10 n
    9   m 1 o
    10   m 2 o


Turn 138
================================================================
warning: entity 31 was directed to use 1 halite to move east, but only 0 halite was available
At command 12 of 16:
    10   m 19 e
    11   m 18 o
>>> 12   m 31 e
    13   m 29 o
    14   m 6 s

