
Turn 5
================================================================
warning: entity 3 was directed to use 11 halite to move east, but only 0 halite was available
At command 2 of 2:
    1   m 1 o
>>> 2   m 3 e


Turn 74
================================================================
warning: entity 3 was directed to use 3 halite to move north, but only 0 halite was available
At command 3 of 4:
    1   m 1 s
    2   m 8 w
>>> 3   m 3 n
    4   m 12 o


Turn 84
================================================================
warning: entity 16 was directed to use 2 halite to move north, but only 0 halite was available
At command 5 of 5:
    3   m 1 o
    4   m 8 o
>>> 5   m 16 n


Turn 101
================================================================
warning: entity 12 was directed to use 3 halite to move west, but only 0 halite was available
At command 5 of 6:
    3   m 1 e
    4   m 3 s
>>> 5   m 12 w
    6   g


Turn 103
================================================================
warning: entity 18 was directed to use 1 halite to move east, but only 0 halite was available
At command 6 of 6:
    4   m 3 s
    5   m 12 o
>>> 6   m 18 e


Turn 114
================================================================
warning: entity 3 was directed to use 2 halite to move east, but only 0 halite was available
At command 6 of 7:
    4   m 18 o
    5   m 12 o
>>> 6   m 3 e
    7   g


Turn 116
================================================================
warning: entity 21 was directed to use 2 halite to move west, but only 0 halite was available
At command 7 of 7:
    5   m 3 o
    6   m 1 e
>>> 7   m 21 w


Turn 120
================================================================
warning: entity 16 was directed to use 1 halite to move west, but only 0 halite was available
At command 5 of 8:
    3   m 21 o
    4   m 8 s
>>> 5   m 16 w
    6   m 18 o
    7   m 12 o


Turn 122
================================================================
warning: entity 23 was directed to use 2 halite to move east, but only 0 halite was available
At command 8 of 8:
    6   m 1 e
    7   m 3 o
>>> 8   m 23 e


Turn 125
================================================================
warning: entity 23 was directed to use 7 halite to move east, but only 2 halite was available
At command 8 of 8:
    6   m 18 w
    7   m 21 o
>>> 8   m 23 e


Turn 134
================================================================
warning: entity 12 was directed to use 2 halite to move west, but only 0 halite was available
At command 8 of 8:
    6   m 21 o
    7   m 18 e
>>> 8   m 12 w


Turn 139
================================================================
warning: entity 18 was directed to use 1 halite to move west, but only 0 halite was available
At command 9 of 9:
    7   m 1 o
    8   m 26 n
>>> 9   m 18 w


Turn 148
================================================================
warning: entity 1 was directed to use 3 halite to move west, but only 2 halite was available
At command 8 of 9:
    6   m 18 o
    7   m 23 s
>>> 8   m 1 w
    9   m 8 n


Turn 151
================================================================
warning: entity 3 was directed to use 1 halite to move south, but only 0 halite was available
At command 9 of 10:
    7   m 8 n
    8   m 21 w
>>> 9   m 3 s
    10   g


Turn 153
================================================================
warning: entity 30 was directed to use 1 halite to move west, but only 0 halite was available
At command 10 of 10:
    8   m 23 o
    9   m 21 w
>>> 10   m 30 w


Turn 157
================================================================
warning: entity 8 was directed to use 1 halite to move east, but only 0 halite was available
At command 9 of 10:
    7   m 30 w
    8   m 12 e
>>> 9   m 8 e
    10   m 21 s


Turn 163
================================================================
warning: entity 32 was directed to use 1 halite to move south, but only 0 halite was available
At command 11 of 11:
    9   m 26 o
    10   m 23 e
>>> 11   m 32 s


Turn 166
================================================================
warning: entity 12 was directed to use 1 halite to move west, but only 0 halite was available
At command 8 of 12:
    6   m 18 e
    7   m 23 e
>>> 8   m 12 w
    9   m 21 o
    10   m 30 o


Turn 172
================================================================
warning: entity 34 was directed to use 3 halite to move east, but only 2 halite was available
At command 12 of 12:
    10   m 26 s
    11   m 23 e
>>> 12   m 34 e


Turn 173
================================================================
warning: entity 23 was directed to use 1 halite to move east, but only 0 halite was available
At command 12 of 12:
    10   m 18 s
    11   m 26 e
>>> 12   m 23 e


Turn 177
================================================================
warning: entity 16 was directed to use 1 halite to move west, but only 0 halite was available
At command 12 of 13:
    10   m 21 o
    11   m 18 n
>>> 12   m 16 w
    13   m 37 n


Turn 196
================================================================
warning: entity 26 was directed to use 4 halite to move west, but only 1 halite was available
At command 9 of 14:
    7   m 23 o
    8   m 32 o
>>> 9   m 26 w
    10   m 3 s
    11   m 34 e


Turn 236
================================================================
warning: entity 26 was directed to use 2 halite to move east, but only 1 halite was available
At command 14 of 15:
    12   m 8 o
    13   m 39 e
>>> 14   m 26 e
    15   m 37 w


Turn 313
================================================================
warning: entity 30 was directed to use 2 halite to move west, but only 0 halite was available
At command 14 of 14:
    12   m 1 s
    13   m 12 w
>>> 14   m 30 w


Turn 394
================================================================
warning: entity 3 was directed to use 1 halite to move east, but only 0 halite was available
At command 12 of 13:
    10   m 39 s
    11   m 1 w
>>> 12   m 3 e
    13   m 8 o

