
Turn 36
================================================================
warning: entity 7 was directed to use 7 halite to move east, but only 0 halite was available
At command 4 of 5:
    2   m 0 s
    3   m 4 o
>>> 4   m 7 e
    5   m 6 o


Turn 40
================================================================
warning: entity 2 was directed to use 11 halite to move east, but only 0 halite was available
At command 5 of 6:
    3   m 7 o
    4   m 0 o
>>> 5   m 2 e
    6   g


Turn 42
================================================================
warning: entity 9 was directed to use 11 halite to move west, but only 0 halite was available
At command 6 of 6:
    4   m 4 o
    5   m 2 o
>>> 6   m 9 w


Turn 47
================================================================
warning: entity 6 was directed to use 5 halite to move south, but only 0 halite was available
At command 6 of 6:
    4   m 9 o
    5   m 2 o
>>> 6   m 6 s


Turn 61
================================================================
warning: entity 0 was directed to use 8 halite to move north, but only 0 halite was available
At command 7 of 8:
    5   m 11 o
    6   m 6 o
>>> 7   m 0 n
    8   g


Turn 67
================================================================
warning: entity 7 was directed to use 2 halite to move east, but only 0 halite was available
At command 8 of 9:
    6   m 0 o
    7   m 4 o
>>> 8   m 7 e
    9   g


Turn 70
================================================================
warning: entity 15 was directed to use 4 halite to move east, but only 0 halite was available
At command 9 of 9:
    7   m 7 n
    8   m 0 o
>>> 9   m 15 e


Turn 72
================================================================
warning: entity 9 was directed to use 1 halite to move east, but only 0 halite was available
At command 9 of 10:
    7   m 7 n
    8   m 15 o
>>> 9   m 9 e
    10   g


Turn 79
================================================================
warning: entity 6 was directed to use 2 halite to move west, but only 0 halite was available
At command 6 of 10:
    4   m 13 o
    5   m 0 o
>>> 6   m 6 w
    7   m 11 o
    8   m 9 o


Turn 81
================================================================
warning: entity 6 was directed to use 10 halite to move west, but only 5 halite was available
At command 10 of 10:
    8   m 7 o
    9   m 2 n
>>> 10   m 6 w


Turn 83
================================================================
warning: entity 2 was directed to use 1 halite to move north, but only 0 halite was available
At command 7 of 11:
    5   m 16 o
    6   m 15 o
>>> 7   m 2 n
    8   m 13 o
    9   m 6 o


Turn 85
================================================================
warning: entity 17 was directed to use 2 halite to move west, but only 0 halite was available
At command 11 of 11:
    9   m 11 s
    10   m 2 n
>>> 11   m 17 w


Turn 99
================================================================
warning: entity 20 was directed to use 2 halite to move north, but only 0 halite was available
At command 10 of 12:
    8   m 7 o
    9   m 0 o
>>> 10   m 20 n
    11   m 4 n
    12   m 11 e


Turn 104
================================================================
warning: entity 22 was directed to use 1 halite to move east, but only 0 halite was available
At command 12 of 13:
    10   m 20 o
    11   m 0 o
>>> 12   m 22 e
    13   m 9 s


Turn 109
================================================================
warning: entity 11 was directed to use 1 halite to move south, but only 0 halite was available
At command 13 of 13:
    11   m 7 e
    12   m 22 o
>>> 13   m 11 s


Turn 119
================================================================
warning: entity 15 was directed to use 1 halite to move north, but only 0 halite was available
At command 14 of 15:
    12   m 0 o
    13   m 7 e
>>> 14   m 15 n
    15   g


Turn 124
================================================================
warning: entity 26 was directed to use 3 halite to move east, but only 2 halite was available
At command 12 of 15:
    10   m 11 o
    11   m 15 o
>>> 12   m 26 e
    13   m 4 o
    14   m 7 s


Turn 126
================================================================
warning: entity 9 was directed to use 1 halite to move west, but only 0 halite was available
At command 15 of 16:
    13   m 6 w
    14   m 7 w
>>> 15   m 9 w
    16   g


Turn 129
================================================================
warning: entity 27 was directed to use 1 halite to move north, but only 0 halite was available
At command 15 of 16:
    13   m 13 o
    14   m 22 e
>>> 15   m 27 n
    16   m 16 e


Turn 148
================================================================
warning: entity 30 was directed to use 3 halite to move west, but only 1 halite was available
At command 10 of 18:
    8   m 11 o
    9   m 20 s
>>> 10   m 30 w
    11   m 24 o
    12   m 26 o


Turn 150
================================================================
warning: entity 0 was directed to use 1 halite to move east, but only 0 halite was available
At command 17 of 19:
    15   m 20 s
    16   m 2 e
>>> 17   m 0 e
    18   m 16 e
    19   m 31 n


Turn 164
================================================================
warning: entity 33 was directed to use 1 halite to move west, but only 0 halite was available
At command 21 of 21:
    19   m 32 o
    20   m 15 s
>>> 21   m 33 w


Turn 246
================================================================
error: failed to decode bot message: "T" (at position 1)
Last input received was:
Traceback (most recent call last):
  File "MyBot.py", line 39, in <module>
    if not cell.is_occupied and cell.position is not ship.position:
AttributeError: 'NoneType' object has no attribute 'is_occupied'

