
Turn 24
================================================================
warning: entity 1 was directed to use 12 halite to move north, but only 0 halite was available
At command 3 of 3:
    1   m 3 o
    2   m 5 o
>>> 3   m 1 n


Turn 32
================================================================
warning: entity 3 was directed to use 9 halite to move east, but only 0 halite was available
At command 3 of 4:
    1   m 5 o
    2   m 1 o
>>> 3   m 3 e
    4   g


Turn 34
================================================================
warning: entity 8 was directed to use 15 halite to move west, but only 0 halite was available
At command 4 of 4:
    2   m 1 o
    3   m 3 o
>>> 4   m 8 w


Turn 51
================================================================
warning: entity 10 was directed to use 7 halite to move east, but only 0 halite was available
At command 4 of 5:
    2   m 1 o
    3   m 3 w
>>> 4   m 10 e
    5   m 8 w


Turn 59
================================================================
warning: entity 11 was directed to use 7 halite to move east, but only 0 halite was available
At command 3 of 6:
    1   m 1 o
    2   m 10 e
>>> 3   m 11 e
    4   m 3 e
    5   m 8 o


Turn 66
================================================================
warning: entity 5 was directed to use 11 halite to move west, but only 0 halite was available
At command 6 of 6:
    4   m 1 o
    5   m 10 o
>>> 6   m 5 w


Turn 72
================================================================
warning: entity 3 was directed to use 5 halite to move east, but only 0 halite was available
At command 3 of 7:
    1   m 5 o
    2   m 8 e
>>> 3   m 3 e
    4   m 11 o
    5   m 1 o


Turn 85
================================================================
warning: entity 11 was directed to use 3 halite to move west, but only 0 halite was available
At command 3 of 8:
    1   m 8 w
    2   m 16 o
>>> 3   m 11 w
    4   m 3 o
    5   m 10 o


Turn 89
================================================================
warning: entity 1 was directed to use 2 halite to move east, but only 0 halite was available
At command 8 of 8:
    6   m 8 w
    7   m 5 o
>>> 8   m 1 e


Turn 91
================================================================
warning: entity 8 was directed to use 3 halite to move west, but only 0 halite was available
At command 4 of 8:
    2   m 3 o
    3   m 14 n
>>> 4   m 8 w
    5   m 16 o
    6   m 5 s


Turn 93
================================================================
warning: entity 5 was directed to use 1 halite to move east, but only 0 halite was available
At command 8 of 9:
    6   m 1 e
    7   m 14 o
>>> 8   m 5 e
    9   g


Turn 97
================================================================
warning: entity 20 was directed to use 2 halite to move west, but only 0 halite was available
At command 10 of 10:
    8   m 10 o
    9   m 5 o
>>> 10   m 20 w


Turn 108
================================================================
warning: entity 10 was directed to use 1 halite to move south, but only 0 halite was available
At command 10 of 10:
    8   m 14 s
    9   m 16 s
>>> 10   m 10 s


Turn 113
================================================================
warning: entity 22 was directed to use 1 halite to move north, but only 0 halite was available
At command 10 of 11:
    8   m 11 o
    9   m 14 o
>>> 10   m 22 n
    11   m 3 o


Turn 116
================================================================
warning: entity 16 was directed to use 1 halite to move west, but only 0 halite was available
At command 11 of 12:
    9   m 10 o
    10   m 20 o
>>> 11   m 16 w
    12   g

