
Turn 12
================================================================
warning: entity 8 was directed to use 12 halite to move east, but only 0 halite was available
At command 5 of 5:
    3   m 4 o
    4   m 6 o
>>> 5   m 8 e


Turn 28
================================================================
warning: entity 4 was directed to use 9 halite to move west, but only 0 halite was available
At command 5 of 5:
    3   m 2 n
    4   m 1 w
>>> 5   m 4 w


Turn 33
================================================================
warning: entity 10 was directed to use 6 halite to move west, but only 0 halite was available
At command 3 of 6:
    1   m 4 o
    2   m 8 e
>>> 3   m 10 w
    4   m 2 o
    5   m 6 n


Turn 56
================================================================
warning: entity 13 was directed to use 2 halite to move east, but only 0 halite was available
At command 9 of 9:
    7   m 1 o
    8   m 2 o
>>> 9   m 13 e

