
Turn 3
================================================================
warning: entity 1 was directed to use 8 halite to move north, but only 0 halite was available
At command 1 of 2:
>>> 1   m 1 n
    2   g


Turn 42
================================================================
warning: entity 1 was directed to use 2 halite to move north, but only 0 halite was available
At command 5 of 6:
    3   m 4 e
    4   m 2 o
>>> 5   m 1 n
    6   g


Turn 56
================================================================
warning: entity 8 was directed to use 1 halite to move north, but only 0 halite was available
At command 7 of 8:
    5   m 4 o
    6   m 6 o
>>> 7   m 8 n
    8   g


Turn 99
================================================================
warning: entity 15 was directed to use 8 halite to move west, but only 0 halite was available
At command 9 of 9:
    7   m 4 o
    8   m 1 s
>>> 9   m 15 w


Turn 128
================================================================
warning: entity 10 was directed to use 10 halite to move west, but only 5 halite was available
At command 8 of 11:
    6   m 4 o
    7   m 15 o
>>> 8   m 10 w
    9   m 8 s
    10   m 12 n

