
Turn 3
================================================================
warning: entity 0 was directed to use 15 halite to move north, but only 0 halite was available
At command 1 of 2:
>>> 1   m 0 n
    2   g


Turn 42
================================================================
warning: entity 0 was directed to use 4 halite to move west, but only 0 halite was available
At command 1 of 7:
>>> 1   m 0 w
    2   m 8 o
    3   m 2 o


Turn 75
================================================================
warning: entity 2 was directed to use 1 halite to move south, but only 0 halite was available
At command 10 of 11:
    8   m 8 o
    9   m 0 e
>>> 10   m 2 s
    11   g


Turn 87
================================================================
warning: entity 0 was directed to use 2 halite to move west, but only 0 halite was available
At command 7 of 11:
    5   m 15 e
    6   m 12 o
>>> 7   m 0 w
    8   m 2 o
    9   m 8 e


Turn 100
================================================================
warning: entity 9 was directed to use 1 halite to move west, but only 0 halite was available
At command 11 of 13:
    9   m 11 o
    10   m 5 o
>>> 11   m 9 w
    12   m 6 o
    13   g


Turn 102
================================================================
warning: entity 19 was directed to use 1 halite to move east, but only 0 halite was available
At command 13 of 13:
    11   m 9 o
    12   m 14 o
>>> 13   m 19 e


Turn 108
================================================================
warning: entity 21 was directed to use 1 halite to move east, but only 0 halite was available
At command 11 of 14:
    9   m 15 o
    10   m 12 n
>>> 11   m 21 e
    12   m 9 o
    13   m 19 o


Turn 120
================================================================
warning: entity 24 was directed to use 3 halite to move west, but only 0 halite was available
At command 15 of 16:
    13   m 22 o
    14   m 11 o
>>> 15   m 24 w
    16   m 5 n


Turn 183
================================================================
warning: entity 37 was directed to use 1 halite to move east, but only 0 halite was available
At command 22 of 24:
    20   m 4 w
    21   m 9 o
>>> 22   m 37 e
    23   m 14 o
    24   m 5 s


Turn 195
================================================================
warning: entity 5 was directed to use 1 halite to move west, but only 0 halite was available
At command 25 of 25:
    23   m 15 s
    24   m 14 o
>>> 25   m 5 w


Turn 385
================================================================
warning: entity 43 was directed to use 1 halite to move west, but only 0 halite was available
At command 34 of 35:
    32   m 51 n
    33   m 45 o
>>> 34   m 43 w
    35   m 24 o

