
Turn 28
================================================================
warning: entity 2 was directed to use 8 halite to move east, but only 0 halite was available
At command 4 of 6:
    2   m 5 w
    3   m 7 o
>>> 4   m 2 e
    5   m 1 o
    6   g


Turn 37
================================================================
warning: entity 11 was directed to use 12 halite to move east, but only 0 halite was available
At command 5 of 7:
    3   m 1 o
    4   m 7 e
>>> 5   m 11 e
    6   m 5 o
    7   m 4 o


Turn 57
================================================================
warning: entity 15 was directed to use 3 halite to move north, but only 0 halite was available
At command 9 of 9:
    7   m 2 o
    8   m 12 o
>>> 9   m 15 n


Turn 61
================================================================
warning: entity 10 was directed to use 2 halite to move west, but only 0 halite was available
At command 5 of 10:
    3   m 5 o
    4   m 11 w
>>> 5   m 10 w
    6   m 1 o
    7   m 7 o


Turn 66
================================================================
warning: entity 11 was directed to use 2 halite to move west, but only 0 halite was available
At command 10 of 11:
    8   m 12 o
    9   m 16 o
>>> 10   m 11 w
    11   g


Turn 69
================================================================
warning: entity 11 was directed to use 8 halite to move west, but only 1 halite was available
At command 10 of 11:
    8   m 12 e
    9   m 5 n
>>> 10   m 11 w
    11   m 7 o


Turn 75
================================================================
warning: entity 19 was directed to use 1 halite to move north, but only 0 halite was available
At command 12 of 12:
    10   m 4 o
    11   m 18 o
>>> 12   m 19 n


Turn 83
================================================================
warning: entity 2 was directed to use 2 halite to move west, but only 0 halite was available
At command 13 of 14:
    11   m 4 w
    12   m 11 o
>>> 13   m 2 w
    14   g


Turn 85
================================================================
warning: entity 22 was directed to use 1 halite to move north, but only 0 halite was available
At command 14 of 14:
    12   m 7 s
    13   m 4 w
>>> 14   m 22 n


Turn 89
================================================================
warning: entity 4 was directed to use 1 halite to move west, but only 0 halite was available
At command 10 of 14:
    8   m 21 e
    9   m 19 o
>>> 10   m 4 w
    11   m 15 w
    12   m 5 o


Turn 100
================================================================
warning: entity 25 was directed to use 1 halite to move east, but only 0 halite was available
At command 13 of 15:
    11   m 1 n
    12   m 2 o
>>> 13   m 25 e
    14   m 22 o
    15   m 10 s


Turn 130
================================================================
warning: entity 32 was directed to use 2 halite to move west, but only 0 halite was available
At command 17 of 19:
    15   m 12 o
    16   m 7 o
>>> 17   m 32 w
    18   m 2 w
    19   m 19 n


Turn 166
================================================================
warning: entity 38 was directed to use 3 halite to move west, but only 1 halite was available
At command 25 of 25:
    23   m 37 o
    24   m 26 o
>>> 25   m 38 w


Turn 219
================================================================
warning: entity 38 was directed to use 3 halite to move east, but only 2 halite was available
At command 30 of 31:
    28   m 39 e
    29   m 32 o
>>> 30   m 38 e
    31   m 37 s


Turn 233
================================================================
warning: entity 26 was directed to use 1 halite to move east, but only 0 halite was available
At command 29 of 31:
    27   m 39 w
    28   m 22 e
>>> 29   m 26 e
    30   m 18 w
    31   m 19 n

