
Turn 3
================================================================
warning: entity 0 was directed to use 1 halite to move north, but only 0 halite was available
At command 1 of 2:
>>> 1   m 0 n
    2   g


Turn 9
================================================================
warning: entity 4 was directed to use 1 halite to move south, but only 0 halite was available
At command 3 of 4:
    1   m 2 n
    2   m 0 o
>>> 3   m 4 s
    4   g


Turn 12
================================================================
warning: entity 6 was directed to use 1 halite to move east, but only 0 halite was available
At command 4 of 5:
    2   m 2 o
    3   m 4 e
>>> 4   m 6 e
    5   g


Turn 42
================================================================
warning: entity 6 was directed to use 1 halite to move south, but only 0 halite was available
At command 5 of 5:
    3   m 2 o
    4   m 4 n
>>> 5   m 6 s


Turn 47
================================================================
warning: entity 4 was directed to use 1 halite to move south, but only 0 halite was available
At command 5 of 6:
    3   m 6 o
    4   m 2 o
>>> 5   m 4 s
    6   g


Turn 70
================================================================
warning: entity 11 was directed to use 5 halite to move east, but only 2 halite was available
At command 7 of 7:
    5   m 4 e
    6   m 6 o
>>> 7   m 11 e


Turn 73
================================================================
warning: entity 0 was directed to use 3 halite to move east, but only 0 halite was available
At command 4 of 8:
    2   m 2 o
    3   m 4 o
>>> 4   m 0 e
    5   m 8 o
    6   m 14 s


Turn 100
================================================================
warning: entity 17 was directed to use 1 halite to move east, but only 0 halite was available
At command 9 of 9:
    7   m 4 w
    8   m 2 e
>>> 9   m 17 e


Turn 113
================================================================
warning: entity 4 was directed to use 2 halite to move south, but only 0 halite was available
At command 6 of 11:
    4   m 0 w
    5   m 2 e
>>> 6   m 4 s
    7   m 6 o
    8   m 17 e


Turn 119
================================================================
warning: entity 22 was directed to use 1 halite to move north, but only 0 halite was available
At command 10 of 12:
    8   m 4 o
    9   m 17 o
>>> 10   m 22 n
    11   m 0 o
    12   m 11 s


Turn 236
================================================================
warning: entity 0 was directed to use 1 halite to move west, but only 0 halite was available
At command 16 of 16:
    14   m 37 o
    15   m 20 o
>>> 16   m 0 w

