
Turn 54
================================================================
warning: owned entities 9, 7 collided on cell (9, 16) as the result of moves on this turn
At command 3 of 4:
    1   m 3 o
    2   m 5 w
>>> 3   m 9 w
    4   g


Turn 57
================================================================
warning: owned entities 0, 11 collided on cell (9, 16) as the result of moves on this turn
At command 2 of 3:
    1   m 5 o
>>> 2   m 0 s
    3   m 3 n


Turn 163
================================================================
warning: owned entities 13, 5 collided on cell (7, 15) as the result of moves on this turn
At command 3 of 4:
    1   m 19 o
    2   m 24 o
>>> 3   m 13 e
    4   m 20 s

