
Turn 61
================================================================
warning: entity 8 was directed to use 1 halite to move east, but only 0 halite was available
At command 7 of 8:
    5   m 9 s
    6   m 6 o
>>> 7   m 8 e
    8   g


Turn 90
================================================================
warning: entity 10 was directed to use 6 halite to move south, but only 3 halite was available
At command 8 of 9:
    6   m 13 o
    7   m 6 s
>>> 8   m 10 s
    9   g


Turn 93
================================================================
warning: entity 1 was directed to use 4 halite to move north, but only 2 halite was available
At command 7 of 9:
    5   m 3 w
    6   m 12 n
>>> 7   m 1 n
    8   m 6 n
    9   m 14 o


Turn 135
================================================================
warning: entity 13 was directed to use 1 halite to move east, but only 0 halite was available
At command 13 of 14:
    11   m 10 e
    12   m 1 o
>>> 13   m 13 e
    14   m 19 e


Turn 143
================================================================
warning: entity 1 was directed to use 1 halite to move north, but only 0 halite was available
At command 14 of 15:
    12   m 14 o
    13   m 3 o
>>> 14   m 1 n
    15   m 20 w


Turn 148
================================================================
warning: entity 21 was directed to use 1 halite to move east, but only 0 halite was available
At command 15 of 16:
    13   m 3 o
    14   m 12 o
>>> 15   m 21 e
    16   m 6 n


Turn 153
================================================================
warning: entity 6 was directed to use 1 halite to move east, but only 0 halite was available
At command 13 of 17:
    11   m 12 o
    12   m 8 s
>>> 13   m 6 e
    14   m 1 o
    15   m 22 n


Turn 155
================================================================
warning: entity 22 was directed to use 1 halite to move north, but only 0 halite was available
At command 16 of 17:
    14   m 3 s
    15   m 17 e
>>> 16   m 22 n
    17   m 14 n


Turn 281
================================================================
warning: entity 1 was directed to use 3 halite to move west, but only 1 halite was available
At command 11 of 23:
    9   m 27 n
    10   m 25 n
>>> 11   m 1 w
    12   m 26 w
    13   m 14 n


Turn 301
================================================================
warning: entity 27 was directed to use 4 halite to move west, but only 1 halite was available
At command 21 of 23:
    19   m 19 w
    20   m 25 o
>>> 21   m 27 w
    22   m 16 e
    23   m 23 n

