
Turn 3
================================================================
warning: entity 1 was directed to use 19 halite to move north, but only 0 halite was available
At command 1 of 2:
>>> 1   m 1 n
    2   g


Turn 12
================================================================
warning: entity 6 was directed to use 6 halite to move north, but only 0 halite was available
At command 4 of 5:
    2   m 1 o
    3   m 3 o
>>> 4   m 6 n
    5   g


Turn 38
================================================================
warning: entity 12 was directed to use 3 halite to move north, but only 0 halite was available
At command 6 of 6:
    4   m 5 o
    5   m 8 e
>>> 6   m 12 n


Turn 43
================================================================
warning: entity 5 was directed to use 2 halite to move west, but only 0 halite was available
At command 4 of 7:
    2   m 12 n
    3   m 6 w
>>> 4   m 5 w
    5   m 8 s
    6   m 3 o


Turn 46
================================================================
warning: entity 13 was directed to use 1 halite to move north, but only 0 halite was available
At command 1 of 7:
>>> 1   m 13 n
    2   m 5 w
    3   m 1 e


Turn 54
================================================================
warning: entity 6 was directed to use 3 halite to move north, but only 0 halite was available
At command 7 of 8:
    5   m 3 e
    6   m 1 o
>>> 7   m 6 n
    8   g


Turn 71
================================================================
warning: entity 18 was directed to use 1 halite to move east, but only 0 halite was available
At command 7 of 9:
    5   m 12 e
    6   m 3 e
>>> 7   m 18 e
    8   m 13 o
    9   m 8 o


Turn 75
================================================================
warning: entity 12 was directed to use 2 halite to move west, but only 0 halite was available
At command 9 of 10:
    7   m 8 o
    8   m 1 w
>>> 9   m 12 w
    10   g


Turn 94
================================================================
warning: entity 1 was directed to use 1 halite to move north, but only 0 halite was available
At command 11 of 12:
    9   m 16 w
    10   m 13 o
>>> 11   m 1 n
    12   m 24 n


Turn 97
================================================================
warning: entity 13 was directed to use 1 halite to move west, but only 0 halite was available
At command 12 of 13:
    10   m 21 o
    11   m 22 o
>>> 12   m 13 w
    13   g


Turn 99
================================================================
warning: entity 27 was directed to use 1 halite to move south, but only 0 halite was available
At command 12 of 13:
    10   m 12 o
    11   m 6 s
>>> 12   m 27 s
    13   m 13 e


Turn 110
================================================================
warning: entity 6 was directed to use 1 halite to move east, but only 0 halite was available
At command 14 of 15:
    12   m 21 o
    13   m 12 o
>>> 14   m 6 e
    15   m 29 n


Turn 178
================================================================
warning: entity 38 was directed to use 3 halite to move east, but only 0 halite was available
At command 20 of 25:
    18   m 6 w
    19   m 12 e
>>> 20   m 38 e
    21   m 8 e
    22   m 31 e

warning: entity 8 was directed to use 1 halite to move east, but only 0 halite was available
At command 21 of 25:
    19   m 12 e
    20   m 38 e
>>> 21   m 8 e
    22   m 31 e
    23   m 29 w


Turn 214
================================================================
warning: entity 6 was directed to use 3 halite to move east, but only 2 halite was available
At command 23 of 27:
    21   m 37 o
    22   m 28 o
>>> 23   m 6 e
    24   m 1 o
    25   m 12 e

