
Turn 42
================================================================
warning: entity 6 was directed to use 5 halite to move west, but only 0 halite was available
At command 7 of 9:
    5   m 8 o
    6   m 4 e
>>> 7   m 6 w
    8   m 2 s
    9   g


Turn 53
================================================================
warning: entity 11 was directed to use 3 halite to move north, but only 0 halite was available
At command 9 of 10:
    7   m 10 o
    8   m 7 o
>>> 9   m 11 n
    10   m 1 o


Turn 55
================================================================
warning: entity 4 was directed to use 5 halite to move west, but only 0 halite was available
At command 10 of 11:
    8   m 10 o
    9   m 11 o
>>> 10   m 4 w
    11   g


Turn 57
================================================================
warning: entity 12 was directed to use 2 halite to move east, but only 0 halite was available
At command 9 of 11:
    7   m 1 n
    8   m 5 o
>>> 9   m 12 e
    10   m 6 o
    11   m 4 o


Turn 63
================================================================
warning: entity 13 was directed to use 3 halite to move east, but only 0 halite was available
At command 8 of 12:
    6   m 8 e
    7   m 9 w
>>> 8   m 13 e
    9   m 4 o
    10   m 1 o


Turn 69
================================================================
warning: entity 14 was directed to use 1 halite to move north, but only 0 halite was available
At command 13 of 13:
    11   m 10 o
    12   m 1 o
>>> 13   m 14 n


Turn 76
================================================================
warning: entity 5 was directed to use 1 halite to move east, but only 0 halite was available
At command 12 of 15:
    10   m 2 e
    11   m 13 o
>>> 12   m 5 e
    13   m 14 o
    14   m 6 s


Turn 79
================================================================
warning: entity 5 was directed to use 6 halite to move east, but only 1 halite was available
At command 11 of 15:
    9   m 6 w
    10   m 2 o
>>> 11   m 5 e
    12   m 1 o
    13   m 15 o

warning: entity 16 was directed to use 1 halite to move south, but only 0 halite was available
At command 15 of 15:
    13   m 15 o
    14   m 9 e
>>> 15   m 16 s


Turn 82
================================================================
warning: entity 16 was directed to use 5 halite to move east, but only 1 halite was available
At command 14 of 15:
    12   m 10 s
    13   m 4 o
>>> 14   m 16 e
    15   m 6 s


Turn 86
================================================================
warning: entity 17 was directed to use 3 halite to move east, but only 0 halite was available
At command 15 of 16:
    13   m 6 e
    14   m 4 n
>>> 15   m 17 e
    16   m 10 e


Turn 90
================================================================
warning: entity 18 was directed to use 1 halite to move east, but only 0 halite was available
At command 17 of 17:
    15   m 12 o
    16   m 9 n
>>> 17   m 18 e


Turn 94
================================================================
warning: entity 9 was directed to use 1 halite to move south, but only 0 halite was available
At command 17 of 17:
    15   m 16 o
    16   m 14 o
>>> 17   m 9 s


Turn 98
================================================================
warning: entity 4 was directed to use 1 halite to move south, but only 0 halite was available
At command 17 of 18:
    15   m 14 o
    16   m 10 o
>>> 17   m 4 s
    18   g


Turn 109
================================================================
warning: entity 20 was directed to use 1 halite to move south, but only 0 halite was available
At command 14 of 19:
    12   m 17 s
    13   m 6 e
>>> 14   m 20 s
    15   m 14 o
    16   m 7 w


Turn 138
================================================================
warning: entity 24 was directed to use 1 halite to move south, but only 0 halite was available
At command 19 of 23:
    17   m 5 w
    18   m 14 w
>>> 19   m 24 s
    20   m 6 o
    21   m 16 w

