
Turn 5
================================================================
warning: entity 3 was directed to use 11 halite to move south, but only 0 halite was available
At command 2 of 3:
    1   m 1 o
>>> 2   m 3 s
    3   g


Turn 9
================================================================
warning: entity 7 was directed to use 6 halite to move east, but only 0 halite was available
At command 3 of 5:
    1   m 1 n
    2   m 3 o
>>> 3   m 7 e
    4   m 5 o
    5   g


Turn 45
================================================================
warning: owned entities 9, 3 collided on cell (23, 14) as the result of moves on this turn
At command 2 of 5:
    1   m 1 s
>>> 2   m 9 n
    3   m 7 s
    4   m 5 w

Other commands that placed an entity on this cell:
    3   m 7 s
    4   m 5 w
>>> 5   m 3 s


Turn 53
================================================================
warning: owned entities 10, 1 collided on cell (23, 17) as the result of moves on this turn
At command 4 of 4:
    2   m 5 w
    3   m 7 n
>>> 4   m 10 s


Turn 59
================================================================
warning: entity 11 was directed to use 3 halite to move north, but only 0 halite was available
At command 3 of 3:
    1   m 7 o
    2   m 5 e
>>> 3   m 11 n


Turn 73
================================================================
warning: entity 14 was directed to use 2 halite to move east, but only 0 halite was available
At command 4 of 4:
    2   m 11 o
    3   m 5 e
>>> 4   m 14 e


Turn 87
================================================================
warning: entity 11 was directed to use 2 halite to move east, but only 0 halite was available
At command 4 of 4:
    2   m 7 e
    3   m 14 o
>>> 4   m 11 e


Turn 104
================================================================
warning: entity 7 was directed to use 1 halite to move west, but only 0 halite was available
At command 3 of 5:
    1   m 11 o
    2   m 5 o
>>> 3   m 7 w
    4   m 14 n
    5   g


Turn 117
================================================================
warning: entity 20 was directed to use 1 halite to move west, but only 0 halite was available
At command 6 of 6:
    4   m 14 o
    5   m 11 e
>>> 6   m 20 w

warning: owned entities 5, 20 collided on cell (23, 15) as the result of moves on this turn
At command 3 of 6:
    1   m 17 o
    2   m 7 o
>>> 3   m 5 s
    4   m 14 o
    5   m 11 e


Turn 152
================================================================
warning: entity 17 was directed to use 1 halite to move west, but only 0 halite was available
At command 5 of 6:
    3   m 22 o
    4   m 14 n
>>> 5   m 17 w
    6   g


Turn 159
================================================================
warning: entity 14 was directed to use 2 halite to move south, but only 0 halite was available
At command 1 of 7:
>>> 1   m 14 s
    2   m 22 w
    3   m 11 o


Turn 179
================================================================
warning: entity 29 was directed to use 1 halite to move north, but only 0 halite was available
At command 7 of 8:
    5   m 22 s
    6   m 14 o
>>> 7   m 29 n
    8   m 7 o


Turn 190
================================================================
warning: entity 22 was directed to use 1 halite to move east, but only 0 halite was available
At command 2 of 8:
    1   m 29 o
>>> 2   m 22 e
    3   m 14 o
    4   m 7 o


Turn 211
================================================================
warning: entity 11 was directed to use 2 halite to move east, but only 0 halite was available
At command 11 of 11:
    9   m 25 e
    10   m 14 e
>>> 11   m 11 e


Turn 214
================================================================
warning: owned entities 25, 31 collided on cell (23, 9) as the result of moves on this turn
At command 8 of 11:
    6   m 17 o
    7   m 7 w
>>> 8   m 25 s
    9   m 22 o
    10   m 33 w


Turn 220
================================================================
warning: entity 14 was directed to use 1 halite to move east, but only 0 halite was available
At command 9 of 10:
    7   m 17 o
    8   m 29 e
>>> 9   m 14 e
    10   m 34 n


Turn 226
================================================================
warning: entity 34 was directed to use 3 halite to move east, but only 0 halite was available
At command 9 of 10:
    7   m 14 o
    8   m 7 n
>>> 9   m 34 e
    10   m 29 w


Turn 233
================================================================
warning: owned entities 22, 29 collided on cell (23, 10) as the result of moves on this turn
At command 4 of 10:
    2   m 32 o
    3   m 17 e
>>> 4   m 22 w
    5   m 11 o
    6   m 33 n

Other commands that placed an entity on this cell:
    7   m 27 o
    8   m 14 o
>>> 9   m 29 s
    10   m 7 o


Turn 251
================================================================
warning: entity 32 was directed to use 2 halite to move east, but only 0 halite was available
At command 8 of 10:
    6   m 17 o
    7   m 11 e
>>> 8   m 32 e
    9   m 33 o
    10   m 36 e


Turn 271
================================================================
warning: owned entities 34, 33 collided on cell (23, 14) as the result of moves on this turn
At command 6 of 10:
    4   m 35 o
    5   m 32 o
>>> 6   m 34 n
    7   m 7 n
    8   m 11 s

Other commands that placed an entity on this cell:
    8   m 11 s
    9   m 14 w
>>> 10   m 33 s


Turn 274
================================================================
warning: owned entities 11, 14 collided on cell (23, 14) as the result of moves on this turn
At command 6 of 8:
    4   m 32 o
    5   m 7 o
>>> 6   m 11 s
    7   m 27 o
    8   m 14 o


Turn 308
================================================================
warning: owned entities 32, 17 collided on cell (23, 14) as the result of moves on this turn
At command 4 of 6:
    2   m 17 o
    3   m 7 s
>>> 4   m 32 s
    5   m 27 e
    6   m 36 o


Turn 338
================================================================
warning: owned entities 36, 27 collided on cell (23, 14) as the result of moves on this turn
At command 3 of 4:
    1   m 27 o
    2   m 7 o
>>> 3   m 36 s
    4   m 35 o

