
Turn 6
================================================================
warning: entity 2 was directed to use 1 halite to move north, but only 0 halite was available
At command 2 of 3:
    1   m 1 o
>>> 2   m 2 n
    3   g


Turn 8
================================================================
warning: entity 2 was directed to use 9 halite to move west, but only 3 halite was available
At command 3 of 3:
    1   m 4 n
    2   m 1 s
>>> 3   m 2 w


Turn 14
================================================================
warning: entity 8 was directed to use 1 halite to move east, but only 0 halite was available
At command 5 of 5:
    3   m 2 o
    4   m 6 o
>>> 5   m 8 e


Turn 50
================================================================
warning: entity 2 was directed to use 2 halite to move north, but only 0 halite was available
At command 6 of 6:
    4   m 4 o
    5   m 10 n
>>> 6   m 2 n


Turn 56
================================================================
warning: entity 4 was directed to use 1 halite to move east, but only 0 halite was available
At command 6 of 7:
    4   m 2 o
    5   m 6 o
>>> 6   m 4 e
    7   g


Turn 82
================================================================
warning: entity 1 was directed to use 1 halite to move east, but only 0 halite was available
At command 8 of 9:
    6   m 12 o
    7   m 11 o
>>> 8   m 1 e
    9   m 13 n


Turn 93
================================================================
warning: entity 2 was directed to use 1 halite to move west, but only 0 halite was available
At command 9 of 9:
    7   m 13 o
    8   m 10 s
>>> 9   m 2 w


Turn 95
================================================================
warning: entity 2 was directed to use 4 halite to move west, but only 3 halite was available
At command 7 of 9:
    5   m 11 w
    6   m 1 o
>>> 7   m 2 w
    8   m 6 s
    9   m 10 s


Turn 98
================================================================
warning: entity 10 was directed to use 1 halite to move west, but only 0 halite was available
At command 9 of 10:
    7   m 1 o
    8   m 6 n
>>> 9   m 10 w
    10   m 14 n


Turn 129
================================================================
warning: entity 17 was directed to use 1 halite to move west, but only 0 halite was available
At command 13 of 13:
    11   m 13 e
    12   m 16 w
>>> 13   m 17 w


Turn 139
================================================================
warning: entity 8 was directed to use 1 halite to move west, but only 0 halite was available
At command 13 of 14:
    11   m 1 w
    12   m 13 o
>>> 13   m 8 w
    14   m 18 w

