
Turn 23
================================================================
warning: entity 1 was directed to use 6 halite to move west, but only 0 halite was available
At command 2 of 2:
    1   m 3 n
>>> 2   m 1 w


Turn 27
================================================================
warning: entity 5 was directed to use 4 halite to move west, but only 0 halite was available
At command 2 of 3:
    1   m 3 s
>>> 2   m 5 w
    3   m 1 w


Turn 41
================================================================
warning: entity 1 was directed to use 7 halite to move south, but only 0 halite was available
At command 2 of 3:
    1   m 3 e
>>> 2   m 1 s
    3   m 5 o


Turn 49
================================================================
warning: entity 7 was directed to use 3 halite to move east, but only 0 halite was available
At command 4 of 4:
    2   m 5 s
    3   m 3 w
>>> 4   m 7 e


Turn 59
================================================================
warning: entity 5 was directed to use 6 halite to move south, but only 0 halite was available
At command 4 of 4:
    2   m 1 n
    3   m 7 o
>>> 4   m 5 s


Turn 61
================================================================
warning: entity 1 was directed to use 5 halite to move north, but only 0 halite was available
At command 3 of 5:
    1   m 7 o
    2   m 3 e
>>> 3   m 1 n
    4   m 5 o
    5   g


Turn 63
================================================================
warning: entity 9 was directed to use 2 halite to move east, but only 0 halite was available
At command 4 of 5:
    2   m 3 e
    3   m 1 o
>>> 4   m 9 e
    5   m 7 o


Turn 72
================================================================
warning: entity 3 was directed to use 4 halite to move north, but only 0 halite was available
At command 4 of 5:
    2   m 1 w
    3   m 5 s
>>> 4   m 3 n
    5   m 7 n


Turn 81
================================================================
warning: entity 7 was directed to use 3 halite to move south, but only 0 halite was available
At command 5 of 6:
    3   m 1 s
    4   m 3 o
>>> 5   m 7 s
    6   g


Turn 84
================================================================
warning: entity 11 was directed to use 1 halite to move east, but only 0 halite was available
At command 1 of 6:
>>> 1   m 11 e
    2   m 3 n
    3   m 5 n


Turn 91
================================================================
warning: entity 1 was directed to use 1 halite to move south, but only 0 halite was available
At command 5 of 6:
    3   m 7 w
    4   m 5 o
>>> 5   m 1 s
    6   m 9 s


Turn 93
================================================================
warning: entity 9 was directed to use 2 halite to move south, but only 0 halite was available
At command 6 of 7:
    4   m 5 o
    5   m 1 o
>>> 6   m 9 s
    7   g


Turn 109
================================================================
warning: entity 7 was directed to use 2 halite to move south, but only 0 halite was available
At command 7 of 8:
    5   m 3 e
    6   m 11 w
>>> 7   m 7 s
    8   g


Turn 114
================================================================
warning: entity 15 was directed to use 6 halite to move west, but only 5 halite was available
At command 7 of 8:
    5   m 9 w
    6   m 1 n
>>> 7   m 15 w
    8   m 7 o


Turn 115
================================================================
warning: entity 3 was directed to use 1 halite to move west, but only 0 halite was available
At command 5 of 8:
    3   m 15 w
    4   m 7 w
>>> 5   m 3 w
    6   m 11 s
    7   m 1 o


Turn 117
================================================================
warning: entity 3 was directed to use 10 halite to move west, but only 3 halite was available
At command 7 of 9:
    5   m 1 n
    6   m 9 n
>>> 7   m 3 w
    8   m 11 o
    9   g


Turn 122
================================================================
warning: entity 17 was directed to use 1 halite to move west, but only 0 halite was available
At command 9 of 9:
    7   m 13 o
    8   m 1 o
>>> 9   m 17 w


Turn 138
================================================================
warning: entity 20 was directed to use 3 halite to move east, but only 1 halite was available
At command 10 of 10:
    8   m 13 s
    9   m 11 o
>>> 10   m 20 e

