
Turn 26
================================================================
warning: entity 1 was directed to use 21 halite to move west, but only 0 halite was available
At command 4 of 6:
    2   m 4 w
    3   m 2 s
>>> 4   m 1 w
    5   m 5 o
    6   g


Turn 42
================================================================
warning: entity 5 was directed to use 6 halite to move east, but only 0 halite was available
At command 7 of 8:
    5   m 7 n
    6   m 4 o
>>> 7   m 5 e
    8   g


Turn 44
================================================================
warning: entity 5 was directed to use 13 halite to move east, but only 12 halite was available
At command 7 of 8:
    5   m 7 o
    6   m 13 o
>>> 7   m 5 e
    8   m 1 o


Turn 49
================================================================
warning: entity 7 was directed to use 6 halite to move west, but only 0 halite was available
At command 8 of 9:
    6   m 5 o
    7   m 13 o
>>> 8   m 7 w
    9   g


Turn 51
================================================================
warning: entity 16 was directed to use 2 halite to move west, but only 0 halite was available
At command 6 of 9:
    4   m 13 o
    5   m 10 e
>>> 6   m 16 w
    7   m 7 o
    8   m 2 o


Turn 57
================================================================
warning: entity 18 was directed to use 4 halite to move west, but only 0 halite was available
At command 10 of 10:
    8   m 2 e
    9   m 10 w
>>> 10   m 18 w


Turn 65
================================================================
warning: entity 10 was directed to use 2 halite to move east, but only 0 halite was available
At command 7 of 11:
    5   m 13 e
    6   m 7 o
>>> 7   m 10 e
    8   m 18 o
    9   m 16 o


Turn 75
================================================================
warning: entity 22 was directed to use 3 halite to move west, but only 0 halite was available
At command 9 of 12:
    7   m 4 s
    8   m 13 e
>>> 9   m 22 w
    10   m 7 o
    11   m 11 s


Turn 80
================================================================
warning: entity 24 was directed to use 2 halite to move east, but only 0 halite was available
At command 13 of 13:
    11   m 22 o
    12   m 21 o
>>> 13   m 24 e


Turn 83
================================================================
warning: entity 4 was directed to use 2 halite to move west, but only 0 halite was available
At command 10 of 14:
    8   m 11 e
    9   m 7 e
>>> 10   m 4 w
    11   m 10 o
    12   m 18 o


Turn 90
================================================================
warning: entity 13 was directed to use 1 halite to move south, but only 0 halite was available
At command 13 of 14:
    11   m 16 e
    12   m 5 o
>>> 13   m 13 s
    14   m 7 s


Turn 95
================================================================
warning: entity 7 was directed to use 1 halite to move north, but only 0 halite was available
At command 14 of 15:
    12   m 11 o
    13   m 21 s
>>> 14   m 7 n
    15   m 28 n


Turn 97
================================================================
warning: entity 28 was directed to use 1 halite to move north, but only 0 halite was available
At command 12 of 15:
    10   m 7 o
    11   m 26 o
>>> 12   m 28 n
    13   m 21 s
    14   m 2 w


Turn 99
================================================================
warning: entity 28 was directed to use 4 halite to move east, but only 3 halite was available
At command 13 of 15:
    11   m 18 o
    12   m 26 o
>>> 13   m 28 e
    14   m 5 o
    15   m 2 w


Turn 111
================================================================
warning: entity 21 was directed to use 1 halite to move south, but only 0 halite was available
At command 10 of 17:
    8   m 13 o
    9   m 26 o
>>> 10   m 21 s
    11   m 22 n
    12   m 10 w


Turn 130
================================================================
warning: entity 5 was directed to use 2 halite to move east, but only 0 halite was available
At command 12 of 19:
    10   m 7 o
    11   m 28 o
>>> 12   m 5 e
    13   m 22 n
    14   m 24 e

