
Turn 6
================================================================
warning: entity 2 was directed to use 3 halite to move north, but only 0 halite was available
At command 2 of 3:
    1   m 1 o
>>> 2   m 2 n
    3   g


Turn 17
================================================================
warning: entity 7 was directed to use 24 halite to move south, but only 2 halite was available
At command 5 of 5:
    3   m 4 o
    4   m 1 o
>>> 5   m 7 s


Turn 35
================================================================
warning: entity 2 was directed to use 1 halite to move west, but only 0 halite was available
At command 4 of 5:
    2   m 4 w
    3   m 5 e
>>> 4   m 2 w
    5   m 7 n


Turn 43
================================================================
warning: entity 10 was directed to use 1 halite to move north, but only 0 halite was available
At command 2 of 6:
    1   m 5 e
>>> 2   m 10 n
    3   m 2 o
    4   m 4 o


Turn 44
================================================================
warning: entity 7 was directed to use 10 halite to move east, but only 7 halite was available
At command 6 of 6:
    4   m 1 w
    5   m 5 e
>>> 6   m 7 e


Turn 48
================================================================
warning: entity 1 was directed to use 1 halite to move south, but only 0 halite was available
At command 5 of 7:
    3   m 4 s
    4   m 7 o
>>> 5   m 1 s
    6   m 5 w
    7   g


Turn 50
================================================================
warning: entity 13 was directed to use 1 halite to move north, but only 0 halite was available
At command 6 of 7:
    4   m 4 s
    5   m 5 w
>>> 6   m 13 n
    7   m 1 o


Turn 52
================================================================
warning: entity 13 was directed to use 5 halite to move east, but only 4 halite was available
At command 7 of 7:
    5   m 1 o
    6   m 5 n
>>> 7   m 13 e


Turn 53
================================================================
warning: entity 4 was directed to use 1 halite to move north, but only 0 halite was available
At command 7 of 8:
    5   m 5 s
    6   m 13 e
>>> 7   m 4 n
    8   g


Turn 66
================================================================
warning: entity 17 was directed to use 1 halite to move west, but only 0 halite was available
At command 9 of 9:
    7   m 1 n
    8   m 14 o
>>> 9   m 17 w


Turn 76
================================================================
warning: entity 2 was directed to use 1 halite to move east, but only 0 halite was available
At command 9 of 9:
    7   m 10 s
    8   m 5 o
>>> 9   m 2 e


Turn 84
================================================================
warning: entity 19 was directed to use 3 halite to move west, but only 1 halite was available
At command 8 of 10:
    6   m 1 o
    7   m 7 o
>>> 8   m 19 w
    9   m 4 o
    10   m 13 n


Turn 86
================================================================
warning: entity 13 was directed to use 1 halite to move east, but only 0 halite was available
At command 10 of 11:
    8   m 1 n
    9   m 19 o
>>> 10   m 13 e
    11   g


Turn 91
================================================================
warning: entity 10 was directed to use 1 halite to move south, but only 0 halite was available
At command 8 of 11:
    6   m 19 o
    7   m 1 n
>>> 8   m 10 s
    9   m 21 o
    10   m 5 o


Turn 93
================================================================
warning: entity 10 was directed to use 4 halite to move west, but only 3 halite was available
At command 9 of 12:
    7   m 21 o
    8   m 19 o
>>> 9   m 10 w
    10   m 4 e
    11   m 1 e


Turn 96
================================================================
warning: entity 23 was directed to use 2 halite to move west, but only 0 halite was available
At command 8 of 13:
    6   m 2 o
    7   m 5 o
>>> 8   m 23 w
    9   m 14 o
    10   m 1 o


Turn 108
================================================================
warning: entity 4 was directed to use 2 halite to move west, but only 0 halite was available
At command 10 of 14:
    8   m 17 e
    9   m 13 e
>>> 10   m 4 w
    11   m 1 o
    12   m 21 o


Turn 117
================================================================
warning: entity 28 was directed to use 2 halite to move south, but only 0 halite was available
At command 15 of 15:
    13   m 2 s
    14   m 19 e
>>> 15   m 28 s


Turn 129
================================================================
warning: entity 31 was directed to use 1 halite to move south, but only 0 halite was available
At command 17 of 17:
    15   m 7 e
    16   m 14 s
>>> 17   m 31 s


Turn 138
================================================================
warning: entity 13 was directed to use 1 halite to move east, but only 0 halite was available
At command 11 of 18:
    9   m 19 e
    10   m 5 o
>>> 11   m 13 e
    12   m 28 o
    13   m 1 o

