
Turn 47
================================================================
warning: entity 11 was directed to use 2 halite to move north, but only 0 halite was available
At command 7 of 7:
    5   m 1 o
    6   m 5 o
>>> 7   m 11 n


Turn 67
================================================================
warning: entity 8 was directed to use 2 halite to move east, but only 0 halite was available
At command 8 of 8:
    6   m 6 o
    7   m 1 o
>>> 8   m 8 e


Turn 88
================================================================
warning: entity 18 was directed to use 1 halite to move north, but only 0 halite was available
At command 8 of 10:
    6   m 2 s
    7   m 16 o
>>> 8   m 18 n
    9   m 10 o
    10   m 5 o


Turn 99
================================================================
warning: entity 11 was directed to use 2 halite to move east, but only 0 halite was available
At command 10 of 11:
    8   m 18 o
    9   m 1 o
>>> 10   m 11 e
    11   g


Turn 101
================================================================
warning: entity 20 was directed to use 3 halite to move east, but only 0 halite was available
At command 11 of 11:
    9   m 11 o
    10   m 13 s
>>> 11   m 20 e


Turn 123
================================================================
warning: entity 25 was directed to use 1 halite to move south, but only 0 halite was available
At command 14 of 14:
    12   m 2 o
    13   m 10 w
>>> 14   m 25 s


Turn 129
================================================================
warning: entity 26 was directed to use 2 halite to move east, but only 0 halite was available
At command 15 of 15:
    13   m 2 o
    14   m 8 w
>>> 15   m 26 e


Turn 148
================================================================
warning: entity 11 was directed to use 1 halite to move east, but only 0 halite was available
At command 15 of 16:
    13   m 20 o
    14   m 16 o
>>> 15   m 11 e
    16   m 30 n


Turn 202
================================================================
warning: entity 13 was directed to use 1 halite to move east, but only 0 halite was available
At command 22 of 23:
    20   m 22 o
    21   m 38 o
>>> 22   m 13 e
    23   m 43 e


Turn 365
================================================================
warning: entity 6 was directed to use 17 halite to move north, but only 15 halite was available
At command 15 of 18:
    13   m 26 o
    14   m 38 n
>>> 15   m 6 n
    16   m 20 o
    17   m 24 o

