
Turn 12
================================================================
warning: entity 8 was directed to use 15 halite to move west, but only 0 halite was available
At command 4 of 5:
    2   m 1 o
    3   m 5 o
>>> 4   m 8 w
    5   g


Turn 51
================================================================
warning: entity 13 was directed to use 3 halite to move east, but only 0 halite was available
At command 9 of 9:
    7   m 11 o
    8   m 12 o
>>> 9   m 13 e


Turn 59
================================================================
warning: entity 5 was directed to use 4 halite to move east, but only 0 halite was available
At command 9 of 10:
    7   m 3 o
    8   m 11 n
>>> 9   m 5 e
    10   g


Turn 64
================================================================
warning: entity 11 was directed to use 4 halite to move south, but only 0 halite was available
At command 7 of 11:
    5   m 3 s
    6   m 8 w
>>> 7   m 11 s
    8   m 12 w
    9   m 14 o


Turn 70
================================================================
warning: entity 8 was directed to use 3 halite to move south, but only 0 halite was available
At command 11 of 12:
    9   m 3 s
    10   m 12 w
>>> 11   m 8 s
    12   g


Turn 72
================================================================
warning: entity 16 was directed to use 1 halite to move north, but only 0 halite was available
At command 12 of 12:
    10   m 12 w
    11   m 8 o
>>> 12   m 16 n


Turn 75
================================================================
warning: entity 16 was directed to use 6 halite to move north, but only 0 halite was available
At command 10 of 12:
    8   m 8 o
    9   m 11 o
>>> 10   m 16 n
    11   m 13 o
    12   m 12 s


Turn 78
================================================================
warning: entity 17 was directed to use 2 halite to move east, but only 0 halite was available
At command 10 of 13:
    8   m 11 o
    9   m 15 o
>>> 10   m 17 e
    11   m 8 o
    12   m 12 o


Turn 85
================================================================
warning: entity 18 was directed to use 1 halite to move north, but only 0 halite was available
At command 14 of 14:
    12   m 10 s
    13   m 13 o
>>> 14   m 18 n


Turn 103
================================================================
warning: entity 13 was directed to use 1 halite to move east, but only 0 halite was available
At command 15 of 15:
    13   m 3 o
    14   m 8 o
>>> 15   m 13 e


Turn 110
================================================================
warning: entity 11 was directed to use 1 halite to move east, but only 0 halite was available
At command 16 of 17:
    14   m 10 o
    15   m 14 o
>>> 16   m 11 e
    17   g


Turn 112
================================================================
warning: entity 21 was directed to use 1 halite to move west, but only 0 halite was available
At command 13 of 17:
    11   m 20 o
    12   m 8 e
>>> 13   m 21 w
    14   m 11 s
    15   m 18 o


Turn 118
================================================================
warning: entity 22 was directed to use 1 halite to move north, but only 0 halite was available
At command 10 of 18:
    8   m 12 n
    9   m 21 o
>>> 10   m 22 n
    11   m 20 o
    12   m 16 s


Turn 124
================================================================
warning: entity 23 was directed to use 2 halite to move east, but only 0 halite was available
At command 19 of 19:
    17   m 3 s
    18   m 8 e
>>> 19   m 23 e


Turn 137
================================================================
warning: entity 16 was directed to use 1 halite to move south, but only 0 halite was available
At command 18 of 21:
    16   m 20 o
    17   m 17 o
>>> 18   m 16 s
    19   m 3 o
    20   m 15 e


Turn 140
================================================================
warning: entity 16 was directed to use 5 halite to move west, but only 1 halite was available
At command 16 of 21:
    14   m 10 w
    15   m 22 o
>>> 16   m 16 w
    17   m 18 w
    18   m 12 o


Turn 153
================================================================
warning: entity 27 was directed to use 5 halite to move west, but only 0 halite was available
At command 23 of 23:
    21   m 11 n
    22   m 21 s
>>> 23   m 27 w


Turn 165
================================================================
warning: entity 18 was directed to use 1 halite to move south, but only 0 halite was available
At command 22 of 25:
    20   m 10 o
    21   m 27 o
>>> 22   m 18 s
    23   m 28 o
    24   m 13 o


Turn 275
================================================================
warning: entity 30 was directed to use 10 halite to move west, but only 5 halite was available
At command 24 of 30:
    22   m 32 o
    23   m 12 e
>>> 24   m 30 w
    25   m 20 w
    26   m 23 o


Turn 312
================================================================
warning: entity 31 was directed to use 2 halite to move east, but only 0 halite was available
At command 23 of 30:
    21   m 29 w
    22   m 21 o
>>> 23   m 31 e
    24   m 30 w
    25   m 17 o

