
Turn 5
================================================================
warning: entity 3 was directed to use 6 halite to move north, but only 0 halite was available
At command 2 of 2:
    1   m 1 o
>>> 2   m 3 n


Turn 42
================================================================
warning: entity 3 was directed to use 7 halite to move south, but only 0 halite was available
At command 2 of 3:
    1   m 1 n
>>> 2   m 3 s
    3   g


Turn 80
================================================================
warning: entity 1 was directed to use 2 halite to move west, but only 0 halite was available
At command 3 of 4:
    1   m 4 o
    2   m 3 w
>>> 3   m 1 w
    4   g


Turn 103
================================================================
warning: entity 4 was directed to use 1 halite to move south, but only 0 halite was available
At command 4 of 4:
    2   m 6 o
    3   m 3 o
>>> 4   m 4 s


Turn 150
================================================================
warning: entity 10 was directed to use 1 halite to move east, but only 0 halite was available
At command 6 of 6:
    4   m 4 w
    5   m 3 o
>>> 6   m 10 e

