
Turn 3
================================================================
warning: entity 0 was directed to use 18 halite to move north, but only 0 halite was available
At command 1 of 2:
>>> 1   m 0 n
    2   g


Turn 5
================================================================
warning: entity 0 was directed to use 43 halite to move north, but only 33 halite was available
At command 1 of 3:
>>> 1   m 0 n
    2   m 2 n
    3   g

warning: entity 2 was directed to use 14 halite to move north, but only 0 halite was available
At command 2 of 3:
    1   m 0 n
>>> 2   m 2 n
    3   g


Turn 7
================================================================
warning: entity 2 was directed to use 32 halite to move north, but only 26 halite was available
At command 2 of 4:
    1   m 0 n
>>> 2   m 2 n
    3   m 4 n
    4   g

warning: entity 4 was directed to use 10 halite to move north, but only 0 halite was available
At command 3 of 4:
    1   m 0 n
    2   m 2 n
>>> 3   m 4 n
    4   g


Turn 9
================================================================
warning: entity 4 was directed to use 24 halite to move north, but only 20 halite was available
At command 3 of 5:
    1   m 0 o
    2   m 2 e
>>> 3   m 4 n
    4   m 6 n
    5   g

warning: entity 6 was directed to use 7 halite to move north, but only 0 halite was available
At command 4 of 5:
    2   m 2 e
    3   m 4 n
>>> 4   m 6 n
    5   g


Turn 11
================================================================
warning: entity 6 was directed to use 18 halite to move north, but only 15 halite was available
At command 3 of 5:
    1   m 0 o
    2   m 4 e
>>> 3   m 6 n
    4   m 2 n
    5   m 7 n

warning: entity 2 was directed to use 50 halite to move north, but only 0 halite was available
At command 4 of 5:
    2   m 4 e
    3   m 6 n
>>> 4   m 2 n
    5   m 7 n

warning: entity 7 was directed to use 5 halite to move north, but only 0 halite was available
At command 5 of 5:
    3   m 6 n
    4   m 2 n
>>> 5   m 7 n


Turn 12
================================================================
warning: entity 4 was directed to use 47 halite to move north, but only 26 halite was available
At command 5 of 5:
    3   m 2 n
    4   m 7 n
>>> 5   m 4 n


Turn 13
================================================================
warning: entity 7 was directed to use 13 halite to move north, but only 11 halite was available
At command 5 of 5:
    3   m 6 e
    4   m 2 n
>>> 5   m 7 n


Turn 14
================================================================
warning: entity 6 was directed to use 35 halite to move north, but only 11 halite was available
At command 4 of 5:
    2   m 7 n
    3   m 4 n
>>> 4   m 6 n
    5   m 2 n

warning: entity 2 was directed to use 55 halite to move north, but only 53 halite was available
At command 5 of 5:
    3   m 4 n
    4   m 6 n
>>> 5   m 2 n


Turn 15
================================================================
warning: entity 7 was directed to use 37 halite to move east, but only 36 halite was available
At command 4 of 5:
    2   m 6 n
    3   m 2 n
>>> 4   m 7 e
    5   m 4 n


Turn 16
================================================================
warning: entity 4 was directed to use 41 halite to move north, but only 38 halite was available
At command 5 of 5:
    3   m 6 n
    4   m 2 n
>>> 5   m 4 n


Turn 18
================================================================
warning: entity 6 was directed to use 31 halite to move north, but only 2 halite was available
At command 4 of 5:
    2   m 7 e
    3   m 4 n
>>> 4   m 6 n
    5   m 2 s

warning: entity 2 was directed to use 76 halite to move south, but only 58 halite was available
At command 5 of 5:
    3   m 4 n
    4   m 6 n
>>> 5   m 2 s


Turn 20
================================================================
warning: entity 4 was directed to use 53 halite to move east, but only 18 halite was available
At command 5 of 5:
    3   m 2 e
    4   m 7 n
>>> 5   m 4 e

warning: owned entities 2, 4 collided on cell (10, 8) as the result of moves on this turn
At command 3 of 5:
    1   m 0 o
    2   m 6 n
>>> 3   m 2 e
    4   m 7 n
    5   m 4 e


Turn 21
================================================================
warning: entity 6 was directed to use 23 halite to move north, but only 21 halite was available
At command 2 of 3:
    1   m 0 o
>>> 2   m 6 n
    3   m 7 w


Turn 24
================================================================
warning: entity 7 was directed to use 67 halite to move north, but only 26 halite was available
At command 2 of 3:
    1   m 0 o
>>> 2   m 7 n
    3   m 6 e

warning: entity 6 was directed to use 45 halite to move east, but only 14 halite was available
At command 3 of 3:
    1   m 0 o
    2   m 7 n
>>> 3   m 6 e


Turn 27
================================================================
warning: entity 6 was directed to use 54 halite to move west, but only 24 halite was available
At command 3 of 3:
    1   m 0 o
    2   m 7 n
>>> 3   m 6 w


Turn 28
================================================================
warning: entity 7 was directed to use 57 halite to move east, but only 37 halite was available
At command 3 of 3:
    1   m 0 o
    2   m 6 e
>>> 3   m 7 e


Turn 31
================================================================
warning: entity 6 was directed to use 74 halite to move west, but only 17 halite was available
At command 3 of 3:
    1   m 0 o
    2   m 7 o
>>> 3   m 6 w


Turn 39
================================================================
warning: entity 7 was directed to use 41 halite to move north, but only 20 halite was available
At command 2 of 3:
    1   m 0 o
>>> 2   m 7 n
    3   m 6 e

warning: entity 6 was directed to use 74 halite to move east, but only 7 halite was available
At command 3 of 3:
    1   m 0 o
    2   m 7 n
>>> 3   m 6 e


Turn 43
================================================================
warning: entity 7 was directed to use 56 halite to move north, but only 16 halite was available
At command 2 of 3:
    1   m 0 o
>>> 2   m 7 n
    3   m 6 s


Turn 44
================================================================
warning: entity 6 was directed to use 56 halite to move north, but only 41 halite was available
At command 3 of 3:
    1   m 0 o
    2   m 7 e
>>> 3   m 6 n


Turn 49
================================================================
warning: entity 6 was directed to use 29 halite to move south, but only 3 halite was available
At command 2 of 3:
    1   m 0 o
>>> 2   m 6 s
    3   m 7 n

warning: entity 7 was directed to use 29 halite to move north, but only 23 halite was available
At command 3 of 3:
    1   m 0 o
    2   m 6 s
>>> 3   m 7 n


Turn 52
================================================================
warning: entity 6 was directed to use 21 halite to move north, but only 10 halite was available
At command 2 of 3:
    1   m 0 o
>>> 2   m 6 n
    3   m 7 s


Turn 53
================================================================
warning: entity 7 was directed to use 33 halite to move north, but only 32 halite was available
At command 3 of 3:
    1   m 0 o
    2   m 6 s
>>> 3   m 7 n


Turn 54
================================================================
warning: entity 6 was directed to use 54 halite to move north, but only 49 halite was available
At command 3 of 3:
    1   m 0 o
    2   m 7 e
>>> 3   m 6 n


Turn 58
================================================================
warning: entity 6 was directed to use 53 halite to move north, but only 40 halite was available
At command 2 of 3:
    1   m 0 o
>>> 2   m 6 n
    3   m 7 s


Turn 63
================================================================
warning: entity 6 was directed to use 36 halite to move south, but only 9 halite was available
At command 2 of 3:
    1   m 0 o
>>> 2   m 6 s
    3   m 7 n


Turn 67
================================================================
warning: entity 7 was directed to use 9 halite to move north, but only 7 halite was available
At command 3 of 3:
    1   m 0 o
    2   m 6 s
>>> 3   m 7 n


Turn 72
================================================================
warning: entity 7 was directed to use 5 halite to move south, but only 2 halite was available
At command 2 of 3:
    1   m 0 o
>>> 2   m 7 s
    3   m 6 n

warning: entity 6 was directed to use 27 halite to move north, but only 25 halite was available
At command 3 of 3:
    1   m 0 o
    2   m 7 s
>>> 3   m 6 n


Turn 76
================================================================
warning: entity 7 was directed to use 5 halite to move south, but only 4 halite was available
At command 2 of 3:
    1   m 0 o
>>> 2   m 7 s
    3   m 6 n


Turn 79
================================================================
warning: entity 7 was directed to use 10 halite to move north, but only 7 halite was available
At command 2 of 3:
    1   m 0 o
>>> 2   m 7 n
    3   m 6 s


Turn 80
================================================================
warning: entity 6 was directed to use 45 halite to move north, but only 17 halite was available
At command 3 of 3:
    1   m 0 o
    2   m 7 s
>>> 3   m 6 n


Turn 81
================================================================
warning: entity 7 was directed to use 33 halite to move north, but only 26 halite was available
At command 3 of 3:
    1   m 0 o
    2   m 6 e
>>> 3   m 7 n


Turn 86
================================================================
warning: entity 7 was directed to use 17 halite to move south, but only 10 halite was available
At command 2 of 2:
    1   m 0 o
>>> 2   m 7 s


Turn 92
================================================================
warning: entity 7 was directed to use 6 halite to move south, but only 5 halite was available
At command 2 of 2:
    1   m 0 o
>>> 2   m 7 s


Turn 95
================================================================
warning: entity 7 was directed to use 21 halite to move north, but only 10 halite was available
At command 2 of 2:
    1   m 0 o
>>> 2   m 7 n


Turn 98
================================================================
warning: entity 7 was directed to use 16 halite to move south, but only 6 halite was available
At command 2 of 2:
    1   m 0 o
>>> 2   m 7 s


Turn 103
================================================================
warning: entity 7 was directed to use 12 halite to move north, but only 7 halite was available
At command 2 of 2:
    1   m 0 o
>>> 2   m 7 n


Turn 105
================================================================
warning: entity 7 was directed to use 42 halite to move north, but only 28 halite was available
At command 2 of 2:
    1   m 0 o
>>> 2   m 7 n


Turn 110
================================================================
warning: entity 7 was directed to use 67 halite to move north, but only 0 halite was available
At command 2 of 2:
    1   m 0 o
>>> 2   m 7 n


Turn 116
================================================================
warning: entity 7 was directed to use 45 halite to move north, but only 8 halite was available
At command 2 of 2:
    1   m 0 o
>>> 2   m 7 n


Turn 127
================================================================
warning: entity 7 was directed to use 12 halite to move south, but only 1 halite was available
At command 2 of 2:
    1   m 0 o
>>> 2   m 7 s


Turn 134
================================================================
warning: entity 7 was directed to use 9 halite to move north, but only 0 halite was available
At command 2 of 2:
    1   m 0 o
>>> 2   m 7 n


Turn 138
================================================================
warning: entity 7 was directed to use 8 halite to move north, but only 2 halite was available
At command 2 of 2:
    1   m 0 o
>>> 2   m 7 n


Turn 143
================================================================
warning: entity 7 was directed to use 9 halite to move south, but only 0 halite was available
At command 2 of 2:
    1   m 0 o
>>> 2   m 7 s


Turn 146
================================================================
warning: entity 7 was directed to use 7 halite to move north, but only 3 halite was available
At command 2 of 2:
    1   m 0 o
>>> 2   m 7 n


Turn 151
================================================================
warning: entity 7 was directed to use 5 halite to move south, but only 4 halite was available
At command 2 of 2:
    1   m 0 o
>>> 2   m 7 s


Turn 153
================================================================
warning: entity 7 was directed to use 15 halite to move south, but only 14 halite was available
At command 2 of 2:
    1   m 0 o
>>> 2   m 7 s


Turn 164
================================================================
warning: entity 7 was directed to use 7 halite to move north, but only 4 halite was available
At command 2 of 2:
    1   m 0 o
>>> 2   m 7 n


Turn 169
================================================================
warning: entity 7 was directed to use 5 halite to move south, but only 0 halite was available
At command 2 of 2:
    1   m 0 o
>>> 2   m 7 s


Turn 175
================================================================
warning: entity 7 was directed to use 2 halite to move south, but only 0 halite was available
At command 2 of 2:
    1   m 0 o
>>> 2   m 7 s


Turn 177
================================================================
warning: entity 7 was directed to use 12 halite to move south, but only 5 halite was available
At command 2 of 2:
    1   m 0 o
>>> 2   m 7 s


Turn 180
================================================================
warning: entity 7 was directed to use 21 halite to move east, but only 10 halite was available
At command 2 of 2:
    1   m 0 o
>>> 2   m 7 e


Turn 182
================================================================
warning: entity 7 was directed to use 57 halite to move east, but only 49 halite was available
At command 2 of 2:
    1   m 0 o
>>> 2   m 7 e

