
Turn 7
================================================================
warning: entity 3 was directed to use 32 halite to move east, but only 0 halite was available
At command 2 of 3:
    1   m 1 e
>>> 2   m 3 e
    3   g


Turn 49
================================================================
warning: entity 3 was directed to use 4 halite to move west, but only 0 halite was available
At command 8 of 8:
    6   m 12 o
    7   m 5 o
>>> 8   m 3 w


Turn 51
================================================================
warning: entity 9 was directed to use 6 halite to move west, but only 0 halite was available
At command 4 of 9:
    2   m 7 o
    3   m 5 n
>>> 4   m 9 w
    5   m 1 n
    6   m 10 o


Turn 53
================================================================
warning: entity 17 was directed to use 3 halite to move east, but only 0 halite was available
At command 9 of 9:
    7   m 7 n
    8   m 15 o
>>> 9   m 17 e


Turn 59
================================================================
warning: entity 1 was directed to use 5 halite to move south, but only 0 halite was available
At command 9 of 10:
    7   m 3 o
    8   m 12 o
>>> 9   m 1 s
    10   g


Turn 61
================================================================
warning: entity 18 was directed to use 2 halite to move east, but only 0 halite was available
At command 10 of 10:
    8   m 9 o
    9   m 1 o
>>> 10   m 18 e


Turn 66
================================================================
warning: entity 10 was directed to use 4 halite to move south, but only 0 halite was available
At command 9 of 11:
    7   m 12 n
    8   m 18 e
>>> 9   m 10 s
    10   m 5 s
    11   g


Turn 68
================================================================
warning: entity 20 was directed to use 4 halite to move east, but only 0 halite was available
At command 11 of 11:
    9   m 5 s
    10   m 15 e
>>> 11   m 20 e


Turn 73
================================================================
warning: entity 7 was directed to use 1 halite to move east, but only 0 halite was available
At command 11 of 12:
    9   m 5 s
    10   m 12 n
>>> 11   m 7 e
    12   g


Turn 78
================================================================
warning: entity 15 was directed to use 3 halite to move east, but only 0 halite was available
At command 10 of 13:
    8   m 20 o
    9   m 9 o
>>> 10   m 15 e
    11   m 5 s
    12   m 12 n


Turn 80
================================================================
warning: entity 15 was directed to use 7 halite to move east, but only 6 halite was available
At command 6 of 13:
    4   m 17 w
    5   m 22 o
>>> 6   m 15 e
    7   m 7 o
    8   m 10 o

warning: entity 24 was directed to use 3 halite to move west, but only 0 halite was available
At command 13 of 13:
    11   m 3 e
    12   m 12 n
>>> 13   m 24 w


Turn 85
================================================================
warning: entity 5 was directed to use 2 halite to move west, but only 0 halite was available
At command 13 of 14:
    11   m 10 o
    12   m 20 o
>>> 13   m 5 w
    14   g


Turn 87
================================================================
warning: entity 26 was directed to use 1 halite to move east, but only 0 halite was available
At command 14 of 14:
    12   m 5 o
    13   m 17 o
>>> 14   m 26 e


Turn 89
================================================================
warning: entity 12 was directed to use 2 halite to move east, but only 0 halite was available
At command 11 of 14:
    9   m 15 e
    10   m 9 s
>>> 11   m 12 e
    12   m 20 o
    13   m 3 e


Turn 93
================================================================
warning: entity 9 was directed to use 2 halite to move west, but only 0 halite was available
At command 14 of 14:
    12   m 26 o
    13   m 18 o
>>> 14   m 9 w


Turn 96
================================================================
warning: entity 1 was directed to use 2 halite to move north, but only 0 halite was available
At command 14 of 15:
    12   m 3 o
    13   m 17 w
>>> 14   m 1 n
    15   m 29 n


Turn 108
================================================================
warning: entity 31 was directed to use 1 halite to move west, but only 0 halite was available
At command 17 of 17:
    15   m 17 w
    16   m 29 o
>>> 17   m 31 w


Turn 110
================================================================
warning: entity 31 was directed to use 4 halite to move west, but only 3 halite was available
At command 15 of 17:
    13   m 9 o
    14   m 26 o
>>> 15   m 31 w
    16   m 20 o
    17   m 7 w


Turn 113
================================================================
warning: entity 17 was directed to use 1 halite to move east, but only 0 halite was available
At command 15 of 18:
    13   m 7 o
    14   m 22 s
>>> 15   m 17 e
    16   m 3 e
    17   m 9 o


Turn 124
================================================================
warning: entity 35 was directed to use 2 halite to move west, but only 0 halite was available
At command 16 of 20:
    14   m 29 o
    15   m 5 o
>>> 16   m 35 w
    17   m 26 w
    18   m 24 o


Turn 134
================================================================
warning: entity 39 was directed to use 1 halite to move west, but only 0 halite was available
At command 13 of 21:
    11   m 22 e
    12   m 24 o
>>> 13   m 39 w
    14   m 18 o
    15   m 17 o


Turn 142
================================================================
warning: entity 41 was directed to use 1 halite to move north, but only 0 halite was available
At command 21 of 22:
    19   m 29 e
    20   m 1 e
>>> 21   m 41 n
    22   m 7 o


Turn 270
================================================================
warning: entity 17 was directed to use 4 halite to move east, but only 3 halite was available
At command 20 of 32:
    18   m 10 o
    19   m 22 o
>>> 20   m 17 e
    21   m 56 o
    22   m 24 o

