
Turn 20
================================================================
warning: entity 1 was directed to use 14 halite to move west, but only 0 halite was available
At command 4 of 5:
    2   m 5 e
    3   m 4 o
>>> 4   m 1 w
    5   m 3 w


Turn 39
================================================================
warning: entity 8 was directed to use 4 halite to move north, but only 0 halite was available
At command 8 of 8:
    6   m 4 o
    7   m 7 o
>>> 8   m 8 n


Turn 59
================================================================
warning: entity 6 was directed to use 3 halite to move east, but only 0 halite was available
At command 8 of 9:
    6   m 7 w
    7   m 4 w
>>> 8   m 6 e
    9   g


Turn 64
================================================================
warning: entity 7 was directed to use 4 halite to move east, but only 0 halite was available
At command 9 of 9:
    7   m 6 o
    8   m 4 e
>>> 9   m 7 e


Turn 70
================================================================
warning: entity 4 was directed to use 6 halite to move west, but only 0 halite was available
At command 9 of 10:
    7   m 6 e
    8   m 7 o
>>> 9   m 4 w
    10   g


Turn 72
================================================================
warning: entity 10 was directed to use 2 halite to move west, but only 0 halite was available
At command 9 of 10:
    7   m 8 e
    8   m 6 o
>>> 9   m 10 w
    10   m 4 w

warning: entity 4 was directed to use 15 halite to move west, but only 11 halite was available
At command 10 of 10:
    8   m 6 o
    9   m 10 w
>>> 10   m 4 w


Turn 79
================================================================
warning: entity 11 was directed to use 4 halite to move west, but only 0 halite was available
At command 11 of 11:
    9   m 10 e
    10   m 9 o
>>> 11   m 11 w


Turn 93
================================================================
warning: entity 4 was directed to use 1 halite to move west, but only 0 halite was available
At command 11 of 12:
    9   m 7 n
    10   m 10 o
>>> 11   m 4 w
    12   g


Turn 95
================================================================
warning: entity 12 was directed to use 2 halite to move east, but only 0 halite was available
At command 11 of 12:
    9   m 7 n
    10   m 4 o
>>> 11   m 12 e
    12   m 8 o


Turn 99
================================================================
warning: entity 6 was directed to use 3 halite to move east, but only 0 halite was available
At command 12 of 12:
    10   m 10 o
    11   m 12 o
>>> 12   m 6 e


Turn 116
================================================================
warning: entity 13 was directed to use 3 halite to move west, but only 0 halite was available
At command 12 of 13:
    10   m 8 o
    11   m 10 w
>>> 12   m 13 w
    13   m 11 s


Turn 127
================================================================
warning: entity 10 was directed to use 1 halite to move east, but only 0 halite was available
At command 13 of 14:
    11   m 7 n
    12   m 12 o
>>> 13   m 10 e
    14   g


Turn 135
================================================================
warning: entity 15 was directed to use 2 halite to move west, but only 0 halite was available
At command 15 of 15:
    13   m 13 o
    14   m 7 n
>>> 15   m 15 w


Turn 171
================================================================
warning: entity 19 was directed to use 1 halite to move east, but only 0 halite was available
At command 19 of 19:
    17   m 17 o
    18   m 8 e
>>> 19   m 19 e


Turn 253
================================================================
warning: entity 20 was directed to use 1 halite to move west, but only 0 halite was available
At command 20 of 21:
    18   m 12 o
    19   m 21 n
>>> 20   m 20 w
    21   m 15 o


Turn 273
================================================================
warning: entity 13 was directed to use 1 halite to move south, but only 0 halite was available
At command 15 of 21:
    13   m 12 o
    14   m 19 o
>>> 15   m 13 s
    16   m 15 o
    17   m 4 o


Turn 303
================================================================
warning: entity 4 was directed to use 2 halite to move west, but only 0 halite was available
At command 21 of 21:
    19   m 21 o
    20   m 20 e
>>> 21   m 4 w


Turn 340
================================================================
warning: entity 6 was directed to use 1 halite to move west, but only 0 halite was available
At command 21 of 21:
    19   m 20 o
    20   m 10 o
>>> 21   m 6 w

