
Turn 3
================================================================
warning: entity 0 was directed to use 13 halite to move north, but only 0 halite was available
At command 1 of 2:
>>> 1   m 0 n
    2   g


Turn 39
================================================================
warning: entity 2 was directed to use 4 halite to move north, but only 0 halite was available
At command 3 of 3:
    1   m 0 o
    2   m 5 o
>>> 3   m 2 n


Turn 50
================================================================
warning: entity 0 was directed to use 6 halite to move east, but only 0 halite was available
At command 3 of 4:
    1   m 5 o
    2   m 2 o
>>> 3   m 0 e
    4   g


Turn 52
================================================================
warning: entity 6 was directed to use 3 halite to move east, but only 0 halite was available
At command 4 of 4:
    2   m 5 o
    3   m 0 e
>>> 4   m 6 e


Turn 57
================================================================
warning: entity 5 was directed to use 4 halite to move east, but only 0 halite was available
At command 3 of 4:
    1   m 0 o
    2   m 6 o
>>> 3   m 5 e
    4   m 2 o


Turn 67
================================================================
warning: entity 2 was directed to use 5 halite to move east, but only 0 halite was available
At command 4 of 5:
    2   m 6 e
    3   m 0 w
>>> 4   m 2 e
    5   g


Turn 69
================================================================
warning: entity 2 was directed to use 14 halite to move east, but only 10 halite was available
At command 4 of 5:
    2   m 8 o
    3   m 0 e
>>> 4   m 2 e
    5   m 6 o


Turn 74
================================================================
warning: entity 0 was directed to use 2 halite to move east, but only 0 halite was available
At command 3 of 5:
    1   m 6 o
    2   m 2 o
>>> 3   m 0 e
    4   m 8 o
    5   m 5 o


Turn 81
================================================================
warning: entity 6 was directed to use 3 halite to move east, but only 0 halite was available
At command 5 of 6:
    3   m 2 o
    4   m 5 w
>>> 5   m 6 e
    6   g


Turn 83
================================================================
warning: entity 10 was directed to use 3 halite to move east, but only 0 halite was available
At command 4 of 6:
    2   m 0 e
    3   m 2 w
>>> 4   m 10 e
    5   m 6 o
    6   m 5 n


Turn 89
================================================================
warning: entity 2 was directed to use 1 halite to move north, but only 0 halite was available
At command 4 of 6:
    2   m 0 o
    3   m 5 n
>>> 4   m 2 n
    5   m 10 o
    6   m 6 o


Turn 91
================================================================
warning: entity 5 was directed to use 2 halite to move east, but only 0 halite was available
At command 6 of 7:
    4   m 10 o
    5   m 6 s
>>> 6   m 5 e
    7   g


Turn 93
================================================================
warning: entity 11 was directed to use 2 halite to move south, but only 0 halite was available
At command 7 of 7:
    5   m 2 o
    6   m 5 o
>>> 7   m 11 s


Turn 97
================================================================
warning: entity 8 was directed to use 1 halite to move north, but only 0 halite was available
At command 3 of 8:
    1   m 11 s
    2   m 6 o
>>> 3   m 8 n
    4   m 0 s
    5   m 2 o


Turn 99
================================================================
warning: entity 13 was directed to use 2 halite to move east, but only 0 halite was available
At command 7 of 8:
    5   m 8 o
    6   m 0 o
>>> 7   m 13 e
    8   m 5 e


Turn 102
================================================================
warning: entity 13 was directed to use 7 halite to move east, but only 2 halite was available
At command 4 of 8:
    2   m 10 o
    3   m 6 o
>>> 4   m 13 e
    5   m 5 e
    6   m 0 o


Turn 111
================================================================
warning: entity 0 was directed to use 2 halite to move west, but only 0 halite was available
At command 7 of 8:
    5   m 6 w
    6   m 11 o
>>> 7   m 0 w
    8   m 8 o


Turn 119
================================================================
warning: entity 6 was directed to use 1 halite to move east, but only 0 halite was available
At command 9 of 10:
    7   m 2 s
    8   m 5 o
>>> 9   m 6 e
    10   g


Turn 133
================================================================
warning: entity 20 was directed to use 2 halite to move east, but only 0 halite was available
At command 11 of 11:
    9   m 11 e
    10   m 2 e
>>> 11   m 20 e


Turn 142
================================================================
warning: entity 21 was directed to use 4 halite to move east, but only 2 halite was available
At command 9 of 12:
    7   m 20 o
    8   m 13 o
>>> 9   m 21 e
    10   m 10 s
    11   m 17 o


Turn 149
================================================================
warning: entity 10 was directed to use 1 halite to move east, but only 0 halite was available
At command 12 of 12:
    10   m 17 e
    11   m 5 e
>>> 12   m 10 e


Turn 151
================================================================
warning: entity 15 was directed to use 1 halite to move west, but only 0 halite was available
At command 9 of 13:
    7   m 21 o
    8   m 17 n
>>> 9   m 15 w
    10   m 10 o
    11   m 13 w


Turn 154
================================================================
warning: entity 23 was directed to use 1 halite to move east, but only 0 halite was available
At command 11 of 13:
    9   m 21 o
    10   m 10 o
>>> 11   m 23 e
    12   m 13 e
    13   m 5 s


Turn 167
================================================================
warning: entity 13 was directed to use 1 halite to move west, but only 0 halite was available
At command 8 of 13:
    6   m 8 n
    7   m 11 w
>>> 8   m 13 w
    9   m 5 o
    10   m 2 o


Turn 182
================================================================
warning: entity 27 was directed to use 1 halite to move west, but only 0 halite was available
At command 15 of 16:
    13   m 15 o
    14   m 5 o
>>> 15   m 27 w
    16   m 28 n


Turn 187
================================================================
warning: entity 30 was directed to use 1 halite to move west, but only 0 halite was available
At command 17 of 18:
    15   m 5 o
    16   m 21 o
>>> 17   m 30 w
    18   m 32 w

