
Turn 25
================================================================
warning: entity 0 was directed to use 18 halite to move west, but only 0 halite was available
At command 1 of 6:
>>> 1   m 0 w
    2   m 8 w
    3   m 6 w


Turn 39
================================================================
warning: entity 4 was directed to use 7 halite to move east, but only 0 halite was available
At command 7 of 8:
    5   m 13 o
    6   m 6 w
>>> 7   m 4 e
    8   g


Turn 44
================================================================
warning: entity 6 was directed to use 3 halite to move east, but only 0 halite was available
At command 8 of 9:
    6   m 4 o
    7   m 15 o
>>> 8   m 6 e
    9   g


Turn 46
================================================================
warning: entity 17 was directed to use 5 halite to move east, but only 0 halite was available
At command 9 of 9:
    7   m 8 o
    8   m 6 o
>>> 9   m 17 e


Turn 51
================================================================
warning: entity 0 was directed to use 5 halite to move east, but only 0 halite was available
At command 6 of 10:
    4   m 10 w
    5   m 4 o
>>> 6   m 0 e
    7   m 2 s
    8   m 17 o


Turn 57
================================================================
warning: entity 10 was directed to use 4 halite to move west, but only 0 halite was available
At command 10 of 11:
    8   m 2 o
    9   m 0 o
>>> 10   m 10 w
    11   g


Turn 60
================================================================
warning: entity 19 was directed to use 3 halite to move south, but only 0 halite was available
At command 10 of 11:
    8   m 0 e
    9   m 8 s
>>> 10   m 19 s
    11   m 10 o


Turn 67
================================================================
warning: entity 13 was directed to use 5 halite to move south, but only 0 halite was available
At command 11 of 12:
    9   m 17 o
    10   m 10 o
>>> 11   m 13 s
    12   g


Turn 75
================================================================
warning: entity 2 was directed to use 1 halite to move east, but only 0 halite was available
At command 12 of 13:
    10   m 15 s
    11   m 4 w
>>> 12   m 2 e
    13   g


Turn 82
================================================================
warning: entity 15 was directed to use 2 halite to move east, but only 0 halite was available
At command 12 of 14:
    10   m 22 o
    11   m 8 o
>>> 12   m 15 e
    13   m 4 o
    14   g


Turn 84
================================================================
warning: entity 27 was directed to use 1 halite to move west, but only 0 halite was available
At command 14 of 14:
    12   m 18 w
    13   m 0 n
>>> 14   m 27 w


Turn 86
================================================================
warning: entity 27 was directed to use 4 halite to move north, but only 3 halite was available
At command 11 of 14:
    9   m 19 o
    10   m 2 o
>>> 11   m 27 n
    12   m 18 w
    13   m 17 s


Turn 90
================================================================
warning: entity 29 was directed to use 2 halite to move west, but only 0 halite was available
At command 11 of 15:
    9   m 8 o
    10   m 6 w
>>> 11   m 29 w
    12   m 0 o
    13   m 4 o


Turn 94
================================================================
warning: entity 30 was directed to use 1 halite to move north, but only 0 halite was available
At command 14 of 16:
    12   m 25 o
    13   m 22 n
>>> 14   m 30 n
    15   m 17 o
    16   m 4 w


Turn 98
================================================================
warning: entity 10 was directed to use 1 halite to move west, but only 0 halite was available
At command 16 of 17:
    14   m 15 o
    15   m 18 e
>>> 16   m 10 w
    17   g


Turn 100
================================================================
warning: entity 10 was directed to use 4 halite to move west, but only 3 halite was available
At command 14 of 17:
    12   m 2 o
    13   m 29 o
>>> 14   m 10 w
    15   m 6 o
    16   m 22 o


Turn 105
================================================================
warning: entity 18 was directed to use 1 halite to move south, but only 0 halite was available
At command 17 of 17:
    15   m 4 w
    16   m 33 o
>>> 17   m 18 s


Turn 111
================================================================
warning: entity 35 was directed to use 2 halite to move west, but only 0 halite was available
At command 17 of 18:
    15   m 4 n
    16   m 13 e
>>> 17   m 35 w
    18   m 6 s


Turn 115
================================================================
warning: entity 4 was directed to use 1 halite to move west, but only 0 halite was available
At command 18 of 18:
    16   m 6 n
    17   m 2 o
>>> 18   m 4 w


Turn 117
================================================================
warning: entity 4 was directed to use 4 halite to move west, but only 3 halite was available
At command 14 of 19:
    12   m 6 n
    13   m 2 o
>>> 14   m 4 w
    15   m 17 o
    16   m 22 o


Turn 120
================================================================
warning: entity 39 was directed to use 1 halite to move west, but only 0 halite was available
At command 20 of 20:
    18   m 37 n
    19   m 6 o
>>> 20   m 39 w


Turn 121
================================================================
warning: entity 37 was directed to use 3 halite to move north, but only 1 halite was available
At command 15 of 20:
    13   m 39 w
    14   m 27 o
>>> 15   m 37 n
    16   m 35 o
    17   m 18 o


Turn 123
================================================================
warning: entity 13 was directed to use 1 halite to move west, but only 0 halite was available
At command 20 of 21:
    18   m 37 o
    19   m 2 o
>>> 20   m 13 w
    21   m 40 s


Turn 125
================================================================
warning: entity 40 was directed to use 1 halite to move west, but only 0 halite was available
At command 21 of 21:
    19   m 13 o
    20   m 27 o
>>> 21   m 40 w


Turn 135
================================================================
warning: entity 42 was directed to use 3 halite to move east, but only 2 halite was available
At command 20 of 23:
    18   m 39 o
    19   m 4 o
>>> 20   m 42 e
    21   m 15 s
    22   m 2 w


Turn 136
================================================================
warning: entity 2 was directed to use 2 halite to move west, but only 0 halite was available
At command 18 of 23:
    16   m 4 o
    17   m 42 e
>>> 18   m 2 w
    19   m 30 o
    20   m 0 e


Turn 140
================================================================
warning: entity 44 was directed to use 3 halite to move north, but only 1 halite was available
At command 19 of 23:
    17   m 13 o
    18   m 2 o
>>> 19   m 44 n
    20   m 0 o
    21   m 27 n


Turn 150
================================================================
warning: entity 48 was directed to use 1 halite to move east, but only 0 halite was available
At command 19 of 25:
    17   m 15 o
    18   m 22 o
>>> 19   m 48 e
    20   m 30 n
    21   m 29 e


Turn 151
================================================================
warning: entity 27 was directed to use 3 halite to move east, but only 2 halite was available
At command 24 of 25:
    22   m 39 w
    23   m 30 o
>>> 24   m 27 e
    25   m 29 o


Turn 200
================================================================
warning: entity 63 was directed to use 1 halite to move west, but only 0 halite was available
At command 30 of 33:
    28   m 35 w
    29   m 40 e
>>> 30   m 63 w
    31   m 44 n
    32   m 33 e


Turn 283
================================================================
warning: entity 39 was directed to use 1 halite to move west, but only 0 halite was available
At command 29 of 31:
    27   m 13 o
    28   m 59 s
>>> 29   m 39 w
    30   m 46 s
    31   m 10 w


Turn 348
================================================================
warning: entity 30 was directed to use 2 halite to move east, but only 1 halite was available
At command 25 of 30:
    23   m 63 s
    24   m 59 e
>>> 25   m 30 e
    26   m 15 s
    27   m 37 e


Turn 351
================================================================
warning: entity 59 was directed to use 1 halite to move east, but only 0 halite was available
At command 25 of 30:
    23   m 46 o
    24   m 40 e
>>> 25   m 59 e
    26   m 55 w
    27   m 63 w

