
Turn 5
================================================================
warning: entity 2 was directed to use 19 halite to move south, but only 0 halite was available
At command 2 of 3:
    1   m 0 o
>>> 2   m 2 s
    3   g


Turn 9
================================================================
warning: entity 6 was directed to use 16 halite to move north, but only 0 halite was available
At command 4 of 5:
    2   m 2 o
    3   m 4 o
>>> 4   m 6 n
    5   g


Turn 11
================================================================
warning: entity 8 was directed to use 12 halite to move north, but only 0 halite was available
At command 1 of 5:
>>> 1   m 8 n
    2   m 0 o
    3   m 2 o


Turn 12
================================================================
warning: owned entities 8, 6 collided on cell (8, 14) as the result of moves on this turn
At command 1 of 5:
>>> 1   m 8 n
    2   m 0 o
    3   m 2 o

