
Turn 3
================================================================
warning: entity 1 was directed to use 3 halite to move south, but only 0 halite was available
At command 1 of 2:
>>> 1   m 1 s
    2   g


Turn 5
================================================================
warning: entity 2 was directed to use 1 halite to move west, but only 0 halite was available
At command 2 of 3:
    1   m 1 o
>>> 2   m 2 w
    3   g


Turn 33
================================================================
warning: entity 1 was directed to use 1 halite to move east, but only 0 halite was available
At command 5 of 5:
    3   m 4 e
    4   m 6 o
>>> 5   m 1 e


Turn 40
================================================================
warning: entity 4 was directed to use 1 halite to move south, but only 0 halite was available
At command 5 of 6:
    3   m 7 e
    4   m 2 e
>>> 5   m 4 s
    6   g


Turn 42
================================================================
warning: entity 10 was directed to use 1 halite to move south, but only 0 halite was available
At command 5 of 6:
    3   m 1 o
    4   m 2 o
>>> 5   m 10 s
    6   m 4 e


Turn 44
================================================================
warning: entity 10 was directed to use 6 halite to move east, but only 3 halite was available
At command 4 of 6:
    2   m 4 o
    3   m 6 o
>>> 4   m 10 e
    5   m 2 e
    6   m 7 e


Turn 51
================================================================
warning: entity 7 was directed to use 1 halite to move south, but only 0 halite was available
At command 6 of 7:
    4   m 2 n
    5   m 10 o
>>> 6   m 7 s
    7   g


Turn 54
================================================================
warning: entity 11 was directed to use 1 halite to move south, but only 0 halite was available
At command 6 of 7:
    4   m 1 o
    5   m 4 o
>>> 6   m 11 s
    7   m 7 o


Turn 60
================================================================
warning: entity 12 was directed to use 3 halite to move south, but only 0 halite was available
At command 4 of 8:
    2   m 2 o
    3   m 7 o
>>> 4   m 12 s
    5   m 4 o
    6   m 1 w


Turn 100
================================================================
warning: entity 2 was directed to use 2 halite to move east, but only 0 halite was available
At command 10 of 11:
    8   m 11 o
    9   m 10 s
>>> 10   m 2 e
    11   m 16 e


Turn 127
================================================================
warning: entity 12 was directed to use 1 halite to move west, but only 0 halite was available
At command 10 of 15:
    8   m 19 e
    9   m 2 o
>>> 10   m 12 w
    11   m 18 o
    12   m 11 o


Turn 134
================================================================
warning: entity 21 was directed to use 1 halite to move south, but only 0 halite was available
At command 12 of 16:
    10   m 12 o
    11   m 4 o
>>> 12   m 21 s
    13   m 6 o
    14   m 13 o


Turn 149
================================================================
warning: entity 2 was directed to use 1 halite to move west, but only 0 halite was available
At command 17 of 18:
    15   m 1 o
    16   m 23 o
>>> 17   m 2 w
    18   m 24 w


Turn 158
================================================================
warning: entity 12 was directed to use 1 halite to move west, but only 0 halite was available
At command 16 of 18:
    14   m 11 n
    15   m 7 e
>>> 16   m 12 w
    17   m 17 w
    18   m 6 o


Turn 222
================================================================
warning: entity 19 was directed to use 1 halite to move east, but only 0 halite was available
At command 24 of 24:
    22   m 24 n
    23   m 14 e
>>> 24   m 19 e

