
Turn 3
================================================================
warning: entity 1 was directed to use 10 halite to move north, but only 0 halite was available
At command 1 of 2:
>>> 1   m 1 n
    2   g


Turn 5
================================================================
warning: entity 2 was directed to use 4 halite to move north, but only 0 halite was available
At command 2 of 3:
    1   m 1 o
>>> 2   m 2 n
    3   g


Turn 38
================================================================
warning: entity 1 was directed to use 1 halite to move west, but only 0 halite was available
At command 5 of 5:
    3   m 7 e
    4   m 2 o
>>> 5   m 1 w


Turn 73
================================================================
warning: entity 14 was directed to use 1 halite to move east, but only 0 halite was available
At command 7 of 8:
    5   m 4 o
    6   m 6 o
>>> 7   m 14 e
    8   m 11 o


Turn 78
================================================================
warning: entity 6 was directed to use 1 halite to move north, but only 0 halite was available
At command 7 of 8:
    5   m 13 o
    6   m 4 o
>>> 7   m 6 n
    8   m 14 n


Turn 91
================================================================
warning: entity 1 was directed to use 1 halite to move east, but only 0 halite was available
At command 9 of 9:
    7   m 14 o
    8   m 17 n
>>> 9   m 1 e


Turn 111
================================================================
warning: entity 20 was directed to use 1 halite to move east, but only 0 halite was available
At command 11 of 11:
    9   m 7 o
    10   m 2 n
>>> 11   m 20 e


Turn 163
================================================================
warning: entity 31 was directed to use 1 halite to move east, but only 0 halite was available
At command 16 of 16:
    14   m 7 o
    15   m 13 e
>>> 16   m 31 e


Turn 296
================================================================
warning: entity 14 was directed to use 2 halite to move west, but only 0 halite was available
At command 14 of 14:
    12   m 13 n
    13   m 29 n
>>> 14   m 14 w


Turn 391
================================================================
warning: entity 6 was directed to use 1 halite to move south, but only 0 halite was available
At command 11 of 11:
    9   m 20 o
    10   m 38 s
>>> 11   m 6 s

