
Turn 5
================================================================
warning: entity 3 was directed to use 2 halite to move north, but only 0 halite was available
At command 2 of 2:
    1   m 1 w
>>> 2   m 3 n


Turn 7
================================================================
warning: entity 3 was directed to use 6 halite to move east, but only 4 halite was available
At command 1 of 2:
>>> 1   m 3 e
    2   m 1 w

warning: entity 1 was directed to use 17 halite to move west, but only 12 halite was available
At command 2 of 2:
    1   m 3 e
>>> 2   m 1 w


Turn 25
================================================================
warning: entity 1 was directed to use 1 halite to move north, but only 0 halite was available
At command 2 of 2:
    1   m 3 o
>>> 2   m 1 n


Turn 27
================================================================
warning: entity 1 was directed to use 4 halite to move west, but only 3 halite was available
At command 2 of 2:
    1   m 3 o
>>> 2   m 1 w


Turn 55
================================================================
warning: entity 1 was directed to use 2 halite to move west, but only 0 halite was available
At command 2 of 3:
    1   m 3 s
>>> 2   m 1 w
    3   g


Turn 57
================================================================
warning: entity 10 was directed to use 2 halite to move south, but only 0 halite was available
At command 3 of 3:
    1   m 3 s
    2   m 1 s
>>> 3   m 10 s


Turn 58
================================================================
warning: entity 1 was directed to use 11 halite to move south, but only 1 halite was available
At command 3 of 3:
    1   m 10 s
    2   m 3 s
>>> 3   m 1 s


Turn 60
================================================================
warning: entity 1 was directed to use 22 halite to move south, but only 21 halite was available
At command 1 of 3:
>>> 1   m 1 s
    2   m 3 n
    3   m 10 o

warning: entity 3 was directed to use 1 halite to move north, but only 0 halite was available
At command 2 of 3:
    1   m 1 s
>>> 2   m 3 n
    3   m 10 o


Turn 79
================================================================
warning: entity 1 was directed to use 1 halite to move south, but only 0 halite was available
At command 3 of 4:
    1   m 3 n
    2   m 10 w
>>> 3   m 1 s
    4   g


Turn 81
================================================================
warning: entity 12 was directed to use 2 halite to move south, but only 0 halite was available
At command 2 of 4:
    1   m 3 o
>>> 2   m 12 s
    3   m 1 e
    4   m 10 o


Turn 116
================================================================
warning: entity 12 was directed to use 1 halite to move south, but only 0 halite was available
At command 4 of 5:
    2   m 1 o
    3   m 3 s
>>> 4   m 12 s
    5   m 10 s


Turn 118
================================================================
warning: entity 12 was directed to use 4 halite to move west, but only 3 halite was available
At command 5 of 5:
    3   m 10 o
    4   m 3 s
>>> 5   m 12 w


Turn 127
================================================================
warning: entity 19 was directed to use 2 halite to move east, but only 1 halite was available
At command 6 of 6:
    4   m 10 w
    5   m 3 o
>>> 6   m 19 e


Turn 136
================================================================
warning: entity 10 was directed to use 1 halite to move south, but only 0 halite was available
At command 6 of 6:
    4   m 1 o
    5   m 17 e
>>> 6   m 10 s


Turn 146
================================================================
warning: entity 1 was directed to use 1 halite to move south, but only 0 halite was available
At command 4 of 7:
    2   m 3 n
    3   m 23 s
>>> 4   m 1 s
    5   m 17 s
    6   m 12 e


Turn 152
================================================================
warning: entity 25 was directed to use 1 halite to move south, but only 0 halite was available
At command 4 of 8:
    2   m 3 n
    3   m 1 o
>>> 4   m 25 s
    5   m 17 s
    6   m 12 n


Turn 190
================================================================
warning: entity 1 was directed to use 2 halite to move west, but only 0 halite was available
At command 9 of 11:
    7   m 30 o
    8   m 12 w
>>> 9   m 1 w
    10   m 25 n
    11   m 33 w


Turn 226
================================================================
warning: entity 1 was directed to use 1 halite to move east, but only 0 halite was available
At command 10 of 12:
    8   m 3 o
    9   m 33 o
>>> 10   m 1 e
    11   m 28 e
    12   m 23 e


Turn 236
================================================================
warning: entity 28 was directed to use 3 halite to move west, but only 0 halite was available
At command 7 of 12:
    5   m 23 o
    6   m 3 o
>>> 7   m 28 w
    8   m 10 w
    9   m 33 e


Turn 288
================================================================
warning: entity 28 was directed to use 3 halite to move east, but only 1 halite was available
At command 12 of 12:
    10   m 36 o
    11   m 19 w
>>> 12   m 28 e


Turn 321
================================================================
warning: entity 23 was directed to use 1 halite to move east, but only 0 halite was available
At command 11 of 12:
    9   m 19 o
    10   m 30 n
>>> 11   m 23 e
    12   m 25 w


Turn 352
================================================================
warning: entity 19 was directed to use 1 halite to move east, but only 0 halite was available
At command 12 of 12:
    10   m 3 n
    11   m 36 o
>>> 12   m 19 e

