
Turn 5
================================================================
warning: entity 2 was directed to use 10 halite to move west, but only 0 halite was available
At command 2 of 3:
    1   m 1 n
>>> 2   m 2 w
    3   g


Turn 7
================================================================
warning: entity 4 was directed to use 4 halite to move north, but only 0 halite was available
At command 3 of 4:
    1   m 1 o
    2   m 2 o
>>> 3   m 4 n
    4   g


Turn 11
================================================================
warning: entity 7 was directed to use 7 halite to move west, but only 0 halite was available
At command 5 of 5:
    3   m 6 o
    4   m 2 s
>>> 5   m 7 w


Turn 42
================================================================
warning: entity 10 was directed to use 2 halite to move north, but only 0 halite was available
At command 2 of 6:
    1   m 1 n
>>> 2   m 10 n
    3   m 2 o
    4   m 6 w


Turn 73
================================================================
warning: entity 1 was directed to use 1 halite to move east, but only 0 halite was available
At command 6 of 7:
    4   m 7 o
    5   m 4 s
>>> 6   m 1 e
    7   g


Turn 75
================================================================
warning: entity 15 was directed to use 3 halite to move south, but only 0 halite was available
At command 1 of 7:
>>> 1   m 15 s
    2   m 7 w
    3   m 4 w


Turn 77
================================================================
warning: entity 15 was directed to use 7 halite to move east, but only 6 halite was available
At command 3 of 7:
    1   m 2 s
    2   m 10 e
>>> 3   m 15 e
    4   m 7 s
    5   m 1 o


Turn 81
================================================================
warning: entity 16 was directed to use 1 halite to move east, but only 0 halite was available
At command 2 of 8:
    1   m 1 s
>>> 2   m 16 e
    3   m 7 s
    4   m 15 o


Turn 86
================================================================
warning: entity 7 was directed to use 2 halite to move south, but only 0 halite was available
At command 6 of 9:
    4   m 4 o
    5   m 6 e
>>> 6   m 7 s
    7   m 15 o
    8   m 16 o


Turn 88
================================================================
warning: entity 17 was directed to use 2 halite to move south, but only 0 halite was available
At command 7 of 9:
    5   m 10 o
    6   m 7 o
>>> 7   m 17 s
    8   m 4 o
    9   m 6 e


Turn 94
================================================================
warning: entity 19 was directed to use 1 halite to move west, but only 0 halite was available
At command 7 of 10:
    5   m 7 o
    6   m 10 o
>>> 7   m 19 w
    8   m 16 n
    9   m 2 s


Turn 108
================================================================
warning: entity 15 was directed to use 1 halite to move south, but only 0 halite was available
At command 8 of 11:
    6   m 7 o
    7   m 17 o
>>> 8   m 15 s
    9   m 19 n
    10   m 6 o


Turn 110
================================================================
warning: entity 22 was directed to use 1 halite to move west, but only 0 halite was available
At command 11 of 11:
    9   m 6 o
    10   m 19 o
>>> 11   m 22 w


Turn 141
================================================================
warning: entity 29 was directed to use 1 halite to move west, but only 0 halite was available
At command 12 of 14:
    10   m 7 o
    11   m 6 n
>>> 12   m 29 w
    13   m 17 w
    14   m 19 s


Turn 160
================================================================
warning: entity 36 was directed to use 1 halite to move west, but only 0 halite was available
At command 17 of 17:
    15   m 29 o
    16   m 6 n
>>> 17   m 36 w


Turn 164
================================================================
warning: entity 6 was directed to use 1 halite to move west, but only 0 halite was available
At command 17 of 18:
    15   m 17 n
    16   m 2 s
>>> 17   m 6 w
    18   m 38 s


Turn 365
================================================================
warning: entity 19 was directed to use 3 halite to move south, but only 2 halite was available
At command 8 of 11:
    6   m 29 o
    7   m 15 n
>>> 8   m 19 s
    9   m 22 o
    10   m 25 s


Turn 392
================================================================
warning: entity 22 was directed to use 2 halite to move west, but only 0 halite was available
At command 7 of 11:
    5   m 39 o
    6   m 6 o
>>> 7   m 22 w
    8   m 26 o
    9   m 10 o


Turn 394
================================================================
warning: entity 22 was directed to use 5 halite to move west, but only 4 halite was available
At command 9 of 11:
    7   m 4 o
    8   m 15 o
>>> 9   m 22 w
    10   m 10 w
    11   m 29 w

