
Turn 15
================================================================
warning: entity 8 was directed to use 1 halite to move west, but only 0 halite was available
At command 3 of 5:
    1   m 2 o
    2   m 6 n
>>> 3   m 8 w
    4   m 0 o
    5   m 4 o


Turn 56
================================================================
warning: entity 2 was directed to use 1 halite to move west, but only 0 halite was available
At command 6 of 6:
    4   m 6 o
    5   m 10 n
>>> 6   m 2 w


Turn 69
================================================================
warning: entity 8 was directed to use 1 halite to move west, but only 0 halite was available
At command 4 of 7:
    2   m 10 o
    3   m 4 o
>>> 4   m 8 w
    5   m 0 w
    6   m 6 s


Turn 85
================================================================
warning: entity 6 was directed to use 1 halite to move east, but only 0 halite was available
At command 8 of 9:
    6   m 0 o
    7   m 15 o
>>> 8   m 6 e
    9   m 4 o


Turn 87
================================================================
warning: entity 16 was directed to use 1 halite to move west, but only 0 halite was available
At command 8 of 9:
    6   m 2 o
    7   m 0 e
>>> 8   m 16 w
    9   m 6 s


Turn 130
================================================================
warning: entity 4 was directed to use 1 halite to move west, but only 0 halite was available
At command 11 of 12:
    9   m 6 s
    10   m 8 e
>>> 11   m 4 w
    12   m 22 w


Turn 136
================================================================
warning: entity 8 was directed to use 2 halite to move west, but only 0 halite was available
At command 12 of 12:
    10   m 20 o
    11   m 0 w
>>> 12   m 8 w

