
Turn 35
================================================================
warning: entity 10 was directed to use 9 halite to move south, but only 0 halite was available
At command 1 of 6:
>>> 1   m 10 s
    2   m 2 e
    3   m 1 s


Turn 46
================================================================
warning: entity 4 was directed to use 4 halite to move east, but only 0 halite was available
At command 7 of 8:
    5   m 6 n
    6   m 8 s
>>> 7   m 4 e
    8   g


Turn 65
================================================================
warning: entity 6 was directed to use 1 halite to move south, but only 0 halite was available
At command 9 of 10:
    7   m 8 o
    8   m 11 o
>>> 9   m 6 s
    10   g


Turn 67
================================================================
warning: entity 14 was directed to use 2 halite to move east, but only 0 halite was available
At command 8 of 10:
    6   m 1 w
    7   m 10 n
>>> 8   m 14 e
    9   m 6 s
    10   m 2 o

warning: entity 6 was directed to use 4 halite to move south, but only 3 halite was available
At command 9 of 10:
    7   m 10 n
    8   m 14 e
>>> 9   m 6 s
    10   m 2 o


Turn 79
================================================================
warning: entity 1 was directed to use 1 halite to move south, but only 0 halite was available
At command 10 of 11:
    8   m 4 w
    9   m 14 o
>>> 10   m 1 s
    11   g


Turn 84
================================================================
warning: entity 11 was directed to use 1 halite to move north, but only 0 halite was available
At command 11 of 12:
    9   m 4 w
    10   m 1 o
>>> 11   m 11 n
    12   g


Turn 86
================================================================
warning: entity 17 was directed to use 2 halite to move north, but only 0 halite was available
At command 12 of 12:
    10   m 11 o
    11   m 12 n
>>> 12   m 17 n


Turn 90
================================================================
warning: entity 10 was directed to use 1 halite to move west, but only 0 halite was available
At command 10 of 13:
    8   m 1 o
    9   m 12 n
>>> 10   m 10 w
    11   m 4 w
    12   m 13 n


Turn 93
================================================================
warning: entity 18 was directed to use 1 halite to move north, but only 0 halite was available
At command 13 of 13:
    11   m 4 n
    12   m 12 s
>>> 13   m 18 n


Turn 96
================================================================
warning: entity 4 was directed to use 1 halite to move east, but only 0 halite was available
At command 7 of 14:
    5   m 17 n
    6   m 12 s
>>> 7   m 4 e
    8   m 13 e
    9   m 2 o


Turn 101
================================================================
warning: entity 8 was directed to use 1 halite to move east, but only 0 halite was available
At command 14 of 15:
    12   m 12 w
    13   m 13 w
>>> 14   m 8 e
    15   g


Turn 108
================================================================
warning: entity 13 was directed to use 1 halite to move west, but only 0 halite was available
At command 10 of 15:
    8   m 16 o
    9   m 12 w
>>> 10   m 13 w
    11   m 19 o
    12   m 11 o


Turn 122
================================================================
warning: entity 24 was directed to use 1 halite to move east, but only 0 halite was available
At command 11 of 17:
    9   m 6 o
    10   m 11 o
>>> 11   m 24 e
    12   m 4 o
    13   m 10 o


Turn 127
================================================================
warning: entity 25 was directed to use 1 halite to move east, but only 0 halite was available
At command 18 of 18:
    16   m 11 e
    17   m 18 o
>>> 18   m 25 e


Turn 152
================================================================
warning: entity 30 was directed to use 2 halite to move east, but only 0 halite was available
At command 16 of 22:
    14   m 14 o
    15   m 11 o
>>> 16   m 30 e
    17   m 25 o
    18   m 10 o


Turn 161
================================================================
warning: entity 10 was directed to use 2 halite to move east, but only 0 halite was available
At command 23 of 23:
    21   m 11 o
    22   m 18 s
>>> 23   m 10 e


Turn 249
================================================================
warning: entity 37 was directed to use 1 halite to move west, but only 0 halite was available
At command 27 of 30:
    25   m 19 o
    26   m 16 e
>>> 27   m 37 w
    28   m 4 e
    29   m 18 o


Turn 253
================================================================
warning: entity 32 was directed to use 1 halite to move west, but only 0 halite was available
At command 23 of 30:
    21   m 6 o
    22   m 35 w
>>> 23   m 32 w
    24   m 25 s
    25   m 18 w


Turn 263
================================================================
warning: entity 30 was directed to use 3 halite to move west, but only 0 halite was available
At command 27 of 30:
    25   m 4 o
    26   m 33 e
>>> 27   m 30 w
    28   m 36 s
    29   m 17 s


Turn 360
================================================================
warning: entity 29 was directed to use 2 halite to move east, but only 0 halite was available
At command 19 of 30:
    17   m 8 o
    18   m 21 o
>>> 19   m 29 e
    20   m 19 n
    21   m 10 w


Turn 363
================================================================
warning: entity 37 was directed to use 1 halite to move east, but only 0 halite was available
At command 18 of 30:
    16   m 21 w
    17   m 24 w
>>> 18   m 37 e
    19   m 38 o
    20   m 2 e


Turn 365
================================================================
warning: entity 31 was directed to use 1 halite to move east, but only 0 halite was available
At command 14 of 30:
    12   m 19 o
    13   m 37 s
>>> 14   m 31 e
    15   m 33 e
    16   m 26 o


Turn 368
================================================================
warning: entity 26 was directed to use 3 halite to move west, but only 2 halite was available
At command 19 of 30:
    17   m 29 o
    18   m 35 o
>>> 19   m 26 w
    20   m 11 e
    21   m 1 n


Turn 388
================================================================
warning: entity 8 was directed to use 3 halite to move east, but only 0 halite was available
At command 27 of 30:
    25   m 21 n
    26   m 29 o
>>> 27   m 8 e
    28   m 23 o
    29   m 2 w

