
Turn 11
================================================================
warning: entity 6 was directed to use 7 halite to move west, but only 0 halite was available
At command 4 of 5:
    2   m 4 e
    3   m 2 o
>>> 4   m 6 w
    5   g


Turn 14
================================================================
warning: entity 8 was directed to use 5 halite to move west, but only 0 halite was available
At command 5 of 5:
    3   m 6 n
    4   m 0 n
>>> 5   m 8 w


Turn 26
================================================================
warning: entity 0 was directed to use 4 halite to move north, but only 0 halite was available
At command 3 of 5:
    1   m 6 s
    2   m 4 o
>>> 3   m 0 n
    4   m 8 w
    5   m 2 o


Turn 41
================================================================
warning: entity 4 was directed to use 4 halite to move east, but only 0 halite was available
At command 6 of 7:
    4   m 0 o
    5   m 8 o
>>> 6   m 4 e
    7   g


Turn 49
================================================================
warning: entity 14 was directed to use 2 halite to move south, but only 0 halite was available
At command 1 of 8:
>>> 1   m 14 s
    2   m 6 o
    3   m 4 e


Turn 64
================================================================
warning: entity 6 was directed to use 2 halite to move south, but only 0 halite was available
At command 9 of 10:
    7   m 2 s
    8   m 0 s
>>> 9   m 6 s
    10   g


Turn 66
================================================================
warning: entity 6 was directed to use 6 halite to move west, but only 5 halite was available
At command 8 of 10:
    6   m 2 o
    7   m 14 o
>>> 8   m 6 w
    9   m 0 o
    10   m 18 o


Turn 71
================================================================
warning: entity 18 was directed to use 8 halite to move north, but only 6 halite was available
At command 8 of 10:
    6   m 2 o
    7   m 10 s
>>> 8   m 18 n
    9   m 14 s
    10   m 4 o


Turn 74
================================================================
warning: entity 10 was directed to use 2 halite to move south, but only 0 halite was available
At command 10 of 10:
    8   m 0 w
    9   m 14 o
>>> 10   m 10 s


Turn 79
================================================================
warning: entity 0 was directed to use 2 halite to move south, but only 0 halite was available
At command 9 of 11:
    7   m 4 w
    8   m 6 o
>>> 9   m 0 s
    10   m 17 o
    11   g


Turn 86
================================================================
warning: entity 4 was directed to use 2 halite to move west, but only 0 halite was available
At command 8 of 12:
    6   m 21 n
    7   m 18 o
>>> 8   m 4 w
    9   m 0 o
    10   m 14 o


Turn 89
================================================================
warning: entity 4 was directed to use 10 halite to move north, but only 2 halite was available
At command 5 of 12:
    3   m 21 o
    4   m 23 n
>>> 5   m 4 n
    6   m 8 o
    7   m 10 s


Turn 90
================================================================
warning: entity 14 was directed to use 1 halite to move east, but only 0 halite was available
At command 11 of 13:
    9   m 23 o
    10   m 10 o
>>> 11   m 14 e
    12   m 2 o
    13   g


Turn 99
================================================================
warning: entity 27 was directed to use 1 halite to move west, but only 0 halite was available
At command 14 of 14:
    12   m 17 n
    13   m 23 w
>>> 14   m 27 w


Turn 102
================================================================
warning: entity 27 was directed to use 7 halite to move west, but only 1 halite was available
At command 10 of 14:
    8   m 18 s
    9   m 21 o
>>> 10   m 27 w
    11   m 10 o
    12   m 6 o


Turn 104
================================================================
warning: entity 27 was directed to use 19 halite to move west, but only 16 halite was available
At command 10 of 15:
    8   m 25 s
    9   m 0 w
>>> 10   m 27 w
    11   m 18 w
    12   m 10 o


Turn 118
================================================================
warning: entity 31 was directed to use 1 halite to move north, but only 0 halite was available
At command 16 of 16:
    14   m 21 w
    15   m 17 n
>>> 16   m 31 n


Turn 147
================================================================
warning: entity 10 was directed to use 2 halite to move west, but only 0 halite was available
At command 13 of 21:
    11   m 31 o
    12   m 2 o
>>> 13   m 10 w
    14   m 23 e
    15   m 21 e


Turn 149
================================================================
warning: entity 39 was directed to use 2 halite to move west, but only 0 halite was available
At command 12 of 21:
    10   m 8 o
    11   m 23 n
>>> 12   m 39 w
    13   m 27 o
    14   m 12 e


Turn 158
================================================================
warning: entity 42 was directed to use 1 halite to move west, but only 0 halite was available
At command 21 of 22:
    19   m 12 e
    20   m 6 o
>>> 21   m 42 w
    22   m 21 o

