
Turn 14
================================================================
warning: entity 5 was directed to use 2 halite to move north, but only 0 halite was available
At command 3 of 5:
    1   m 0 o
    2   m 2 o
>>> 3   m 5 n
    4   m 4 o
    5   g


Turn 35
================================================================
warning: entity 2 was directed to use 1 halite to move west, but only 0 halite was available
At command 5 of 5:
    3   m 5 o
    4   m 4 s
>>> 5   m 2 w


Turn 43
================================================================
warning: entity 0 was directed to use 10 halite to move south, but only 2 halite was available
At command 2 of 6:
    1   m 2 o
>>> 2   m 0 s
    3   m 5 s
    4   m 6 w


Turn 47
================================================================
warning: entity 4 was directed to use 1 halite to move east, but only 0 halite was available
At command 6 of 6:
    4   m 2 o
    5   m 5 s
>>> 6   m 4 e


Turn 51
================================================================
warning: entity 5 was directed to use 2 halite to move west, but only 0 halite was available
At command 6 of 7:
    4   m 4 e
    5   m 6 n
>>> 6   m 5 w
    7   m 9 n


Turn 52
================================================================
warning: entity 4 was directed to use 10 halite to move east, but only 5 halite was available
At command 6 of 7:
    4   m 5 n
    5   m 9 o
>>> 6   m 4 e
    7   m 6 s


Turn 57
================================================================
warning: entity 6 was directed to use 1 halite to move south, but only 0 halite was available
At command 6 of 7:
    4   m 0 o
    5   m 2 o
>>> 6   m 6 s
    7   m 4 o


Turn 72
================================================================
warning: entity 7 was directed to use 1 halite to move north, but only 0 halite was available
At command 5 of 8:
    3   m 5 w
    4   m 4 o
>>> 5   m 7 n
    6   m 0 o
    7   m 10 n


Turn 78
================================================================
warning: entity 0 was directed to use 1 halite to move south, but only 0 halite was available
At command 5 of 8:
    3   m 2 w
    4   m 10 o
>>> 5   m 0 s
    6   m 5 o
    7   m 9 o


Turn 113
================================================================
warning: entity 9 was directed to use 2 halite to move east, but only 0 halite was available
At command 11 of 11:
    9   m 0 n
    10   m 10 s
>>> 11   m 9 e


Turn 123
================================================================
warning: entity 6 was directed to use 5 halite to move south, but only 0 halite was available
At command 11 of 12:
    9   m 13 s
    10   m 12 e
>>> 11   m 6 s
    12   m 0 n


Turn 130
================================================================
warning: entity 0 was directed to use 1 halite to move east, but only 0 halite was available
At command 8 of 13:
    6   m 4 o
    7   m 13 n
>>> 8   m 0 e
    9   m 10 n
    10   m 7 o


Turn 147
================================================================
warning: entity 5 was directed to use 7 halite to move north, but only 6 halite was available
At command 14 of 14:
    12   m 19 o
    13   m 15 s
>>> 14   m 5 n


Turn 224
================================================================
warning: entity 19 was directed to use 1 halite to move west, but only 0 halite was available
At command 18 of 19:
    16   m 2 o
    17   m 15 w
>>> 18   m 19 w
    19   m 9 e

