
Turn 50
================================================================
warning: entity 9 was directed to use 7 halite to move west, but only 0 halite was available
At command 2 of 3:
    1   m 3 o
>>> 2   m 9 w
    3   m 1 e


Turn 59
================================================================
warning: entity 1 was directed to use 5 halite to move west, but only 0 halite was available
At command 2 of 3:
    1   m 3 o
>>> 2   m 1 w
    3   m 9 e


Turn 69
================================================================
warning: entity 12 was directed to use 4 halite to move south, but only 0 halite was available
At command 4 of 4:
    2   m 1 o
    3   m 3 w
>>> 4   m 12 s


Turn 71
================================================================
warning: entity 12 was directed to use 8 halite to move south, but only 7 halite was available
At command 3 of 4:
    1   m 1 o
    2   m 9 o
>>> 3   m 12 s
    4   m 3 n


Turn 77
================================================================
warning: entity 1 was directed to use 1 halite to move west, but only 0 halite was available
At command 3 of 4:
    1   m 12 o
    2   m 3 n
>>> 3   m 1 w
    4   m 9 s


Turn 81
================================================================
warning: entity 3 was directed to use 3 halite to move south, but only 0 halite was available
At command 4 of 5:
    2   m 9 e
    3   m 12 o
>>> 4   m 3 s
    5   g


Turn 83
================================================================
warning: entity 15 was directed to use 3 halite to move west, but only 0 halite was available
At command 5 of 5:
    3   m 12 o
    4   m 3 w
>>> 5   m 15 w


Turn 89
================================================================
warning: entity 9 was directed to use 1 halite to move north, but only 0 halite was available
At command 2 of 5:
    1   m 12 e
>>> 2   m 9 n
    3   m 1 o
    4   m 3 w


Turn 96
================================================================
warning: entity 12 was directed to use 2 halite to move south, but only 0 halite was available
At command 5 of 6:
    3   m 3 o
    4   m 15 o
>>> 5   m 12 s
    6   g


Turn 98
================================================================
warning: entity 18 was directed to use 1 halite to move south, but only 0 halite was available
At command 5 of 6:
    3   m 3 e
    4   m 15 s
>>> 5   m 18 s
    6   m 12 o


Turn 104
================================================================
warning: entity 3 was directed to use 2 halite to move south, but only 0 halite was available
At command 6 of 6:
    4   m 15 e
    5   m 18 s
>>> 6   m 3 s


Turn 114
================================================================
warning: entity 1 was directed to use 1 halite to move south, but only 0 halite was available
At command 5 of 7:
    3   m 15 o
    4   m 21 n
>>> 5   m 1 s
    6   m 9 o
    7   m 3 o


Turn 122
================================================================
warning: entity 9 was directed to use 1 halite to move east, but only 0 halite was available
At command 7 of 8:
    5   m 15 o
    6   m 1 o
>>> 7   m 9 e
    8   g


Turn 124
================================================================
warning: entity 24 was directed to use 1 halite to move south, but only 0 halite was available
At command 8 of 8:
    6   m 12 o
    7   m 21 o
>>> 8   m 24 s


Turn 125
================================================================
warning: entity 9 was directed to use 5 halite to move south, but only 2 halite was available
At command 6 of 8:
    4   m 21 o
    5   m 24 s
>>> 6   m 9 s
    7   m 1 o
    8   m 18 n


Turn 127
================================================================
warning: entity 18 was directed to use 1 halite to move east, but only 0 halite was available
At command 8 of 8:
    6   m 24 o
    7   m 12 n
>>> 8   m 18 e


Turn 130
================================================================
warning: entity 18 was directed to use 8 halite to move east, but only 0 halite was available
At command 8 of 9:
    6   m 21 w
    7   m 12 w
>>> 8   m 18 e
    9   g


Turn 139
================================================================
warning: entity 28 was directed to use 2 halite to move east, but only 0 halite was available
At command 10 of 10:
    8   m 12 o
    9   m 26 o
>>> 10   m 28 e


Turn 140
================================================================
warning: entity 3 was directed to use 4 halite to move south, but only 3 halite was available
At command 10 of 10:
    8   m 18 o
    9   m 15 o
>>> 10   m 3 s


Turn 142
================================================================
warning: entity 28 was directed to use 7 halite to move east, but only 2 halite was available
At command 10 of 10:
    8   m 3 o
    9   m 1 n
>>> 10   m 28 e


Turn 145
================================================================
warning: entity 1 was directed to use 4 halite to move east, but only 0 halite was available
At command 10 of 10:
    8   m 21 o
    9   m 15 n
>>> 10   m 1 e


Turn 155
================================================================
warning: entity 24 was directed to use 1 halite to move south, but only 0 halite was available
At command 3 of 12:
    1   m 26 o
    2   m 12 o
>>> 3   m 24 s
    4   m 21 e
    5   m 3 o


Turn 163
================================================================
warning: entity 21 was directed to use 1 halite to move east, but only 0 halite was available
At command 12 of 12:
    10   m 12 e
    11   m 9 n
>>> 12   m 21 e


Turn 185
================================================================
warning: entity 28 was directed to use 1 halite to move west, but only 0 halite was available
At command 7 of 15:
    5   m 1 w
    6   m 38 o
>>> 7   m 28 w
    8   m 18 o
    9   m 24 w


Turn 187
================================================================
warning: entity 12 was directed to use 5 halite to move east, but only 2 halite was available
At command 15 of 15:
    13   m 31 e
    14   m 15 s
>>> 15   m 12 e


Turn 214
================================================================
warning: entity 31 was directed to use 1 halite to move west, but only 0 halite was available
At command 17 of 17:
    15   m 42 o
    16   m 3 o
>>> 17   m 31 w


Turn 245
================================================================
warning: entity 28 was directed to use 1 halite to move south, but only 0 halite was available
At command 8 of 16:
    6   m 31 e
    7   m 15 w
>>> 8   m 28 s
    9   m 3 o
    10   m 12 o


Turn 320
================================================================
warning: entity 35 was directed to use 9 halite to move south, but only 5 halite was available
At command 11 of 13:
    9   m 9 n
    10   m 38 s
>>> 11   m 35 s
    12   m 42 w
    13   m 40 e

