
Turn 3
================================================================
warning: entity 1 was directed to use 2 halite to move north, but only 0 halite was available
At command 1 of 2:
>>> 1   m 1 n
    2   g


Turn 5
================================================================
warning: entity 1 was directed to use 8 halite to move north, but only 6 halite was available
At command 2 of 2:
    1   m 2 n
>>> 2   m 1 n


Turn 8
================================================================
warning: entity 2 was directed to use 6 halite to move north, but only 4 halite was available
At command 1 of 4:
>>> 1   m 2 n
    2   m 1 o
    3   m 4 n

warning: entity 4 was directed to use 3 halite to move north, but only 0 halite was available
At command 3 of 4:
    1   m 2 n
    2   m 1 o
>>> 3   m 4 n
    4   g


Turn 10
================================================================
warning: entity 6 was directed to use 1 halite to move north, but only 0 halite was available
At command 4 of 5:
    2   m 2 o
    3   m 4 o
>>> 4   m 6 n
    5   g


Turn 12
================================================================
warning: entity 8 was directed to use 2 halite to move south, but only 0 halite was available
At command 5 of 5:
    3   m 4 o
    4   m 6 o
>>> 5   m 8 s


Turn 29
================================================================
warning: entity 1 was directed to use 2 halite to move north, but only 0 halite was available
At command 5 of 5:
    3   m 6 o
    4   m 2 o
>>> 5   m 1 n


Turn 47
================================================================
warning: entity 4 was directed to use 1 halite to move east, but only 0 halite was available
At command 5 of 6:
    3   m 8 w
    4   m 2 w
>>> 5   m 4 e
    6   g


Turn 49
================================================================
warning: entity 11 was directed to use 1 halite to move south, but only 0 halite was available
At command 6 of 6:
    4   m 6 o
    5   m 4 o
>>> 6   m 11 s


Turn 53
================================================================
warning: entity 2 was directed to use 2 halite to move south, but only 0 halite was available
At command 6 of 7:
    4   m 6 e
    5   m 8 w
>>> 6   m 2 s
    7   g


Turn 91
================================================================
warning: entity 4 was directed to use 1 halite to move south, but only 0 halite was available
At command 8 of 9:
    6   m 15 o
    7   m 1 w
>>> 8   m 4 s
    9   m 12 o


Turn 104
================================================================
warning: entity 19 was directed to use 1 halite to move west, but only 0 halite was available
At command 10 of 10:
    8   m 8 e
    9   m 2 n
>>> 10   m 19 w


Turn 182
================================================================
warning: entity 30 was directed to use 1 halite to move east, but only 0 halite was available
At command 16 of 19:
    14   m 1 o
    15   m 25 e
>>> 16   m 30 e
    17   m 27 w
    18   m 24 n


Turn 314
================================================================
warning: entity 21 was directed to use 1 halite to move east, but only 0 halite was available
At command 15 of 21:
    13   m 30 o
    14   m 29 s
>>> 15   m 21 e
    16   m 26 n
    17   m 15 s


Turn 383
================================================================
warning: entity 28 was directed to use 1 halite to move west, but only 0 halite was available
At command 19 of 20:
    17   m 27 w
    18   m 14 o
>>> 19   m 28 w
    20   m 4 s

