
Turn 3
================================================================
warning: entity 1 was directed to use 6 halite to move south, but only 0 halite was available
At command 1 of 2:
>>> 1   m 1 s
    2   g


Turn 5
================================================================
warning: entity 1 was directed to use 12 halite to move south, but only 11 halite was available
At command 2 of 2:
    1   m 2 s
>>> 2   m 1 s


Turn 26
================================================================
warning: entity 1 was directed to use 3 halite to move north, but only 0 halite was available
At command 5 of 5:
    3   m 8 o
    4   m 2 o
>>> 5   m 1 n


Turn 34
================================================================
warning: entity 2 was directed to use 2 halite to move south, but only 0 halite was available
At command 4 of 6:
    2   m 8 o
    3   m 4 o
>>> 4   m 2 s
    5   m 6 o
    6   g


Turn 36
================================================================
warning: entity 10 was directed to use 2 halite to move west, but only 0 halite was available
At command 6 of 6:
    4   m 4 o
    5   m 2 o
>>> 6   m 10 w


Turn 46
================================================================
warning: entity 4 was directed to use 2 halite to move north, but only 0 halite was available
At command 5 of 7:
    3   m 2 n
    4   m 1 o
>>> 5   m 4 n
    6   m 8 s
    7   g


Turn 80
================================================================
warning: entity 1 was directed to use 1 halite to move east, but only 0 halite was available
At command 7 of 10:
    5   m 8 o
    6   m 15 e
>>> 7   m 1 e
    8   m 4 s
    9   m 10 o


Turn 101
================================================================
warning: entity 10 was directed to use 1 halite to move west, but only 0 halite was available
At command 9 of 11:
    7   m 8 w
    8   m 6 s
>>> 9   m 10 w
    10   m 17 e
    11   g


Turn 128
================================================================
warning: entity 1 was directed to use 1 halite to move west, but only 0 halite was available
At command 12 of 13:
    10   m 6 n
    11   m 19 n
>>> 12   m 1 w
    13   m 28 n


Turn 138
================================================================
warning: entity 19 was directed to use 2 halite to move west, but only 0 halite was available
At command 12 of 14:
    10   m 25 n
    11   m 6 n
>>> 12   m 19 w
    13   m 10 o
    14   m 30 s


Turn 351
================================================================
warning: entity 36 was directed to use 1 halite to move east, but only 0 halite was available
At command 11 of 11:
    9   m 28 o
    10   m 42 n
>>> 11   m 36 e

