
Turn 3
================================================================
warning: entity 0 was directed to use 5 halite to move south, but only 0 halite was available
At command 1 of 2:
>>> 1   m 0 s
    2   g


Turn 6
================================================================
warning: entity 2 was directed to use 4 halite to move east, but only 0 halite was available
At command 2 of 3:
    1   m 0 o
>>> 2   m 2 e
    3   g


Turn 13
================================================================
warning: entity 8 was directed to use 3 halite to move east, but only 0 halite was available
At command 2 of 5:
    1   m 2 o
>>> 2   m 8 e
    3   m 0 o
    4   m 6 n


Turn 31
================================================================
warning: entity 2 was directed to use 2 halite to move east, but only 0 halite was available
At command 5 of 5:
    3   m 0 o
    4   m 4 o
>>> 5   m 2 e


Turn 49
================================================================
warning: entity 4 was directed to use 3 halite to move west, but only 0 halite was available
At command 5 of 6:
    3   m 8 w
    4   m 0 w
>>> 5   m 4 w
    6   g


Turn 51
================================================================
warning: entity 11 was directed to use 1 halite to move north, but only 0 halite was available
At command 6 of 6:
    4   m 4 s
    5   m 6 o
>>> 6   m 11 n


Turn 55
================================================================
warning: entity 13 was directed to use 2 halite to move west, but only 0 halite was available
At command 4 of 7:
    2   m 4 o
    3   m 11 e
>>> 4   m 13 w
    5   m 8 w
    6   m 0 o


Turn 57
================================================================
warning: entity 13 was directed to use 6 halite to move west, but only 5 halite was available
At command 5 of 7:
    3   m 0 o
    4   m 4 o
>>> 5   m 13 w
    6   m 11 n
    7   m 6 o


Turn 58
================================================================
warning: entity 11 was directed to use 14 halite to move east, but only 6 halite was available
At command 7 of 7:
    5   m 6 e
    6   m 2 o
>>> 7   m 11 e


Turn 104
================================================================
warning: entity 4 was directed to use 1 halite to move west, but only 0 halite was available
At command 10 of 11:
    8   m 14 w
    9   m 2 o
>>> 10   m 4 w
    11   g


Turn 332
================================================================
error: failed to decode bot message: "T" (at position 1)
Last input received was:
Traceback (most recent call last):
  File "MyBot.py", line 64, in <module>
    navigate(ship, find_best_position(ship))
  File "MyBot.py", line 26, in find_best_position
    if not cell.is_occupied and cell.position is not ship.position and not has_long_conflict(cell.position):
  File "MyBot.py", line 41, in has_long_conflict
    if long_targets[ship_id]['target'] == position:
KeyError: 'target'

