
Turn 27
================================================================
warning: entity 4 was directed to use 7 halite to move east, but only 0 halite was available
At command 3 of 3:
    1   m 0 s
    2   m 2 o
>>> 3   m 4 e


Turn 66
================================================================
warning: entity 8 was directed to use 3 halite to move west, but only 0 halite was available
At command 5 of 6:
    3   m 6 w
    4   m 0 o
>>> 5   m 8 w
    6   m 4 n


Turn 80
================================================================
warning: entity 7 was directed to use 2 halite to move west, but only 0 halite was available
At command 6 of 7:
    4   m 4 o
    5   m 6 o
>>> 6   m 7 w
    7   g


Turn 109
================================================================
warning: entity 16 was directed to use 1 halite to move east, but only 0 halite was available
At command 10 of 10:
    8   m 15 o
    9   m 4 o
>>> 10   m 16 e


Turn 135
================================================================
warning: entity 21 was directed to use 3 halite to move east, but only 2 halite was available
At command 12 of 13:
    10   m 4 e
    11   m 2 s
>>> 12   m 21 e
    13   m 7 s


Turn 140
================================================================
warning: entity 23 was directed to use 1 halite to move east, but only 0 halite was available
At command 10 of 14:
    8   m 12 o
    9   m 4 e
>>> 10   m 23 e
    11   m 6 o
    12   m 17 o

warning: entity 7 was directed to use 6 halite to move east, but only 1 halite was available
At command 14 of 14:
    12   m 17 o
    13   m 11 o
>>> 14   m 7 e


Turn 154
================================================================
warning: entity 0 was directed to use 1 halite to move east, but only 0 halite was available
At command 10 of 16:
    8   m 11 o
    9   m 23 e
>>> 10   m 0 e
    11   m 24 o
    12   m 4 n


Turn 156
================================================================
warning: entity 26 was directed to use 1 halite to move north, but only 0 halite was available
At command 15 of 16:
    13   m 24 w
    14   m 17 s
>>> 15   m 26 n
    16   m 16 n


Turn 172
================================================================
warning: entity 4 was directed to use 1 halite to move east, but only 0 halite was available
At command 18 of 18:
    16   m 21 n
    17   m 19 s
>>> 18   m 4 e


Turn 182
================================================================
warning: entity 19 was directed to use 1 halite to move north, but only 0 halite was available
At command 18 of 20:
    16   m 23 e
    17   m 12 n
>>> 18   m 19 n
    19   m 16 e
    20   m 33 w


Turn 199
================================================================
warning: entity 0 was directed to use 1 halite to move east, but only 0 halite was available
At command 21 of 23:
    19   m 24 o
    20   m 4 o
>>> 21   m 0 e
    22   m 11 e
    23   m 36 n


Turn 216
================================================================
warning: entity 11 was directed to use 1 halite to move east, but only 0 halite was available
At command 19 of 23:
    17   m 26 n
    18   m 21 e
>>> 19   m 11 e
    20   m 36 o
    21   m 28 w


Turn 224
================================================================
warning: entity 28 was directed to use 1 halite to move east, but only 0 halite was available
At command 18 of 23:
    16   m 12 o
    17   m 15 o
>>> 18   m 28 e
    19   m 30 n
    20   m 21 e


Turn 247
================================================================
error: failed to decode bot message: "T" (at position 1)
Last input received was:
Traceback (most recent call last):
  File "MyBot.py", line 50, in <module>
    max_halite_position = find_best_move(ship)
  File "MyBot.py", line 21, in find_best_move
    if not cell.is_occupied and (cell.position is not ship.position):
AttributeError: 'NoneType' object has no attribute 'is_occupied'

