
Turn 46
================================================================
warning: entity 2 was directed to use 1 halite to move west, but only 0 halite was available
At command 4 of 5:
    2   m 1 n
    3   m 5 o
>>> 4   m 2 w
    5   m 7 o


Turn 62
================================================================
warning: entity 11 was directed to use 1 halite to move west, but only 0 halite was available
At command 6 of 6:
    4   m 5 w
    5   m 7 e
>>> 6   m 11 w


Turn 70
================================================================
warning: entity 7 was directed to use 1 halite to move west, but only 0 halite was available
At command 6 of 7:
    4   m 1 o
    5   m 11 o
>>> 6   m 7 w
    7   g


Turn 99
================================================================
warning: entity 1 was directed to use 1 halite to move west, but only 0 halite was available
At command 5 of 8:
    3   m 15 o
    4   m 7 e
>>> 5   m 1 w
    6   m 11 o
    7   m 4 o

