
Turn 32
================================================================
warning: entity 12 was directed to use 7 halite to move east, but only 0 halite was available
At command 7 of 8:
    5   m 8 w
    6   m 4 o
>>> 7   m 12 e
    8   g


Turn 39
================================================================
warning: entity 15 was directed to use 5 halite to move west, but only 0 halite was available
At command 7 of 9:
    5   m 1 n
    6   m 12 o
>>> 7   m 15 w
    8   m 6 o
    9   m 10 o


Turn 50
================================================================
warning: entity 19 was directed to use 7 halite to move west, but only 0 halite was available
At command 9 of 11:
    7   m 6 w
    8   m 10 o
>>> 9   m 19 w
    10   m 12 o
    11   m 4 n


Turn 53
================================================================
warning: entity 4 was directed to use 5 halite to move south, but only 0 halite was available
At command 8 of 12:
    6   m 8 o
    7   m 6 w
>>> 8   m 4 s
    9   m 17 o
    10   m 14 o


Turn 55
================================================================
warning: entity 20 was directed to use 5 halite to move west, but only 0 halite was available
At command 12 of 12:
    10   m 4 o
    11   m 10 s
>>> 12   m 20 w


Turn 59
================================================================
warning: entity 10 was directed to use 2 halite to move north, but only 0 halite was available
At command 8 of 12:
    6   m 17 o
    7   m 4 o
>>> 8   m 10 n
    9   m 20 o
    10   m 6 o


Turn 64
================================================================
warning: entity 2 was directed to use 4 halite to move west, but only 0 halite was available
At command 12 of 13:
    10   m 14 n
    11   m 17 o
>>> 12   m 2 w
    13   g


Turn 66
================================================================
warning: entity 23 was directed to use 3 halite to move east, but only 0 halite was available
At command 13 of 13:
    11   m 12 s
    12   m 14 n
>>> 13   m 23 e


Turn 70
================================================================
warning: entity 6 was directed to use 4 halite to move south, but only 0 halite was available
At command 12 of 14:
    10   m 12 s
    11   m 19 o
>>> 12   m 6 s
    13   m 14 e
    14   g


Turn 72
================================================================
warning: entity 24 was directed to use 1 halite to move east, but only 0 halite was available
At command 14 of 14:
    12   m 12 w
    13   m 14 e
>>> 14   m 24 e


Turn 76
================================================================
warning: entity 1 was directed to use 3 halite to move east, but only 0 halite was available
At command 14 of 14:
    12   m 24 o
    13   m 17 o
>>> 14   m 1 e


Turn 84
================================================================
warning: entity 28 was directed to use 2 halite to move east, but only 0 halite was available
At command 16 of 16:
    14   m 15 w
    15   m 23 o
>>> 16   m 28 e


Turn 103
================================================================
warning: entity 33 was directed to use 1 halite to move west, but only 0 halite was available
At command 18 of 18:
    16   m 27 o
    17   m 15 w
>>> 18   m 33 w


Turn 106
================================================================
warning: entity 4 was directed to use 1 halite to move east, but only 0 halite was available
At command 18 of 19:
    16   m 2 s
    17   m 8 n
>>> 18   m 4 e
    19   m 34 n


Turn 108
================================================================
warning: entity 34 was directed to use 1 halite to move west, but only 0 halite was available
At command 19 of 19:
    17   m 33 o
    18   m 4 o
>>> 19   m 34 w


Turn 111
================================================================
warning: entity 36 was directed to use 1 halite to move west, but only 0 halite was available
At command 20 of 20:
    18   m 1 n
    19   m 8 w
>>> 20   m 36 w


Turn 118
================================================================
warning: entity 6 was directed to use 2 halite to move west, but only 0 halite was available
At command 20 of 21:
    18   m 2 w
    19   m 8 w
>>> 20   m 6 w
    21   m 38 w


Turn 131
================================================================
warning: entity 43 was directed to use 1 halite to move east, but only 0 halite was available
At command 23 of 23:
    21   m 1 n
    22   m 2 n
>>> 23   m 43 e

