
Turn 6
================================================================
warning: entity 3 was directed to use 12 halite to move west, but only 0 halite was available
At command 2 of 2:
    1   m 1 o
>>> 2   m 3 w


Turn 26
================================================================
warning: entity 1 was directed to use 17 halite to move south, but only 0 halite was available
At command 2 of 3:
    1   m 3 o
>>> 2   m 1 s
    3   g


Turn 48
================================================================
warning: entity 3 was directed to use 3 halite to move north, but only 0 halite was available
At command 2 of 4:
    1   m 7 o
>>> 2   m 3 n
    3   m 1 o
    4   g


Turn 60
================================================================
warning: entity 7 was directed to use 2 halite to move north, but only 0 halite was available
At command 4 of 4:
    2   m 1 s
    3   m 3 o
>>> 4   m 7 n


Turn 86
================================================================
warning: entity 3 was directed to use 3 halite to move west, but only 0 halite was available
At command 4 of 5:
    2   m 7 o
    3   m 12 o
>>> 4   m 3 w
    5   m 1 w


Turn 95
================================================================
warning: entity 10 was directed to use 1 halite to move east, but only 0 halite was available
At command 5 of 6:
    3   m 7 o
    4   m 12 o
>>> 5   m 10 e
    6   g


Turn 97
================================================================
warning: entity 17 was directed to use 3 halite to move south, but only 0 halite was available
At command 2 of 6:
    1   m 7 s
>>> 2   m 17 s
    3   m 1 n
    4   m 3 o


Turn 100
================================================================
warning: entity 1 was directed to use 2 halite to move west, but only 0 halite was available
At command 2 of 6:
    1   m 3 s
>>> 2   m 1 w
    3   m 17 o
    4   m 10 o


Turn 106
================================================================
warning: entity 7 was directed to use 1 halite to move east, but only 0 halite was available
At command 6 of 7:
    4   m 1 s
    5   m 17 o
>>> 6   m 7 e
    7   g


Turn 108
================================================================
warning: entity 18 was directed to use 2 halite to move south, but only 0 halite was available
At command 6 of 7:
    4   m 12 w
    5   m 10 o
>>> 6   m 18 s
    7   m 7 o


Turn 131
================================================================
warning: entity 22 was directed to use 1 halite to move east, but only 0 halite was available
At command 9 of 9:
    7   m 17 n
    8   m 21 o
>>> 9   m 22 e


Turn 142
================================================================
warning: entity 10 was directed to use 1 halite to move west, but only 0 halite was available
At command 9 of 10:
    7   m 1 o
    8   m 7 e
>>> 9   m 10 w
    10   g


Turn 155
================================================================
warning: entity 1 was directed to use 1 halite to move west, but only 0 halite was available
At command 10 of 11:
    8   m 3 o
    9   m 22 o
>>> 10   m 1 w
    11   m 28 n


Turn 158
================================================================
warning: entity 1 was directed to use 5 halite to move north, but only 1 halite was available
At command 9 of 11:
    7   m 25 n
    8   m 17 s
>>> 9   m 1 n
    10   m 22 w
    11   m 28 w

