
Turn 3
================================================================
warning: entity 1 was directed to use 9 halite to move south, but only 0 halite was available
At command 1 of 2:
>>> 1   m 1 s
    2   g


Turn 9
================================================================
warning: entity 4 was directed to use 2 halite to move east, but only 0 halite was available
At command 3 of 4:
    1   m 2 s
    2   m 1 o
>>> 3   m 4 e
    4   g


Turn 12
================================================================
warning: entity 6 was directed to use 1 halite to move east, but only 0 halite was available
At command 4 of 5:
    2   m 4 n
    3   m 2 o
>>> 4   m 6 e
    5   g


Turn 14
================================================================
warning: entity 8 was directed to use 2 halite to move south, but only 0 halite was available
At command 5 of 5:
    3   m 4 n
    4   m 6 o
>>> 5   m 8 s


Turn 37
================================================================
warning: entity 1 was directed to use 3 halite to move west, but only 0 halite was available
At command 4 of 5:
    2   m 8 s
    3   m 4 o
>>> 4   m 1 w
    5   m 2 n


Turn 49
================================================================
warning: entity 2 was directed to use 1 halite to move north, but only 0 halite was available
At command 3 of 6:
    1   m 4 o
    2   m 6 o
>>> 3   m 2 n
    4   m 1 o
    5   m 8 n


Turn 51
================================================================
warning: entity 11 was directed to use 2 halite to move south, but only 0 halite was available
At command 6 of 6:
    4   m 2 w
    5   m 8 n
>>> 6   m 11 s


Turn 58
================================================================
warning: entity 8 was directed to use 2 halite to move west, but only 0 halite was available
At command 6 of 7:
    4   m 6 n
    5   m 4 o
>>> 6   m 8 w
    7   g


Turn 78
================================================================
warning: entity 14 was directed to use 1 halite to move south, but only 0 halite was available
At command 8 of 8:
    6   m 8 o
    7   m 6 s
>>> 8   m 14 s


Turn 82
================================================================
warning: entity 6 was directed to use 1 halite to move south, but only 0 halite was available
At command 7 of 8:
    5   m 8 o
    6   m 14 o
>>> 7   m 6 s
    8   m 1 o


Turn 95
================================================================
warning: entity 11 was directed to use 1 halite to move south, but only 0 halite was available
At command 8 of 9:
    6   m 14 e
    7   m 6 o
>>> 8   m 11 s
    9   g


Turn 98
================================================================
warning: entity 16 was directed to use 1 halite to move south, but only 0 halite was available
At command 9 of 9:
    7   m 12 o
    8   m 2 e
>>> 9   m 16 s


Turn 298
================================================================
warning: entity 41 was directed to use 1 halite to move east, but only 0 halite was available
At command 8 of 18:
    6   m 11 o
    7   m 2 n
>>> 8   m 41 e
    9   m 4 o
    10   m 33 n

