
Turn 3
================================================================
warning: entity 1 was directed to use 5 halite to move north, but only 0 halite was available
At command 1 of 2:
>>> 1   m 1 n
    2   g


Turn 14
================================================================
warning: entity 9 was directed to use 1 halite to move north, but only 0 halite was available
At command 4 of 5:
    2   m 5 o
    3   m 1 o
>>> 4   m 9 n
    5   m 3 o


Turn 56
================================================================
warning: entity 7 was directed to use 1 halite to move east, but only 0 halite was available
At command 5 of 6:
    3   m 5 e
    4   m 3 s
>>> 5   m 7 e
    6   g


Turn 79
================================================================
warning: entity 3 was directed to use 1 halite to move west, but only 0 halite was available
At command 7 of 8:
    5   m 15 o
    6   m 7 o
>>> 7   m 3 w
    8   m 11 o


Turn 105
================================================================
warning: entity 18 was directed to use 1 halite to move west, but only 0 halite was available
At command 7 of 9:
    5   m 16 o
    6   m 14 o
>>> 7   m 18 w
    8   m 5 w
    9   m 7 e


Turn 194
================================================================
warning: entity 11 was directed to use 3 halite to move east, but only 1 halite was available
At command 15 of 19:
    13   m 5 o
    14   m 32 o
>>> 15   m 11 e
    16   m 36 o
    17   m 7 e

