
Turn 6
================================================================
warning: owned entities 3, 0 collided on cell (8, 15) as the result of moves on this turn
At command 2 of 2:
    1   m 0 o
>>> 2   m 3 n


Turn 12
================================================================
warning: owned entities 7, 5 collided on cell (8, 15) as the result of moves on this turn
At command 2 of 2:
    1   m 5 o
>>> 2   m 7 n


Turn 99
================================================================
warning: owned entities 15, 9 collided on cell (8, 15) as the result of moves on this turn
At command 2 of 2:
    1   m 9 o
>>> 2   m 15 n


Turn 135
================================================================
warning: owned entities 20, 22 collided on cell (8, 16) as the result of moves on this turn
At command 1 of 2:
>>> 1   m 20 s
    2   m 22 o


Turn 214
================================================================
warning: owned entities 40, 28 collided on cell (9, 20) as the result of moves on this turn
At command 1 of 3:
>>> 1   m 40 e
    2   m 34 o
    3   m 28 o

