
Turn 3
================================================================
warning: entity 1 was directed to use 9 halite to move east, but only 0 halite was available
At command 1 of 2:
>>> 1   m 1 e
    2   g


Turn 5
================================================================
warning: entity 3 was directed to use 7 halite to move south, but only 0 halite was available
At command 2 of 3:
    1   m 1 o
>>> 2   m 3 s
    3   g


Turn 7
================================================================
warning: entity 4 was directed to use 7 halite to move east, but only 0 halite was available
At command 2 of 4:
    1   m 1 o
>>> 2   m 4 e
    3   m 3 o
    4   g


Turn 8
================================================================
warning: owned entities 1, 6 collided on cell (24, 16) as the result of moves on this turn
At command 1 of 4:
>>> 1   m 1 w
    2   m 4 w
    3   m 3 o

Other commands that placed an entity on this cell:
    2   m 4 w
    3   m 3 o
>>> 4   m 6 e


Turn 14
================================================================
warning: entity 7 was directed to use 7 halite to move east, but only 0 halite was available
At command 3 of 3:
    1   m 3 e
    2   m 4 s
>>> 3   m 7 e


Turn 17
================================================================
warning: entity 7 was directed to use 5 halite to move east, but only 0 halite was available
At command 2 of 3:
    1   m 4 o
>>> 2   m 7 e
    3   m 3 w


Turn 40
================================================================
warning: entity 4 was directed to use 8 halite to move north, but only 0 halite was available
At command 1 of 3:
>>> 1   m 4 n
    2   m 7 s
    3   m 3 w


Turn 43
================================================================
warning: entity 4 was directed to use 4 halite to move north, but only 0 halite was available
At command 3 of 3:
    1   m 7 w
    2   m 3 s
>>> 3   m 4 n

warning: owned entities 7, 4 collided on cell (22, 16) as the result of moves on this turn
At command 1 of 3:
>>> 1   m 7 w
    2   m 3 s
    3   m 4 n

