
Turn 7
================================================================
warning: entity 2 was directed to use 2 halite to move west, but only 0 halite was available
At command 2 of 3:
    1   m 0 s
>>> 2   m 2 w
    3   g


Turn 10
================================================================
warning: entity 5 was directed to use 2 halite to move west, but only 0 halite was available
At command 3 of 4:
    1   m 0 s
    2   m 2 o
>>> 3   m 5 w
    4   g


Turn 13
================================================================
warning: entity 5 was directed to use 10 halite to move south, but only 2 halite was available
At command 2 of 5:
    1   m 0 e
>>> 2   m 5 s
    3   m 7 w
    4   m 2 s

warning: entity 7 was directed to use 1 halite to move west, but only 0 halite was available
At command 3 of 5:
    1   m 0 e
    2   m 5 s
>>> 3   m 7 w
    4   m 2 s
    5   g


Turn 14
================================================================
warning: entity 2 was directed to use 13 halite to move south, but only 8 halite was available
At command 3 of 5:
    1   m 5 s
    2   m 7 w
>>> 3   m 2 s
    4   m 0 s
    5   m 9 o


Turn 15
================================================================
warning: entity 0 was directed to use 23 halite to move east, but only 17 halite was available
At command 5 of 5:
    3   m 5 s
    4   m 7 s
>>> 5   m 0 e


Turn 16
================================================================
warning: entity 7 was directed to use 8 halite to move south, but only 0 halite was available
At command 4 of 5:
    2   m 5 o
    3   m 2 s
>>> 4   m 7 s
    5   m 9 w

warning: entity 9 was directed to use 1 halite to move west, but only 0 halite was available
At command 5 of 5:
    3   m 2 s
    4   m 7 s
>>> 5   m 9 w


Turn 18
================================================================
warning: entity 0 was directed to use 65 halite to move south, but only 34 halite was available
At command 1 of 5:
>>> 1   m 0 s
    2   m 7 o
    3   m 5 s

warning: entity 2 was directed to use 17 halite to move east, but only 11 halite was available
At command 5 of 5:
    3   m 5 s
    4   m 9 s
>>> 5   m 2 e


Turn 22
================================================================
warning: entity 9 was directed to use 8 halite to move south, but only 3 halite was available
At command 3 of 5:
    1   m 0 w
    2   m 7 o
>>> 3   m 9 s
    4   m 5 s
    5   m 2 s

warning: entity 2 was directed to use 26 halite to move south, but only 8 halite was available
At command 5 of 5:
    3   m 9 s
    4   m 5 s
>>> 5   m 2 s


Turn 25
================================================================
warning: entity 2 was directed to use 37 halite to move west, but only 32 halite was available
At command 2 of 5:
    1   m 9 s
>>> 2   m 2 w
    3   m 7 w
    4   m 0 o

warning: entity 5 was directed to use 17 halite to move south, but only 3 halite was available
At command 5 of 5:
    3   m 7 w
    4   m 0 o
>>> 5   m 5 s


Turn 26
================================================================
warning: entity 9 was directed to use 11 halite to move east, but only 3 halite was available
At command 4 of 5:
    2   m 0 e
    3   m 5 s
>>> 4   m 9 e
    5   m 7 s


Turn 28
================================================================
warning: entity 5 was directed to use 19 halite to move east, but only 17 halite was available
At command 3 of 5:
    1   m 0 w
    2   m 7 e
>>> 3   m 5 e
    4   m 9 e
    5   m 2 o


Turn 32
================================================================
warning: entity 2 was directed to use 51 halite to move south, but only 43 halite was available
At command 2 of 5:
    1   m 9 w
>>> 2   m 2 s
    3   m 7 w
    4   m 0 e

