
Turn 6
================================================================
warning: entity 2 was directed to use 2 halite to move east, but only 0 halite was available
At command 2 of 3:
    1   m 1 w
>>> 2   m 2 e
    3   g


Turn 13
================================================================
warning: entity 8 was directed to use 2 halite to move west, but only 0 halite was available
At command 5 of 5:
    3   m 4 o
    4   m 6 o
>>> 5   m 8 w


Turn 15
================================================================
warning: entity 8 was directed to use 11 halite to move west, but only 5 halite was available
At command 5 of 5:
    3   m 1 o
    4   m 6 o
>>> 5   m 8 w


Turn 44
================================================================
warning: entity 2 was directed to use 1 halite to move west, but only 0 halite was available
At command 5 of 5:
    3   m 6 e
    4   m 8 e
>>> 5   m 2 w


Turn 49
================================================================
warning: entity 10 was directed to use 2 halite to move west, but only 0 halite was available
At command 4 of 6:
    2   m 8 o
    3   m 2 o
>>> 4   m 10 w
    5   m 6 o
    6   m 4 o


Turn 63
================================================================
warning: entity 4 was directed to use 2 halite to move east, but only 0 halite was available
At command 4 of 7:
    2   m 2 n
    3   m 8 n
>>> 4   m 4 e
    5   m 1 n
    6   m 6 o


Turn 70
================================================================
warning: entity 14 was directed to use 1 halite to move west, but only 0 halite was available
At command 3 of 8:
    1   m 10 o
    2   m 2 o
>>> 3   m 14 w
    4   m 6 o
    5   m 8 w

