
Turn 63
================================================================
warning: entity 0 was directed to use 3 halite to move east, but only 0 halite was available
At command 1 of 2:
>>> 1   m 0 e
    2   g


Turn 66
================================================================
warning: entity 4 was directed to use 2 halite to move north, but only 0 halite was available
At command 1 of 2:
>>> 1   m 4 n
    2   m 0 o


Turn 95
================================================================
warning: entity 0 was directed to use 4 halite to move east, but only 0 halite was available
At command 2 of 2:
    1   m 4 s
>>> 2   m 0 e


Turn 100
================================================================
warning: entity 4 was directed to use 2 halite to move east, but only 0 halite was available
At command 2 of 3:
    1   m 0 s
>>> 2   m 4 e
    3   g


Turn 102
================================================================
warning: entity 7 was directed to use 3 halite to move east, but only 0 halite was available
At command 3 of 3:
    1   m 0 o
    2   m 4 o
>>> 3   m 7 e


Turn 127
================================================================
warning: entity 0 was directed to use 1 halite to move north, but only 0 halite was available
At command 3 of 3:
    1   m 4 w
    2   m 7 w
>>> 3   m 0 n


Turn 136
================================================================
warning: entity 4 was directed to use 2 halite to move east, but only 0 halite was available
At command 3 of 4:
    1   m 0 n
    2   m 7 n
>>> 3   m 4 e
    4   g


Turn 138
================================================================
warning: entity 10 was directed to use 2 halite to move north, but only 0 halite was available
At command 4 of 4:
    2   m 7 n
    3   m 4 o
>>> 4   m 10 n


Turn 145
================================================================
warning: entity 7 was directed to use 1 halite to move north, but only 0 halite was available
At command 4 of 4:
    2   m 0 o
    3   m 4 o
>>> 4   m 7 n


Turn 168
================================================================
warning: entity 4 was directed to use 1 halite to move east, but only 0 halite was available
At command 4 of 5:
    2   m 7 s
    3   m 0 s
>>> 4   m 4 e
    5   g


Turn 176
================================================================
warning: entity 0 was directed to use 2 halite to move west, but only 0 halite was available
At command 5 of 5:
    3   m 4 o
    4   m 7 s
>>> 5   m 0 w


Turn 182
================================================================
warning: entity 10 was directed to use 1 halite to move north, but only 0 halite was available
At command 5 of 6:
    3   m 12 o
    4   m 7 n
>>> 5   m 10 n
    6   m 13 n


Turn 223
================================================================
warning: entity 7 was directed to use 1 halite to move east, but only 0 halite was available
At command 5 of 6:
    3   m 0 n
    4   m 13 s
>>> 5   m 7 e
    6   m 10 s

