
Turn 44
================================================================
warning: entity 14 was directed to use 4 halite to move west, but only 0 halite was available
At command 6 of 8:
    4   m 7 e
    5   m 11 o
>>> 6   m 14 w
    7   m 6 o
    8   m 1 e


Turn 62
================================================================
warning: entity 6 was directed to use 3 halite to move east, but only 0 halite was available
At command 9 of 9:
    7   m 1 w
    8   m 15 o
>>> 9   m 6 e


Turn 65
================================================================
warning: entity 11 was directed to use 2 halite to move east, but only 0 halite was available
At command 8 of 10:
    6   m 15 o
    7   m 1 w
>>> 8   m 11 e
    9   m 14 o
    10   g


Turn 79
================================================================
warning: entity 1 was directed to use 3 halite to move south, but only 0 halite was available
At command 11 of 12:
    9   m 4 o
    10   m 15 o
>>> 11   m 1 s
    12   g


Turn 81
================================================================
warning: entity 22 was directed to use 1 halite to move north, but only 0 halite was available
At command 10 of 12:
    8   m 12 o
    9   m 18 o
>>> 10   m 22 n
    11   m 19 o
    12   m 1 o


Turn 88
================================================================
warning: entity 7 was directed to use 2 halite to move west, but only 0 halite was available
At command 12 of 13:
    10   m 15 s
    11   m 2 w
>>> 12   m 7 w
    13   g


Turn 90
================================================================
warning: entity 24 was directed to use 2 halite to move east, but only 0 halite was available
At command 13 of 13:
    11   m 7 w
    12   m 19 o
>>> 13   m 24 e


Turn 93
================================================================
warning: entity 15 was directed to use 2 halite to move south, but only 0 halite was available
At command 10 of 13:
    8   m 24 o
    9   m 2 w
>>> 10   m 15 s
    11   m 14 w
    12   m 18 o


Turn 102
================================================================
warning: entity 6 was directed to use 2 halite to move east, but only 0 halite was available
At command 12 of 14:
    10   m 22 o
    11   m 18 o
>>> 12   m 6 e
    13   m 14 o
    14   m 27 n


Turn 110
================================================================
warning: entity 2 was directed to use 1 halite to move west, but only 0 halite was available
At command 15 of 16:
    13   m 11 o
    14   m 29 o
>>> 15   m 2 w
    16   g


Turn 113
================================================================
warning: entity 30 was directed to use 1 halite to move north, but only 0 halite was available
At command 16 of 16:
    14   m 12 n
    15   m 2 o
>>> 16   m 30 n


Turn 124
================================================================
warning: entity 1 was directed to use 1 halite to move west, but only 0 halite was available
At command 16 of 17:
    14   m 15 o
    15   m 33 o
>>> 16   m 1 w
    17   m 19 e


Turn 182
================================================================
warning: entity 14 was directed to use 1 halite to move west, but only 0 halite was available
At command 24 of 25:
    22   m 29 n
    23   m 44 s
>>> 24   m 14 w
    25   m 48 w


Turn 239
================================================================
warning: entity 47 was directed to use 3 halite to move east, but only 2 halite was available
At command 20 of 21:
    18   m 11 o
    19   m 1 o
>>> 20   m 47 e
    21   m 37 s

