
Turn 32
================================================================
warning: entity 6 was directed to use 6 halite to move east, but only 0 halite was available
At command 6 of 7:
    4   m 5 w
    5   m 4 n
>>> 6   m 6 e
    7   g


Turn 77
================================================================
warning: entity 5 was directed to use 2 halite to move west, but only 0 halite was available
At command 9 of 10:
    7   m 2 s
    8   m 6 e
>>> 9   m 5 w
    10   g


Turn 79
================================================================
warning: entity 16 was directed to use 4 halite to move south, but only 0 halite was available
At command 10 of 10:
    8   m 5 o
    9   m 6 s
>>> 10   m 16 s


Turn 86
================================================================
warning: entity 6 was directed to use 5 halite to move south, but only 0 halite was available
At command 10 of 11:
    8   m 13 o
    9   m 11 w
>>> 10   m 6 s
    11   g


Turn 92
================================================================
warning: entity 2 was directed to use 2 halite to move east, but only 0 halite was available
At command 10 of 12:
    8   m 6 o
    9   m 11 w
>>> 10   m 2 e
    11   m 5 o
    12   g


Turn 119
================================================================
warning: entity 13 was directed to use 1 halite to move north, but only 0 halite was available
At command 13 of 14:
    11   m 20 o
    12   m 22 o
>>> 13   m 13 n
    14   g

