
Turn 57
================================================================
warning: entity 8 was directed to use 5 halite to move west, but only 0 halite was available
At command 3 of 4:
    1   m 10 o
    2   m 1 w
>>> 3   m 8 w
    4   m 3 o


Turn 64
================================================================
warning: entity 13 was directed to use 4 halite to move north, but only 0 halite was available
At command 5 of 5:
    3   m 10 e
    4   m 3 w
>>> 5   m 13 n


Turn 83
================================================================
warning: entity 8 was directed to use 3 halite to move east, but only 0 halite was available
At command 6 of 6:
    4   m 1 w
    5   m 3 o
>>> 6   m 8 e


Turn 92
================================================================
warning: entity 18 was directed to use 1 halite to move north, but only 0 halite was available
At command 1 of 7:
>>> 1   m 18 n
    2   m 10 e
    3   m 1 n


Turn 104
================================================================
warning: entity 15 was directed to use 3 halite to move east, but only 0 halite was available
At command 7 of 7:
    5   m 13 w
    6   m 3 s
>>> 7   m 15 e


Turn 109
================================================================
warning: entity 10 was directed to use 2 halite to move north, but only 0 halite was available
At command 5 of 8:
    3   m 15 o
    4   m 13 o
>>> 5   m 10 n
    6   m 18 o
    7   m 3 w


Turn 118
================================================================
warning: entity 3 was directed to use 2 halite to move west, but only 0 halite was available
At command 5 of 8:
    3   m 13 s
    4   m 8 w
>>> 5   m 3 w
    6   m 20 o
    7   m 15 o


Turn 121
================================================================
warning: entity 13 was directed to use 1 halite to move east, but only 0 halite was available
At command 8 of 9:
    6   m 3 o
    7   m 15 e
>>> 8   m 13 e
    9   g


Turn 124
================================================================
warning: entity 22 was directed to use 1 halite to move south, but only 0 halite was available
At command 8 of 9:
    6   m 1 o
    7   m 3 o
>>> 8   m 22 s
    9   m 8 w


Turn 132
================================================================
warning: entity 8 was directed to use 2 halite to move east, but only 0 halite was available
At command 9 of 9:
    7   m 20 o
    8   m 18 o
>>> 9   m 8 e


Turn 166
================================================================
warning: entity 31 was directed to use 1 halite to move west, but only 0 halite was available
At command 12 of 12:
    10   m 10 w
    11   m 1 w
>>> 12   m 31 w


Turn 222
================================================================
warning: entity 20 was directed to use 1 halite to move west, but only 0 halite was available
At command 14 of 14:
    12   m 27 s
    13   m 31 o
>>> 14   m 20 w


Turn 278
================================================================
warning: entity 3 was directed to use 3 halite to move east, but only 0 halite was available
At command 11 of 14:
    9   m 29 s
    10   m 10 o
>>> 11   m 3 e
    12   m 34 o
    13   m 36 o

