
Turn 11
================================================================
warning: entity 7 was directed to use 10 halite to move west, but only 0 halite was available
At command 4 of 5:
    2   m 3 o
    3   m 5 o
>>> 4   m 7 w
    5   g


Turn 38
================================================================
warning: entity 1 was directed to use 3 halite to move west, but only 0 halite was available
At command 4 of 5:
    2   m 7 s
    3   m 5 o
>>> 4   m 1 w
    5   m 9 o


Turn 47
================================================================
warning: entity 9 was directed to use 2 halite to move north, but only 0 halite was available
At command 2 of 6:
    1   m 3 n
>>> 2   m 9 n
    3   m 1 o
    4   m 7 e


Turn 63
================================================================
warning: entity 5 was directed to use 1 halite to move north, but only 0 halite was available
At command 3 of 8:
    1   m 9 o
    2   m 1 n
>>> 3   m 5 n
    4   m 13 o
    5   m 3 w


Turn 103
================================================================
warning: entity 15 was directed to use 1 halite to move south, but only 0 halite was available
At command 9 of 10:
    7   m 9 s
    8   m 7 o
>>> 9   m 15 s
    10   g


Turn 117
================================================================
warning: entity 21 was directed to use 1 halite to move west, but only 0 halite was available
At command 11 of 11:
    9   m 15 s
    10   m 13 w
>>> 11   m 21 w


Turn 125
================================================================
warning: entity 7 was directed to use 1 halite to move east, but only 0 halite was available
At command 11 of 12:
    9   m 13 e
    10   m 5 o
>>> 11   m 7 e
    12   m 23 n

