
Turn 47
================================================================
warning: entity 3 was directed to use 10 halite to move south, but only 2 halite was available
At command 2 of 3:
    1   m 1 n
>>> 2   m 3 s
    3   m 8 o


Turn 72
================================================================
warning: entity 1 was directed to use 2 halite to move east, but only 0 halite was available
At command 1 of 3:
>>> 1   m 1 e
    2   m 8 o
    3   m 3 w


Turn 76
================================================================
warning: entity 3 was directed to use 2 halite to move east, but only 0 halite was available
At command 2 of 4:
    1   m 11 n
>>> 2   m 3 e
    3   m 1 o
    4   m 8 n


Turn 78
================================================================
warning: entity 11 was directed to use 2 halite to move north, but only 0 halite was available
At command 2 of 4:
    1   m 1 w
>>> 2   m 11 n
    3   m 3 o
    4   m 8 w


Turn 91
================================================================
warning: entity 8 was directed to use 1 halite to move west, but only 0 halite was available
At command 3 of 4:
    1   m 11 n
    2   m 3 n
>>> 3   m 8 w
    4   m 1 o


Turn 96
================================================================
warning: entity 8 was directed to use 10 halite to move west, but only 5 halite was available
At command 4 of 4:
    2   m 11 n
    3   m 1 n
>>> 4   m 8 w


Turn 109
================================================================
warning: entity 14 was directed to use 1 halite to move south, but only 0 halite was available
At command 5 of 5:
    3   m 1 s
    4   m 8 e
>>> 5   m 14 s


Turn 128
================================================================
warning: entity 3 was directed to use 1 halite to move south, but only 0 halite was available
At command 6 of 6:
    4   m 14 o
    5   m 11 o
>>> 6   m 3 s


Turn 156
================================================================
warning: entity 14 was directed to use 2 halite to move east, but only 0 halite was available
At command 7 of 7:
    5   m 1 o
    6   m 8 o
>>> 7   m 14 e


Turn 161
================================================================
warning: entity 22 was directed to use 1 halite to move west, but only 0 halite was available
At command 8 of 8:
    6   m 3 s
    7   m 14 o
>>> 8   m 22 w


Turn 164
================================================================
warning: entity 22 was directed to use 5 halite to move west, but only 1 halite was available
At command 6 of 8:
    4   m 20 o
    5   m 14 o
>>> 6   m 22 w
    7   m 3 s
    8   m 11 o


Turn 170
================================================================
warning: entity 24 was directed to use 4 halite to move west, but only 0 halite was available
At command 9 of 9:
    7   m 14 o
    8   m 17 w
>>> 9   m 24 w


Turn 185
================================================================
warning: entity 3 was directed to use 2 halite to move west, but only 0 halite was available
At command 9 of 10:
    7   m 8 o
    8   m 20 o
>>> 9   m 3 w
    10   m 27 w


Turn 201
================================================================
warning: entity 22 was directed to use 1 halite to move west, but only 0 halite was available
At command 5 of 11:
    3   m 14 n
    4   m 17 o
>>> 5   m 22 w
    6   m 27 o
    7   m 24 w


Turn 256
================================================================
warning: entity 1 was directed to use 1 halite to move east, but only 0 halite was available
At command 11 of 11:
    9   m 24 w
    10   m 20 o
>>> 11   m 1 e

