
Turn 3
================================================================
warning: entity 1 was directed to use 11 halite to move north, but only 0 halite was available
At command 1 of 2:
>>> 1   m 1 n
    2   g


Turn 14
================================================================
warning: entity 8 was directed to use 2 halite to move north, but only 0 halite was available
At command 3 of 5:
    1   m 1 o
    2   m 3 o
>>> 3   m 8 n
    4   m 5 o
    5   g


Turn 17
================================================================
warning: entity 9 was directed to use 1 halite to move east, but only 0 halite was available
At command 1 of 5:
>>> 1   m 9 e
    2   m 1 n
    3   m 3 o


Turn 50
================================================================
warning: entity 1 was directed to use 1 halite to move north, but only 0 halite was available
At command 5 of 6:
    3   m 3 o
    4   m 9 o
>>> 5   m 1 n
    6   g


Turn 52
================================================================
warning: entity 1 was directed to use 4 halite to move west, but only 3 halite was available
At command 4 of 6:
    2   m 5 o
    3   m 3 o
>>> 4   m 1 w
    5   m 9 o
    6   m 10 s

warning: entity 10 was directed to use 2 halite to move south, but only 0 halite was available
At command 6 of 6:
    4   m 1 w
    5   m 9 o
>>> 6   m 10 s


Turn 68
================================================================
warning: entity 5 was directed to use 2 halite to move west, but only 0 halite was available
At command 6 of 7:
    4   m 1 o
    5   m 10 o
>>> 6   m 5 w
    7   g


Turn 70
================================================================
warning: entity 11 was directed to use 1 halite to move north, but only 0 halite was available
At command 5 of 7:
    3   m 8 s
    4   m 3 s
>>> 5   m 11 n
    6   m 10 o
    7   m 5 o


Turn 76
================================================================
warning: entity 9 was directed to use 2 halite to move east, but only 0 halite was available
At command 5 of 8:
    3   m 10 e
    4   m 5 o
>>> 5   m 9 e
    6   m 1 n
    7   m 8 s


Turn 79
================================================================
warning: entity 12 was directed to use 1 halite to move south, but only 0 halite was available
At command 7 of 8:
    5   m 10 o
    6   m 5 o
>>> 7   m 12 s
    8   m 8 e


Turn 87
================================================================
warning: entity 3 was directed to use 1 halite to move south, but only 0 halite was available
At command 6 of 8:
    4   m 5 o
    5   m 12 e
>>> 6   m 3 s
    7   m 11 o
    8   m 8 e


Turn 91
================================================================
warning: entity 8 was directed to use 1 halite to move west, but only 0 halite was available
At command 9 of 9:
    7   m 11 o
    8   m 3 o
>>> 9   m 8 w


Turn 114
================================================================
warning: entity 10 was directed to use 1 halite to move south, but only 0 halite was available
At command 9 of 11:
    7   m 8 o
    8   m 5 e
>>> 9   m 10 s
    10   m 12 o
    11   g


Turn 116
================================================================
warning: entity 15 was directed to use 1 halite to move south, but only 0 halite was available
At command 9 of 11:
    7   m 13 o
    8   m 8 o
>>> 9   m 15 s
    10   m 10 o
    11   m 5 e


Turn 134
================================================================
warning: entity 9 was directed to use 5 halite to move west, but only 2 halite was available
At command 11 of 12:
    9   m 10 o
    10   m 16 o
>>> 11   m 9 w
    12   m 3 e


Turn 162
================================================================
warning: entity 11 was directed to use 1 halite to move south, but only 0 halite was available
At command 14 of 15:
    12   m 15 e
    13   m 17 o
>>> 14   m 11 s
    15   m 10 e


Turn 177
================================================================
warning: entity 21 was directed to use 1 halite to move west, but only 0 halite was available
At command 10 of 17:
    8   m 11 o
    9   m 3 o
>>> 10   m 21 w
    11   m 18 o
    12   m 12 o

