
Turn 59
================================================================
warning: entity 2 was directed to use 3 halite to move east, but only 0 halite was available
At command 3 of 3:
    1   m 0 e
    2   m 5 o
>>> 3   m 2 e


Turn 76
================================================================
warning: entity 5 was directed to use 2 halite to move north, but only 0 halite was available
At command 3 of 4:
    1   m 0 w
    2   m 2 o
>>> 3   m 5 n
    4   g


Turn 78
================================================================
warning: entity 7 was directed to use 4 halite to move south, but only 0 halite was available
At command 4 of 4:
    2   m 0 w
    3   m 5 o
>>> 4   m 7 s


Turn 98
================================================================
warning: entity 8 was directed to use 3 halite to move east, but only 0 halite was available
At command 4 of 5:
    2   m 5 e
    3   m 0 o
>>> 4   m 8 e
    5   m 2 o

