
Turn 27
================================================================
warning: entity 4 was directed to use 6 halite to move east, but only 0 halite was available
At command 3 of 3:
    1   m 0 o
    2   m 2 s
>>> 3   m 4 e


Turn 46
================================================================
warning: entity 4 was directed to use 4 halite to move east, but only 0 halite was available
At command 3 of 4:
    1   m 2 w
    2   m 0 o
>>> 3   m 4 e
    4   g


Turn 48
================================================================
warning: entity 6 was directed to use 7 halite to move south, but only 0 halite was available
At command 2 of 4:
    1   m 2 n
>>> 2   m 6 s
    3   m 0 o
    4   m 4 e

warning: entity 4 was directed to use 11 halite to move east, but only 9 halite was available
At command 4 of 4:
    2   m 6 s
    3   m 0 o
>>> 4   m 4 e


Turn 60
================================================================
warning: entity 8 was directed to use 3 halite to move east, but only 0 halite was available
At command 2 of 5:
    1   m 6 e
>>> 2   m 8 e
    3   m 0 w
    4   m 4 o


Turn 61
================================================================
warning: entity 2 was directed to use 24 halite to move east, but only 3 halite was available
At command 5 of 5:
    3   m 4 w
    4   m 6 o
>>> 5   m 2 e


Turn 74
================================================================
warning: entity 2 was directed to use 5 halite to move east, but only 0 halite was available
At command 5 of 6:
    3   m 6 w
    4   m 4 w
>>> 5   m 2 e
    6   g


Turn 79
================================================================
warning: entity 4 was directed to use 2 halite to move east, but only 0 halite was available
At command 5 of 6:
    3   m 10 o
    4   m 2 s
>>> 5   m 4 e
    6   m 6 e


Turn 88
================================================================
warning: entity 12 was directed to use 3 halite to move east, but only 0 halite was available
At command 5 of 7:
    3   m 6 o
    4   m 4 o
>>> 5   m 12 e
    6   m 0 o
    7   m 8 n


Turn 100
================================================================
warning: entity 2 was directed to use 2 halite to move east, but only 0 halite was available
At command 7 of 8:
    5   m 0 o
    6   m 10 s
>>> 7   m 2 e
    8   g


Turn 102
================================================================
warning: entity 14 was directed to use 2 halite to move south, but only 0 halite was available
At command 6 of 8:
    4   m 12 o
    5   m 6 o
>>> 6   m 14 s
    7   m 2 o
    8   m 10 s


Turn 109
================================================================
warning: entity 8 was directed to use 10 halite to move east, but only 4 halite was available
At command 5 of 8:
    3   m 10 s
    4   m 2 e
>>> 5   m 8 e
    6   m 0 o
    7   m 4 s


Turn 111
================================================================
warning: entity 4 was directed to use 2 halite to move east, but only 0 halite was available
At command 3 of 9:
    1   m 8 o
    2   m 0 o
>>> 3   m 4 e
    4   m 12 w
    5   m 14 o


Turn 114
================================================================
warning: entity 16 was directed to use 1 halite to move east, but only 0 halite was available
At command 7 of 9:
    5   m 4 w
    6   m 14 e
>>> 7   m 16 e
    8   m 0 o
    9   m 6 e


Turn 119
================================================================
warning: entity 10 was directed to use 2 halite to move south, but only 0 halite was available
At command 9 of 9:
    7   m 6 n
    8   m 16 o
>>> 9   m 10 s


Turn 128
================================================================
warning: entity 12 was directed to use 1 halite to move south, but only 0 halite was available
At command 10 of 11:
    8   m 2 w
    9   m 18 o
>>> 10   m 12 s
    11   g


Turn 130
================================================================
warning: entity 19 was directed to use 1 halite to move north, but only 0 halite was available
At command 11 of 11:
    9   m 12 o
    10   m 0 w
>>> 11   m 19 n


Turn 133
================================================================
warning: entity 2 was directed to use 1 halite to move west, but only 0 halite was available
At command 11 of 11:
    9   m 14 s
    10   m 6 o
>>> 11   m 2 w


Turn 137
================================================================
warning: entity 0 was directed to use 1 halite to move west, but only 0 halite was available
At command 8 of 12:
    6   m 6 o
    7   m 2 o
>>> 8   m 0 w
    9   m 18 o
    10   m 8 s


Turn 155
================================================================
warning: entity 23 was directed to use 1 halite to move east, but only 0 halite was available
At command 13 of 14:
    11   m 19 w
    12   m 18 s
>>> 13   m 23 e
    14   m 10 s


Turn 159
================================================================
warning: entity 10 was directed to use 1 halite to move north, but only 0 halite was available
At command 14 of 15:
    12   m 19 o
    13   m 16 e
>>> 14   m 10 n
    15   m 24 n


Turn 170
================================================================
warning: entity 25 was directed to use 1 halite to move east, but only 0 halite was available
At command 13 of 16:
    11   m 6 o
    12   m 19 s
>>> 13   m 25 e
    14   m 4 o
    15   m 8 n


Turn 195
================================================================
warning: entity 28 was directed to use 1 halite to move east, but only 0 halite was available
At command 17 of 19:
    15   m 0 s
    16   m 14 e
>>> 17   m 28 e
    18   m 21 s
    19   m 4 w


Turn 213
================================================================
warning: entity 16 was directed to use 2 halite to move east, but only 0 halite was available
At command 18 of 19:
    16   m 19 n
    17   m 25 s
>>> 18   m 16 e
    19   m 23 o


Turn 236
================================================================
warning: entity 25 was directed to use 1 halite to move west, but only 0 halite was available
At command 9 of 19:
    7   m 21 e
    8   m 16 o
>>> 9   m 25 w
    10   m 28 w
    11   m 14 o


Turn 252
================================================================
warning: entity 18 was directed to use 1 halite to move west, but only 0 halite was available
At command 17 of 19:
    15   m 27 o
    16   m 4 o
>>> 17   m 18 w
    18   m 22 e
    19   m 28 o

