
Turn 11
================================================================
warning: entity 2 was directed to use 31 halite to move south, but only 29 halite was available
At command 3 of 4:
    1   m 4 o
    2   m 1 o
>>> 3   m 2 s
    4   m 7 s


Turn 12
================================================================
warning: entity 7 was directed to use 2 halite to move south, but only 0 halite was available
At command 4 of 5:
    2   m 1 s
    3   m 2 s
>>> 4   m 7 s
    5   g


Turn 14
================================================================
warning: entity 7 was directed to use 6 halite to move south, but only 5 halite was available
At command 5 of 5:
    3   m 1 s
    4   m 8 s
>>> 5   m 7 s


Turn 46
================================================================
warning: entity 4 was directed to use 2 halite to move north, but only 0 halite was available
At command 5 of 6:
    3   m 1 w
    4   m 2 o
>>> 5   m 4 n
    6   g


Turn 64
================================================================
warning: entity 1 was directed to use 3 halite to move east, but only 0 halite was available
At command 2 of 8:
    1   m 8 o
>>> 2   m 1 e
    3   m 11 o
    4   m 13 o


Turn 68
================================================================
warning: entity 15 was directed to use 4 halite to move east, but only 2 halite was available
At command 8 of 8:
    6   m 8 o
    7   m 7 w
>>> 8   m 15 e


Turn 69
================================================================
warning: entity 7 was directed to use 1 halite to move north, but only 0 halite was available
At command 6 of 8:
    4   m 13 e
    5   m 8 o
>>> 6   m 7 n
    7   m 15 n
    8   m 2 o


Turn 76
================================================================
warning: entity 4 was directed to use 1 halite to move north, but only 0 halite was available
At command 8 of 9:
    6   m 1 o
    7   m 8 n
>>> 8   m 4 n
    9   g


Turn 111
================================================================
warning: entity 8 was directed to use 1 halite to move east, but only 0 halite was available
At command 11 of 11:
    9   m 15 w
    10   m 11 s
>>> 11   m 8 e


Turn 123
================================================================
warning: entity 7 was directed to use 2 halite to move south, but only 0 halite was available
At command 13 of 13:
    11   m 1 o
    12   m 17 w
>>> 13   m 7 s


Turn 129
================================================================
warning: entity 28 was directed to use 1 halite to move west, but only 0 halite was available
At command 14 of 14:
    12   m 13 w
    13   m 17 s
>>> 14   m 28 w


Turn 154
================================================================
warning: entity 33 was directed to use 2 halite to move north, but only 1 halite was available
At command 15 of 16:
    13   m 8 o
    14   m 30 o
>>> 15   m 33 n
    16   m 19 w

