
Turn 13
================================================================
warning: entity 8 was directed to use 15 halite to move west, but only 0 halite was available
At command 5 of 5:
    3   m 2 o
    4   m 1 o
>>> 5   m 8 w


Turn 29
================================================================
warning: entity 10 was directed to use 8 halite to move west, but only 0 halite was available
At command 3 of 6:
    1   m 1 n
    2   m 8 o
>>> 3   m 10 w
    4   m 2 s
    5   m 4 e


Turn 37
================================================================
warning: entity 4 was directed to use 11 halite to move east, but only 0 halite was available
At command 7 of 8:
    5   m 6 o
    6   m 8 o
>>> 7   m 4 e
    8   g


Turn 39
================================================================
warning: entity 14 was directed to use 10 halite to move west, but only 0 halite was available
At command 5 of 8:
    3   m 10 o
    4   m 6 o
>>> 5   m 14 w
    6   m 11 e
    7   m 1 o


Turn 44
================================================================
warning: entity 8 was directed to use 4 halite to move east, but only 0 halite was available
At command 8 of 8:
    6   m 10 o
    7   m 2 s
>>> 8   m 8 e


Turn 63
================================================================
warning: entity 10 was directed to use 2 halite to move east, but only 0 halite was available
At command 10 of 11:
    8   m 19 o
    9   m 6 s
>>> 10   m 10 e
    11   g


Turn 66
================================================================
warning: entity 20 was directed to use 2 halite to move east, but only 0 halite was available
At command 10 of 11:
    8   m 10 o
    9   m 19 o
>>> 10   m 20 e
    11   m 14 e


Turn 75
================================================================
warning: entity 11 was directed to use 1 halite to move east, but only 0 halite was available
At command 12 of 12:
    10   m 6 s
    11   m 21 o
>>> 12   m 11 e


Turn 80
================================================================
warning: entity 23 was directed to use 2 halite to move south, but only 0 halite was available
At command 13 of 13:
    11   m 1 o
    12   m 4 o
>>> 13   m 23 s


Turn 84
================================================================
warning: entity 6 was directed to use 1 halite to move east, but only 0 halite was available
At command 12 of 14:
    10   m 14 o
    11   m 10 o
>>> 12   m 6 e
    13   m 8 s
    14   g


Turn 86
================================================================
warning: entity 26 was directed to use 2 halite to move south, but only 0 halite was available
At command 13 of 14:
    11   m 4 o
    12   m 6 e
>>> 13   m 26 s
    14   m 8 s


Turn 90
================================================================
warning: entity 8 was directed to use 1 halite to move east, but only 0 halite was available
At command 14 of 15:
    12   m 26 o
    13   m 2 e
>>> 14   m 8 e
    15   g


Turn 92
================================================================
warning: entity 27 was directed to use 1 halite to move west, but only 0 halite was available
At command 15 of 15:
    13   m 8 o
    14   m 2 e
>>> 15   m 27 w


Turn 100
================================================================
warning: entity 28 was directed to use 1 halite to move east, but only 0 halite was available
At command 15 of 16:
    13   m 27 o
    14   m 17 w
>>> 15   m 28 e
    16   m 2 e


Turn 129
================================================================
warning: entity 10 was directed to use 2 halite to move east, but only 0 halite was available
At command 20 of 21:
    18   m 21 e
    19   m 27 s
>>> 20   m 10 e
    21   m 39 n


Turn 136
================================================================
warning: entity 23 was directed to use 1 halite to move east, but only 0 halite was available
At command 21 of 22:
    19   m 8 n
    20   m 17 o
>>> 21   m 23 e
    22   m 40 n

