
Turn 6
================================================================
warning: entity 3 was directed to use 7 halite to move north, but only 0 halite was available
At command 2 of 2:
    1   m 1 o
>>> 2   m 3 n


Turn 18
================================================================
warning: entity 1 was directed to use 5 halite to move east, but only 0 halite was available
At command 2 of 2:
    1   m 3 o
>>> 2   m 1 e


Turn 36
================================================================
warning: entity 3 was directed to use 4 halite to move west, but only 0 halite was available
At command 2 of 3:
    1   m 1 o
>>> 2   m 3 w
    3   g


Turn 38
================================================================
warning: entity 5 was directed to use 6 halite to move south, but only 0 halite was available
At command 3 of 3:
    1   m 1 n
    2   m 3 e
>>> 3   m 5 s


Turn 40
================================================================
warning: entity 5 was directed to use 16 halite to move south, but only 13 halite was available
At command 3 of 3:
    1   m 1 w
    2   m 3 o
>>> 3   m 5 s


Turn 50
================================================================
warning: entity 1 was directed to use 7 halite to move west, but only 0 halite was available
At command 3 of 3:
    1   m 3 o
    2   m 5 n
>>> 3   m 1 w


Turn 54
================================================================
warning: entity 5 was directed to use 3 halite to move east, but only 0 halite was available
At command 3 of 4:
    1   m 1 o
    2   m 3 o
>>> 3   m 5 e
    4   g


Turn 56
================================================================
warning: entity 8 was directed to use 4 halite to move south, but only 0 halite was available
At command 2 of 4:
    1   m 1 o
>>> 2   m 8 s
    3   m 3 w
    4   m 5 o


Turn 62
================================================================
warning: entity 3 was directed to use 5 halite to move south, but only 0 halite was available
At command 3 of 4:
    1   m 1 o
    2   m 8 o
>>> 3   m 3 s
    4   m 5 e


Turn 80
================================================================
warning: entity 8 was directed to use 3 halite to move east, but only 0 halite was available
At command 4 of 5:
    2   m 5 n
    3   m 1 o
>>> 4   m 8 e
    5   g


Turn 85
================================================================
warning: entity 5 was directed to use 4 halite to move south, but only 0 halite was available
At command 4 of 6:
    2   m 1 o
    3   m 8 o
>>> 4   m 5 s
    5   m 10 e
    6   g

warning: entity 10 was directed to use 14 halite to move east, but only 2 halite was available
At command 5 of 6:
    3   m 8 o
    4   m 5 s
>>> 5   m 10 e
    6   g


Turn 106
================================================================
warning: entity 8 was directed to use 2 halite to move east, but only 0 halite was available
At command 2 of 6:
    1   m 5 n
>>> 2   m 8 e
    3   m 12 o
    4   m 3 s


Turn 110
================================================================
warning: entity 10 was directed to use 1 halite to move east, but only 0 halite was available
At command 3 of 7:
    1   m 8 o
    2   m 3 o
>>> 3   m 10 e
    4   m 12 o
    5   m 5 n


Turn 116
================================================================
warning: entity 5 was directed to use 1 halite to move south, but only 0 halite was available
At command 5 of 7:
    3   m 3 o
    4   m 15 o
>>> 5   m 5 s
    6   m 10 e
    7   m 12 w


Turn 118
================================================================
warning: entity 1 was directed to use 1 halite to move east, but only 0 halite was available
At command 4 of 8:
    2   m 10 o
    3   m 8 s
>>> 4   m 1 e
    5   m 12 s
    6   m 5 o


Turn 120
================================================================
warning: entity 17 was directed to use 1 halite to move west, but only 0 halite was available
At command 5 of 8:
    3   m 15 o
    4   m 1 o
>>> 5   m 17 w
    6   m 10 o
    7   m 5 o


Turn 127
================================================================
warning: entity 12 was directed to use 2 halite to move east, but only 0 halite was available
At command 8 of 9:
    6   m 3 e
    7   m 10 o
>>> 8   m 12 e
    9   m 15 w


Turn 137
================================================================
warning: entity 8 was directed to use 1 halite to move north, but only 0 halite was available
At command 8 of 9:
    6   m 19 o
    7   m 10 o
>>> 8   m 8 n
    9   m 3 n


Turn 157
================================================================
warning: entity 17 was directed to use 2 halite to move west, but only 0 halite was available
At command 10 of 11:
    8   m 15 o
    9   m 12 n
>>> 10   m 17 w
    11   m 24 w

