
Turn 26
================================================================
warning: entity 1 was directed to use 12 halite to move west, but only 0 halite was available
At command 2 of 5:
    1   m 3 o
>>> 2   m 1 w
    3   m 9 o
    4   m 5 w


Turn 35
================================================================
warning: entity 9 was directed to use 6 halite to move north, but only 0 halite was available
At command 3 of 8:
    1   m 3 o
    2   m 11 o
>>> 3   m 9 n
    4   m 1 n
    5   m 10 o


Turn 50
================================================================
warning: entity 14 was directed to use 3 halite to move east, but only 0 halite was available
At command 10 of 10:
    8   m 5 o
    9   m 1 s
>>> 10   m 14 e


Turn 58
================================================================
warning: entity 1 was directed to use 5 halite to move south, but only 0 halite was available
At command 10 of 11:
    8   m 13 o
    9   m 3 o
>>> 10   m 1 s
    11   g


Turn 63
================================================================
warning: entity 11 was directed to use 4 halite to move east, but only 0 halite was available
At command 11 of 12:
    9   m 3 o
    10   m 5 n
>>> 11   m 11 e
    12   g


Turn 65
================================================================
warning: entity 11 was directed to use 10 halite to move east, but only 8 halite was available
At command 11 of 12:
    9   m 12 o
    10   m 3 o
>>> 11   m 11 e
    12   m 15 o


Turn 68
================================================================
warning: entity 10 was directed to use 1 halite to move north, but only 0 halite was available
At command 12 of 12:
    10   m 9 s
    11   m 16 o
>>> 12   m 10 n


Turn 70
================================================================
warning: entity 10 was directed to use 4 halite to move west, but only 3 halite was available
At command 7 of 12:
    5   m 9 s
    6   m 13 s
>>> 7   m 10 w
    8   m 1 o
    9   m 15 e


Turn 74
================================================================
warning: entity 8 was directed to use 2 halite to move east, but only 0 halite was available
At command 12 of 13:
    10   m 1 o
    11   m 13 w
>>> 12   m 8 e
    13   g


Turn 76
================================================================
warning: entity 17 was directed to use 2 halite to move north, but only 0 halite was available
At command 10 of 13:
    8   m 9 o
    9   m 16 o
>>> 10   m 17 n
    11   m 8 o
    12   m 1 o


Turn 80
================================================================
warning: entity 18 was directed to use 2 halite to move south, but only 0 halite was available
At command 10 of 14:
    8   m 5 n
    9   m 15 o
>>> 10   m 18 s
    11   m 9 s
    12   m 12 o


Turn 84
================================================================
warning: entity 13 was directed to use 2 halite to move north, but only 0 halite was available
At command 13 of 15:
    11   m 16 o
    12   m 17 o
>>> 13   m 13 n
    14   m 9 w
    15   g


Turn 90
================================================================
warning: entity 14 was directed to use 1 halite to move east, but only 0 halite was available
At command 12 of 16:
    10   m 5 o
    11   m 19 o
>>> 12   m 14 e
    13   m 10 o
    14   m 1 w


Turn 92
================================================================
warning: entity 20 was directed to use 1 halite to move south, but only 0 halite was available
At command 8 of 16:
    6   m 18 o
    7   m 14 o
>>> 8   m 20 s
    9   m 13 o
    10   m 16 o


Turn 100
================================================================
warning: entity 21 was directed to use 1 halite to move north, but only 0 halite was available
At command 15 of 18:
    13   m 10 s
    14   m 16 o
>>> 15   m 21 n
    16   m 13 o
    17   m 9 s


Turn 107
================================================================
warning: entity 3 was directed to use 1 halite to move south, but only 0 halite was available
At command 18 of 19:
    16   m 21 e
    17   m 1 n
>>> 18   m 3 s
    19   g


Turn 139
================================================================
warning: entity 8 was directed to use 1 halite to move west, but only 0 halite was available
At command 19 of 23:
    17   m 26 o
    18   m 15 o
>>> 19   m 8 w
    20   m 18 e
    21   m 21 e


Turn 161
================================================================
warning: entity 30 was directed to use 2 halite to move east, but only 0 halite was available
At command 18 of 26:
    16   m 27 o
    17   m 22 o
>>> 18   m 30 e
    19   m 17 o
    20   m 18 o


Turn 224
================================================================
warning: entity 25 was directed to use 1 halite to move west, but only 0 halite was available
At command 30 of 32:
    28   m 23 s
    29   m 22 o
>>> 30   m 25 w
    31   m 3 o
    32   m 8 w


Turn 290
================================================================
warning: entity 22 was directed to use 1 halite to move east, but only 0 halite was available
At command 30 of 32:
    28   m 15 o
    29   m 14 o
>>> 30   m 22 e
    31   m 10 o
    32   m 11 w

