
Turn 3
================================================================
warning: entity 1 was directed to use 3 halite to move north, but only 0 halite was available
At command 1 of 2:
>>> 1   m 1 n
    2   g


Turn 32
================================================================
warning: entity 1 was directed to use 1 halite to move south, but only 0 halite was available
At command 2 of 2:
    1   m 3 o
>>> 2   m 1 s


Turn 35
================================================================
warning: entity 1 was directed to use 21 halite to move south, but only 1 halite was available
At command 2 of 2:
    1   m 3 w
>>> 2   m 1 s


Turn 52
================================================================
warning: entity 1 was directed to use 1 halite to move south, but only 0 halite was available
At command 2 of 3:
    1   m 3 e
>>> 2   m 1 s
    3   g


Turn 55
================================================================
warning: entity 1 was directed to use 12 halite to move west, but only 1 halite was available
At command 2 of 3:
    1   m 3 e
>>> 2   m 1 w
    3   m 8 s


Turn 92
================================================================
warning: entity 3 was directed to use 1 halite to move south, but only 0 halite was available
At command 1 of 4:
>>> 1   m 3 s
    2   m 11 o
    3   m 1 o


Turn 96
================================================================
warning: entity 8 was directed to use 2 halite to move south, but only 0 halite was available
At command 4 of 5:
    2   m 3 o
    3   m 1 o
>>> 4   m 8 s
    5   m 12 w


Turn 129
================================================================
warning: entity 11 was directed to use 2 halite to move east, but only 0 halite was available
At command 1 of 6:
>>> 1   m 11 e
    2   m 3 o
    3   m 17 n


Turn 219
================================================================
warning: entity 17 was directed to use 1 halite to move east, but only 0 halite was available
At command 7 of 9:
    5   m 11 w
    6   m 22 e
>>> 7   m 17 e
    8   m 12 w
    9   m 3 s

