
Turn 26
================================================================
warning: entity 1 was directed to use 2 halite to move south, but only 0 halite was available
At command 2 of 2:
    1   m 3 n
>>> 2   m 1 s


Turn 42
================================================================
warning: entity 5 was directed to use 4 halite to move west, but only 0 halite was available
At command 3 of 3:
    1   m 1 s
    2   m 3 n
>>> 3   m 5 w


Turn 44
================================================================
warning: entity 5 was directed to use 8 halite to move south, but only 7 halite was available
At command 3 of 3:
    1   m 1 e
    2   m 3 o
>>> 3   m 5 s


Turn 52
================================================================
warning: entity 1 was directed to use 1 halite to move south, but only 0 halite was available
At command 3 of 3:
    1   m 3 o
    2   m 5 o
>>> 3   m 1 s


Turn 62
================================================================
warning: entity 5 was directed to use 2 halite to move east, but only 0 halite was available
At command 3 of 4:
    1   m 3 s
    2   m 1 o
>>> 3   m 5 e
    4   g


Turn 64
================================================================
warning: entity 7 was directed to use 3 halite to move west, but only 0 halite was available
At command 4 of 4:
    2   m 5 o
    3   m 3 s
>>> 4   m 7 w


Turn 66
================================================================
warning: entity 3 was directed to use 1 halite to move south, but only 0 halite was available
At command 4 of 4:
    2   m 7 w
    3   m 5 o
>>> 4   m 3 s


Turn 80
================================================================
warning: entity 1 was directed to use 1 halite to move east, but only 0 halite was available
At command 4 of 5:
    2   m 7 o
    3   m 3 w
>>> 4   m 1 e
    5   g


Turn 83
================================================================
warning: entity 9 was directed to use 1 halite to move east, but only 0 halite was available
At command 1 of 5:
>>> 1   m 9 e
    2   m 1 o
    3   m 3 o


Turn 87
================================================================
warning: entity 7 was directed to use 2 halite to move south, but only 0 halite was available
At command 3 of 5:
    1   m 1 n
    2   m 9 o
>>> 3   m 7 s
    4   m 3 e
    5   m 5 s


Turn 90
================================================================
warning: entity 7 was directed to use 10 halite to move north, but only 1 halite was available
At command 3 of 6:
    1   m 9 e
    2   m 1 o
>>> 3   m 7 n
    4   m 5 n
    5   m 3 n

warning: entity 5 was directed to use 1 halite to move north, but only 0 halite was available
At command 4 of 6:
    2   m 1 o
    3   m 7 n
>>> 4   m 5 n
    5   m 3 n
    6   g


Turn 96
================================================================
warning: entity 3 was directed to use 2 halite to move north, but only 0 halite was available
At command 6 of 6:
    4   m 5 o
    5   m 10 o
>>> 6   m 3 n


Turn 112
================================================================
warning: entity 13 was directed to use 1 halite to move north, but only 0 halite was available
At command 7 of 7:
    5   m 10 e
    6   m 5 o
>>> 7   m 13 n


Turn 126
================================================================
warning: entity 15 was directed to use 2 halite to move east, but only 0 halite was available
At command 8 of 9:
    6   m 1 o
    7   m 10 o
>>> 8   m 15 e
    9   m 16 e

warning: entity 16 was directed to use 2 halite to move east, but only 0 halite was available
At command 9 of 9:
    7   m 10 o
    8   m 15 e
>>> 9   m 16 e


Turn 137
================================================================
warning: entity 5 was directed to use 1 halite to move east, but only 0 halite was available
At command 9 of 10:
    7   m 7 o
    8   m 13 s
>>> 9   m 5 e
    10   m 18 s


Turn 139
================================================================
warning: entity 18 was directed to use 2 halite to move east, but only 0 halite was available
At command 9 of 10:
    7   m 7 w
    8   m 5 s
>>> 9   m 18 e
    10   m 13 s


Turn 143
================================================================
warning: entity 13 was directed to use 1 halite to move east, but only 0 halite was available
At command 7 of 10:
    5   m 1 e
    6   m 10 e
>>> 7   m 13 e
    8   m 18 o
    9   m 9 o


Turn 148
================================================================
warning: entity 1 was directed to use 1 halite to move east, but only 0 halite was available
At command 9 of 11:
    7   m 7 s
    8   m 9 n
>>> 9   m 1 e
    10   m 10 n
    11   m 20 o


Turn 156
================================================================
warning: entity 7 was directed to use 2 halite to move west, but only 0 halite was available
At command 6 of 12:
    4   m 5 w
    5   m 18 o
>>> 6   m 7 w
    7   m 1 o
    8   m 10 o


Turn 172
================================================================
warning: entity 16 was directed to use 1 halite to move west, but only 0 halite was available
At command 13 of 14:
    11   m 13 o
    12   m 18 w
>>> 13   m 16 w
    14   m 26 s


Turn 193
================================================================
warning: entity 7 was directed to use 2 halite to move west, but only 0 halite was available
At command 15 of 15:
    13   m 9 w
    14   m 20 w
>>> 15   m 7 w


Turn 200
================================================================
warning: entity 20 was directed to use 5 halite to move west, but only 4 halite was available
At command 10 of 15:
    8   m 22 o
    9   m 5 o
>>> 10   m 20 w
    11   m 13 w
    12   m 10 o

warning: entity 13 was directed to use 3 halite to move west, but only 0 halite was available
At command 11 of 15:
    9   m 5 o
    10   m 20 w
>>> 11   m 13 w
    12   m 10 o
    13   m 3 o


Turn 203
================================================================
warning: entity 1 was directed to use 1 halite to move west, but only 0 halite was available
At command 8 of 15:
    6   m 20 o
    7   m 5 e
>>> 8   m 1 w
    9   m 24 o
    10   m 10 w


Turn 207
================================================================
warning: entity 10 was directed to use 2 halite to move west, but only 1 halite was available
At command 14 of 15:
    12   m 1 o
    13   m 16 s
>>> 14   m 10 w
    15   m 26 w


Turn 217
================================================================
warning: entity 15 was directed to use 5 halite to move west, but only 0 halite was available
At command 15 of 15:
    13   m 7 e
    14   m 28 o
>>> 15   m 15 w

