
Turn 3
================================================================
warning: entity 0 was directed to use 40 halite to move north, but only 0 halite was available
At command 1 of 2:
>>> 1   m 0 n
    2   g


Turn 5
================================================================
warning: entity 2 was directed to use 30 halite to move north, but only 0 halite was available
At command 2 of 3:
    1   m 0 n
>>> 2   m 2 n
    3   g


Turn 6
================================================================
warning: entity 0 was directed to use 34 halite to move north, but only 26 halite was available
At command 2 of 3:
    1   m 2 n
>>> 2   m 0 n
    3   m 4 n


Turn 7
================================================================
warning: entity 4 was directed to use 22 halite to move north, but only 0 halite was available
At command 3 of 4:
    1   m 0 n
    2   m 2 n
>>> 3   m 4 n
    4   g


Turn 8
================================================================
warning: entity 2 was directed to use 25 halite to move north, but only 9 halite was available
At command 3 of 4:
    1   m 4 n
    2   m 0 n
>>> 3   m 2 n
    4   m 5 n


Turn 9
================================================================
warning: entity 4 was directed to use 46 halite to move north, but only 40 halite was available
At command 2 of 5:
    1   m 2 n
>>> 2   m 4 n
    3   m 0 n
    4   m 5 n

warning: entity 5 was directed to use 17 halite to move north, but only 0 halite was available
At command 4 of 5:
    2   m 4 n
    3   m 0 n
>>> 4   m 5 n
    5   g


Turn 11
================================================================
warning: entity 5 was directed to use 34 halite to move north, but only 31 halite was available
At command 2 of 5:
    1   m 4 n
>>> 2   m 5 n
    3   m 2 n
    4   m 0 n

warning: entity 7 was directed to use 12 halite to move north, but only 0 halite was available
At command 5 of 5:
    3   m 2 n
    4   m 0 n
>>> 5   m 7 n


Turn 13
================================================================
warning: entity 7 was directed to use 26 halite to move north, but only 23 halite was available
At command 2 of 5:
    1   m 5 n
>>> 2   m 7 n
    3   m 4 n
    4   m 2 n


Turn 16
================================================================
warning: entity 0 was directed to use 59 halite to move north, but only 49 halite was available
At command 2 of 5:
    1   m 7 n
>>> 2   m 0 n
    3   m 5 n
    4   m 4 n


Turn 18
================================================================
warning: entity 2 was directed to use 44 halite to move north, but only 17 halite was available
At command 5 of 5:
    3   m 5 n
    4   m 4 n
>>> 5   m 2 n


Turn 22
================================================================
warning: entity 4 was directed to use 29 halite to move north, but only 10 halite was available
At command 2 of 5:
    1   m 2 n
>>> 2   m 4 n
    3   m 0 w
    4   m 7 n


Turn 23
================================================================
warning: entity 2 was directed to use 23 halite to move west, but only 18 halite was available
At command 2 of 5:
    1   m 4 n
>>> 2   m 2 w
    3   m 0 w
    4   m 7 n

warning: entity 0 was directed to use 36 halite to move west, but only 35 halite was available
At command 3 of 5:
    1   m 4 n
    2   m 2 w
>>> 3   m 0 w
    4   m 7 n
    5   m 5 n

warning: entity 5 was directed to use 24 halite to move north, but only 3 halite was available
At command 5 of 5:
    3   m 0 w
    4   m 7 n
>>> 5   m 5 n


Turn 24
================================================================
warning: entity 7 was directed to use 33 halite to move north, but only 14 halite was available
At command 5 of 5:
    3   m 5 n
    4   m 4 n
>>> 5   m 7 n


Turn 26
================================================================
warning: entity 0 was directed to use 70 halite to move west, but only 68 halite was available
At command 1 of 5:
>>> 1   m 0 w
    2   m 7 n
    3   m 2 w

warning: entity 5 was directed to use 25 halite to move north, but only 24 halite was available
At command 4 of 5:
    2   m 7 n
    3   m 2 w
>>> 4   m 5 n
    5   m 4 w


Turn 27
================================================================
warning: entity 2 was directed to use 32 halite to move west, but only 14 halite was available
At command 4 of 5:
    2   m 5 n
    3   m 7 n
>>> 4   m 2 w
    5   m 4 w

warning: entity 4 was directed to use 27 halite to move west, but only 1 halite was available
At command 5 of 5:
    3   m 7 n
    4   m 2 w
>>> 5   m 4 w


Turn 29
================================================================
warning: entity 7 was directed to use 17 halite to move west, but only 14 halite was available
At command 3 of 5:
    1   m 2 w
    2   m 4 w
>>> 3   m 7 w
    4   m 0 w
    5   m 5 w


Turn 30
================================================================
warning: entity 2 was directed to use 35 halite to move west, but only 19 halite was available
At command 2 of 5:
    1   m 7 w
>>> 2   m 2 w
    3   m 4 w
    4   m 0 w

warning: entity 4 was directed to use 52 halite to move west, but only 26 halite was available
At command 3 of 5:
    1   m 7 w
    2   m 2 w
>>> 3   m 4 w
    4   m 0 w
    5   m 5 w


Turn 31
================================================================
warning: entity 5 was directed to use 24 halite to move west, but only 13 halite was available
At command 5 of 5:
    3   m 7 w
    4   m 0 o
>>> 5   m 5 w


Turn 33
================================================================
warning: entity 7 was directed to use 18 halite to move west, but only 6 halite was available
At command 5 of 5:
    3   m 2 o
    4   m 4 o
>>> 5   m 7 w

