
Turn 6
================================================================
warning: entity 2 was directed to use 3 halite to move east, but only 0 halite was available
At command 2 of 3:
    1   m 0 o
>>> 2   m 2 e
    3   g


Turn 12
================================================================
warning: entity 6 was directed to use 1 halite to move north, but only 0 halite was available
At command 3 of 5:
    1   m 2 o
    2   m 0 o
>>> 3   m 6 n
    4   m 4 o
    5   g


Turn 32
================================================================
warning: entity 0 was directed to use 1 halite to move north, but only 0 halite was available
At command 2 of 5:
    1   m 4 n
>>> 2   m 0 n
    3   m 8 o
    4   m 2 o


Turn 56
================================================================
warning: entity 11 was directed to use 2 halite to move north, but only 0 halite was available
At command 6 of 6:
    4   m 6 s
    5   m 2 n
>>> 6   m 11 n


Turn 68
================================================================
warning: entity 6 was directed to use 1 halite to move north, but only 0 halite was available
At command 6 of 7:
    4   m 4 n
    5   m 2 e
>>> 6   m 6 n
    7   m 13 n


Turn 78
================================================================
warning: entity 2 was directed to use 2 halite to move west, but only 0 halite was available
At command 8 of 8:
    6   m 13 n
    7   m 11 o
>>> 8   m 2 w


Turn 106
================================================================
warning: entity 0 was directed to use 1 halite to move east, but only 0 halite was available
At command 4 of 9:
    2   m 14 o
    3   m 2 o
>>> 4   m 0 e
    5   m 8 s
    6   m 13 o


Turn 128
================================================================
warning: entity 4 was directed to use 1 halite to move south, but only 0 halite was available
At command 6 of 11:
    4   m 0 o
    5   m 19 o
>>> 6   m 4 s
    7   m 14 o
    8   m 11 o


Turn 135
================================================================
warning: entity 6 was directed to use 1 halite to move west, but only 0 halite was available
At command 8 of 11:
    6   m 2 e
    7   m 14 o
>>> 8   m 6 w
    9   m 13 o
    10   m 17 w

