
Turn 20
================================================================
warning: entity 5 was directed to use 18 halite to move west, but only 0 halite was available
At command 3 of 3:
    1   m 2 o
    2   m 0 o
>>> 3   m 5 w


Turn 25
================================================================
warning: entity 0 was directed to use 13 halite to move east, but only 0 halite was available
At command 3 of 3:
    1   m 2 e
    2   m 5 n
>>> 3   m 0 e


Turn 30
================================================================
warning: entity 7 was directed to use 10 halite to move west, but only 0 halite was available
At command 4 of 4:
    2   m 5 s
    3   m 2 o
>>> 4   m 7 w


Turn 36
================================================================
warning: entity 5 was directed to use 16 halite to move south, but only 0 halite was available
At command 4 of 4:
    2   m 2 s
    3   m 0 o
>>> 4   m 5 s


Turn 56
================================================================
warning: entity 5 was directed to use 9 halite to move west, but only 0 halite was available
At command 4 of 6:
    2   m 2 o
    3   m 7 o
>>> 4   m 5 w
    5   m 9 e
    6   g


Turn 58
================================================================
warning: entity 11 was directed to use 8 halite to move east, but only 0 halite was available
At command 6 of 6:
    4   m 7 o
    5   m 5 o
>>> 6   m 11 e


Turn 62
================================================================
warning: entity 0 was directed to use 4 halite to move east, but only 0 halite was available
At command 6 of 7:
    4   m 9 o
    5   m 5 o
>>> 6   m 0 e
    7   g


Turn 75
================================================================
warning: entity 7 was directed to use 3 halite to move east, but only 0 halite was available
At command 8 of 8:
    6   m 11 o
    7   m 14 w
>>> 8   m 7 e


Turn 78
================================================================
warning: entity 7 was directed to use 15 halite to move south, but only 1 halite was available
At command 8 of 8:
    6   m 14 o
    7   m 9 n
>>> 8   m 7 s


Turn 80
================================================================
warning: entity 5 was directed to use 3 halite to move south, but only 0 halite was available
At command 1 of 9:
>>> 1   m 5 s
    2   m 13 n
    3   m 14 w


Turn 82
================================================================
warning: entity 16 was directed to use 1 halite to move east, but only 0 halite was available
At command 7 of 9:
    5   m 0 o
    6   m 5 o
>>> 7   m 16 e
    8   m 2 o
    9   m 9 e


Turn 88
================================================================
warning: entity 9 was directed to use 2 halite to move south, but only 0 halite was available
At command 8 of 9:
    6   m 7 o
    7   m 0 s
>>> 8   m 9 s
    9   m 11 n


Turn 90
================================================================
warning: entity 9 was directed to use 7 halite to move west, but only 5 halite was available
At command 6 of 9:
    4   m 16 w
    5   m 11 e
>>> 6   m 9 w
    7   m 13 o
    8   m 0 o


Turn 92
================================================================
warning: entity 11 was directed to use 2 halite to move south, but only 0 halite was available
At command 9 of 10:
    7   m 14 e
    8   m 16 o
>>> 9   m 11 s
    10   g


Turn 94
================================================================
warning: entity 19 was directed to use 3 halite to move south, but only 0 halite was available
At command 9 of 10:
    7   m 9 o
    8   m 7 e
>>> 9   m 19 s
    10   m 11 o


Turn 98
================================================================
warning: entity 2 was directed to use 2 halite to move west, but only 0 halite was available
At command 10 of 10:
    8   m 14 e
    9   m 7 n
>>> 10   m 2 w


Turn 100
================================================================
warning: entity 2 was directed to use 8 halite to move west, but only 6 halite was available
At command 10 of 10:
    8   m 0 o
    9   m 19 o
>>> 10   m 2 w


Turn 112
================================================================
warning: entity 14 was directed to use 2 halite to move west, but only 0 halite was available
At command 9 of 12:
    7   m 21 e
    8   m 7 o
>>> 9   m 14 w
    10   m 13 n
    11   m 5 e


Turn 117
================================================================
warning: entity 5 was directed to use 1 halite to move west, but only 0 halite was available
At command 12 of 12:
    10   m 23 o
    11   m 13 s
>>> 12   m 5 w


Turn 121
================================================================
warning: entity 13 was directed to use 1 halite to move south, but only 0 halite was available
At command 8 of 13:
    6   m 11 o
    7   m 5 o
>>> 8   m 13 s
    9   m 0 o
    10   m 21 o


Turn 123
================================================================
warning: entity 24 was directed to use 1 halite to move west, but only 0 halite was available
At command 11 of 13:
    9   m 14 o
    10   m 5 o
>>> 11   m 24 w
    12   m 13 o
    13   m 16 e


Turn 135
================================================================
warning: entity 2 was directed to use 1 halite to move east, but only 0 halite was available
At command 14 of 14:
    12   m 14 o
    13   m 11 w
>>> 14   m 2 e


Turn 141
================================================================
warning: entity 29 was directed to use 1 halite to move west, but only 0 halite was available
At command 15 of 15:
    13   m 11 w
    14   m 16 s
>>> 15   m 29 w


Turn 164
================================================================
warning: entity 33 was directed to use 1 halite to move south, but only 0 halite was available
At command 10 of 17:
    8   m 2 o
    9   m 14 s
>>> 10   m 33 s
    11   m 23 o
    12   m 16 o


Turn 185
================================================================
warning: entity 13 was directed to use 1 halite to move east, but only 0 halite was available
At command 19 of 19:
    17   m 24 n
    18   m 23 s
>>> 19   m 13 e


Turn 201
================================================================
warning: entity 42 was directed to use 1 halite to move west, but only 0 halite was available
At command 18 of 21:
    16   m 31 o
    17   m 7 o
>>> 18   m 42 w
    19   m 0 e
    20   m 9 e


Turn 253
================================================================
error: failed to decode bot message: "T" (at position 1)
Last input received was:
Traceback (most recent call last):
  File "MyBot.py", line 51, in <module>
    max_halite_position = find_best_move(ship)
  File "MyBot.py", line 21, in find_best_move
    if not cell.is_occupied and (cell.position is not ship.position):
AttributeError: 'NoneType' object has no attribute 'is_occupied'

