
Turn 3
================================================================
warning: entity 1 was directed to use 13 halite to move north, but only 0 halite was available
At command 1 of 2:
>>> 1   m 1 n
    2   g


Turn 39
================================================================
warning: entity 3 was directed to use 4 halite to move north, but only 0 halite was available
At command 2 of 3:
    1   m 4 o
>>> 2   m 3 n
    3   m 1 o


Turn 53
================================================================
warning: entity 4 was directed to use 6 halite to move west, but only 0 halite was available
At command 3 of 4:
    1   m 3 n
    2   m 1 w
>>> 3   m 4 w
    4   g


Turn 55
================================================================
warning: entity 7 was directed to use 3 halite to move west, but only 0 halite was available
At command 3 of 4:
    1   m 3 o
    2   m 1 w
>>> 3   m 7 w
    4   m 4 w


Turn 57
================================================================
warning: entity 7 was directed to use 8 halite to move west, but only 6 halite was available
At command 3 of 4:
    1   m 4 o
    2   m 3 o
>>> 3   m 7 w
    4   m 1 w

warning: entity 1 was directed to use 4 halite to move west, but only 0 halite was available
At command 4 of 4:
    2   m 3 o
    3   m 7 w
>>> 4   m 1 w


Turn 77
================================================================
warning: entity 4 was directed to use 5 halite to move west, but only 0 halite was available
At command 3 of 5:
    1   m 3 w
    2   m 1 o
>>> 3   m 4 w
    4   m 7 e
    5   g


Turn 79
================================================================
warning: entity 9 was directed to use 2 halite to move west, but only 0 halite was available
At command 2 of 5:
    1   m 3 w
>>> 2   m 9 w
    3   m 1 o
    4   m 4 w

warning: entity 4 was directed to use 14 halite to move west, but only 10 halite was available
At command 4 of 5:
    2   m 9 w
    3   m 1 o
>>> 4   m 4 w
    5   m 7 s


Turn 85
================================================================
warning: entity 7 was directed to use 3 halite to move west, but only 0 halite was available
At command 5 of 5:
    3   m 1 n
    4   m 9 n
>>> 5   m 7 w


Turn 93
================================================================
warning: entity 4 was directed to use 2 halite to move south, but only 0 halite was available
At command 4 of 5:
    2   m 1 o
    3   m 3 n
>>> 4   m 4 s
    5   m 7 o


Turn 95
================================================================
warning: entity 3 was directed to use 1 halite to move west, but only 0 halite was available
At command 4 of 6:
    2   m 1 s
    3   m 9 o
>>> 4   m 3 w
    5   m 4 w
    6   g

warning: entity 4 was directed to use 11 halite to move west, but only 5 halite was available
At command 5 of 6:
    3   m 9 o
    4   m 3 w
>>> 5   m 4 w
    6   g


Turn 100
================================================================
warning: entity 14 was directed to use 2 halite to move north, but only 0 halite was available
At command 7 of 7:
    5   m 3 o
    6   m 7 o
>>> 7   m 14 n


Turn 114
================================================================
warning: entity 7 was directed to use 3 halite to move west, but only 0 halite was available
At command 7 of 7:
    5   m 9 o
    6   m 14 w
>>> 7   m 7 w


Turn 117
================================================================
warning: entity 16 was directed to use 1 halite to move south, but only 0 halite was available
At command 8 of 8:
    6   m 12 e
    7   m 4 o
>>> 8   m 16 s


Turn 124
================================================================
warning: entity 12 was directed to use 1 halite to move west, but only 0 halite was available
At command 3 of 8:
    1   m 1 n
    2   m 9 o
>>> 3   m 12 w
    4   m 4 n
    5   m 14 e


Turn 127
================================================================
warning: entity 3 was directed to use 1 halite to move south, but only 0 halite was available
At command 5 of 9:
    3   m 12 n
    4   m 4 o
>>> 5   m 3 s
    6   m 16 o
    7   m 7 o


Turn 132
================================================================
warning: entity 19 was directed to use 1 halite to move west, but only 0 halite was available
At command 9 of 10:
    7   m 1 o
    8   m 14 s
>>> 9   m 19 w
    10   m 3 o


Turn 145
================================================================
warning: entity 7 was directed to use 2 halite to move south, but only 0 halite was available
At command 5 of 11:
    3   m 19 o
    4   m 1 o
>>> 5   m 7 s
    6   m 18 o
    7   m 16 e


Turn 154
================================================================
warning: entity 16 was directed to use 1 halite to move west, but only 0 halite was available
At command 12 of 12:
    10   m 12 o
    11   m 24 w
>>> 12   m 16 w


Turn 168
================================================================
warning: entity 1 was directed to use 5 halite to move west, but only 0 halite was available
At command 12 of 13:
    10   m 24 o
    11   m 14 s
>>> 12   m 1 w
    13   m 19 s


Turn 182
================================================================
warning: entity 7 was directed to use 2 halite to move east, but only 1 halite was available
At command 5 of 14:
    3   m 14 s
    4   m 3 o
>>> 5   m 7 e
    6   m 9 w
    7   m 12 o


Turn 185
================================================================
warning: entity 29 was directed to use 1 halite to move east, but only 0 halite was available
At command 14 of 15:
    12   m 24 s
    13   m 18 s
>>> 14   m 29 e
    15   m 31 e


Turn 204
================================================================
warning: entity 3 was directed to use 2 halite to move west, but only 1 halite was available
At command 14 of 16:
    12   m 24 n
    13   m 14 n
>>> 14   m 3 w
    15   m 25 s
    16   m 12 e

warning: entity 12 was directed to use 4 halite to move east, but only 3 halite was available
At command 16 of 16:
    14   m 3 w
    15   m 25 s
>>> 16   m 12 e

