
Turn 14
================================================================
warning: entity 8 was directed to use 1 halite to move west, but only 0 halite was available
At command 5 of 5:
    3   m 1 o
    4   m 4 o
>>> 5   m 8 w


Turn 17
================================================================
warning: entity 8 was directed to use 10 halite to move west, but only 0 halite was available
At command 5 of 5:
    3   m 4 o
    4   m 2 o
>>> 5   m 8 w


Turn 34
================================================================
warning: entity 8 was directed to use 1 halite to move west, but only 0 halite was available
At command 5 of 5:
    3   m 1 s
    4   m 2 o
>>> 5   m 8 w


Turn 37
================================================================
warning: entity 8 was directed to use 5 halite to move north, but only 1 halite was available
At command 5 of 5:
    3   m 6 e
    4   m 1 s
>>> 5   m 8 n


Turn 39
================================================================
warning: entity 1 was directed to use 2 halite to move west, but only 0 halite was available
At command 4 of 6:
    2   m 4 o
    3   m 8 o
>>> 4   m 1 w
    5   m 6 o
    6   g


Turn 54
================================================================
warning: entity 4 was directed to use 1 halite to move south, but only 0 halite was available
At command 4 of 8:
    2   m 1 o
    3   m 11 o
>>> 4   m 4 s
    5   m 6 o
    6   m 2 e


Turn 57
================================================================
warning: entity 12 was directed to use 1 halite to move south, but only 0 halite was available
At command 7 of 8:
    5   m 8 o
    6   m 1 o
>>> 7   m 12 s
    8   m 4 o


Turn 62
================================================================
warning: entity 2 was directed to use 1 halite to move south, but only 0 halite was available
At command 8 of 8:
    6   m 8 o
    7   m 10 o
>>> 8   m 2 s


Turn 75
================================================================
warning: entity 6 was directed to use 1 halite to move north, but only 0 halite was available
At command 7 of 9:
    5   m 1 o
    6   m 8 o
>>> 7   m 6 n
    8   m 11 o
    9   g


Turn 78
================================================================
warning: entity 13 was directed to use 1 halite to move west, but only 0 halite was available
At command 4 of 9:
    2   m 1 e
    3   m 6 w
>>> 4   m 13 w
    5   m 2 o
    6   m 10 w


Turn 84
================================================================
warning: entity 1 was directed to use 1 halite to move east, but only 0 halite was available
At command 9 of 10:
    7   m 4 o
    8   m 8 e
>>> 9   m 1 e
    10   m 14 n


Turn 91
================================================================
warning: entity 10 was directed to use 1 halite to move west, but only 0 halite was available
At command 9 of 11:
    7   m 14 o
    8   m 4 s
>>> 9   m 10 w
    10   m 11 o
    11   m 15 n


Turn 98
================================================================
warning: entity 16 was directed to use 2 halite to move east, but only 0 halite was available
At command 12 of 12:
    10   m 8 s
    11   m 4 n
>>> 12   m 16 e


Turn 105
================================================================
warning: entity 12 was directed to use 3 halite to move east, but only 2 halite was available
At command 11 of 13:
    9   m 6 o
    10   m 16 o
>>> 11   m 12 e
    12   m 17 o
    13   m 4 n


Turn 120
================================================================
warning: entity 19 was directed to use 1 halite to move east, but only 0 halite was available
At command 10 of 15:
    8   m 14 o
    9   m 6 o
>>> 10   m 19 e
    11   m 12 o
    12   m 16 o


Turn 139
================================================================
warning: entity 16 was directed to use 1 halite to move east, but only 0 halite was available
At command 17 of 18:
    15   m 14 o
    16   m 10 w
>>> 17   m 16 e
    18   m 22 e


Turn 158
================================================================
warning: entity 24 was directed to use 1 halite to move east, but only 0 halite was available
At command 20 of 20:
    18   m 11 n
    19   m 12 w
>>> 20   m 24 e


Turn 208
================================================================
warning: entity 13 was directed to use 2 halite to move south, but only 0 halite was available
At command 23 of 26:
    21   m 10 n
    22   m 24 s
>>> 23   m 13 s
    24   m 22 w
    25   m 14 e


Turn 225
================================================================
warning: entity 6 was directed to use 1 halite to move west, but only 0 halite was available
At command 25 of 26:
    23   m 18 w
    24   m 26 w
>>> 25   m 6 w
    26   m 14 w


Turn 266
================================================================
warning: entity 14 was directed to use 2 halite to move east, but only 0 halite was available
At command 23 of 26:
    21   m 25 o
    22   m 17 w
>>> 23   m 14 e
    24   m 2 n
    25   m 27 w

