
Turn 3
================================================================
warning: entity 0 was directed to use 69 halite to move north, but only 0 halite was available
At command 1 of 2:
>>> 1   m 0 n
    2   g


Turn 5
================================================================
warning: entity 2 was directed to use 51 halite to move north, but only 0 halite was available
At command 2 of 3:
    1   m 0 w
>>> 2   m 2 n
    3   g


Turn 6
================================================================
warning: entity 0 was directed to use 58 halite to move west, but only 39 halite was available
At command 2 of 3:
    1   m 2 n
>>> 2   m 0 w
    3   m 4 n


Turn 7
================================================================
warning: entity 4 was directed to use 38 halite to move north, but only 0 halite was available
At command 3 of 4:
    1   m 0 w
    2   m 2 n
>>> 3   m 4 n
    4   g


Turn 8
================================================================
warning: entity 2 was directed to use 28 halite to move north, but only 8 halite was available
At command 3 of 4:
    1   m 4 n
    2   m 0 o
>>> 3   m 2 n
    4   m 5 w


Turn 9
================================================================
warning: entity 5 was directed to use 46 halite to move west, but only 0 halite was available
At command 4 of 5:
    2   m 2 n
    3   m 4 o
>>> 4   m 5 w
    5   g


Turn 11
================================================================
warning: entity 7 was directed to use 29 halite to move west, but only 0 halite was available
At command 5 of 5:
    3   m 5 w
    4   m 2 n
>>> 5   m 7 w


Turn 12
================================================================
warning: entity 5 was directed to use 64 halite to move west, but only 45 halite was available
At command 4 of 5:
    2   m 4 o
    3   m 7 w
>>> 4   m 5 w
    5   m 2 n

warning: entity 2 was directed to use 31 halite to move north, but only 18 halite was available
At command 5 of 5:
    3   m 7 w
    4   m 5 w
>>> 5   m 2 n


Turn 13
================================================================
warning: entity 7 was directed to use 77 halite to move north, but only 52 halite was available
At command 5 of 5:
    3   m 5 w
    4   m 2 n
>>> 5   m 7 n


Turn 15
================================================================
warning: entity 2 was directed to use 36 halite to move west, but only 29 halite was available
At command 5 of 5:
    3   m 5 o
    4   m 7 o
>>> 5   m 2 w


Turn 19
================================================================
warning: entity 2 was directed to use 43 halite to move west, but only 30 halite was available
At command 5 of 5:
    3   m 5 o
    4   m 7 o
>>> 5   m 2 w

