
Turn 14
================================================================
warning: entity 8 was directed to use 7 halite to move west, but only 0 halite was available
At command 4 of 5:
    2   m 1 o
    3   m 6 o
>>> 4   m 8 w
    5   m 4 o


Turn 74
================================================================
warning: entity 8 was directed to use 2 halite to move east, but only 0 halite was available
At command 8 of 9:
    6   m 10 o
    7   m 2 o
>>> 8   m 8 e
    9   g


Turn 86
================================================================
warning: entity 1 was directed to use 2 halite to move east, but only 0 halite was available
At command 9 of 10:
    7   m 2 e
    8   m 8 o
>>> 9   m 1 e
    10   g

