
Turn 6
================================================================
warning: entity 3 was directed to use 24 halite to move west, but only 0 halite was available
At command 2 of 3:
    1   m 1 o
>>> 2   m 3 w
    3   g


Turn 34
================================================================
warning: entity 5 was directed to use 5 halite to move west, but only 0 halite was available
At command 6 of 7:
    4   m 10 o
    5   m 7 o
>>> 6   m 5 w
    7   g


Turn 50
================================================================
warning: entity 7 was directed to use 3 halite to move north, but only 0 halite was available
At command 8 of 9:
    6   m 12 o
    7   m 10 o
>>> 8   m 7 n
    9   g


Turn 67
================================================================
warning: entity 10 was directed to use 2 halite to move east, but only 0 halite was available
At command 9 of 10:
    7   m 12 o
    8   m 1 n
>>> 9   m 10 e
    10   g


Turn 73
================================================================
warning: entity 1 was directed to use 1 halite to move east, but only 0 halite was available
At command 10 of 11:
    8   m 12 e
    9   m 5 s
>>> 10   m 1 e
    11   g


Turn 81
================================================================
warning: entity 5 was directed to use 1 halite to move west, but only 0 halite was available
At command 11 of 12:
    9   m 9 e
    10   m 11 o
>>> 11   m 5 w
    12   g


Turn 152
================================================================
warning: entity 24 was directed to use 3 halite to move west, but only 1 halite was available
At command 20 of 21:
    18   m 9 o
    19   m 1 e
>>> 20   m 24 w
    21   g


Turn 156
================================================================
warning: entity 25 was directed to use 1 halite to move west, but only 0 halite was available
At command 17 of 21:
    15   m 7 w
    16   m 16 n
>>> 17   m 25 w
    18   m 12 o
    19   m 1 o

