
Turn 3
================================================================
warning: entity 1 was directed to use 9 halite to move east, but only 0 halite was available
At command 1 of 2:
>>> 1   m 1 e
    2   g


Turn 5
================================================================
warning: entity 2 was directed to use 8 halite to move west, but only 0 halite was available
At command 2 of 3:
    1   m 1 o
>>> 2   m 2 w
    3   g


Turn 7
================================================================
warning: entity 3 was directed to use 3 halite to move east, but only 0 halite was available
At command 3 of 4:
    1   m 1 o
    2   m 2 o
>>> 3   m 3 e
    4   g


Turn 39
================================================================
warning: entity 2 was directed to use 2 halite to move west, but only 0 halite was available
At command 5 of 5:
    3   m 3 w
    4   m 4 o
>>> 5   m 2 w


Turn 56
================================================================
warning: entity 3 was directed to use 1 halite to move west, but only 0 halite was available
At command 5 of 7:
    3   m 6 n
    4   m 5 o
>>> 5   m 3 w
    6   m 4 w
    7   g


Turn 99
================================================================
warning: entity 6 was directed to use 1 halite to move west, but only 0 halite was available
At command 9 of 9:
    7   m 9 n
    8   m 1 o
>>> 9   m 6 w

