
Turn 31
================================================================
warning: entity 11 was directed to use 9 halite to move north, but only 0 halite was available
At command 3 of 7:
    1   m 9 o
    2   m 1 n
>>> 3   m 11 n
    4   m 3 o
    5   m 10 o


Turn 35
================================================================
warning: entity 8 was directed to use 14 halite to move east, but only 0 halite was available
At command 7 of 8:
    5   m 6 n
    6   m 10 o
>>> 7   m 8 e
    8   g


Turn 37
================================================================
warning: entity 12 was directed to use 6 halite to move east, but only 0 halite was available
At command 8 of 8:
    6   m 10 o
    7   m 8 o
>>> 8   m 12 e


Turn 39
================================================================
warning: entity 9 was directed to use 10 halite to move east, but only 0 halite was available
At command 1 of 9:
>>> 1   m 9 e
    2   m 1 o
    3   m 3 o


Turn 41
================================================================
warning: entity 13 was directed to use 5 halite to move west, but only 0 halite was available
At command 9 of 9:
    7   m 1 s
    8   m 3 w
>>> 9   m 13 w


Turn 51
================================================================
warning: entity 3 was directed to use 3 halite to move west, but only 0 halite was available
At command 10 of 11:
    8   m 9 o
    9   m 14 o
>>> 10   m 3 w
    11   g

