
Turn 9
================================================================
warning: owned entities 5, 3 collided on cell (9, 16) as the result of moves on this turn
At command 2 of 3:
    1   m 3 o
>>> 2   m 5 e
    3   m 0 o


Turn 15
================================================================
warning: owned entities 9, 7 collided on cell (9, 16) as the result of moves on this turn
At command 3 of 3:
    1   m 0 o
    2   m 7 o
>>> 3   m 9 e


Turn 48
================================================================
warning: owned entities 13, 0 collided on cell (8, 15) as the result of moves on this turn
At command 2 of 2:
    1   m 0 o
>>> 2   m 13 n

