
Turn 3
================================================================
warning: entity 0 was directed to use 3 halite to move north, but only 0 halite was available
At command 1 of 2:
>>> 1   m 0 n
    2   g


Turn 5
================================================================
warning: entity 2 was directed to use 2 halite to move north, but only 0 halite was available
At command 2 of 3:
    1   m 0 n
>>> 2   m 2 n
    3   g


Turn 6
================================================================
warning: entity 0 was directed to use 14 halite to move north, but only 6 halite was available
At command 2 of 3:
    1   m 2 n
>>> 2   m 0 n
    3   m 4 n


Turn 7
================================================================
warning: entity 4 was directed to use 1 halite to move north, but only 0 halite was available
At command 3 of 4:
    1   m 0 n
    2   m 2 n
>>> 3   m 4 n
    4   g


Turn 8
================================================================
warning: entity 2 was directed to use 10 halite to move north, but only 5 halite was available
At command 3 of 4:
    1   m 4 n
    2   m 0 n
>>> 3   m 2 n
    4   m 6 n


Turn 9
================================================================
warning: entity 0 was directed to use 15 halite to move north, but only 5 halite was available
At command 3 of 5:
    1   m 2 n
    2   m 4 n
>>> 3   m 0 n
    4   m 6 n
    5   g

warning: entity 6 was directed to use 1 halite to move north, but only 0 halite was available
At command 4 of 5:
    2   m 4 n
    3   m 0 n
>>> 4   m 6 n
    5   g


Turn 10
================================================================
warning: entity 2 was directed to use 28 halite to move north, but only 25 halite was available
At command 4 of 5:
    2   m 0 n
    3   m 6 n
>>> 4   m 2 n
    5   m 4 n

warning: entity 4 was directed to use 8 halite to move north, but only 3 halite was available
At command 5 of 5:
    3   m 6 n
    4   m 2 n
>>> 5   m 4 n


Turn 12
================================================================
warning: entity 4 was directed to use 21 halite to move north, but only 18 halite was available
At command 2 of 5:
    1   m 2 n
>>> 2   m 4 n
    3   m 8 n
    4   m 0 n

warning: entity 8 was directed to use 1 halite to move north, but only 0 halite was available
At command 3 of 5:
    1   m 2 n
    2   m 4 n
>>> 3   m 8 n
    4   m 0 n
    5   m 6 n

warning: entity 6 was directed to use 6 halite to move north, but only 3 halite was available
At command 5 of 5:
    3   m 8 n
    4   m 0 n
>>> 5   m 6 n


Turn 14
================================================================
warning: entity 6 was directed to use 15 halite to move north, but only 14 halite was available
At command 4 of 5:
    2   m 8 n
    3   m 0 n
>>> 4   m 6 n
    5   m 2 n

warning: owned entities 8, 6 collided on cell (8, 12) as the result of moves on this turn
At command 2 of 5:
    1   m 4 n
>>> 2   m 8 n
    3   m 0 n
    4   m 6 n


Turn 21
================================================================
warning: entity 0 was directed to use 13 halite to move west, but only 7 halite was available
At command 2 of 3:
    1   m 4 n
>>> 2   m 0 w
    3   m 2 n


Turn 24
================================================================
warning: entity 0 was directed to use 22 halite to move west, but only 12 halite was available
At command 1 of 3:
>>> 1   m 0 w
    2   m 4 n
    3   m 2 w

warning: owned entities 2, 0 collided on cell (6, 0) as the result of moves on this turn
At command 3 of 3:
    1   m 0 w
    2   m 4 n
>>> 3   m 2 w


Turn 26
================================================================
warning: entity 4 was directed to use 20 halite to move west, but only 9 halite was available
At command 1 of 1:
>>> 1   m 4 w


Turn 30
================================================================
warning: entity 4 was directed to use 17 halite to move west, but only 10 halite was available
At command 1 of 1:
>>> 1   m 4 w


Turn 33
================================================================
warning: entity 4 was directed to use 21 halite to move west, but only 16 halite was available
At command 1 of 1:
>>> 1   m 4 w


Turn 36
================================================================
warning: entity 4 was directed to use 93 halite to move west, but only 10 halite was available
At command 1 of 1:
>>> 1   m 4 w

