
Turn 13
================================================================
warning: entity 8 was directed to use 7 halite to move south, but only 0 halite was available
At command 5 of 5:
    3   m 4 o
    4   m 6 o
>>> 5   m 8 s


Turn 48
================================================================
warning: entity 6 was directed to use 2 halite to move west, but only 0 halite was available
At command 5 of 6:
    3   m 1 o
    4   m 8 o
>>> 5   m 6 w
    6   g


Turn 50
================================================================
warning: entity 11 was directed to use 4 halite to move south, but only 0 halite was available
At command 6 of 7:
    4   m 6 o
    5   m 8 o
>>> 6   m 11 s
    7   g


Turn 76
================================================================
warning: entity 8 was directed to use 1 halite to move west, but only 0 halite was available
At command 9 of 10:
    7   m 15 w
    8   m 4 o
>>> 9   m 8 w
    10   g


Turn 78
================================================================
warning: entity 18 was directed to use 2 halite to move east, but only 0 halite was available
At command 10 of 10:
    8   m 8 o
    9   m 11 n
>>> 10   m 18 e


Turn 85
================================================================
warning: entity 19 was directed to use 2 halite to move west, but only 0 halite was available
At command 11 of 11:
    9   m 15 o
    10   m 2 o
>>> 11   m 19 w


Turn 104
================================================================
warning: entity 11 was directed to use 1 halite to move west, but only 0 halite was available
At command 13 of 13:
    11   m 24 o
    12   m 19 o
>>> 13   m 11 w


Turn 130
================================================================
warning: entity 15 was directed to use 1 halite to move west, but only 0 halite was available
At command 13 of 17:
    11   m 28 o
    12   m 14 o
>>> 13   m 15 w
    14   m 21 e
    15   m 26 o


Turn 132
================================================================
warning: entity 15 was directed to use 4 halite to move west, but only 3 halite was available
At command 15 of 17:
    13   m 6 e
    14   m 28 o
>>> 15   m 15 w
    16   m 18 o
    17   m 30 o


Turn 145
================================================================
warning: entity 18 was directed to use 3 halite to move west, but only 0 halite was available
At command 12 of 19:
    10   m 35 w
    11   m 28 o
>>> 12   m 18 w
    13   m 14 n
    14   m 11 e


Turn 157
================================================================
warning: entity 36 was directed to use 1 halite to move west, but only 0 halite was available
At command 16 of 20:
    14   m 11 s
    15   m 1 o
>>> 16   m 36 w
    17   m 29 o
    18   m 15 o


Turn 198
================================================================
warning: entity 6 was directed to use 1 halite to move west, but only 0 halite was available
At command 21 of 25:
    19   m 30 e
    20   m 18 n
>>> 21   m 6 w
    22   m 1 e
    23   m 15 e

