
Turn 31
================================================================
warning: entity 5 was directed to use 8 halite to move south, but only 0 halite was available
At command 5 of 6:
    3   m 3 o
    4   m 7 s
>>> 5   m 5 s
    6   g


Turn 74
================================================================
warning: entity 14 was directed to use 8 halite to move west, but only 0 halite was available
At command 8 of 8:
    6   m 5 n
    7   m 13 o
>>> 8   m 14 w


Turn 79
================================================================
warning: entity 5 was directed to use 6 halite to move west, but only 0 halite was available
At command 6 of 8:
    4   m 11 n
    5   m 14 n
>>> 6   m 5 w
    7   m 13 o
    8   m 7 s


Turn 107
================================================================
warning: entity 11 was directed to use 2 halite to move south, but only 0 halite was available
At command 4 of 9:
    2   m 9 o
    3   m 7 o
>>> 4   m 11 s
    5   m 3 o
    6   m 5 o


Turn 109
================================================================
warning: entity 17 was directed to use 4 halite to move south, but only 0 halite was available
At command 9 of 9:
    7   m 14 o
    8   m 11 o
>>> 9   m 17 s


Turn 170
================================================================
warning: entity 17 was directed to use 3 halite to move east, but only 0 halite was available
At command 10 of 11:
    8   m 19 o
    9   m 11 w
>>> 10   m 17 e
    11   g


Turn 173
================================================================
warning: entity 22 was directed to use 2 halite to move north, but only 0 halite was available
At command 11 of 11:
    9   m 11 w
    10   m 17 o
>>> 11   m 22 n


Turn 187
================================================================
warning: entity 23 was directed to use 1 halite to move south, but only 0 halite was available
At command 12 of 12:
    10   m 11 o
    11   m 5 n
>>> 12   m 23 s


Turn 213
================================================================
warning: entity 19 was directed to use 1 halite to move north, but only 0 halite was available
At command 12 of 12:
    10   m 11 s
    11   m 22 s
>>> 12   m 19 n


Turn 216
================================================================
warning: entity 11 was directed to use 1 halite to move west, but only 0 halite was available
At command 12 of 12:
    10   m 17 w
    11   m 5 o
>>> 12   m 11 w


Turn 262
================================================================
warning: entity 19 was directed to use 1 halite to move south, but only 0 halite was available
At command 12 of 12:
    10   m 23 e
    11   m 11 o
>>> 12   m 19 s


Turn 291
================================================================
warning: entity 23 was directed to use 1 halite to move west, but only 0 halite was available
At command 12 of 12:
    10   m 17 n
    11   m 19 o
>>> 12   m 23 w

