
Turn 19
================================================================
warning: entity 9 was directed to use 13 halite to move north, but only 0 halite was available
At command 1 of 5:
>>> 1   m 9 n
    2   m 1 s
    3   m 7 o


Turn 25
================================================================
warning: entity 2 was directed to use 9 halite to move west, but only 0 halite was available
At command 5 of 5:
    3   m 7 n
    4   m 5 n
>>> 5   m 2 w


Turn 29
================================================================
warning: entity 11 was directed to use 7 halite to move north, but only 0 halite was available
At command 5 of 7:
    3   m 2 o
    4   m 5 s
>>> 5   m 11 n
    6   m 7 o
    7   g


Turn 34
================================================================
warning: entity 1 was directed to use 5 halite to move north, but only 0 halite was available
At command 1 of 8:
>>> 1   m 1 n
    2   m 9 e
    3   m 11 o


Turn 36
================================================================
warning: entity 1 was directed to use 11 halite to move west, but only 10 halite was available
At command 1 of 8:
>>> 1   m 1 w
    2   m 9 o
    3   m 11 o

warning: entity 13 was directed to use 8 halite to move east, but only 0 halite was available
At command 5 of 8:
    3   m 11 o
    4   m 2 o
>>> 5   m 13 e
    6   m 5 o
    7   m 12 s


Turn 42
================================================================
warning: entity 16 was directed to use 4 halite to move north, but only 0 halite was available
At command 7 of 9:
    5   m 12 o
    6   m 7 o
>>> 7   m 16 n
    8   m 9 s
    9   m 2 o


Turn 54
================================================================
warning: entity 19 was directed to use 3 halite to move north, but only 0 halite was available
At command 8 of 10:
    6   m 11 s
    7   m 13 o
>>> 8   m 19 n
    9   m 12 o
    10   m 2 o


Turn 66
================================================================
warning: entity 21 was directed to use 2 halite to move east, but only 0 halite was available
At command 11 of 11:
    9   m 5 w
    10   m 13 n
>>> 11   m 21 e


Turn 128
================================================================
warning: entity 12 was directed to use 1 halite to move east, but only 0 halite was available
At command 15 of 21:
    13   m 13 o
    14   m 28 o
>>> 15   m 12 e
    16   m 23 e
    17   m 16 o


Turn 146
================================================================
warning: entity 44 was directed to use 1 halite to move west, but only 0 halite was available
At command 23 of 23:
    21   m 23 s
    22   m 7 n
>>> 23   m 44 w

