
Turn 3
================================================================
warning: entity 1 was directed to use 18 halite to move north, but only 0 halite was available
At command 1 of 2:
>>> 1   m 1 n
    2   g


Turn 12
================================================================
warning: entity 8 was directed to use 5 halite to move north, but only 0 halite was available
At command 4 of 5:
    2   m 1 o
    3   m 3 o
>>> 4   m 8 n
    5   g


Turn 25
================================================================
warning: entity 1 was directed to use 5 halite to move east, but only 0 halite was available
At command 3 of 5:
    1   m 8 n
    2   m 3 s
>>> 3   m 1 e
    4   m 9 o
    5   m 5 o


Turn 41
================================================================
warning: entity 8 was directed to use 6 halite to move north, but only 0 halite was available
At command 4 of 7:
    2   m 9 e
    3   m 3 o
>>> 4   m 8 n
    5   m 10 o
    6   m 5 n


Turn 48
================================================================
warning: entity 5 was directed to use 2 halite to move west, but only 0 halite was available
At command 7 of 8:
    5   m 10 o
    6   m 8 o
>>> 7   m 5 w
    8   g


Turn 57
================================================================
warning: entity 9 was directed to use 2 halite to move west, but only 0 halite was available
At command 7 of 9:
    5   m 5 s
    6   m 10 o
>>> 7   m 9 w
    8   m 1 o
    9   g


Turn 59
================================================================
warning: entity 13 was directed to use 3 halite to move north, but only 0 halite was available
At command 9 of 9:
    7   m 12 w
    8   m 9 s
>>> 9   m 13 n


Turn 71
================================================================
warning: entity 1 was directed to use 1 halite to move east, but only 0 halite was available
At command 9 of 10:
    7   m 8 s
    8   m 10 e
>>> 9   m 1 e
    10   g


Turn 84
================================================================
warning: entity 8 was directed to use 1 halite to move south, but only 0 halite was available
At command 8 of 10:
    6   m 3 o
    7   m 14 o
>>> 8   m 8 s
    9   m 10 s
    10   g


Turn 93
================================================================
warning: entity 10 was directed to use 2 halite to move west, but only 0 halite was available
At command 10 of 11:
    8   m 12 o
    9   m 11 o
>>> 10   m 10 w
    11   m 16 s


Turn 99
================================================================
warning: entity 17 was directed to use 1 halite to move north, but only 0 halite was available
At command 11 of 12:
    9   m 8 o
    10   m 11 s
>>> 11   m 17 n
    12   m 5 e


Turn 102
================================================================
warning: entity 11 was directed to use 1 halite to move west, but only 0 halite was available
At command 7 of 13:
    5   m 15 s
    6   m 17 e
>>> 7   m 11 w
    8   m 3 s
    9   m 14 o


Turn 110
================================================================
warning: entity 19 was directed to use 1 halite to move north, but only 0 halite was available
At command 10 of 14:
    8   m 3 s
    9   m 8 o
>>> 10   m 19 n
    11   m 18 o
    12   m 17 o


Turn 168
================================================================
warning: entity 25 was directed to use 1 halite to move west, but only 0 halite was available
At command 20 of 20:
    18   m 10 w
    19   m 8 w
>>> 20   m 25 w


Turn 251
================================================================
warning: entity 1 was directed to use 1 halite to move east, but only 0 halite was available
At command 19 of 24:
    17   m 5 o
    18   m 12 o
>>> 19   m 1 e
    20   m 27 o
    21   m 18 o

