
Turn 3
================================================================
warning: entity 1 was directed to use 10 halite to move west, but only 0 halite was available
At command 1 of 2:
>>> 1   m 1 w
    2   g


Turn 12
================================================================
warning: entity 5 was directed to use 3 halite to move north, but only 0 halite was available
At command 4 of 5:
    2   m 1 n
    3   m 2 e
>>> 4   m 5 n
    5   m 3 o


Turn 37
================================================================
warning: entity 1 was directed to use 1 halite to move west, but only 0 halite was available
At command 5 of 5:
    3   m 3 o
    4   m 2 n
>>> 5   m 1 w


Turn 40
================================================================
warning: entity 2 was directed to use 2 halite to move west, but only 0 halite was available
At command 4 of 6:
    2   m 4 o
    3   m 1 s
>>> 4   m 2 w
    5   m 3 o
    6   g


Turn 42
================================================================
warning: entity 6 was directed to use 1 halite to move west, but only 0 halite was available
At command 6 of 6:
    4   m 4 w
    5   m 2 o
>>> 6   m 6 w


Turn 52
================================================================
warning: entity 4 was directed to use 1 halite to move east, but only 0 halite was available
At command 6 of 7:
    4   m 5 w
    5   m 6 s
>>> 6   m 4 e
    7   g


Turn 58
================================================================
warning: entity 3 was directed to use 1 halite to move south, but only 0 halite was available
At command 7 of 8:
    5   m 5 w
    6   m 4 o
>>> 7   m 3 s
    8   g


Turn 65
================================================================
warning: entity 5 was directed to use 4 halite to move west, but only 0 halite was available
At command 5 of 8:
    3   m 4 o
    4   m 7 o
>>> 5   m 5 w
    6   m 6 o
    7   m 3 o


Turn 85
================================================================
warning: entity 2 was directed to use 3 halite to move west, but only 0 halite was available
At command 9 of 9:
    7   m 6 o
    8   m 3 o
>>> 9   m 2 w


Turn 92
================================================================
warning: entity 6 was directed to use 1 halite to move east, but only 0 halite was available
At command 9 of 10:
    7   m 4 o
    8   m 1 o
>>> 9   m 6 e
    10   m 10 n


Turn 102
================================================================
warning: entity 1 was directed to use 3 halite to move south, but only 1 halite was available
At command 9 of 11:
    7   m 3 o
    8   m 11 e
>>> 9   m 1 s
    10   m 7 e
    11   m 4 w


Turn 112
================================================================
warning: entity 4 was directed to use 1 halite to move west, but only 0 halite was available
At command 12 of 12:
    10   m 3 n
    11   m 10 o
>>> 12   m 4 w


Turn 142
================================================================
warning: entity 6 was directed to use 2 halite to move west, but only 0 halite was available
At command 12 of 16:
    10   m 8 o
    11   m 14 e
>>> 12   m 6 w
    13   m 10 n
    14   m 2 n


Turn 160
================================================================
warning: entity 10 was directed to use 2 halite to move east, but only 1 halite was available
At command 18 of 18:
    16   m 18 e
    17   m 2 w
>>> 18   m 10 e


Turn 285
================================================================
warning: entity 1 was directed to use 2 halite to move east, but only 0 halite was available
At command 4 of 24:
    2   m 10 w
    3   m 13 o
>>> 4   m 1 e
    5   m 4 o
    6   m 2 w

