
Turn 6
================================================================
warning: entity 3 was directed to use 5 halite to move south, but only 0 halite was available
At command 2 of 3:
    1   m 1 e
>>> 2   m 3 s
    3   g


Turn 9
================================================================
warning: entity 5 was directed to use 4 halite to move west, but only 0 halite was available
At command 3 of 4:
    1   m 3 o
    2   m 1 o
>>> 3   m 5 w
    4   g


Turn 44
================================================================
warning: entity 1 was directed to use 3 halite to move east, but only 0 halite was available
At command 5 of 5:
    3   m 5 s
    4   m 9 e
>>> 5   m 1 e


Turn 49
================================================================
warning: entity 10 was directed to use 1 halite to move east, but only 0 halite was available
At command 6 of 6:
    4   m 7 o
    5   m 5 o
>>> 6   m 10 e


Turn 52
================================================================
warning: entity 10 was directed to use 4 halite to move east, but only 2 halite was available
At command 1 of 7:
>>> 1   m 10 e
    2   m 1 o
    3   m 9 o


Turn 54
================================================================
warning: entity 12 was directed to use 2 halite to move east, but only 0 halite was available
At command 3 of 7:
    1   m 1 n
    2   m 9 w
>>> 3   m 12 e
    4   m 7 e
    5   m 10 o


Turn 56
================================================================
warning: entity 12 was directed to use 6 halite to move east, but only 5 halite was available
At command 6 of 7:
    4   m 9 s
    5   m 3 e
>>> 6   m 12 e
    7   m 7 w


Turn 83
================================================================
warning: entity 1 was directed to use 5 halite to move north, but only 1 halite was available
At command 8 of 9:
    6   m 7 o
    7   m 3 w
>>> 8   m 1 n
    9   m 12 o


Turn 219
================================================================
warning: entity 12 was directed to use 1 halite to move east, but only 0 halite was available
At command 17 of 19:
    15   m 27 o
    16   m 16 o
>>> 17   m 12 e
    18   m 3 e
    19   m 7 o

