
Turn 24
================================================================
warning: entity 1 was directed to use 3 halite to move north, but only 0 halite was available
At command 1 of 2:
>>> 1   m 1 n
    2   m 2 o


Turn 43
================================================================
warning: entity 2 was directed to use 2 halite to move west, but only 0 halite was available
At command 2 of 3:
    1   m 1 n
>>> 2   m 2 w
    3   g


Turn 45
================================================================
warning: entity 3 was directed to use 4 halite to move west, but only 0 halite was available
At command 3 of 3:
    1   m 1 e
    2   m 2 o
>>> 3   m 3 w


Turn 59
================================================================
warning: entity 1 was directed to use 2 halite to move west, but only 0 halite was available
At command 3 of 3:
    1   m 2 o
    2   m 3 o
>>> 3   m 1 w


Turn 77
================================================================
warning: entity 3 was directed to use 3 halite to move west, but only 0 halite was available
At command 3 of 3:
    1   m 1 n
    2   m 2 s
>>> 3   m 3 w


Turn 79
================================================================
warning: entity 2 was directed to use 1 halite to move north, but only 0 halite was available
At command 3 of 4:
    1   m 3 o
    2   m 1 o
>>> 3   m 2 n
    4   g


Turn 81
================================================================
warning: entity 5 was directed to use 2 halite to move west, but only 0 halite was available
At command 4 of 4:
    2   m 3 o
    3   m 2 e
>>> 4   m 5 w


Turn 92
================================================================
warning: entity 1 was directed to use 2 halite to move north, but only 0 halite was available
At command 4 of 5:
    2   m 2 o
    3   m 5 e
>>> 4   m 1 n
    5   g


Turn 94
================================================================
warning: entity 6 was directed to use 1 halite to move north, but only 0 halite was available
At command 5 of 5:
    3   m 5 s
    4   m 1 o
>>> 5   m 6 n


Turn 110
================================================================
warning: entity 3 was directed to use 1 halite to move west, but only 0 halite was available
At command 5 of 5:
    3   m 1 n
    4   m 2 o
>>> 5   m 3 w


Turn 118
================================================================
warning: entity 8 was directed to use 2 halite to move east, but only 0 halite was available
At command 4 of 6:
    2   m 3 s
    3   m 1 o
>>> 4   m 8 e
    5   m 2 s
    6   m 5 o


Turn 142
================================================================
warning: entity 6 was directed to use 5 halite to move west, but only 2 halite was available
At command 7 of 7:
    5   m 5 e
    6   m 3 n
>>> 7   m 6 w


Turn 177
================================================================
warning: entity 2 was directed to use 1 halite to move east, but only 0 halite was available
At command 6 of 8:
    4   m 3 o
    5   m 6 o
>>> 6   m 2 e
    7   m 8 s
    8   m 5 o


Turn 182
================================================================
warning: entity 3 was directed to use 1 halite to move south, but only 0 halite was available
At command 6 of 8:
    4   m 6 o
    5   m 5 o
>>> 6   m 3 s
    7   m 11 o
    8   m 8 e


Turn 189
================================================================
warning: entity 6 was directed to use 2 halite to move south, but only 0 halite was available
At command 8 of 9:
    6   m 8 o
    7   m 5 o
>>> 8   m 6 s
    9   g


Turn 191
================================================================
warning: entity 11 was directed to use 2 halite to move south, but only 0 halite was available
At command 6 of 10:
    4   m 5 w
    5   m 3 s
>>> 6   m 11 s
    7   m 2 o
    8   m 14 s


Turn 198
================================================================
warning: entity 17 was directed to use 1 halite to move west, but only 0 halite was available
At command 6 of 12:
    4   m 8 o
    5   m 3 o
>>> 6   m 17 w
    7   m 14 o
    8   m 16 o

