
Turn 39
================================================================
warning: entity 8 was directed to use 12 halite to move south, but only 0 halite was available
At command 4 of 4:
    2   m 5 s
    3   m 1 o
>>> 4   m 8 s


Turn 77
================================================================
warning: entity 8 was directed to use 3 halite to move east, but only 0 halite was available
At command 7 of 8:
    5   m 3 o
    6   m 1 o
>>> 7   m 8 e
    8   g


Turn 79
================================================================
warning: entity 8 was directed to use 7 halite to move east, but only 6 halite was available
At command 7 of 8:
    5   m 5 o
    6   m 1 w
>>> 7   m 8 e
    8   m 16 o


Turn 82
================================================================
warning: entity 11 was directed to use 5 halite to move east, but only 0 halite was available
At command 7 of 8:
    5   m 14 s
    6   m 3 o
>>> 7   m 11 e
    8   m 1 o


Turn 87
================================================================
warning: entity 5 was directed to use 2 halite to move east, but only 0 halite was available
At command 4 of 8:
    2   m 16 o
    3   m 14 e
>>> 4   m 5 e
    5   m 13 o
    6   m 3 o


Turn 91
================================================================
warning: entity 19 was directed to use 1 halite to move east, but only 0 halite was available
At command 5 of 9:
    3   m 5 o
    4   m 13 o
>>> 5   m 19 e
    6   m 3 n
    7   m 11 o


Turn 93
================================================================
warning: entity 3 was directed to use 3 halite to move west, but only 0 halite was available
At command 9 of 10:
    7   m 14 n
    8   m 8 e
>>> 9   m 3 w
    10   g


Turn 97
================================================================
warning: entity 20 was directed to use 2 halite to move south, but only 0 halite was available
At command 6 of 10:
    4   m 13 o
    5   m 1 o
>>> 6   m 20 s
    7   m 8 w
    8   m 5 o


Turn 102
================================================================
warning: entity 13 was directed to use 2 halite to move west, but only 0 halite was available
At command 10 of 11:
    8   m 8 s
    9   m 16 n
>>> 10   m 13 w
    11   g


Turn 105
================================================================
warning: entity 23 was directed to use 1 halite to move north, but only 0 halite was available
At command 8 of 11:
    6   m 8 o
    7   m 11 w
>>> 8   m 23 n
    9   m 19 o
    10   m 14 o


Turn 107
================================================================
warning: entity 16 was directed to use 1 halite to move north, but only 0 halite was available
At command 11 of 11:
    9   m 11 w
    10   m 1 o
>>> 11   m 16 n


Turn 110
================================================================
warning: entity 8 was directed to use 1 halite to move west, but only 0 halite was available
At command 10 of 11:
    8   m 5 w
    9   m 1 e
>>> 10   m 8 w
    11   m 13 o


Turn 112
================================================================
warning: entity 8 was directed to use 7 halite to move west, but only 3 halite was available
At command 10 of 11:
    8   m 19 o
    9   m 1 e
>>> 10   m 8 w
    11   m 5 s


Turn 113
================================================================
warning: entity 11 was directed to use 1 halite to move north, but only 0 halite was available
At command 10 of 12:
    8   m 14 o
    9   m 16 o
>>> 10   m 11 n
    11   m 5 s
    12   g


Turn 123
================================================================
warning: entity 19 was directed to use 2 halite to move west, but only 0 halite was available
At command 12 of 12:
    10   m 20 w
    11   m 1 o
>>> 12   m 19 w


Turn 133
================================================================
warning: entity 20 was directed to use 1 halite to move north, but only 0 halite was available
At command 12 of 13:
    10   m 28 o
    11   m 13 w
>>> 12   m 20 n
    13   m 5 o


Turn 140
================================================================
warning: entity 31 was directed to use 1 halite to move north, but only 0 halite was available
At command 13 of 15:
    11   m 30 o
    12   m 23 s
>>> 13   m 31 n
    14   m 14 s
    15   m 16 e


Turn 154
================================================================
warning: entity 23 was directed to use 1 halite to move south, but only 0 halite was available
At command 16 of 16:
    14   m 11 o
    15   m 25 w
>>> 16   m 23 s


Turn 161
================================================================
warning: entity 5 was directed to use 2 halite to move south, but only 1 halite was available
At command 12 of 18:
    10   m 34 n
    11   m 37 w
>>> 12   m 5 s
    13   m 11 o
    14   m 30 o

