
Turn 8
================================================================
warning: entity 4 was directed to use 9 halite to move west, but only 0 halite was available
At command 2 of 4:
    1   m 2 s
>>> 2   m 4 w
    3   m 1 o
    4   g


Turn 55
================================================================
warning: entity 2 was directed to use 3 halite to move east, but only 0 halite was available
At command 5 of 6:
    3   m 6 o
    4   m 8 e
>>> 5   m 2 e
    6   g


Turn 61
================================================================
warning: entity 1 was directed to use 2 halite to move north, but only 0 halite was available
At command 6 of 7:
    4   m 6 o
    5   m 8 w
>>> 6   m 1 n
    7   g


Turn 69
================================================================
warning: entity 8 was directed to use 1 halite to move east, but only 0 halite was available
At command 7 of 8:
    5   m 1 o
    6   m 6 w
>>> 7   m 8 e
    8   g


Turn 159
================================================================
warning: entity 8 was directed to use 1 halite to move west, but only 0 halite was available
At command 12 of 13:
    10   m 15 o
    11   m 6 o
>>> 12   m 8 w
    13   m 21 s

