
Turn 171
================================================================
warning: owned entities 0, 25 collided on cell (8, 26) as the result of moves on this turn
At command 1 of 16:
>>> 1   m 0 s
    2   m 3 n
    3   m 5 s


Turn 220
================================================================
warning: owned entities 5, 20 collided on cell (31, 0) as the result of moves on this turn
At command 2 of 17:
    1   m 3 n
>>> 2   m 5 w
    3   m 8 o
    4   m 9 w


Turn 224
================================================================
warning: owned entities 21, 32 collided on cell (31, 0) as the result of moves on this turn
At command 8 of 15:
    6   m 15 o
    7   m 17 o
>>> 8   m 21 w
    9   m 23 n
    10   m 27 n


Turn 245
================================================================
warning: owned entities 11, 3 collided on cell (0, 31) as the result of moves on this turn
At command 4 of 12:
    2   m 8 o
    3   m 9 e
>>> 4   m 11 n
    5   m 12 e
    6   m 15 o

