
Turn 3
================================================================
warning: entity 1 was directed to use 1 halite to move north, but only 0 halite was available
At command 1 of 2:
>>> 1   m 1 n
    2   g


Turn 9
================================================================
warning: entity 5 was directed to use 1 halite to move south, but only 0 halite was available
At command 3 of 4:
    1   m 3 n
    2   m 1 o
>>> 3   m 5 s
    4   g


Turn 12
================================================================
warning: entity 7 was directed to use 1 halite to move south, but only 0 halite was available
At command 3 of 5:
    1   m 1 n
    2   m 3 o
>>> 3   m 7 s
    4   m 5 o
    5   g


Turn 55
================================================================
warning: entity 5 was directed to use 1 halite to move south, but only 0 halite was available
At command 5 of 5:
    3   m 3 o
    4   m 7 n
>>> 5   m 5 s


Turn 59
================================================================
warning: entity 9 was directed to use 1 halite to move west, but only 0 halite was available
At command 1 of 5:
>>> 1   m 9 w
    2   m 1 s
    3   m 3 o


Turn 82
================================================================
warning: entity 15 was directed to use 4 halite to move west, but only 0 halite was available
At command 1 of 8:
>>> 1   m 15 w
    2   m 7 s
    3   m 12 o


Turn 90
================================================================
warning: entity 5 was directed to use 2 halite to move west, but only 0 halite was available
At command 6 of 9:
    4   m 1 o
    5   m 12 o
>>> 6   m 5 w
    7   m 13 o
    8   m 3 e


Turn 92
================================================================
warning: entity 16 was directed to use 1 halite to move west, but only 0 halite was available
At command 8 of 9:
    6   m 13 o
    7   m 5 o
>>> 8   m 16 w
    9   m 3 w

