
Turn 37
================================================================
warning: entity 3 was directed to use 6 halite to move east, but only 0 halite was available
At command 3 of 7:
    1   m 5 o
    2   m 7 e
>>> 3   m 3 e
    4   m 11 o
    5   m 1 o


Turn 51
================================================================
warning: entity 9 was directed to use 5 halite to move east, but only 0 halite was available
At command 5 of 9:
    3   m 13 o
    4   m 5 e
>>> 5   m 9 e
    6   m 1 e
    7   m 15 o


Turn 61
================================================================
warning: entity 11 was directed to use 2 halite to move west, but only 0 halite was available
At command 6 of 10:
    4   m 13 o
    5   m 1 o
>>> 6   m 11 w
    7   m 9 o
    8   m 5 w


Turn 63
================================================================
warning: entity 19 was directed to use 3 halite to move south, but only 0 halite was available
At command 10 of 10:
    8   m 11 w
    9   m 5 w
>>> 10   m 19 s


Turn 73
================================================================
warning: entity 21 was directed to use 1 halite to move east, but only 0 halite was available
At command 9 of 11:
    7   m 5 o
    8   m 11 o
>>> 9   m 21 e
    10   m 19 o
    11   m 13 o


Turn 78
================================================================
warning: entity 5 was directed to use 2 halite to move south, but only 0 halite was available
At command 9 of 12:
    7   m 3 s
    8   m 11 o
>>> 9   m 5 s
    10   m 13 o
    11   m 21 o


Turn 80
================================================================
warning: entity 23 was directed to use 1 halite to move west, but only 0 halite was available
At command 12 of 12:
    10   m 7 n
    11   m 5 o
>>> 12   m 23 w


Turn 95
================================================================
warning: entity 9 was directed to use 2 halite to move east, but only 0 halite was available
At command 13 of 14:
    11   m 11 o
    12   m 1 o
>>> 13   m 9 e
    14   m 26 n


Turn 116
================================================================
warning: entity 31 was directed to use 1 halite to move south, but only 0 halite was available
At command 15 of 17:
    13   m 1 w
    14   m 11 o
>>> 15   m 31 s
    16   m 28 o
    17   m 19 e


Turn 124
================================================================
warning: entity 19 was directed to use 1 halite to move north, but only 0 halite was available
At command 17 of 18:
    15   m 3 o
    16   m 13 n
>>> 17   m 19 n
    18   m 34 n

