
Turn 9
================================================================
warning: entity 4 was directed to use 7 halite to move north, but only 0 halite was available
At command 3 of 4:
    1   m 0 w
    2   m 2 o
>>> 3   m 4 n
    4   g


Turn 23
================================================================
warning: entity 0 was directed to use 5 halite to move north, but only 0 halite was available
At command 5 of 5:
    3   m 2 e
    4   m 4 o
>>> 5   m 0 n


Turn 33
================================================================
warning: entity 4 was directed to use 4 halite to move west, but only 0 halite was available
At command 6 of 6:
    4   m 5 w
    5   m 6 e
>>> 6   m 4 w


Turn 36
================================================================
warning: entity 6 was directed to use 3 halite to move east, but only 0 halite was available
At command 6 of 7:
    4   m 2 w
    5   m 4 o
>>> 6   m 6 e
    7   g


Turn 44
================================================================
warning: entity 5 was directed to use 4 halite to move east, but only 0 halite was available
At command 7 of 8:
    5   m 0 s
    6   m 2 o
>>> 7   m 5 e
    8   g


Turn 52
================================================================
warning: entity 0 was directed to use 2 halite to move west, but only 0 halite was available
At command 6 of 9:
    4   m 5 o
    5   m 6 n
>>> 6   m 0 w
    7   m 8 o
    8   m 9 o


Turn 60
================================================================
warning: entity 13 was directed to use 1 halite to move north, but only 0 halite was available
At command 10 of 10:
    8   m 4 s
    9   m 2 o
>>> 10   m 13 n


Turn 71
================================================================
warning: entity 15 was directed to use 2 halite to move east, but only 0 halite was available
At command 8 of 10:
    6   m 11 e
    7   m 5 s
>>> 8   m 15 e
    9   m 12 o
    10   m 13 o


Turn 85
================================================================
warning: entity 18 was directed to use 1 halite to move east, but only 0 halite was available
At command 13 of 13:
    11   m 17 o
    12   m 15 e
>>> 13   m 18 e


Turn 92
================================================================
warning: entity 20 was directed to use 1 halite to move east, but only 0 halite was available
At command 9 of 9:
    7   m 17 o
    8   m 11 s
>>> 9   m 20 e


Turn 94
================================================================
warning: entity 11 was directed to use 2 halite to move south, but only 0 halite was available
At command 9 of 10:
    7   m 6 o
    8   m 20 s
>>> 9   m 11 s
    10   m 21 s


Turn 98
================================================================
warning: entity 21 was directed to use 3 halite to move south, but only 1 halite was available
At command 15 of 16:
    13   m 13 s
    14   m 0 s
>>> 15   m 21 s
    16   g


Turn 101
================================================================
warning: entity 23 was directed to use 1 halite to move west, but only 0 halite was available
At command 11 of 11:
    9   m 9 o
    10   m 11 o
>>> 11   m 23 w


Turn 103
================================================================
warning: entity 23 was directed to use 6 halite to move west, but only 4 halite was available
At command 9 of 12:
    7   m 2 s
    8   m 20 o
>>> 9   m 23 w
    10   m 6 e
    11   m 4 o


Turn 104
================================================================
warning: entity 24 was directed to use 1 halite to move east, but only 0 halite was available
At command 17 of 17:
    15   m 9 o
    16   m 6 o
>>> 17   m 24 e


Turn 107
================================================================
warning: entity 12 was directed to use 1 halite to move west, but only 0 halite was available
At command 17 of 18:
    15   m 23 o
    16   m 11 o
>>> 17   m 12 w
    18   g


Turn 113
================================================================
warning: entity 25 was directed to use 4 halite to move west, but only 2 halite was available
At command 6 of 12:
    4   m 12 w
    5   m 13 o
>>> 6   m 25 w
    7   m 6 o
    8   m 18 o

