
Turn 34
================================================================
warning: entity 7 was directed to use 10 halite to move west, but only 0 halite was available
At command 5 of 5:
    3   m 4 o
    4   m 0 s
>>> 5   m 7 w


Turn 82
================================================================
warning: entity 9 was directed to use 2 halite to move west, but only 0 halite was available
At command 9 of 9:
    7   m 12 o
    8   m 0 w
>>> 9   m 9 w


Turn 95
================================================================
warning: entity 4 was directed to use 1 halite to move east, but only 0 halite was available
At command 10 of 11:
    8   m 17 o
    9   m 2 o
>>> 10   m 4 e
    11   g


Turn 97
================================================================
warning: entity 19 was directed to use 2 halite to move west, but only 0 halite was available
At command 11 of 11:
    9   m 0 o
    10   m 12 e
>>> 11   m 19 w


Turn 101
================================================================
warning: entity 7 was directed to use 2 halite to move east, but only 0 halite was available
At command 11 of 12:
    9   m 12 e
    10   m 19 o
>>> 11   m 7 e
    12   g


Turn 109
================================================================
warning: entity 12 was directed to use 1 halite to move east, but only 0 halite was available
At command 12 of 12:
    10   m 4 o
    11   m 19 o
>>> 12   m 12 e


Turn 122
================================================================
warning: entity 6 was directed to use 2 halite to move south, but only 0 halite was available
At command 12 of 13:
    10   m 19 o
    11   m 4 o
>>> 12   m 6 s
    13   g


Turn 145
================================================================
warning: entity 0 was directed to use 1 halite to move east, but only 0 halite was available
At command 14 of 14:
    12   m 26 o
    13   m 9 w
>>> 14   m 0 e


Turn 286
================================================================
error: failed to decode bot message: "T" (at position 1)
Last input received was:
Traceback (most recent call last):
  File "MyBot.py", line 40, in <module>
    if not cell.is_occupied and cell.position is not ship.position:
AttributeError: 'NoneType' object has no attribute 'is_occupied'

