
Turn 37
================================================================
warning: entity 2 was directed to use 6 halite to move east, but only 0 halite was available
At command 6 of 7:
    4   m 8 o
    5   m 10 o
>>> 6   m 2 e
    7   g


Turn 58
================================================================
warning: entity 0 was directed to use 5 halite to move east, but only 0 halite was available
At command 9 of 10:
    7   m 14 o
    8   m 4 o
>>> 9   m 0 e
    10   g


Turn 60
================================================================
warning: entity 18 was directed to use 2 halite to move west, but only 0 halite was available
At command 10 of 10:
    8   m 4 o
    9   m 0 o
>>> 10   m 18 w


Turn 108
================================================================
warning: entity 12 was directed to use 1 halite to move west, but only 0 halite was available
At command 14 of 15:
    12   m 14 o
    13   m 0 o
>>> 14   m 12 w
    15   m 29 n


Turn 115
================================================================
warning: entity 0 was directed to use 1 halite to move west, but only 0 halite was available
At command 15 of 16:
    13   m 16 o
    14   m 4 o
>>> 15   m 0 w
    16   m 32 w


Turn 150
================================================================
warning: entity 20 was directed to use 1 halite to move west, but only 0 halite was available
At command 19 of 20:
    17   m 6 s
    18   m 22 o
>>> 19   m 20 w
    20   m 40 w

