
Turn 7
================================================================
warning: entity 2 was directed to use 7 halite to move south, but only 0 halite was available
At command 2 of 3:
    1   m 0 o
>>> 2   m 2 s
    3   g


Turn 13
================================================================
warning: entity 6 was directed to use 5 halite to move east, but only 0 halite was available
At command 4 of 5:
    2   m 0 o
    3   m 4 o
>>> 4   m 6 e
    5   g


Turn 47
================================================================
warning: entity 8 was directed to use 1 halite to move north, but only 0 halite was available
At command 2 of 6:
    1   m 4 s
>>> 2   m 8 n
    3   m 0 s
    4   m 6 w


Turn 52
================================================================
warning: entity 6 was directed to use 1 halite to move north, but only 0 halite was available
At command 6 of 7:
    4   m 0 e
    5   m 8 o
>>> 6   m 6 n
    7   g


Turn 54
================================================================
warning: entity 12 was directed to use 2 halite to move east, but only 0 halite was available
At command 3 of 7:
    1   m 2 n
    2   m 10 s
>>> 3   m 12 e
    4   m 4 w
    5   m 8 o


Turn 81
================================================================
warning: entity 4 was directed to use 2 halite to move west, but only 0 halite was available
At command 5 of 9:
    3   m 10 o
    4   m 2 o
>>> 5   m 4 w
    6   m 12 o
    7   m 6 o


Turn 85
================================================================
warning: entity 10 was directed to use 1 halite to move east, but only 0 halite was available
At command 9 of 10:
    7   m 2 o
    8   m 12 o
>>> 9   m 10 e
    10   g


Turn 93
================================================================
warning: entity 18 was directed to use 9 halite to move east, but only 8 halite was available
At command 8 of 11:
    6   m 12 w
    7   m 10 o
>>> 8   m 18 e
    9   m 6 n
    10   m 8 w

warning: entity 8 was directed to use 1 halite to move west, but only 0 halite was available
At command 10 of 11:
    8   m 18 e
    9   m 6 n
>>> 10   m 8 w
    11   g


Turn 96
================================================================
warning: entity 21 was directed to use 1 halite to move west, but only 0 halite was available
At command 11 of 11:
    9   m 2 o
    10   m 15 s
>>> 11   m 21 w


Turn 105
================================================================
warning: entity 2 was directed to use 1 halite to move west, but only 0 halite was available
At command 11 of 13:
    9   m 17 o
    10   m 12 o
>>> 11   m 2 w
    12   m 6 w
    13   g


Turn 111
================================================================
warning: entity 15 was directed to use 1 halite to move west, but only 0 halite was available
At command 13 of 13:
    11   m 6 n
    12   m 24 o
>>> 13   m 15 w


Turn 116
================================================================
warning: entity 27 was directed to use 1 halite to move east, but only 0 halite was available
At command 7 of 14:
    5   m 12 o
    6   m 4 e
>>> 7   m 27 e
    8   m 24 o
    9   m 8 o


Turn 148
================================================================
warning: entity 2 was directed to use 2 halite to move east, but only 0 halite was available
At command 19 of 19:
    17   m 12 w
    18   m 17 s
>>> 19   m 2 e


Turn 161
================================================================
warning: entity 39 was directed to use 8 halite to move south, but only 7 halite was available
At command 11 of 21:
    9   m 15 o
    10   m 18 o
>>> 11   m 39 s
    12   m 8 o
    13   m 31 o


Turn 176
================================================================
warning: entity 22 was directed to use 4 halite to move west, but only 2 halite was available
At command 22 of 23:
    20   m 21 e
    21   m 27 e
>>> 22   m 22 w
    23   m 45 w


Turn 185
================================================================
warning: entity 48 was directed to use 1 halite to move west, but only 0 halite was available
At command 12 of 25:
    10   m 22 w
    11   m 47 n
>>> 12   m 48 w
    13   m 17 o
    14   m 37 w


Turn 231
================================================================
warning: entity 18 was directed to use 1 halite to move west, but only 0 halite was available
At command 26 of 27:
    24   m 27 n
    25   m 33 n
>>> 26   m 18 w
    27   m 6 e


Turn 309
================================================================
warning: entity 15 was directed to use 1 halite to move east, but only 0 halite was available
At command 26 of 27:
    24   m 47 e
    25   m 18 o
>>> 26   m 15 e
    27   m 43 o

