
Turn 8
================================================================
warning: entity 4 was directed to use 6 halite to move east, but only 0 halite was available
At command 3 of 4:
    1   m 2 o
    2   m 1 o
>>> 3   m 4 e
    4   g


Turn 10
================================================================
warning: entity 6 was directed to use 2 halite to move west, but only 0 halite was available
At command 2 of 5:
    1   m 2 o
>>> 2   m 6 w
    3   m 1 o
    4   m 4 o


Turn 12
================================================================
warning: entity 8 was directed to use 4 halite to move east, but only 0 halite was available
At command 5 of 5:
    3   m 6 e
    4   m 4 e
>>> 5   m 8 e


Turn 14
================================================================
warning: entity 8 was directed to use 10 halite to move east, but only 9 halite was available
At command 5 of 5:
    3   m 6 o
    4   m 4 o
>>> 5   m 8 e


Turn 29
================================================================
warning: entity 4 was directed to use 2 halite to move north, but only 0 halite was available
At command 5 of 5:
    3   m 2 w
    4   m 1 w
>>> 5   m 4 n


Turn 39
================================================================
warning: entity 1 was directed to use 1 halite to move east, but only 0 halite was available
At command 5 of 6:
    3   m 8 e
    4   m 2 o
>>> 5   m 1 e
    6   g


Turn 43
================================================================
warning: entity 12 was directed to use 2 halite to move east, but only 0 halite was available
At command 2 of 7:
    1   m 1 o
>>> 2   m 12 e
    3   m 4 o
    4   m 2 o


Turn 44
================================================================
warning: entity 11 was directed to use 10 halite to move west, but only 2 halite was available
At command 7 of 7:
    5   m 6 o
    6   m 8 o
>>> 7   m 11 w


Turn 54
================================================================
warning: entity 8 was directed to use 1 halite to move west, but only 0 halite was available
At command 7 of 8:
    5   m 11 o
    6   m 6 w
>>> 7   m 8 w
    8   g


Turn 56
================================================================
warning: entity 14 was directed to use 1 halite to move west, but only 0 halite was available
At command 7 of 7:
    5   m 1 o
    6   m 6 o
>>> 7   m 14 w


Turn 76
================================================================
warning: entity 2 was directed to use 1 halite to move east, but only 0 halite was available
At command 7 of 7:
    5   m 11 o
    6   m 1 o
>>> 7   m 2 e


Turn 123
================================================================
warning: entity 4 was directed to use 1 halite to move south, but only 0 halite was available
At command 10 of 10:
    8   m 2 n
    9   m 15 s
>>> 10   m 4 s


Turn 133
================================================================
warning: entity 24 was directed to use 3 halite to move east, but only 0 halite was available
At command 9 of 11:
    7   m 22 o
    8   m 4 o
>>> 9   m 24 e
    10   m 2 w
    11   m 17 o


Turn 141
================================================================
warning: entity 26 was directed to use 2 halite to move west, but only 1 halite was available
At command 9 of 11:
    7   m 20 n
    8   m 14 o
>>> 9   m 26 w
    10   m 11 e
    11   m 6 s


Turn 147
================================================================
warning: entity 20 was directed to use 1 halite to move east, but only 0 halite was available
At command 10 of 11:
    8   m 22 e
    9   m 11 e
>>> 10   m 20 e
    11   m 6 e


Turn 177
================================================================
warning: entity 24 was directed to use 8 halite to move west, but only 1 halite was available
At command 8 of 12:
    6   m 15 e
    7   m 14 s
>>> 8   m 24 w
    9   m 31 w
    10   m 6 n


Turn 240
================================================================
warning: entity 4 was directed to use 2 halite to move east, but only 0 halite was available
At command 5 of 9:
    3   m 32 n
    4   m 31 o
>>> 5   m 4 e
    6   m 34 n
    7   m 30 e


Turn 244
================================================================
warning: entity 20 was directed to use 1 halite to move east, but only 0 halite was available
At command 9 of 9:
    7   m 30 e
    8   m 34 o
>>> 9   m 20 e


Turn 264
================================================================
warning: entity 34 was directed to use 1 halite to move east, but only 0 halite was available
At command 9 of 9:
    7   m 31 o
    8   m 27 n
>>> 9   m 34 e

