
Turn 6
================================================================
warning: entity 2 was directed to use 16 halite to move west, but only 0 halite was available
At command 1 of 3:
>>> 1   m 2 w
    2   m 1 o
    3   g


Turn 48
================================================================
warning: entity 2 was directed to use 3 halite to move south, but only 0 halite was available
At command 6 of 7:
    4   m 11 o
    5   m 4 o
>>> 6   m 2 s
    7   g


Turn 60
================================================================
warning: entity 4 was directed to use 2 halite to move south, but only 0 halite was available
At command 5 of 8:
    3   m 11 o
    4   m 2 o
>>> 5   m 4 s
    6   m 12 o
    7   m 1 o


Turn 93
================================================================
warning: entity 1 was directed to use 1 halite to move north, but only 0 halite was available
At command 9 of 9:
    7   m 6 o
    8   m 4 o
>>> 9   m 1 n


Turn 113
================================================================
warning: entity 21 was directed to use 1 halite to move west, but only 0 halite was available
At command 7 of 10:
    5   m 1 n
    6   m 12 o
>>> 7   m 21 w
    8   m 2 e
    9   m 11 o


Turn 122
================================================================
warning: entity 23 was directed to use 3 halite to move west, but only 2 halite was available
At command 8 of 11:
    6   m 4 w
    7   m 12 n
>>> 8   m 23 w
    9   m 2 w
    10   m 15 o


Turn 126
================================================================
warning: entity 12 was directed to use 1 halite to move west, but only 0 halite was available
At command 11 of 12:
    9   m 21 o
    10   m 11 o
>>> 11   m 12 w
    12   g


Turn 129
================================================================
warning: entity 25 was directed to use 1 halite to move west, but only 0 halite was available
At command 7 of 12:
    5   m 4 e
    6   m 21 o
>>> 7   m 25 w
    8   m 11 o
    9   m 8 o


Turn 272
================================================================
warning: entity 36 was directed to use 17 halite to move east, but only 2 halite was available
At command 14 of 18:
    12   m 37 w
    13   m 12 o
>>> 14   m 36 e
    15   m 8 o
    16   m 29 e

