
Turn 60
================================================================
warning: entity 11 was directed to use 1 halite to move north, but only 0 halite was available
At command 1 of 7:
>>> 1   m 11 n
    2   m 3 w
    3   m 9 o


Turn 71
================================================================
warning: entity 12 was directed to use 1 halite to move north, but only 0 halite was available
At command 8 of 8:
    6   m 1 e
    7   m 9 e
>>> 8   m 12 n


Turn 74
================================================================
warning: entity 3 was directed to use 2 halite to move east, but only 0 halite was available
At command 6 of 9:
    4   m 1 e
    5   m 9 o
>>> 6   m 3 e
    7   m 11 o
    8   m 12 n


Turn 76
================================================================
warning: entity 13 was directed to use 2 halite to move north, but only 0 halite was available
At command 9 of 9:
    7   m 3 o
    8   m 1 e
>>> 9   m 13 n


Turn 95
================================================================
warning: entity 15 was directed to use 3 halite to move west, but only 0 halite was available
At command 11 of 11:
    9   m 9 o
    10   m 8 n
>>> 11   m 15 w


Turn 97
================================================================
warning: entity 15 was directed to use 7 halite to move west, but only 6 halite was available
At command 10 of 11:
    8   m 14 n
    9   m 1 o
>>> 10   m 15 w
    11   m 8 n


Turn 99
================================================================
warning: entity 8 was directed to use 2 halite to move west, but only 0 halite was available
At command 11 of 12:
    9   m 6 o
    10   m 10 o
>>> 11   m 8 w
    12   m 16 n


Turn 108
================================================================
warning: entity 12 was directed to use 1 halite to move west, but only 0 halite was available
At command 10 of 13:
    8   m 1 e
    9   m 11 w
>>> 10   m 12 w
    11   m 10 o
    12   m 13 w


Turn 111
================================================================
warning: entity 17 was directed to use 1 halite to move west, but only 0 halite was available
At command 13 of 13:
    11   m 15 o
    12   m 10 o
>>> 13   m 17 w


Turn 117
================================================================
warning: entity 11 was directed to use 1 halite to move west, but only 0 halite was available
At command 13 of 13:
    11   m 10 e
    12   m 3 o
>>> 13   m 11 w


Turn 133
================================================================
warning: entity 9 was directed to use 2 halite to move west, but only 0 halite was available
At command 14 of 16:
    12   m 1 o
    13   m 15 o
>>> 14   m 9 w
    15   m 6 e
    16   m 20 w


Turn 138
================================================================
warning: entity 14 was directed to use 1 halite to move east, but only 0 halite was available
At command 15 of 17:
    13   m 12 o
    14   m 1 o
>>> 15   m 14 e
    16   m 10 o
    17   m 21 n


Turn 261
================================================================
warning: entity 10 was directed to use 3 halite to move east, but only 2 halite was available
At command 20 of 25:
    18   m 19 s
    19   m 29 s
>>> 20   m 10 e
    21   m 9 o
    22   m 25 w

