
Turn 3
================================================================
warning: entity 1 was directed to use 7 halite to move east, but only 0 halite was available
At command 1 of 2:
>>> 1   m 1 e
    2   g


Turn 5
================================================================
warning: entity 2 was directed to use 3 halite to move north, but only 0 halite was available
At command 2 of 3:
    1   m 1 o
>>> 2   m 2 n
    3   g


Turn 9
================================================================
warning: entity 6 was directed to use 2 halite to move west, but only 0 halite was available
At command 4 of 5:
    2   m 4 e
    3   m 1 o
>>> 4   m 6 w
    5   g


Turn 29
================================================================
warning: entity 1 was directed to use 2 halite to move south, but only 0 halite was available
At command 5 of 5:
    3   m 2 o
    4   m 7 o
>>> 5   m 1 s


Turn 38
================================================================
warning: entity 4 was directed to use 2 halite to move west, but only 0 halite was available
At command 2 of 6:
    1   m 2 e
>>> 2   m 4 w
    3   m 1 e
    4   m 6 o


Turn 46
================================================================
warning: entity 2 was directed to use 1 halite to move south, but only 0 halite was available
At command 6 of 7:
    4   m 1 o
    5   m 10 o
>>> 6   m 2 s
    7   g


Turn 48
================================================================
warning: entity 11 was directed to use 2 halite to move east, but only 0 halite was available
At command 6 of 7:
    4   m 10 o
    5   m 4 o
>>> 6   m 11 e
    7   m 6 o


Turn 54
================================================================
warning: entity 7 was directed to use 2 halite to move south, but only 0 halite was available
At command 5 of 8:
    3   m 1 w
    4   m 6 s
>>> 5   m 7 s
    6   m 4 o
    7   m 11 o


Turn 57
================================================================
warning: entity 14 was directed to use 1 halite to move north, but only 0 halite was available
At command 6 of 8:
    4   m 1 w
    5   m 7 o
>>> 6   m 14 n
    7   m 6 o
    8   m 11 o


Turn 71
================================================================
warning: entity 6 was directed to use 1 halite to move south, but only 0 halite was available
At command 9 of 9:
    7   m 17 o
    8   m 4 n
>>> 9   m 6 s


Turn 79
================================================================
warning: entity 4 was directed to use 1 halite to move south, but only 0 halite was available
At command 7 of 10:
    5   m 7 o
    6   m 6 e
>>> 7   m 4 s
    8   m 14 o
    9   m 17 o


Turn 112
================================================================
warning: entity 10 was directed to use 1 halite to move east, but only 0 halite was available
At command 12 of 12:
    10   m 6 o
    11   m 7 s
>>> 12   m 10 e


Turn 146
================================================================
warning: entity 30 was directed to use 1 halite to move west, but only 0 halite was available
At command 12 of 17:
    10   m 1 s
    11   m 11 n
>>> 12   m 30 w
    13   m 18 n
    14   m 25 o

