
Turn 8
================================================================
warning: entity 4 was directed to use 2 halite to move west, but only 0 halite was available
At command 3 of 4:
    1   m 1 o
    2   m 2 o
>>> 3   m 4 w
    4   g


Turn 11
================================================================
warning: entity 6 was directed to use 1 halite to move north, but only 0 halite was available
At command 2 of 5:
    1   m 2 o
>>> 2   m 6 n
    3   m 4 n
    4   m 1 n

warning: entity 4 was directed to use 22 halite to move north, but only 2 halite was available
At command 3 of 5:
    1   m 2 o
    2   m 6 n
>>> 3   m 4 n
    4   m 1 n
    5   g


Turn 33
================================================================
warning: entity 4 was directed to use 1 halite to move north, but only 0 halite was available
At command 4 of 5:
    2   m 1 s
    3   m 2 o
>>> 4   m 4 n
    5   m 8 o


Turn 42
================================================================
warning: entity 1 was directed to use 3 halite to move east, but only 0 halite was available
At command 6 of 6:
    4   m 2 e
    5   m 6 o
>>> 6   m 1 e


Turn 44
================================================================
warning: entity 1 was directed to use 7 halite to move east, but only 6 halite was available
At command 5 of 6:
    3   m 2 w
    4   m 10 n
>>> 5   m 1 e
    6   m 6 s


Turn 51
================================================================
warning: entity 2 was directed to use 1 halite to move south, but only 0 halite was available
At command 1 of 7:
>>> 1   m 2 s
    2   m 10 e
    3   m 8 o


Turn 53
================================================================
warning: entity 2 was directed to use 4 halite to move east, but only 3 halite was available
At command 4 of 7:
    2   m 1 o
    3   m 4 o
>>> 4   m 2 e
    5   m 10 o
    6   m 6 s


Turn 59
================================================================
warning: entity 6 was directed to use 1 halite to move east, but only 0 halite was available
At command 5 of 8:
    3   m 13 o
    4   m 1 n
>>> 5   m 6 e
    6   m 4 o
    7   m 8 s


Turn 64
================================================================
warning: entity 8 was directed to use 1 halite to move east, but only 0 halite was available
At command 5 of 8:
    3   m 13 o
    4   m 4 w
>>> 5   m 8 e
    6   m 1 o
    7   m 6 e


Turn 71
================================================================
warning: entity 4 was directed to use 1 halite to move east, but only 0 halite was available
At command 9 of 9:
    7   m 15 n
    8   m 1 o
>>> 9   m 4 e


Turn 89
================================================================
warning: entity 1 was directed to use 1 halite to move south, but only 0 halite was available
At command 10 of 11:
    8   m 8 o
    9   m 13 o
>>> 10   m 1 s
    11   g


Turn 104
================================================================
warning: entity 13 was directed to use 1 halite to move east, but only 0 halite was available
At command 7 of 12:
    5   m 10 e
    6   m 17 o
>>> 7   m 13 e
    8   m 16 o
    9   m 8 w


Turn 107
================================================================
warning: entity 22 was directed to use 2 halite to move north, but only 0 halite was available
At command 12 of 12:
    10   m 15 w
    11   m 8 o
>>> 12   m 22 n


Turn 117
================================================================
warning: entity 6 was directed to use 2 halite to move north, but only 0 halite was available
At command 8 of 13:
    6   m 15 o
    7   m 8 w
>>> 8   m 6 n
    9   m 22 o
    10   m 4 e


Turn 145
================================================================
warning: entity 10 was directed to use 1 halite to move west, but only 0 halite was available
At command 15 of 16:
    13   m 22 o
    14   m 17 s
>>> 15   m 10 w
    16   m 20 s

