
Turn 3
================================================================
warning: entity 1 was directed to use 2 halite to move east, but only 0 halite was available
At command 1 of 2:
>>> 1   m 1 e
    2   g


Turn 39
================================================================
warning: entity 5 was directed to use 1 halite to move north, but only 0 halite was available
At command 2 of 3:
    1   m 1 w
>>> 2   m 5 n
    3   m 3 o


Turn 55
================================================================
warning: entity 1 was directed to use 2 halite to move north, but only 0 halite was available
At command 2 of 3:
    1   m 5 o
>>> 2   m 1 n
    3   m 3 e


Turn 68
================================================================
warning: entity 5 was directed to use 2 halite to move north, but only 0 halite was available
At command 3 of 3:
    1   m 1 o
    2   m 3 n
>>> 3   m 5 n


Turn 70
================================================================
warning: entity 3 was directed to use 2 halite to move north, but only 0 halite was available
At command 2 of 4:
    1   m 1 s
>>> 2   m 3 n
    3   m 5 o
    4   m 7 n


Turn 95
================================================================
warning: entity 3 was directed to use 1 halite to move south, but only 0 halite was available
At command 2 of 4:
    1   m 5 w
>>> 2   m 3 s
    3   m 7 s
    4   m 1 s


Turn 107
================================================================
warning: entity 7 was directed to use 1 halite to move east, but only 0 halite was available
At command 3 of 6:
    1   m 1 o
    2   m 9 o
>>> 3   m 7 e
    4   m 5 s
    5   m 3 o


Turn 109
================================================================
warning: entity 10 was directed to use 1 halite to move north, but only 0 halite was available
At command 6 of 6:
    4   m 5 n
    5   m 7 e
>>> 6   m 10 n


Turn 119
================================================================
warning: entity 5 was directed to use 1 halite to move west, but only 0 halite was available
At command 6 of 6:
    4   m 3 w
    5   m 10 o
>>> 6   m 5 w


Turn 136
================================================================
warning: entity 1 was directed to use 5 halite to move south, but only 0 halite was available
At command 6 of 7:
    4   m 7 o
    5   m 9 e
>>> 6   m 1 s
    7   m 10 e


Turn 141
================================================================
warning: entity 15 was directed to use 2 halite to move west, but only 0 halite was available
At command 6 of 8:
    4   m 9 s
    5   m 3 o
>>> 6   m 15 w
    7   m 7 o
    8   m 10 s


Turn 164
================================================================
warning: entity 7 was directed to use 4 halite to move east, but only 2 halite was available
At command 5 of 9:
    3   m 13 e
    4   m 17 s
>>> 5   m 7 e
    6   m 3 o
    7   m 5 e


Turn 174
================================================================
warning: entity 1 was directed to use 1 halite to move east, but only 0 halite was available
At command 9 of 9:
    7   m 5 o
    8   m 3 s
>>> 9   m 1 e

