
Turn 3
================================================================
warning: entity 0 was directed to use 2 halite to move west, but only 0 halite was available
At command 1 of 2:
>>> 1   m 0 w
    2   g


Turn 36
================================================================
warning: entity 4 was directed to use 1 halite to move east, but only 0 halite was available
At command 2 of 3:
    1   m 2 w
>>> 2   m 4 e
    3   m 0 n

warning: entity 0 was directed to use 5 halite to move north, but only 1 halite was available
At command 3 of 3:
    1   m 2 w
    2   m 4 e
>>> 3   m 0 n


Turn 65
================================================================
warning: entity 2 was directed to use 2 halite to move north, but only 0 halite was available
At command 3 of 4:
    1   m 0 o
    2   m 4 o
>>> 3   m 2 n
    4   m 6 n


Turn 73
================================================================
warning: entity 4 was directed to use 1 halite to move south, but only 0 halite was available
At command 4 of 4:
    2   m 2 o
    3   m 6 e
>>> 4   m 4 s


Turn 100
================================================================
warning: entity 0 was directed to use 5 halite to move south, but only 3 halite was available
At command 4 of 5:
    2   m 2 s
    3   m 8 o
>>> 4   m 0 s
    5   m 6 o


Turn 113
================================================================
warning: entity 11 was directed to use 1 halite to move north, but only 0 halite was available
At command 6 of 6:
    4   m 4 o
    5   m 6 o
>>> 6   m 11 n


Turn 127
================================================================
warning: entity 4 was directed to use 2 halite to move north, but only 0 halite was available
At command 6 of 7:
    4   m 8 w
    5   m 2 s
>>> 6   m 4 n
    7   m 12 e


Turn 140
================================================================
warning: entity 14 was directed to use 3 halite to move west, but only 0 halite was available
At command 3 of 8:
    1   m 12 o
    2   m 4 n
>>> 3   m 14 w
    4   m 6 e
    5   m 2 n


Turn 143
================================================================
warning: entity 8 was directed to use 1 halite to move west, but only 0 halite was available
At command 6 of 8:
    4   m 14 o
    5   m 11 e
>>> 6   m 8 w
    7   m 0 o
    8   m 2 o


Turn 209
================================================================
warning: entity 14 was directed to use 1 halite to move west, but only 0 halite was available
At command 8 of 13:
    6   m 18 o
    7   m 19 n
>>> 8   m 14 w
    9   m 4 o
    10   m 21 o


Turn 268
================================================================
warning: entity 14 was directed to use 2 halite to move east, but only 1 halite was available
At command 11 of 13:
    9   m 4 o
    10   m 6 o
>>> 11   m 14 e
    12   m 11 o
    13   m 25 o


Turn 271
================================================================
warning: entity 12 was directed to use 1 halite to move east, but only 0 halite was available
At command 10 of 13:
    8   m 18 e
    9   m 2 s
>>> 10   m 12 e
    11   m 21 e
    12   m 25 e

warning: entity 25 was directed to use 3 halite to move east, but only 1 halite was available
At command 12 of 13:
    10   m 12 e
    11   m 21 e
>>> 12   m 25 e
    13   m 11 e


Turn 332
================================================================
warning: entity 2 was directed to use 2 halite to move west, but only 0 halite was available
At command 13 of 13:
    11   m 8 s
    12   m 4 w
>>> 13   m 2 w

