
Turn 3
================================================================
warning: entity 1 was directed to use 3 halite to move south, but only 0 halite was available
At command 1 of 2:
>>> 1   m 1 s
    2   g


Turn 33
================================================================
warning: entity 1 was directed to use 1 halite to move north, but only 0 halite was available
At command 2 of 2:
    1   m 3 o
>>> 2   m 1 n


Turn 43
================================================================
warning: entity 3 was directed to use 2 halite to move east, but only 0 halite was available
At command 2 of 3:
    1   m 1 o
>>> 2   m 3 e
    3   g


Turn 45
================================================================
warning: entity 8 was directed to use 1 halite to move north, but only 0 halite was available
At command 1 of 3:
>>> 1   m 8 n
    2   m 1 o
    3   m 3 n

warning: entity 3 was directed to use 6 halite to move north, but only 5 halite was available
At command 3 of 3:
    1   m 8 n
    2   m 1 o
>>> 3   m 3 n


Turn 69
================================================================
warning: entity 3 was directed to use 2 halite to move east, but only 0 halite was available
At command 3 of 4:
    1   m 8 e
    2   m 1 o
>>> 3   m 3 e
    4   g


Turn 71
================================================================
warning: entity 10 was directed to use 2 halite to move west, but only 0 halite was available
At command 4 of 4:
    2   m 8 e
    3   m 3 e
>>> 4   m 10 w


Turn 72
================================================================
warning: entity 3 was directed to use 14 halite to move east, but only 0 halite was available
At command 4 of 4:
    2   m 10 n
    3   m 8 s
>>> 4   m 3 e


Turn 83
================================================================
warning: entity 8 was directed to use 2 halite to move north, but only 0 halite was available
At command 4 of 4:
    2   m 1 o
    3   m 10 o
>>> 4   m 8 n


Turn 95
================================================================
warning: entity 12 was directed to use 1 halite to move east, but only 0 halite was available
At command 5 of 5:
    3   m 8 o
    4   m 1 o
>>> 5   m 12 e


Turn 112
================================================================
warning: entity 1 was directed to use 3 halite to move east, but only 0 halite was available
At command 5 of 5:
    3   m 10 o
    4   m 8 s
>>> 5   m 1 e


Turn 120
================================================================
warning: entity 8 was directed to use 2 halite to move east, but only 0 halite was available
At command 6 of 6:
    4   m 3 o
    5   m 16 n
>>> 6   m 8 e


Turn 144
================================================================
warning: entity 1 was directed to use 1 halite to move east, but only 0 halite was available
At command 6 of 7:
    4   m 18 o
    5   m 12 n
>>> 6   m 1 e
    7   m 3 s

