
Turn 3
================================================================
warning: entity 0 was directed to use 12 halite to move west, but only 0 halite was available
At command 1 of 2:
>>> 1   m 0 w
    2   g


Turn 21
================================================================
warning: entity 0 was directed to use 11 halite to move east, but only 0 halite was available
At command 5 of 5:
    3   m 6 o
    4   m 2 e
>>> 5   m 0 e


Turn 41
================================================================
warning: entity 9 was directed to use 2 halite to move east, but only 0 halite was available
At command 7 of 7:
    5   m 0 w
    6   m 6 w
>>> 7   m 9 e


Turn 63
================================================================
warning: entity 4 was directed to use 4 halite to move west, but only 0 halite was available
At command 8 of 9:
    6   m 7 e
    7   m 5 w
>>> 8   m 4 w
    9   g


Turn 73
================================================================
warning: entity 7 was directed to use 3 halite to move west, but only 0 halite was available
At command 8 of 10:
    6   m 9 o
    7   m 12 e
>>> 8   m 7 w
    9   m 5 o
    10   g


Turn 75
================================================================
warning: entity 13 was directed to use 1 halite to move west, but only 0 halite was available
At command 5 of 10:
    3   m 6 o
    4   m 12 n
>>> 5   m 13 w
    6   m 0 o
    7   m 11 o


Turn 94
================================================================
warning: entity 16 was directed to use 2 halite to move west, but only 0 halite was available
At command 9 of 11:
    7   m 11 s
    8   m 0 o
>>> 9   m 16 w
    10   m 4 n
    11   m 9 e


Turn 100
================================================================
warning: entity 4 was directed to use 1 halite to move west, but only 0 halite was available
At command 11 of 12:
    9   m 9 e
    10   m 6 o
>>> 11   m 4 w
    12   g


Turn 119
================================================================
warning: entity 18 was directed to use 2 halite to move west, but only 1 halite was available
At command 9 of 14:
    7   m 13 s
    8   m 0 w
>>> 9   m 18 w
    10   m 4 o
    11   m 12 o


Turn 125
================================================================
warning: entity 5 was directed to use 6 halite to move west, but only 2 halite was available
At command 15 of 15:
    13   m 20 o
    14   m 9 w
>>> 15   m 5 w


Turn 146
================================================================
warning: entity 25 was directed to use 1 halite to move west, but only 0 halite was available
At command 17 of 17:
    15   m 0 w
    16   m 12 e
>>> 17   m 25 w


Turn 152
================================================================
warning: entity 16 was directed to use 2 halite to move west, but only 1 halite was available
At command 12 of 17:
    10   m 17 w
    11   m 18 w
>>> 12   m 16 w
    13   m 5 o
    14   m 9 o


Turn 155
================================================================
warning: entity 17 was directed to use 1 halite to move south, but only 0 halite was available
At command 13 of 18:
    11   m 4 n
    12   m 23 o
>>> 13   m 17 s
    14   m 11 o
    15   m 20 n


Turn 192
================================================================
warning: entity 4 was directed to use 1 halite to move west, but only 0 halite was available
At command 21 of 23:
    19   m 17 e
    20   m 35 w
>>> 21   m 4 w
    22   m 11 s
    23   m 23 n


Turn 261
================================================================
warning: entity 32 was directed to use 1 halite to move east, but only 0 halite was available
At command 15 of 24:
    13   m 13 o
    14   m 17 o
>>> 15   m 32 e
    16   m 25 e
    17   m 9 e

