
Turn 3
================================================================
warning: entity 1 was directed to use 7 halite to move east, but only 0 halite was available
At command 1 of 2:
>>> 1   m 1 e
    2   g


Turn 5
================================================================
warning: entity 2 was directed to use 5 halite to move west, but only 0 halite was available
At command 2 of 3:
    1   m 1 e
>>> 2   m 2 w
    3   g


Turn 7
================================================================
warning: entity 3 was directed to use 3 halite to move east, but only 0 halite was available
At command 3 of 4:
    1   m 2 s
    2   m 1 e
>>> 3   m 3 e
    4   g


Turn 8
================================================================
warning: entity 1 was directed to use 4 halite to move west, but only 3 halite was available
At command 3 of 4:
    1   m 3 w
    2   m 2 w
>>> 3   m 1 w
    4   m 4 s


Turn 9
================================================================
warning: entity 4 was directed to use 8 halite to move west, but only 0 halite was available
At command 4 of 4:
    2   m 3 n
    3   m 2 s
>>> 4   m 4 w


Turn 10
================================================================
warning: entity 3 was directed to use 4 halite to move south, but only 0 halite was available
At command 4 of 5:
    2   m 1 e
    3   m 2 s
>>> 4   m 3 s
    5   g


Turn 12
================================================================
warning: entity 5 was directed to use 1 halite to move east, but only 0 halite was available
At command 3 of 5:
    1   m 2 o
    2   m 3 s
>>> 3   m 5 e
    4   m 4 w
    5   m 1 w

warning: entity 1 was directed to use 6 halite to move west, but only 2 halite was available
At command 5 of 5:
    3   m 5 e
    4   m 4 w
>>> 5   m 1 w


Turn 13
================================================================
warning: entity 3 was directed to use 6 halite to move north, but only 0 halite was available
At command 4 of 5:
    2   m 5 s
    3   m 1 e
>>> 4   m 3 n
    5   m 4 n

warning: entity 4 was directed to use 5 halite to move north, but only 4 halite was available
At command 5 of 5:
    3   m 1 e
    4   m 3 n
>>> 5   m 4 n

warning: owned entities 5, 4 collided on cell (22, 17) as the result of moves on this turn
At command 2 of 5:
    1   m 2 o
>>> 2   m 5 s
    3   m 1 e
    4   m 3 n


Turn 18
================================================================
warning: entity 3 was directed to use 3 halite to move north, but only 2 halite was available
At command 3 of 3:
    1   m 1 s
    2   m 2 o
>>> 3   m 3 n


Turn 25
================================================================
warning: entity 3 was directed to use 8 halite to move west, but only 2 halite was available
At command 3 of 3:
    1   m 2 s
    2   m 1 e
>>> 3   m 3 w


Turn 26
================================================================
warning: owned entities 3, 2 collided on cell (23, 20) as the result of moves on this turn
At command 1 of 3:
>>> 1   m 3 w
    2   m 2 e
    3   m 1 o

Other commands that placed an entity on this cell:
    1   m 3 w
>>> 2   m 2 e
    3   m 1 o

