
Turn 3
================================================================
warning: entity 1 was directed to use 9 halite to move north, but only 0 halite was available
At command 1 of 2:
>>> 1   m 1 n
    2   g


Turn 21
================================================================
warning: entity 1 was directed to use 7 halite to move north, but only 0 halite was available
At command 2 of 2:
    1   m 3 n
>>> 2   m 1 n


Turn 45
================================================================
warning: entity 1 was directed to use 5 halite to move north, but only 0 halite was available
At command 2 of 3:
    1   m 7 w
>>> 2   m 1 n
    3   m 3 o


Turn 90
================================================================
warning: entity 10 was directed to use 3 halite to move west, but only 0 halite was available
At command 5 of 5:
    3   m 1 e
    4   m 3 w
>>> 5   m 10 w


Turn 96
================================================================
warning: entity 3 was directed to use 3 halite to move west, but only 0 halite was available
At command 4 of 6:
    2   m 1 s
    3   m 10 o
>>> 4   m 3 w
    5   m 13 s
    6   g


Turn 98
================================================================
warning: entity 17 was directed to use 1 halite to move east, but only 0 halite was available
At command 1 of 6:
>>> 1   m 17 e
    2   m 1 o
    3   m 7 n


Turn 115
================================================================
warning: entity 13 was directed to use 2 halite to move east, but only 0 halite was available
At command 7 of 8:
    5   m 17 o
    6   m 1 o
>>> 7   m 13 e
    8   g


Turn 117
================================================================
warning: entity 22 was directed to use 2 halite to move west, but only 0 halite was available
At command 8 of 8:
    6   m 1 o
    7   m 17 n
>>> 8   m 22 w


Turn 150
================================================================
warning: entity 28 was directed to use 1 halite to move west, but only 0 halite was available
At command 8 of 10:
    6   m 17 o
    7   m 7 o
>>> 8   m 28 w
    9   m 1 o
    10   m 20 n


Turn 157
================================================================
warning: entity 3 was directed to use 1 halite to move east, but only 0 halite was available
At command 10 of 11:
    8   m 22 o
    9   m 20 w
>>> 10   m 3 e
    11   m 30 n


Turn 169
================================================================
warning: entity 33 was directed to use 1 halite to move south, but only 0 halite was available
At command 12 of 12:
    10   m 13 o
    11   m 1 s
>>> 12   m 33 s


Turn 177
================================================================
warning: entity 35 was directed to use 1 halite to move south, but only 0 halite was available
At command 13 of 13:
    11   m 10 w
    12   m 17 e
>>> 13   m 35 s


Turn 208
================================================================
warning: entity 26 was directed to use 1 halite to move east, but only 0 halite was available
At command 7 of 15:
    5   m 3 n
    6   m 30 s
>>> 7   m 26 e
    8   m 1 o
    9   m 28 s

