
Turn 17
================================================================
warning: entity 6 was directed to use 8 halite to move west, but only 0 halite was available
At command 5 of 5:
    3   m 5 n
    4   m 4 o
>>> 5   m 6 w


Turn 36
================================================================
warning: entity 7 was directed to use 6 halite to move east, but only 0 halite was available
At command 6 of 6:
    4   m 1 o
    5   m 4 n
>>> 6   m 7 e


Turn 41
================================================================
warning: entity 8 was directed to use 4 halite to move east, but only 0 halite was available
At command 7 of 7:
    5   m 6 o
    6   m 4 o
>>> 7   m 8 e


Turn 51
================================================================
warning: entity 9 was directed to use 6 halite to move west, but only 0 halite was available
At command 6 of 8:
    4   m 6 s
    5   m 4 o
>>> 6   m 9 w
    7   m 1 o
    8   m 5 o


Turn 85
================================================================
warning: entity 13 was directed to use 1 halite to move west, but only 0 halite was available
At command 9 of 12:
    7   m 4 o
    8   m 8 w
>>> 9   m 13 w
    10   m 2 w
    11   m 5 e


Turn 90
================================================================
warning: entity 5 was directed to use 2 halite to move west, but only 0 halite was available
At command 11 of 12:
    9   m 2 e
    10   m 11 o
>>> 11   m 5 w
    12   m 13 o


Turn 93
================================================================
warning: entity 2 was directed to use 1 halite to move west, but only 0 halite was available
At command 11 of 13:
    9   m 10 e
    10   m 9 n
>>> 11   m 2 w
    12   m 6 e
    13   g


Turn 108
================================================================
warning: entity 10 was directed to use 3 halite to move east, but only 1 halite was available
At command 6 of 15:
    4   m 5 o
    5   m 16 o
>>> 6   m 10 e
    7   m 8 e
    8   m 1 w


Turn 118
================================================================
warning: entity 7 was directed to use 1 halite to move north, but only 0 halite was available
At command 15 of 17:
    13   m 1 o
    14   m 12 n
>>> 15   m 7 n
    16   m 4 s
    17   m 18 n


Turn 127
================================================================
warning: entity 13 was directed to use 1 halite to move east, but only 0 halite was available
At command 12 of 18:
    10   m 2 e
    11   m 12 e
>>> 12   m 13 e
    13   m 17 o
    14   m 7 o


Turn 130
================================================================
warning: entity 19 was directed to use 1 halite to move west, but only 0 halite was available
At command 16 of 18:
    14   m 12 n
    15   m 4 n
>>> 16   m 19 w
    17   m 1 e
    18   m 11 o


Turn 139
================================================================
warning: entity 1 was directed to use 2 halite to move north, but only 0 halite was available
At command 14 of 20:
    12   m 15 w
    13   m 18 o
>>> 14   m 1 n
    15   m 12 o
    16   m 14 o


Turn 163
================================================================
warning: entity 24 was directed to use 1 halite to move south, but only 0 halite was available
At command 23 of 23:
    21   m 6 o
    22   m 17 e
>>> 23   m 24 s


Turn 211
================================================================
warning: entity 17 was directed to use 1 halite to move east, but only 0 halite was available
At command 30 of 30:
    28   m 9 e
    29   m 5 o
>>> 30   m 17 e


Turn 225
================================================================
warning: entity 23 was directed to use 2 halite to move west, but only 0 halite was available
At command 28 of 30:
    26   m 5 o
    27   m 2 e
>>> 28   m 23 w
    29   m 11 s
    30   m 20 e


Turn 398
================================================================
warning: entity 25 was directed to use 1 halite to move west, but only 0 halite was available
At command 29 of 30:
    27   m 24 w
    28   m 26 w
>>> 29   m 25 w
    30   m 30 w

