
Turn 4
================================================================
warning: entity 1 was directed to use 1 halite to move west, but only 0 halite was available
At command 1 of 2:
>>> 1   m 1 w
    2   m 2 n


Turn 5
================================================================
warning: entity 2 was directed to use 3 halite to move north, but only 0 halite was available
At command 2 of 3:
    1   m 1 s
>>> 2   m 2 n
    3   g


Turn 6
================================================================
warning: entity 1 was directed to use 5 halite to move east, but only 3 halite was available
At command 2 of 3:
    1   m 2 e
>>> 2   m 1 e
    3   m 3 s


Turn 7
================================================================
warning: entity 3 was directed to use 2 halite to move north, but only 0 halite was available
At command 3 of 4:
    1   m 1 n
    2   m 2 s
>>> 3   m 3 n
    4   g


Turn 8
================================================================
warning: owned entities 3, 2 collided on cell (24, 17) as the result of moves on this turn
At command 1 of 4:
>>> 1   m 3 e
    2   m 1 e
    3   m 2 s

Other commands that placed an entity on this cell:
    1   m 3 e
    2   m 1 e
>>> 3   m 2 s
    4   m 4 e


Turn 10
================================================================
warning: entity 1 was directed to use 9 halite to move south, but only 7 halite was available
At command 1 of 3:
>>> 1   m 1 s
    2   m 4 s
    3   m 5 e

warning: entity 4 was directed to use 2 halite to move south, but only 0 halite was available
At command 2 of 3:
    1   m 1 s
>>> 2   m 4 s
    3   m 5 e


Turn 12
================================================================
warning: entity 5 was directed to use 2 halite to move east, but only 0 halite was available
At command 3 of 3:
    1   m 1 n
    2   m 4 s
>>> 3   m 5 e


Turn 13
================================================================
warning: entity 4 was directed to use 7 halite to move east, but only 3 halite was available
At command 3 of 3:
    1   m 5 e
    2   m 1 o
>>> 3   m 4 e


Turn 14
================================================================
warning: entity 5 was directed to use 7 halite to move west, but only 5 halite was available
At command 3 of 3:
    1   m 1 o
    2   m 4 e
>>> 3   m 5 w


Turn 21
================================================================
warning: entity 4 was directed to use 4 halite to move west, but only 0 halite was available
At command 3 of 3:
    1   m 1 w
    2   m 5 o
>>> 3   m 4 w


Turn 24
================================================================
warning: owned entities 4, 5 collided on cell (27, 18) as the result of moves on this turn
At command 2 of 3:
    1   m 5 o
>>> 2   m 4 e
    3   m 1 w

