
Turn 3
================================================================
warning: entity 0 was directed to use 1 halite to move north, but only 0 halite was available
At command 1 of 2:
>>> 1   m 0 n
    2   g


Turn 5
================================================================
warning: entity 2 was directed to use 4 halite to move south, but only 0 halite was available
At command 2 of 3:
    1   m 0 o
>>> 2   m 2 s
    3   g


Turn 7
================================================================
warning: entity 4 was directed to use 3 halite to move east, but only 0 halite was available
At command 3 of 4:
    1   m 0 o
    2   m 2 o
>>> 3   m 4 e
    4   g


Turn 10
================================================================
warning: entity 4 was directed to use 10 halite to move south, but only 1 halite was available
At command 5 of 5:
    3   m 2 o
    4   m 6 o
>>> 5   m 4 s


Turn 11
================================================================
warning: entity 8 was directed to use 2 halite to move south, but only 0 halite was available
At command 1 of 5:
>>> 1   m 8 s
    2   m 0 o
    3   m 2 o


Turn 12
================================================================
warning: owned entities 8, 2 collided on cell (8, 18) as the result of moves on this turn
At command 1 of 5:
>>> 1   m 8 s
    2   m 0 o
    3   m 2 o


Turn 15
================================================================
warning: entity 4 was directed to use 13 halite to move south, but only 4 halite was available
At command 3 of 3:
    1   m 0 o
    2   m 6 o
>>> 3   m 4 s


Turn 18
================================================================
warning: entity 4 was directed to use 18 halite to move east, but only 10 halite was available
At command 3 of 3:
    1   m 0 o
    2   m 6 o
>>> 3   m 4 e


Turn 21
================================================================
warning: entity 4 was directed to use 58 halite to move east, but only 33 halite was available
At command 3 of 3:
    1   m 0 o
    2   m 6 o
>>> 3   m 4 e

