
Turn 17
================================================================
warning: owned entities 3, 0 collided on cell (8, 13) as the result of moves on this turn
At command 2 of 5:
    1   m 0 o
>>> 2   m 3 s
    3   m 5 o
    4   m 7 o


Turn 37
================================================================
warning: spawn on cell (8, 16) collided with owned entity 5 on that cell
At command 3 of 3:
    1   m 5 s
    2   m 9 o
>>> 3   g


Turn 52
================================================================
warning: owned entities 7, 10 collided on cell (8, 13) as the result of moves on this turn
At command 1 of 3:
>>> 1   m 7 e
    2   m 9 o
    3   m 10 o


Turn 91
================================================================
warning: owned entities 15, 9 collided on cell (8, 13) as the result of moves on this turn
At command 3 of 3:
    1   m 9 o
    2   m 14 e
>>> 3   m 15 w


Turn 202
================================================================
warning: owned entities 19, 17 collided on cell (7, 16) as the result of moves on this turn
At command 3 of 4:
    1   m 14 o
    2   m 17 o
>>> 3   m 19 w
    4   m 21 o


Turn 268
================================================================
warning: owned entities 21, 14 collided on cell (8, 14) as the result of moves on this turn
At command 2 of 2:
    1   m 14 o
>>> 2   m 21 s

