
Turn 9
================================================================
warning: owned entities 5, 3 collided on cell (8, 15) as the result of moves on this turn
At command 3 of 3:
    1   m 3 o
    2   m 0 o
>>> 3   m 5 n


Turn 15
================================================================
warning: owned entities 9, 7 collided on cell (8, 15) as the result of moves on this turn
At command 3 of 3:
    1   m 7 o
    2   m 0 o
>>> 3   m 9 n


Turn 95
================================================================
warning: spawn on cell (8, 16) collided with owned entity 0 on that cell
At command 3 of 3:
    1   m 0 w
    2   m 14 o
>>> 3   g


Turn 169
================================================================
warning: owned entities 29, 14 collided on cell (9, 15) as the result of moves on this turn
At command 4 of 4:
    2   m 14 o
    3   m 17 o
>>> 4   m 29 n

