
Turn 3
================================================================
warning: entity 1 was directed to use 4 halite to move north, but only 0 halite was available
At command 1 of 2:
>>> 1   m 1 n
    2   g


Turn 36
================================================================
warning: entity 3 was directed to use 3 halite to move south, but only 0 halite was available
At command 2 of 2:
    1   m 1 s
>>> 2   m 3 s


Turn 40
================================================================
warning: entity 1 was directed to use 2 halite to move west, but only 0 halite was available
At command 2 of 3:
    1   m 3 o
>>> 2   m 1 w
    3   g


Turn 142
================================================================
warning: entity 15 was directed to use 1 halite to move north, but only 0 halite was available
At command 1 of 5:
>>> 1   m 15 n
    2   m 7 e
    3   m 3 o

