
Turn 67
================================================================
warning: entity 3 was directed to use 15 halite to move south, but only 2 halite was available
At command 3 of 3:
    1   m 1 s
    2   m 5 w
>>> 3   m 3 s


Turn 94
================================================================
warning: entity 3 was directed to use 2 halite to move south, but only 0 halite was available
At command 3 of 4:
    1   m 5 e
    2   m 1 w
>>> 3   m 3 s
    4   g


Turn 99
================================================================
warning: entity 5 was directed to use 2 halite to move west, but only 0 halite was available
At command 4 of 5:
    2   m 7 s
    3   m 1 s
>>> 4   m 5 w
    5   g


Turn 135
================================================================
warning: entity 7 was directed to use 1 halite to move south, but only 0 halite was available
At command 5 of 6:
    3   m 3 n
    4   m 5 n
>>> 5   m 7 s
    6   g


Turn 137
================================================================
warning: entity 7 was directed to use 4 halite to move east, but only 3 halite was available
At command 5 of 6:
    3   m 3 s
    4   m 11 o
>>> 5   m 7 e
    6   m 5 o


Turn 146
================================================================
warning: entity 13 was directed to use 1 halite to move south, but only 0 halite was available
At command 7 of 7:
    5   m 7 o
    6   m 5 o
>>> 7   m 13 s


Turn 156
================================================================
warning: entity 9 was directed to use 1 halite to move south, but only 0 halite was available
At command 1 of 7:
>>> 1   m 9 s
    2   m 1 n
    3   m 3 o


Turn 251
================================================================
warning: entity 3 was directed to use 2 halite to move east, but only 0 halite was available
At command 9 of 9:
    7   m 5 n
    8   m 11 s
>>> 9   m 3 e

