
Turn 3
================================================================
warning: entity 1 was directed to use 3 halite to move south, but only 0 halite was available
At command 1 of 2:
>>> 1   m 1 s
    2   g


Turn 5
================================================================
warning: entity 1 was directed to use 9 halite to move south, but only 8 halite was available
At command 2 of 2:
    1   m 2 e
>>> 2   m 1 s


Turn 9
================================================================
warning: entity 4 was directed to use 2 halite to move east, but only 0 halite was available
At command 3 of 4:
    1   m 1 o
    2   m 2 o
>>> 3   m 4 e
    4   g


Turn 12
================================================================
warning: entity 6 was directed to use 4 halite to move west, but only 0 halite was available
At command 4 of 5:
    2   m 2 o
    3   m 4 o
>>> 4   m 6 w
    5   m 8 n


Turn 40
================================================================
warning: entity 1 was directed to use 1 halite to move south, but only 0 halite was available
At command 4 of 5:
    2   m 2 w
    3   m 8 o
>>> 4   m 1 s
    5   m 6 o


Turn 47
================================================================
warning: entity 10 was directed to use 2 halite to move west, but only 0 halite was available
At command 1 of 6:
>>> 1   m 10 w
    2   m 2 n
    3   m 1 o


Turn 60
================================================================
warning: entity 4 was directed to use 1 halite to move south, but only 0 halite was available
At command 4 of 8:
    2   m 10 o
    3   m 2 s
>>> 4   m 4 s
    5   m 12 w
    6   m 8 o


Turn 76
================================================================
warning: entity 6 was directed to use 1 halite to move east, but only 0 halite was available
At command 5 of 8:
    3   m 2 w
    4   m 10 o
>>> 5   m 6 e
    6   m 14 o
    7   m 8 o


Turn 79
================================================================
warning: entity 6 was directed to use 6 halite to move north, but only 0 halite was available
At command 3 of 8:
    1   m 12 w
    2   m 4 o
>>> 3   m 6 n
    4   m 14 n
    5   m 8 e


Turn 110
================================================================
warning: entity 8 was directed to use 2 halite to move east, but only 0 halite was available
At command 10 of 10:
    8   m 12 s
    9   m 6 w
>>> 10   m 8 e


Turn 122
================================================================
warning: entity 23 was directed to use 1 halite to move south, but only 0 halite was available
At command 10 of 10:
    8   m 1 o
    9   m 6 s
>>> 10   m 23 s


Turn 126
================================================================
warning: entity 2 was directed to use 1 halite to move south, but only 0 halite was available
At command 7 of 11:
    5   m 6 w
    6   m 19 o
>>> 7   m 2 s
    8   m 1 o
    9   m 23 s


Turn 138
================================================================
warning: entity 6 was directed to use 1 halite to move east, but only 0 halite was available
At command 11 of 12:
    9   m 24 o
    10   m 1 w
>>> 11   m 6 e
    12   m 27 e


Turn 169
================================================================
warning: entity 29 was directed to use 12 halite to move north, but only 8 halite was available
At command 14 of 14:
    12   m 12 e
    13   m 18 s
>>> 14   m 29 n


Turn 203
================================================================
warning: entity 35 was directed to use 1 halite to move west, but only 0 halite was available
At command 19 of 19:
    17   m 29 o
    18   m 2 o
>>> 19   m 35 w


Turn 206
================================================================
warning: entity 35 was directed to use 12 halite to move west, but only 1 halite was available
At command 18 of 19:
    16   m 29 s
    17   m 2 e
>>> 18   m 35 w
    19   m 23 o


Turn 209
================================================================
warning: entity 1 was directed to use 5 halite to move west, but only 0 halite was available
At command 19 of 19:
    17   m 4 e
    18   m 10 w
>>> 19   m 1 w


Turn 256
================================================================
warning: entity 34 was directed to use 1 halite to move east, but only 0 halite was available
At command 15 of 19:
    13   m 28 o
    14   m 12 e
>>> 15   m 34 e
    16   m 24 n
    17   m 4 o


Turn 314
================================================================
warning: entity 25 was directed to use 2 halite to move east, but only 0 halite was available
At command 15 of 19:
    13   m 27 o
    14   m 29 o
>>> 15   m 25 e
    16   m 33 n
    17   m 23 e


Turn 321
================================================================
warning: entity 23 was directed to use 2 halite to move east, but only 1 halite was available
At command 15 of 19:
    13   m 34 o
    14   m 1 s
>>> 15   m 23 e
    16   m 32 w
    17   m 18 e

