
Turn 46
================================================================
warning: entity 2 was directed to use 2 halite to move west, but only 0 halite was available
At command 5 of 5:
    3   m 0 w
    4   m 5 o
>>> 5   m 2 w


Turn 62
================================================================
warning: entity 0 was directed to use 3 halite to move south, but only 0 halite was available
At command 1 of 7:
>>> 1   m 0 s
    2   m 8 o
    3   m 2 o


Turn 67
================================================================
warning: entity 6 was directed to use 1 halite to move west, but only 0 halite was available
At command 7 of 8:
    5   m 5 o
    6   m 9 w
>>> 7   m 6 w
    8   g


Turn 69
================================================================
warning: entity 10 was directed to use 1 halite to move south, but only 0 halite was available
At command 1 of 8:
>>> 1   m 10 s
    2   m 2 o
    3   m 5 o


Turn 126
================================================================
warning: entity 5 was directed to use 1 halite to move north, but only 0 halite was available
At command 10 of 11:
    8   m 8 o
    9   m 0 e
>>> 10   m 5 n
    11   m 15 n


Turn 171
================================================================
warning: entity 10 was directed to use 2 halite to move south, but only 1 halite was available
At command 15 of 16:
    13   m 21 o
    14   m 14 n
>>> 15   m 10 s
    16   m 0 o

