
Turn 6
================================================================
warning: entity 3 was directed to use 10 halite to move north, but only 0 halite was available
At command 1 of 3:
>>> 1   m 3 n
    2   m 1 o
    3   g


Turn 40
================================================================
warning: entity 10 was directed to use 4 halite to move north, but only 0 halite was available
At command 4 of 6:
    2   m 1 s
    3   m 7 w
>>> 4   m 10 n
    5   m 3 o
    6   m 5 w


Turn 45
================================================================
warning: entity 13 was directed to use 3 halite to move west, but only 0 halite was available
At command 6 of 7:
    4   m 7 n
    5   m 5 o
>>> 6   m 13 w
    7   m 10 o


Turn 48
================================================================
warning: entity 7 was directed to use 5 halite to move east, but only 0 halite was available
At command 7 of 8:
    5   m 3 o
    6   m 10 n
>>> 7   m 7 e
    8   g


Turn 57
================================================================
warning: entity 9 was directed to use 2 halite to move north, but only 0 halite was available
At command 7 of 8:
    5   m 7 s
    6   m 14 o
>>> 7   m 9 n
    8   m 1 w


Turn 63
================================================================
warning: entity 1 was directed to use 3 halite to move east, but only 0 halite was available
At command 8 of 9:
    6   m 3 o
    7   m 9 o
>>> 8   m 1 e
    9   g


Turn 65
================================================================
warning: entity 17 was directed to use 1 halite to move north, but only 0 halite was available
At command 8 of 9:
    6   m 14 o
    7   m 7 o
>>> 8   m 17 n
    9   m 1 o


Turn 75
================================================================
warning: entity 19 was directed to use 2 halite to move east, but only 0 halite was available
At command 9 of 10:
    7   m 10 w
    8   m 1 o
>>> 9   m 19 e
    10   m 3 o


Turn 81
================================================================
warning: entity 21 was directed to use 1 halite to move north, but only 0 halite was available
At command 8 of 11:
    6   m 5 n
    7   m 7 o
>>> 8   m 21 n
    9   m 1 o
    10   m 14 o


Turn 83
================================================================
warning: entity 5 was directed to use 2 halite to move north, but only 0 halite was available
At command 11 of 12:
    9   m 21 e
    10   m 3 o
>>> 11   m 5 n
    12   g


Turn 85
================================================================
warning: entity 22 was directed to use 2 halite to move west, but only 0 halite was available
At command 10 of 12:
    8   m 5 o
    9   m 10 o
>>> 10   m 22 w
    11   m 3 o
    12   m 13 e


Turn 93
================================================================
warning: entity 7 was directed to use 2 halite to move west, but only 0 halite was available
At command 12 of 13:
    10   m 1 o
    11   m 13 n
>>> 12   m 7 w
    13   m 23 n


Turn 101
================================================================
warning: entity 1 was directed to use 1 halite to move south, but only 0 halite was available
At command 12 of 14:
    10   m 22 o
    11   m 9 w
>>> 12   m 1 s
    13   m 17 w
    14   g


Turn 106
================================================================
warning: entity 13 was directed to use 1 halite to move west, but only 0 halite was available
At command 10 of 14:
    8   m 3 n
    9   m 14 n
>>> 10   m 13 w
    11   m 26 o
    12   m 23 o


Turn 110
================================================================
warning: entity 9 was directed to use 1 halite to move east, but only 0 halite was available
At command 14 of 15:
    12   m 10 o
    13   m 14 s
>>> 14   m 9 e
    15   m 29 n


Turn 117
================================================================
warning: entity 30 was directed to use 1 halite to move west, but only 0 halite was available
At command 13 of 16:
    11   m 1 o
    12   m 5 o
>>> 13   m 30 w
    14   m 17 s
    15   m 13 o


Turn 135
================================================================
warning: entity 21 was directed to use 1 halite to move east, but only 0 halite was available
At command 17 of 18:
    15   m 10 e
    16   m 1 w
>>> 17   m 21 e
    18   m 32 n


Turn 138
================================================================
warning: entity 21 was directed to use 6 halite to move east, but only 0 halite was available
At command 12 of 18:
    10   m 5 o
    11   m 10 o
>>> 12   m 21 e
    13   m 22 n
    14   m 9 o


Turn 164
================================================================
warning: entity 34 was directed to use 4 halite to move east, but only 1 halite was available
At command 17 of 20:
    15   m 19 o
    16   m 29 n
>>> 17   m 34 e
    18   m 9 e
    19   m 31 e


Turn 177
================================================================
warning: entity 36 was directed to use 1 halite to move east, but only 0 halite was available
At command 13 of 22:
    11   m 7 o
    12   m 21 w
>>> 13   m 36 e
    14   m 33 o
    15   m 1 e


Turn 231
================================================================
warning: entity 34 was directed to use 1 halite to move south, but only 0 halite was available
At command 26 of 26:
    24   m 9 o
    25   m 38 w
>>> 26   m 34 s


Turn 360
================================================================
warning: entity 37 was directed to use 1 halite to move east, but only 0 halite was available
At command 19 of 26:
    17   m 36 n
    18   m 30 o
>>> 19   m 37 e
    20   m 17 w
    21   m 5 e

