
Turn 11
================================================================
warning: entity 5 was directed to use 14 halite to move east, but only 0 halite was available
At command 4 of 5:
    2   m 4 w
    3   m 2 s
>>> 4   m 5 e
    5   g


Turn 39
================================================================
warning: entity 5 was directed to use 4 halite to move east, but only 0 halite was available
At command 5 of 6:
    3   m 2 e
    4   m 4 n
>>> 5   m 5 e
    6   g


Turn 44
================================================================
warning: entity 4 was directed to use 3 halite to move west, but only 0 halite was available
At command 6 of 7:
    4   m 6 s
    5   m 2 e
>>> 6   m 4 w
    7   g


Turn 57
================================================================
warning: entity 6 was directed to use 1 halite to move east, but only 0 halite was available
At command 8 of 9:
    6   m 7 w
    7   m 2 o
>>> 8   m 6 e
    9   g


Turn 59
================================================================
warning: entity 10 was directed to use 2 halite to move east, but only 0 halite was available
At command 8 of 9:
    6   m 4 n
    7   m 5 o
>>> 8   m 10 e
    9   m 6 o


Turn 65
================================================================
warning: entity 1 was directed to use 3 halite to move east, but only 0 halite was available
At command 9 of 9:
    7   m 4 o
    8   m 8 o
>>> 9   m 1 e


Turn 89
================================================================
warning: entity 5 was directed to use 3 halite to move west, but only 0 halite was available
At command 9 of 10:
    7   m 7 e
    8   m 9 o
>>> 9   m 5 w
    10   g


Turn 91
================================================================
warning: entity 11 was directed to use 1 halite to move east, but only 0 halite was available
At command 10 of 10:
    8   m 7 n
    9   m 5 o
>>> 10   m 11 e


Turn 93
================================================================
warning: entity 7 was directed to use 2 halite to move east, but only 0 halite was available
At command 10 of 11:
    8   m 1 o
    9   m 11 o
>>> 10   m 7 e
    11   g


Turn 95
================================================================
warning: entity 12 was directed to use 2 halite to move west, but only 0 halite was available
At command 11 of 11:
    9   m 9 w
    10   m 7 o
>>> 11   m 12 w


Turn 110
================================================================
warning: entity 9 was directed to use 1 halite to move south, but only 0 halite was available
At command 12 of 12:
    10   m 5 o
    11   m 11 o
>>> 12   m 9 s


Turn 137
================================================================
warning: entity 11 was directed to use 1 halite to move west, but only 0 halite was available
At command 11 of 14:
    9   m 5 n
    10   m 13 o
>>> 11   m 11 w
    12   m 1 o
    13   m 10 w


Turn 140
================================================================
warning: entity 15 was directed to use 1 halite to move west, but only 0 halite was available
At command 14 of 14:
    12   m 5 n
    13   m 10 w
>>> 14   m 15 w


Turn 144
================================================================
warning: entity 5 was directed to use 1 halite to move north, but only 0 halite was available
At command 14 of 15:
    12   m 8 o
    13   m 13 w
>>> 14   m 5 n
    15   m 16 n


Turn 161
================================================================
warning: entity 12 was directed to use 1 halite to move west, but only 0 halite was available
At command 15 of 16:
    13   m 13 s
    14   m 8 o
>>> 15   m 12 w
    16   m 17 o


Turn 183
================================================================
warning: entity 18 was directed to use 1 halite to move west, but only 0 halite was available
At command 16 of 17:
    14   m 9 o
    15   m 13 o
>>> 16   m 18 w
    17   m 15 s

