
Turn 81
================================================================
warning: entity 6 was directed to use 2 halite to move east, but only 0 halite was available
At command 4 of 4:
    2   m 0 e
    3   m 4 o
>>> 4   m 6 e


Turn 96
================================================================
warning: entity 2 was directed to use 1 halite to move west, but only 0 halite was available
At command 4 of 4:
    2   m 0 s
    3   m 4 w
>>> 4   m 2 w


Turn 98
================================================================
warning: entity 4 was directed to use 2 halite to move east, but only 0 halite was available
At command 4 of 5:
    2   m 0 o
    3   m 2 o
>>> 4   m 4 e
    5   g


Turn 100
================================================================
warning: entity 8 was directed to use 2 halite to move south, but only 0 halite was available
At command 1 of 5:
>>> 1   m 8 s
    2   m 0 s
    3   m 2 s


Turn 129
================================================================
warning: entity 10 was directed to use 1 halite to move west, but only 0 halite was available
At command 4 of 6:
    2   m 8 o
    3   m 6 s
>>> 4   m 10 w
    5   m 2 n
    6   m 4 w


Turn 131
================================================================
warning: entity 10 was directed to use 4 halite to move west, but only 3 halite was available
At command 5 of 6:
    3   m 8 o
    4   m 0 o
>>> 5   m 10 w
    6   m 2 n


Turn 144
================================================================
warning: entity 4 was directed to use 1 halite to move south, but only 0 halite was available
At command 3 of 7:
    1   m 2 o
    2   m 10 o
>>> 3   m 4 s
    4   m 6 o
    5   m 0 e


Turn 257
================================================================
warning: entity 18 was directed to use 2 halite to move west, but only 0 halite was available
At command 8 of 10:
    6   m 12 o
    7   m 2 o
>>> 8   m 18 w
    9   m 0 n
    10   m 16 e


Turn 382
================================================================
error: failed to decode bot message: "T" (at position 1)
Last input received was:
Traceback (most recent call last):
  File "MyBot.py", line 51, in <module>
    max_halite_position = find_best_move(ship)
  File "MyBot.py", line 21, in find_best_move
    if cell.is_empty and cell_value and (cell.position is not ship.position):
AttributeError: 'NoneType' object has no attribute 'is_empty'

