
Turn 3
================================================================
warning: spawn on cell (23, 16) collided with owned entity 1 on that cell
At command 2 of 2:
    1   m 1 e
>>> 2   g


Turn 6
================================================================
warning: entity 3 was directed to use 3 halite to move east, but only 0 halite was available
At command 1 of 2:
>>> 1   m 3 e
    2   g


Turn 8
================================================================
warning: entity 4 was directed to use 1 halite to move south, but only 0 halite was available
At command 2 of 2:
    1   m 3 n
>>> 2   m 4 s


Turn 9
================================================================
warning: entity 3 was directed to use 2 halite to move north, but only 0 halite was available
At command 2 of 3:
    1   m 4 s
>>> 2   m 3 n
    3   g


Turn 10
================================================================
warning: entity 4 was directed to use 7 halite to move east, but only 4 halite was available
At command 2 of 3:
    1   m 3 s
>>> 2   m 4 e
    3   m 6 e


Turn 11
================================================================
warning: entity 6 was directed to use 1 halite to move west, but only 0 halite was available
At command 3 of 3:
    1   m 4 n
    2   m 3 e
>>> 3   m 6 w

warning: owned entities 4, 3, 6 collided on cell (24, 16) as the result of moves on this turn
At command 1 of 3:
>>> 1   m 4 n
    2   m 3 e
    3   m 6 w

Other commands that placed an entity on this cell:
    1   m 4 n
>>> 2   m 3 e
    3   m 6 w

