
Turn 5
================================================================
warning: entity 3 was directed to use 9 halite to move east, but only 0 halite was available
At command 2 of 2:
    1   m 1 n
>>> 2   m 3 e


Turn 8
================================================================
warning: entity 5 was directed to use 6 halite to move south, but only 0 halite was available
At command 3 of 4:
    1   m 1 e
    2   m 3 o
>>> 3   m 5 s
    4   g

warning: owned entities 1, 3 collided on cell (24, 15) as the result of moves on this turn
At command 1 of 4:
>>> 1   m 1 e
    2   m 3 o
    3   m 5 s


Turn 10
================================================================
warning: entity 6 was directed to use 9 halite to move west, but only 0 halite was available
At command 2 of 3:
    1   m 5 o
>>> 2   m 6 w
    3   g


Turn 12
================================================================
warning: entity 8 was directed to use 5 halite to move east, but only 0 halite was available
At command 3 of 3:
    1   m 5 o
    2   m 6 o
>>> 3   m 8 e


Turn 19
================================================================
warning: entity 8 was directed to use 6 halite to move north, but only 5 halite was available
At command 3 of 3:
    1   m 5 w
    2   m 6 w
>>> 3   m 8 n


Turn 97
================================================================
warning: entity 5 was directed to use 8 halite to move north, but only 0 halite was available
At command 3 of 3:
    1   m 8 s
    2   m 6 n
>>> 3   m 5 n


Turn 100
================================================================
warning: entity 5 was directed to use 6 halite to move east, but only 0 halite was available
At command 3 of 4:
    1   m 8 o
    2   m 6 o
>>> 3   m 5 e
    4   g


Turn 102
================================================================
warning: entity 10 was directed to use 5 halite to move south, but only 0 halite was available
At command 1 of 4:
>>> 1   m 10 s
    2   m 8 o
    3   m 6 o


Turn 103
================================================================
warning: entity 5 was directed to use 6 halite to move north, but only 0 halite was available
At command 4 of 4:
    2   m 8 w
    3   m 6 e
>>> 4   m 5 n


Turn 105
================================================================
warning: entity 10 was directed to use 3 halite to move north, but only 1 halite was available
At command 4 of 4:
    2   m 5 o
    3   m 6 e
>>> 4   m 10 n


Turn 111
================================================================
warning: entity 10 was directed to use 9 halite to move south, but only 0 halite was available
At command 4 of 4:
    2   m 8 e
    3   m 5 o
>>> 4   m 10 s


Turn 112
================================================================
warning: owned entities 10, 5 collided on cell (22, 15) as the result of moves on this turn
At command 2 of 4:
    1   m 5 o
>>> 2   m 10 n
    3   m 6 o
    4   m 8 o

