
Turn 144
================================================================
warning: owned entities 15, 9 collided on cell (0, 13) as the result of moves on this turn
At command 8 of 10:
    6   m 11 o
    7   m 12 o
>>> 8   m 15 e
    9   m 19 e
    10   m 20 w


Turn 150
================================================================
warning: owned entities 11, 20 collided on cell (3, 13) as the result of moves on this turn
At command 5 of 7:
    3   m 5 o
    4   m 7 s
>>> 5   m 11 e
    6   m 12 o
    7   m 19 e


Turn 160
================================================================
warning: owned entities 3, 12 collided on cell (31, 24) as the result of moves on this turn
At command 2 of 6:
    1   m 0 s
>>> 2   m 3 w
    3   m 5 o
    4   m 7 o


Turn 177
================================================================
warning: owned entities 0, 7 collided on cell (15, 25) as the result of moves on this turn
At command 1 of 3:
>>> 1   m 0 s
    2   m 5 o
    3   m 19 e

