
Turn 11
================================================================
warning: entity 3 was directed to use 2 halite to move north, but only 0 halite was available
At command 3 of 4:
    1   m 2 o
    2   m 1 o
>>> 3   m 3 n
    4   g


Turn 14
================================================================
warning: entity 4 was directed to use 2 halite to move north, but only 0 halite was available
At command 3 of 5:
    1   m 1 w
    2   m 2 o
>>> 3   m 4 n
    4   m 3 o
    5   g


Turn 16
================================================================
warning: entity 4 was directed to use 5 halite to move north, but only 4 halite was available
At command 3 of 5:
    1   m 1 o
    2   m 2 o
>>> 3   m 4 n
    4   m 3 o
    5   m 5 s

warning: entity 5 was directed to use 3 halite to move south, but only 0 halite was available
At command 5 of 5:
    3   m 4 n
    4   m 3 o
>>> 5   m 5 s


Turn 27
================================================================
warning: entity 1 was directed to use 1 halite to move north, but only 0 halite was available
At command 5 of 5:
    3   m 4 n
    4   m 5 s
>>> 5   m 1 n


Turn 29
================================================================
warning: entity 1 was directed to use 4 halite to move north, but only 3 halite was available
At command 5 of 5:
    3   m 5 o
    4   m 3 o
>>> 5   m 1 n


Turn 69
================================================================
warning: entity 1 was directed to use 1 halite to move east, but only 0 halite was available
At command 4 of 9:
    2   m 2 s
    3   m 8 w
>>> 4   m 1 e
    5   m 3 n
    6   m 5 w


Turn 72
================================================================
warning: entity 9 was directed to use 1 halite to move north, but only 0 halite was available
At command 8 of 9:
    6   m 2 o
    7   m 3 o
>>> 8   m 9 n
    9   m 1 o


Turn 90
================================================================
warning: entity 3 was directed to use 1 halite to move east, but only 0 halite was available
At command 10 of 10:
    8   m 7 s
    9   m 4 s
>>> 10   m 3 e


Turn 117
================================================================
warning: entity 6 was directed to use 4 halite to move west, but only 0 halite was available
At command 13 of 13:
    11   m 10 s
    12   m 13 w
>>> 13   m 6 w


Turn 127
================================================================
warning: entity 14 was directed to use 5 halite to move west, but only 0 halite was available
At command 12 of 14:
    10   m 13 o
    11   m 3 o
>>> 12   m 14 w
    13   m 8 o
    14   m 5 w


Turn 151
================================================================
warning: entity 17 was directed to use 1 halite to move south, but only 0 halite was available
At command 9 of 17:
    7   m 15 o
    8   m 9 n
>>> 9   m 17 s
    10   m 16 o
    11   m 3 n


Turn 155
================================================================
warning: entity 5 was directed to use 2 halite to move west, but only 0 halite was available
At command 10 of 18:
    8   m 6 s
    9   m 13 e
>>> 10   m 5 w
    11   m 8 o
    12   m 2 s


Turn 172
================================================================
warning: entity 20 was directed to use 1 halite to move north, but only 0 halite was available
At command 17 of 20:
    15   m 4 o
    16   m 16 o
>>> 17   m 20 n
    18   m 6 w
    19   m 18 o

