
Turn 36
================================================================
warning: entity 1 was directed to use 6 halite to move north, but only 0 halite was available
At command 2 of 3:
    1   m 3 o
>>> 2   m 1 n
    3   m 7 o


Turn 47
================================================================
warning: entity 7 was directed to use 4 halite to move north, but only 0 halite was available
At command 4 of 4:
    2   m 11 o
    3   m 3 s
>>> 4   m 7 n


Turn 67
================================================================
warning: entity 11 was directed to use 3 halite to move west, but only 0 halite was available
At command 4 of 5:
    2   m 7 s
    3   m 15 e
>>> 4   m 11 w
    5   m 3 n


Turn 76
================================================================
warning: entity 17 was directed to use 4 halite to move east, but only 0 halite was available
At command 5 of 6:
    3   m 15 w
    4   m 7 w
>>> 5   m 17 e
    6   m 1 n


Turn 80
================================================================
warning: entity 7 was directed to use 5 halite to move south, but only 0 halite was available
At command 5 of 7:
    3   m 3 w
    4   m 11 n
>>> 5   m 7 s
    6   m 15 n
    7   g


Turn 92
================================================================
warning: entity 1 was directed to use 1 halite to move east, but only 0 halite was available
At command 3 of 8:
    1   m 15 n
    2   m 7 n
>>> 3   m 1 e
    4   m 17 w
    5   m 19 o


Turn 94
================================================================
warning: entity 22 was directed to use 3 halite to move south, but only 0 halite was available
At command 8 of 8:
    6   m 7 w
    7   m 15 n
>>> 8   m 22 s


Turn 99
================================================================
warning: entity 7 was directed to use 2 halite to move south, but only 0 halite was available
At command 1 of 8:
>>> 1   m 7 s
    2   m 15 o
    3   m 22 w


Turn 104
================================================================
warning: entity 11 was directed to use 3 halite to move south, but only 0 halite was available
At command 6 of 9:
    4   m 17 w
    5   m 3 n
>>> 6   m 11 s
    7   m 19 s
    8   m 22 o


Turn 107
================================================================
warning: entity 25 was directed to use 2 halite to move south, but only 0 halite was available
At command 6 of 9:
    4   m 3 o
    5   m 1 o
>>> 6   m 25 s
    7   m 7 o
    8   m 22 o


Turn 113
================================================================
warning: entity 17 was directed to use 3 halite to move south, but only 0 halite was available
At command 9 of 9:
    7   m 25 o
    8   m 19 w
>>> 9   m 17 s


Turn 116
================================================================
warning: entity 19 was directed to use 2 halite to move south, but only 0 halite was available
At command 9 of 10:
    7   m 3 n
    8   m 15 e
>>> 9   m 19 s
    10   g


Turn 118
================================================================
warning: entity 19 was directed to use 9 halite to move west, but only 5 halite was available
At command 10 of 10:
    8   m 15 o
    9   m 22 w
>>> 10   m 19 w


Turn 119
================================================================
warning: entity 28 was directed to use 2 halite to move north, but only 0 halite was available
At command 9 of 10:
    7   m 11 o
    8   m 17 o
>>> 9   m 28 n
    10   m 22 e


Turn 125
================================================================
warning: entity 28 was directed to use 39 halite to move west, but only 2 halite was available
At command 8 of 11:
    6   m 3 e
    7   m 17 o
>>> 8   m 28 w
    9   m 22 e
    10   m 15 s


Turn 132
================================================================
warning: entity 15 was directed to use 1 halite to move south, but only 0 halite was available
At command 10 of 11:
    8   m 1 e
    9   m 17 e
>>> 10   m 15 s
    11   m 3 n


Turn 135
================================================================
warning: entity 15 was directed to use 9 halite to move west, but only 0 halite was available
At command 10 of 12:
    8   m 17 e
    9   m 7 w
>>> 10   m 15 w
    11   m 1 s
    12   g

warning: entity 1 was directed to use 1 halite to move south, but only 0 halite was available
At command 11 of 12:
    9   m 7 w
    10   m 15 w
>>> 11   m 1 s
    12   g


Turn 141
================================================================
warning: entity 19 was directed to use 1 halite to move south, but only 0 halite was available
At command 11 of 12:
    9   m 28 e
    10   m 17 e
>>> 11   m 19 s
    12   m 25 w


Turn 156
================================================================
warning: entity 28 was directed to use 4 halite to move east, but only 0 halite was available
At command 10 of 14:
    8   m 30 o
    9   m 11 e
>>> 10   m 28 e
    11   m 25 w
    12   m 22 e


Turn 164
================================================================
warning: entity 41 was directed to use 2 halite to move west, but only 0 halite was available
At command 13 of 15:
    11   m 1 n
    12   m 30 s
>>> 13   m 41 w
    14   m 25 e
    15   m 22 w


Turn 168
================================================================
warning: entity 17 was directed to use 1 halite to move west, but only 0 halite was available
At command 14 of 16:
    12   m 25 s
    13   m 30 e
>>> 14   m 17 w
    15   m 22 o
    16   m 43 n


Turn 183
================================================================
warning: entity 46 was directed to use 5 halite to move west, but only 2 halite was available
At command 2 of 17:
    1   m 43 o
>>> 2   m 46 w
    3   m 7 w
    4   m 15 n


Turn 195
================================================================
warning: entity 11 was directed to use 1 halite to move south, but only 0 halite was available
At command 9 of 19:
    7   m 19 o
    8   m 22 o
>>> 9   m 11 s
    10   m 1 o
    11   m 33 o


Turn 201
================================================================
warning: entity 30 was directed to use 2 halite to move east, but only 0 halite was available
At command 4 of 20:
    2   m 46 n
    3   m 49 o
>>> 4   m 30 e
    5   m 43 o
    6   m 11 o


Turn 214
================================================================
warning: entity 25 was directed to use 1 halite to move west, but only 0 halite was available
At command 19 of 20:
    17   m 17 n
    18   m 43 e
>>> 19   m 25 w
    20   m 37 e


Turn 217
================================================================
warning: entity 25 was directed to use 4 halite to move west, but only 1 halite was available
At command 14 of 20:
    12   m 53 o
    13   m 17 o
>>> 14   m 25 w
    15   m 51 o
    16   m 1 s


Turn 223
================================================================
warning: entity 28 was directed to use 7 halite to move west, but only 2 halite was available
At command 14 of 20:
    12   m 41 o
    13   m 49 s
>>> 14   m 28 w
    15   m 3 s
    16   m 17 n


Turn 224
================================================================
warning: entity 1 was directed to use 2 halite to move west, but only 0 halite was available
At command 20 of 20:
    18   m 17 o
    19   m 43 e
>>> 20   m 1 w


Turn 227
================================================================
warning: entity 1 was directed to use 13 halite to move west, but only 0 halite was available
At command 19 of 20:
    17   m 19 e
    18   m 37 e
>>> 19   m 1 w
    20   m 41 e


Turn 236
================================================================
warning: entity 37 was directed to use 1 halite to move west, but only 0 halite was available
At command 18 of 20:
    16   m 49 n
    17   m 41 o
>>> 18   m 37 w
    19   m 43 w
    20   m 46 o


Turn 253
================================================================
warning: entity 1 was directed to use 2 halite to move west, but only 0 halite was available
At command 8 of 20:
    6   m 7 o
    7   m 53 o
>>> 8   m 1 w
    9   m 11 o
    10   m 28 e


Turn 269
================================================================
warning: entity 43 was directed to use 1 halite to move east, but only 0 halite was available
At command 11 of 19:
    9   m 3 o
    10   m 22 o
>>> 11   m 43 e
    12   m 41 e
    13   m 46 o


Turn 353
================================================================
warning: entity 25 was directed to use 1 halite to move west, but only 0 halite was available
At command 18 of 18:
    16   m 53 s
    17   m 7 e
>>> 18   m 25 w

