
Turn 23
================================================================
warning: entity 1 was directed to use 14 halite to move north, but only 13 halite was available
At command 5 of 5:
    3   m 3 o
    4   m 4 o
>>> 5   m 1 n


Turn 54
================================================================
warning: entity 8 was directed to use 3 halite to move east, but only 0 halite was available
At command 8 of 8:
    6   m 2 o
    7   m 5 e
>>> 8   m 8 e


Turn 59
================================================================
warning: entity 1 was directed to use 5 halite to move south, but only 0 halite was available
At command 8 of 9:
    6   m 7 o
    7   m 6 o
>>> 8   m 1 s
    9   g


Turn 61
================================================================
warning: entity 9 was directed to use 5 halite to move south, but only 0 halite was available
At command 9 of 9:
    7   m 8 o
    8   m 1 o
>>> 9   m 9 s


Turn 67
================================================================
warning: entity 10 was directed to use 2 halite to move north, but only 0 halite was available
At command 7 of 10:
    5   m 6 w
    6   m 4 o
>>> 7   m 10 n
    8   m 7 o
    9   m 5 o


Turn 72
================================================================
warning: entity 3 was directed to use 3 halite to move west, but only 0 halite was available
At command 10 of 11:
    8   m 10 o
    9   m 8 o
>>> 10   m 3 w
    11   g


Turn 74
================================================================
warning: entity 11 was directed to use 4 halite to move east, but only 0 halite was available
At command 10 of 11:
    8   m 1 o
    9   m 6 s
>>> 10   m 11 e
    11   m 3 o


Turn 80
================================================================
warning: entity 6 was directed to use 3 halite to move south, but only 0 halite was available
At command 11 of 11:
    9   m 9 o
    10   m 7 e
>>> 11   m 6 s


Turn 84
================================================================
warning: entity 7 was directed to use 1 halite to move north, but only 0 halite was available
At command 11 of 12:
    9   m 1 o
    10   m 5 o
>>> 11   m 7 n
    12   g


Turn 86
================================================================
warning: entity 12 was directed to use 2 halite to move east, but only 0 halite was available
At command 12 of 12:
    10   m 5 o
    11   m 7 e
>>> 12   m 12 e


Turn 91
================================================================
warning: entity 4 was directed to use 3 halite to move east, but only 0 halite was available
At command 12 of 13:
    10   m 6 o
    11   m 9 o
>>> 12   m 4 e
    13   g


Turn 93
================================================================
warning: entity 13 was directed to use 2 halite to move west, but only 0 halite was available
At command 13 of 13:
    11   m 7 o
    12   m 4 o
>>> 13   m 13 w


Turn 100
================================================================
warning: entity 1 was directed to use 1 halite to move east, but only 0 halite was available
At command 13 of 14:
    11   m 8 w
    12   m 5 s
>>> 13   m 1 e
    14   g


Turn 118
================================================================
warning: entity 8 was directed to use 1 halite to move west, but only 0 halite was available
At command 16 of 17:
    14   m 3 w
    15   m 11 s
>>> 16   m 8 w
    17   g


Turn 125
================================================================
warning: entity 11 was directed to use 1 halite to move east, but only 0 halite was available
At command 13 of 17:
    11   m 5 w
    12   m 12 w
>>> 13   m 11 e
    14   m 6 e
    15   m 10 w


Turn 136
================================================================
warning: entity 19 was directed to use 1 halite to move west, but only 0 halite was available
At command 17 of 19:
    15   m 16 o
    16   m 5 o
>>> 17   m 19 w
    18   m 9 o
    19   m 1 w


Turn 140
================================================================
warning: entity 3 was directed to use 1 halite to move west, but only 0 halite was available
At command 16 of 20:
    14   m 6 o
    15   m 7 e
>>> 16   m 3 w
    17   m 4 s
    18   m 10 w


Turn 153
================================================================
warning: entity 22 was directed to use 1 halite to move west, but only 0 halite was available
At command 22 of 22:
    20   m 13 e
    21   m 14 w
>>> 22   m 22 w


Turn 172
================================================================
warning: entity 25 was directed to use 1 halite to move west, but only 0 halite was available
At command 21 of 25:
    19   m 1 o
    20   m 18 w
>>> 21   m 25 w
    22   m 2 s
    23   m 16 n


Turn 189
================================================================
warning: entity 27 was directed to use 7 halite to move west, but only 3 halite was available
At command 18 of 28:
    16   m 22 o
    17   m 1 s
>>> 18   m 27 w
    19   m 14 o
    20   m 16 n


Turn 258
================================================================
warning: entity 15 was directed to use 1 halite to move east, but only 0 halite was available
At command 22 of 29:
    20   m 25 e
    21   m 22 e
>>> 22   m 15 e
    23   m 8 e
    24   m 19 e


Turn 338
================================================================
warning: entity 3 was directed to use 2 halite to move west, but only 0 halite was available
At command 20 of 29:
    18   m 27 w
    19   m 6 o
>>> 20   m 3 w
    21   m 23 o
    22   m 4 o


Turn 378
================================================================
warning: entity 28 was directed to use 3 halite to move west, but only 1 halite was available
At command 15 of 29:
    13   m 29 w
    14   m 18 s
>>> 15   m 28 w
    16   m 2 o
    17   m 9 e

