
Turn 40
================================================================
warning: entity 7 was directed to use 2 halite to move east, but only 0 halite was available
At command 3 of 3:
    1   m 1 o
    2   m 3 o
>>> 3   m 7 e


Turn 91
================================================================
warning: entity 11 was directed to use 3 halite to move south, but only 0 halite was available
At command 3 of 4:
    1   m 1 o
    2   m 3 e
>>> 3   m 11 s
    4   m 7 w


Turn 95
================================================================
warning: entity 7 was directed to use 1 halite to move east, but only 0 halite was available
At command 4 of 4:
    2   m 11 o
    3   m 1 o
>>> 4   m 7 e


Turn 106
================================================================
warning: entity 1 was directed to use 1 halite to move south, but only 0 halite was available
At command 4 of 5:
    2   m 3 e
    3   m 7 o
>>> 4   m 1 s
    5   g


Turn 108
================================================================
warning: entity 13 was directed to use 1 halite to move east, but only 0 halite was available
At command 4 of 5:
    2   m 3 o
    3   m 11 o
>>> 4   m 13 e
    5   m 1 o


Turn 127
================================================================
warning: entity 3 was directed to use 2 halite to move west, but only 0 halite was available
At command 3 of 5:
    1   m 1 e
    2   m 13 s
>>> 3   m 3 w
    4   m 11 e
    5   m 7 o


Turn 173
================================================================
warning: entity 7 was directed to use 1 halite to move north, but only 0 halite was available
At command 5 of 7:
    3   m 11 o
    4   m 3 n
>>> 5   m 7 n
    6   m 20 o
    7   m 13 o

