
Turn 3
================================================================
warning: entity 1 was directed to use 7 halite to move east, but only 0 halite was available
At command 1 of 2:
>>> 1   m 1 e
    2   g


Turn 58
================================================================
warning: entity 10 was directed to use 2 halite to move south, but only 0 halite was available
At command 6 of 6:
    4   m 9 n
    5   m 1 o
>>> 6   m 10 s


Turn 65
================================================================
warning: entity 11 was directed to use 2 halite to move north, but only 0 halite was available
At command 4 of 7:
    2   m 9 o
    3   m 5 w
>>> 4   m 11 n
    5   m 3 o
    6   m 7 e


Turn 131
================================================================
warning: entity 1 was directed to use 2 halite to move west, but only 1 halite was available
At command 10 of 11:
    8   m 5 e
    9   m 15 n
>>> 10   m 1 w
    11   m 11 s


Turn 160
================================================================
warning: entity 12 was directed to use 1 halite to move west, but only 0 halite was available
At command 13 of 14:
    11   m 9 o
    12   m 5 o
>>> 13   m 12 w
    14   m 18 w

