
Turn 39
================================================================
warning: entity 8 was directed to use 4 halite to move south, but only 0 halite was available
At command 4 of 4:
    2   m 2 s
    3   m 0 o
>>> 4   m 8 s


Turn 68
================================================================
warning: entity 9 was directed to use 3 halite to move south, but only 0 halite was available
At command 5 of 5:
    3   m 8 n
    4   m 2 o
>>> 5   m 9 s


Turn 71
================================================================
warning: entity 9 was directed to use 12 halite to move east, but only 0 halite was available
At command 5 of 5:
    3   m 5 o
    4   m 2 n
>>> 5   m 9 e


Turn 74
================================================================
warning: entity 10 was directed to use 2 halite to move south, but only 0 halite was available
At command 3 of 6:
    1   m 0 o
    2   m 8 n
>>> 3   m 10 s
    4   m 2 o
    5   m 9 o


Turn 80
================================================================
warning: entity 0 was directed to use 1 halite to move east, but only 0 halite was available
At command 1 of 6:
>>> 1   m 0 e
    2   m 8 e
    3   m 5 s


Turn 96
================================================================
warning: entity 9 was directed to use 1 halite to move east, but only 0 halite was available
At command 6 of 7:
    4   m 2 w
    5   m 10 s
>>> 6   m 9 e
    7   g


Turn 101
================================================================
warning: entity 11 was directed to use 1 halite to move south, but only 0 halite was available
At command 5 of 7:
    3   m 5 o
    4   m 9 s
>>> 5   m 11 s
    6   m 2 o
    7   m 10 n


Turn 110
================================================================
warning: entity 10 was directed to use 2 halite to move south, but only 0 halite was available
At command 6 of 7:
    4   m 9 e
    5   m 5 o
>>> 6   m 10 s
    7   m 2 o


Turn 113
================================================================
warning: entity 2 was directed to use 1 halite to move south, but only 0 halite was available
At command 3 of 8:
    1   m 11 o
    2   m 5 o
>>> 3   m 2 s
    4   m 10 o
    5   m 0 o


Turn 118
================================================================
warning: entity 13 was directed to use 1 halite to move north, but only 0 halite was available
At command 9 of 9:
    7   m 12 o
    8   m 11 o
>>> 9   m 13 n


Turn 135
================================================================
warning: entity 11 was directed to use 1 halite to move north, but only 0 halite was available
At command 10 of 10:
    8   m 8 w
    9   m 5 o
>>> 10   m 11 n


Turn 141
================================================================
warning: entity 15 was directed to use 3 halite to move south, but only 0 halite was available
At command 9 of 11:
    7   m 2 o
    8   m 0 s
>>> 9   m 15 s
    10   m 5 w
    11   m 10 n


Turn 148
================================================================
warning: entity 10 was directed to use 2 halite to move south, but only 0 halite was available
At command 4 of 11:
    2   m 11 o
    3   m 13 o
>>> 4   m 10 s
    5   m 12 o
    6   m 9 o


Turn 165
================================================================
warning: entity 13 was directed to use 1 halite to move south, but only 0 halite was available
At command 12 of 14:
    10   m 17 o
    11   m 15 n
>>> 12   m 13 s
    13   m 8 e
    14   g


Turn 178
================================================================
warning: entity 14 was directed to use 3 halite to move east, but only 2 halite was available
At command 14 of 16:
    12   m 17 o
    13   m 9 o
>>> 14   m 14 e
    15   m 8 n
    16   g


Turn 198
================================================================
warning: entity 2 was directed to use 1 halite to move west, but only 0 halite was available
At command 16 of 16:
    14   m 16 w
    15   m 13 n
>>> 16   m 2 w


Turn 204
================================================================
warning: entity 0 was directed to use 1 halite to move west, but only 0 halite was available
At command 11 of 16:
    9   m 16 o
    10   m 18 w
>>> 11   m 0 w
    12   m 5 o
    13   m 9 n

