
Turn 3
================================================================
warning: entity 1 was directed to use 10 halite to move south, but only 0 halite was available
At command 1 of 2:
>>> 1   m 1 s
    2   g


Turn 11
================================================================
warning: entity 4 was directed to use 5 halite to move east, but only 0 halite was available
At command 3 of 4:
    1   m 1 o
    2   m 2 o
>>> 3   m 4 e
    4   g


Turn 52
================================================================
warning: entity 1 was directed to use 1 halite to move north, but only 0 halite was available
At command 5 of 5:
    3   m 4 w
    4   m 2 o
>>> 5   m 1 n


Turn 90
================================================================
warning: entity 14 was directed to use 3 halite to move west, but only 2 halite was available
At command 3 of 8:
    1   m 2 e
    2   m 10 o
>>> 3   m 14 w
    4   m 6 o
    5   m 13 e


Turn 134
================================================================
warning: entity 21 was directed to use 2 halite to move west, but only 0 halite was available
At command 6 of 11:
    4   m 2 n
    5   m 16 o
>>> 6   m 21 w
    7   m 13 o
    8   m 18 o


Turn 146
================================================================
warning: entity 24 was directed to use 2 halite to move west, but only 0 halite was available
At command 11 of 12:
    9   m 4 n
    10   m 16 w
>>> 11   m 24 w
    12   m 1 w


Turn 158
================================================================
warning: entity 26 was directed to use 2 halite to move west, but only 0 halite was available
At command 9 of 13:
    7   m 6 o
    8   m 14 s
>>> 9   m 26 w
    10   m 13 w
    11   m 18 w

