
Turn 3
================================================================
warning: entity 0 was directed to use 15 halite to move south, but only 0 halite was available
At command 1 of 2:
>>> 1   m 0 s
    2   g


Turn 5
================================================================
warning: entity 2 was directed to use 8 halite to move south, but only 0 halite was available
At command 1 of 3:
>>> 1   m 2 s
    2   m 0 s
    3   g


Turn 7
================================================================
warning: entity 4 was directed to use 11 halite to move south, but only 0 halite was available
At command 1 of 4:
>>> 1   m 4 s
    2   m 2 s
    3   m 0 s

warning: entity 0 was directed to use 6 halite to move south, but only 4 halite was available
At command 3 of 4:
    1   m 4 s
    2   m 2 s
>>> 3   m 0 s
    4   g


Turn 9
================================================================
warning: entity 5 was directed to use 6 halite to move south, but only 0 halite was available
At command 1 of 5:
>>> 1   m 5 s
    2   m 4 s
    3   m 0 s

warning: entity 0 was directed to use 20 halite to move south, but only 16 halite was available
At command 3 of 5:
    1   m 5 s
    2   m 4 s
>>> 3   m 0 s
    4   m 2 s
    5   g

warning: entity 2 was directed to use 10 halite to move south, but only 7 halite was available
At command 4 of 5:
    2   m 4 s
    3   m 0 s
>>> 4   m 2 s
    5   g


Turn 10
================================================================
warning: entity 4 was directed to use 8 halite to move south, but only 6 halite was available
At command 4 of 5:
    2   m 0 s
    3   m 2 s
>>> 4   m 4 s
    5   m 7 s


Turn 11
================================================================
warning: entity 7 was directed to use 8 halite to move south, but only 0 halite was available
At command 2 of 5:
    1   m 4 s
>>> 2   m 7 s
    3   m 5 s
    4   m 2 s


Turn 13
================================================================
warning: entity 5 was directed to use 8 halite to move south, but only 3 halite was available
At command 3 of 5:
    1   m 7 s
    2   m 4 s
>>> 3   m 5 s
    4   m 2 s
    5   m 0 w

warning: entity 2 was directed to use 43 halite to move south, but only 12 halite was available
At command 4 of 5:
    2   m 4 s
    3   m 5 s
>>> 4   m 2 s
    5   m 0 w

warning: entity 0 was directed to use 66 halite to move west, but only 15 halite was available
At command 5 of 5:
    3   m 5 s
    4   m 2 s
>>> 5   m 0 w


Turn 14
================================================================
warning: entity 7 was directed to use 6 halite to move south, but only 1 halite was available
At command 4 of 5:
    2   m 2 s
    3   m 0 w
>>> 4   m 7 s
    5   m 4 s

warning: entity 4 was directed to use 12 halite to move south, but only 3 halite was available
At command 5 of 5:
    3   m 0 w
    4   m 7 s
>>> 5   m 4 s


Turn 16
================================================================
warning: entity 4 was directed to use 26 halite to move south, but only 25 halite was available
At command 3 of 5:
    1   m 2 w
    2   m 7 s
>>> 3   m 4 s
    4   m 5 s
    5   m 0 w


Turn 17
================================================================
warning: entity 2 was directed to use 34 halite to move west, but only 28 halite was available
At command 2 of 5:
    1   m 4 s
>>> 2   m 2 w
    3   m 7 s
    4   m 0 w

warning: entity 7 was directed to use 15 halite to move south, but only 10 halite was available
At command 3 of 5:
    1   m 4 s
    2   m 2 w
>>> 3   m 7 s
    4   m 0 w
    5   m 5 s

warning: entity 0 was directed to use 47 halite to move west, but only 43 halite was available
At command 4 of 5:
    2   m 2 w
    3   m 7 s
>>> 4   m 0 w
    5   m 5 s

warning: entity 5 was directed to use 32 halite to move south, but only 4 halite was available
At command 5 of 5:
    3   m 7 s
    4   m 0 w
>>> 5   m 5 s


Turn 19
================================================================
warning: entity 4 was directed to use 40 halite to move east, but only 21 halite was available
At command 1 of 5:
>>> 1   m 4 e
    2   m 2 w
    3   m 7 s


Turn 20
================================================================
warning: owned entities 4, 7 collided on cell (8, 24) as the result of moves on this turn
At command 1 of 5:
>>> 1   m 4 e
    2   m 0 o
    3   m 2 s

Other commands that placed an entity on this cell:
    2   m 0 o
    3   m 2 s
>>> 4   m 7 s
    5   m 5 s


Turn 21
================================================================
warning: entity 2 was directed to use 34 halite to move west, but only 29 halite was available
At command 2 of 3:
    1   m 0 o
>>> 2   m 2 w
    3   m 5 w

warning: entity 5 was directed to use 49 halite to move west, but only 1 halite was available
At command 3 of 3:
    1   m 0 o
    2   m 2 w
>>> 3   m 5 w


Turn 25
================================================================
warning: entity 5 was directed to use 30 halite to move west, but only 22 halite was available
At command 3 of 3:
    1   m 0 o
    2   m 2 w
>>> 3   m 5 w


Turn 28
================================================================
warning: entity 5 was directed to use 22 halite to move east, but only 15 halite was available
At command 2 of 3:
    1   m 0 o
>>> 2   m 5 e
    3   m 2 e


Turn 32
================================================================
warning: entity 5 was directed to use 36 halite to move east, but only 4 halite was available
At command 2 of 3:
    1   m 0 o
>>> 2   m 5 e
    3   m 2 e

warning: entity 2 was directed to use 19 halite to move east, but only 8 halite was available
At command 3 of 3:
    1   m 0 o
    2   m 5 e
>>> 3   m 2 e


Turn 36
================================================================
warning: entity 5 was directed to use 35 halite to move east, but only 7 halite was available
At command 2 of 3:
    1   m 0 o
>>> 2   m 5 e
    3   m 2 e

warning: entity 2 was directed to use 27 halite to move east, but only 1 halite was available
At command 3 of 3:
    1   m 0 o
    2   m 5 e
>>> 3   m 2 e


Turn 41
================================================================
warning: entity 2 was directed to use 20 halite to move west, but only 18 halite was available
At command 3 of 3:
    1   m 0 o
    2   m 5 w
>>> 3   m 2 w


Turn 45
================================================================
warning: entity 5 was directed to use 27 halite to move west, but only 4 halite was available
At command 3 of 3:
    1   m 0 o
    2   m 2 w
>>> 3   m 5 w


Turn 46
================================================================
warning: entity 2 was directed to use 15 halite to move east, but only 11 halite was available
At command 3 of 3:
    1   m 0 o
    2   m 5 e
>>> 3   m 2 e


Turn 50
================================================================
warning: entity 5 was directed to use 20 halite to move east, but only 1 halite was available
At command 3 of 3:
    1   m 0 o
    2   m 2 e
>>> 3   m 5 e


Turn 52
================================================================
warning: entity 2 was directed to use 6 halite to move east, but only 5 halite was available
At command 3 of 3:
    1   m 0 o
    2   m 5 e
>>> 3   m 2 e


Turn 54
================================================================
warning: entity 5 was directed to use 19 halite to move east, but only 4 halite was available
At command 2 of 3:
    1   m 0 o
>>> 2   m 5 e
    3   m 2 w


Turn 55
================================================================
warning: entity 2 was directed to use 27 halite to move west, but only 10 halite was available
At command 3 of 3:
    1   m 0 o
    2   m 5 o
>>> 3   m 2 w


Turn 62
================================================================
warning: entity 5 was directed to use 16 halite to move east, but only 13 halite was available
At command 3 of 3:
    1   m 0 o
    2   m 2 w
>>> 3   m 5 e


Turn 64
================================================================
warning: entity 5 was directed to use 60 halite to move east, but only 43 halite was available
At command 2 of 3:
    1   m 0 o
>>> 2   m 5 e
    3   m 2 w

warning: entity 2 was directed to use 50 halite to move west, but only 45 halite was available
At command 3 of 3:
    1   m 0 o
    2   m 5 e
>>> 3   m 2 w


Turn 68
================================================================
warning: entity 2 was directed to use 62 halite to move west, but only 60 halite was available
At command 3 of 3:
    1   m 0 o
    2   m 5 e
>>> 3   m 2 w


Turn 69
================================================================
warning: entity 5 was directed to use 96 halite to move east, but only 14 halite was available
At command 3 of 3:
    1   m 0 o
    2   m 2 w
>>> 3   m 5 e


Turn 78
================================================================
warning: entity 2 was directed to use 32 halite to move north, but only 28 halite was available
At command 3 of 3:
    1   m 0 o
    2   m 5 e
>>> 3   m 2 n


Turn 82
================================================================
warning: entity 5 was directed to use 34 halite to move south, but only 19 halite was available
At command 2 of 2:
    1   m 0 o
>>> 2   m 5 s


Turn 86
================================================================
warning: entity 5 was directed to use 35 halite to move south, but only 10 halite was available
At command 2 of 2:
    1   m 0 o
>>> 2   m 5 s


Turn 90
================================================================
warning: entity 5 was directed to use 35 halite to move east, but only 14 halite was available
At command 2 of 2:
    1   m 0 o
>>> 2   m 5 e


Turn 93
================================================================
warning: entity 5 was directed to use 72 halite to move east, but only 42 halite was available
At command 2 of 2:
    1   m 0 o
>>> 2   m 5 e


Turn 99
================================================================
warning: entity 5 was directed to use 24 halite to move north, but only 14 halite was available
At command 2 of 2:
    1   m 0 o
>>> 2   m 5 n


Turn 102
================================================================
warning: entity 5 was directed to use 103 halite to move south, but only 23 halite was available
At command 2 of 2:
    1   m 0 o
>>> 2   m 5 s


Turn 141
================================================================
warning: entity 5 was directed to use 34 halite to move west, but only 6 halite was available
At command 2 of 2:
    1   m 0 o
>>> 2   m 5 w


Turn 149
================================================================
warning: entity 5 was directed to use 79 halite to move east, but only 67 halite was available
At command 2 of 2:
    1   m 0 o
>>> 2   m 5 e


Turn 154
================================================================
warning: entity 5 was directed to use 59 halite to move south, but only 21 halite was available
At command 2 of 2:
    1   m 0 o
>>> 2   m 5 s


Turn 162
================================================================
warning: entity 5 was directed to use 23 halite to move south, but only 10 halite was available
At command 2 of 2:
    1   m 0 o
>>> 2   m 5 s


Turn 168
================================================================
warning: entity 5 was directed to use 15 halite to move south, but only 8 halite was available
At command 2 of 2:
    1   m 0 o
>>> 2   m 5 s


Turn 172
================================================================
warning: entity 5 was directed to use 22 halite to move south, but only 6 halite was available
At command 2 of 2:
    1   m 0 o
>>> 2   m 5 s


Turn 179
================================================================
warning: entity 5 was directed to use 12 halite to move north, but only 1 halite was available
At command 2 of 2:
    1   m 0 o
>>> 2   m 5 n


Turn 183
================================================================
warning: entity 5 was directed to use 8 halite to move north, but only 0 halite was available
At command 2 of 2:
    1   m 0 o
>>> 2   m 5 n


Turn 186
================================================================
warning: entity 5 was directed to use 11 halite to move south, but only 9 halite was available
At command 2 of 2:
    1   m 0 o
>>> 2   m 5 s


Turn 190
================================================================
warning: entity 5 was directed to use 16 halite to move south, but only 8 halite was available
At command 2 of 2:
    1   m 0 o
>>> 2   m 5 s


Turn 196
================================================================
warning: entity 5 was directed to use 7 halite to move south, but only 6 halite was available
At command 2 of 2:
    1   m 0 o
>>> 2   m 5 s


Turn 200
================================================================
warning: entity 5 was directed to use 7 halite to move south, but only 0 halite was available
At command 2 of 2:
    1   m 0 o
>>> 2   m 5 s


Turn 202
================================================================
warning: entity 5 was directed to use 22 halite to move south, but only 13 halite was available
At command 2 of 2:
    1   m 0 o
>>> 2   m 5 s


Turn 208
================================================================
warning: entity 5 was directed to use 15 halite to move south, but only 9 halite was available
At command 2 of 2:
    1   m 0 o
>>> 2   m 5 s


Turn 211
================================================================
warning: entity 5 was directed to use 16 halite to move north, but only 14 halite was available
At command 2 of 2:
    1   m 0 o
>>> 2   m 5 n


Turn 213
================================================================
warning: entity 5 was directed to use 64 halite to move north, but only 44 halite was available
At command 2 of 2:
    1   m 0 o
>>> 2   m 5 n


Turn 223
================================================================
warning: entity 5 was directed to use 37 halite to move west, but only 10 halite was available
At command 2 of 2:
    1   m 0 o
>>> 2   m 5 w


Turn 229
================================================================
warning: entity 5 was directed to use 11 halite to move south, but only 1 halite was available
At command 2 of 2:
    1   m 0 o
>>> 2   m 5 s


Turn 232
================================================================
warning: entity 5 was directed to use 34 halite to move north, but only 6 halite was available
At command 2 of 2:
    1   m 0 o
>>> 2   m 5 n


Turn 237
================================================================
warning: entity 5 was directed to use 8 halite to move south, but only 5 halite was available
At command 2 of 2:
    1   m 0 o
>>> 2   m 5 s


Turn 240
================================================================
warning: entity 5 was directed to use 25 halite to move north, but only 5 halite was available
At command 2 of 2:
    1   m 0 o
>>> 2   m 5 n


Turn 244
================================================================
warning: entity 5 was directed to use 27 halite to move north, but only 18 halite was available
At command 2 of 2:
    1   m 0 o
>>> 2   m 5 n


Turn 247
================================================================
warning: entity 5 was directed to use 20 halite to move west, but only 9 halite was available
At command 2 of 2:
    1   m 0 o
>>> 2   m 5 w


Turn 253
================================================================
warning: entity 5 was directed to use 6 halite to move south, but only 5 halite was available
At command 2 of 2:
    1   m 0 o
>>> 2   m 5 s


Turn 256
================================================================
warning: entity 5 was directed to use 19 halite to move north, but only 2 halite was available
At command 2 of 2:
    1   m 0 o
>>> 2   m 5 n


Turn 261
================================================================
warning: entity 5 was directed to use 4 halite to move south, but only 3 halite was available
At command 2 of 2:
    1   m 0 o
>>> 2   m 5 s


Turn 263
================================================================
warning: entity 5 was directed to use 15 halite to move south, but only 12 halite was available
At command 2 of 2:
    1   m 0 o
>>> 2   m 5 s


Turn 266
================================================================
warning: entity 5 was directed to use 33 halite to move north, but only 28 halite was available
At command 2 of 2:
    1   m 0 o
>>> 2   m 5 n


Turn 274
================================================================
warning: entity 5 was directed to use 14 halite to move north, but only 13 halite was available
At command 2 of 2:
    1   m 0 o
>>> 2   m 5 n


Turn 280
================================================================
warning: entity 5 was directed to use 15 halite to move north, but only 3 halite was available
At command 2 of 2:
    1   m 0 o
>>> 2   m 5 n


Turn 282
================================================================
warning: entity 5 was directed to use 59 halite to move east, but only 31 halite was available
At command 2 of 2:
    1   m 0 o
>>> 2   m 5 e


Turn 303
================================================================
warning: entity 5 was directed to use 3 halite to move south, but only 0 halite was available
At command 2 of 2:
    1   m 0 o
>>> 2   m 5 s


Turn 305
================================================================
warning: entity 5 was directed to use 11 halite to move south, but only 7 halite was available
At command 2 of 2:
    1   m 0 o
>>> 2   m 5 s


Turn 308
================================================================
warning: entity 5 was directed to use 25 halite to move north, but only 16 halite was available
At command 2 of 2:
    1   m 0 o
>>> 2   m 5 n


Turn 311
================================================================
warning: entity 5 was directed to use 45 halite to move south, but only 24 halite was available
At command 2 of 2:
    1   m 0 o
>>> 2   m 5 s


Turn 315
================================================================
warning: entity 5 was directed to use 39 halite to move south, but only 8 halite was available
At command 2 of 2:
    1   m 0 o
>>> 2   m 5 s


Turn 319
================================================================
warning: entity 5 was directed to use 34 halite to move south, but only 6 halite was available
At command 2 of 2:
    1   m 0 o
>>> 2   m 5 s


Turn 322
================================================================
warning: entity 5 was directed to use 34 halite to move north, but only 5 halite was available
At command 2 of 2:
    1   m 0 o
>>> 2   m 5 n


Turn 326
================================================================
warning: entity 5 was directed to use 39 halite to move north, but only 2 halite was available
At command 2 of 2:
    1   m 0 o
>>> 2   m 5 n


Turn 329
================================================================
warning: entity 5 was directed to use 29 halite to move south, but only 16 halite was available
At command 2 of 2:
    1   m 0 o
>>> 2   m 5 s


Turn 333
================================================================
warning: entity 5 was directed to use 26 halite to move south, but only 14 halite was available
At command 2 of 2:
    1   m 0 o
>>> 2   m 5 s


Turn 335
================================================================
warning: entity 5 was directed to use 62 halite to move south, but only 61 halite was available
At command 2 of 2:
    1   m 0 o
>>> 2   m 5 s


Turn 340
================================================================
warning: entity 5 was directed to use 32 halite to move north, but only 31 halite was available
At command 2 of 2:
    1   m 0 o
>>> 2   m 5 n


Turn 344
================================================================
warning: entity 5 was directed to use 25 halite to move north, but only 17 halite was available
At command 2 of 2:
    1   m 0 o
>>> 2   m 5 n


Turn 348
================================================================
warning: entity 5 was directed to use 29 halite to move north, but only 15 halite was available
At command 2 of 2:
    1   m 0 o
>>> 2   m 5 n


Turn 351
================================================================
warning: entity 5 was directed to use 22 halite to move south, but only 11 halite was available
At command 2 of 2:
    1   m 0 o
>>> 2   m 5 s


Turn 353
================================================================
warning: entity 5 was directed to use 56 halite to move south, but only 51 halite was available
At command 2 of 2:
    1   m 0 o
>>> 2   m 5 s


Turn 359
================================================================
warning: entity 5 was directed to use 46 halite to move south, but only 14 halite was available
At command 2 of 2:
    1   m 0 o
>>> 2   m 5 s


Turn 363
================================================================
warning: entity 5 was directed to use 54 halite to move south, but only 18 halite was available
At command 2 of 2:
    1   m 0 o
>>> 2   m 5 s


Turn 367
================================================================
warning: entity 5 was directed to use 47 halite to move south, but only 27 halite was available
At command 2 of 2:
    1   m 0 o
>>> 2   m 5 s


Turn 372
================================================================
warning: entity 5 was directed to use 35 halite to move north, but only 5 halite was available
At command 2 of 2:
    1   m 0 o
>>> 2   m 5 n


Turn 377
================================================================
warning: entity 5 was directed to use 26 halite to move south, but only 3 halite was available
At command 2 of 2:
    1   m 0 o
>>> 2   m 5 s


Turn 380
================================================================
warning: entity 5 was directed to use 19 halite to move north, but only 15 halite was available
At command 2 of 2:
    1   m 0 o
>>> 2   m 5 n


Turn 384
================================================================
warning: entity 5 was directed to use 19 halite to move north, but only 18 halite was available
At command 2 of 2:
    1   m 0 o
>>> 2   m 5 n


Turn 388
================================================================
warning: entity 5 was directed to use 22 halite to move north, but only 12 halite was available
At command 2 of 2:
    1   m 0 o
>>> 2   m 5 n


Turn 390
================================================================
warning: entity 5 was directed to use 57 halite to move south, but only 52 halite was available
At command 2 of 2:
    1   m 0 o
>>> 2   m 5 s


Turn 397
================================================================
warning: entity 5 was directed to use 43 halite to move north, but only 19 halite was available
At command 2 of 2:
    1   m 0 o
>>> 2   m 5 n

