
Turn 6
================================================================
warning: entity 2 was directed to use 3 halite to move south, but only 0 halite was available
At command 2 of 3:
    1   m 0 e
>>> 2   m 2 s
    3   g


Turn 8
================================================================
warning: entity 4 was directed to use 1 halite to move north, but only 0 halite was available
At command 3 of 4:
    1   m 2 o
    2   m 0 o
>>> 3   m 4 n
    4   g


Turn 10
================================================================
warning: entity 4 was directed to use 6 halite to move north, but only 3 halite was available
At command 3 of 5:
    1   m 2 o
    2   m 0 n
>>> 3   m 4 n
    4   m 5 o
    5   g


Turn 12
================================================================
warning: entity 6 was directed to use 1 halite to move north, but only 0 halite was available
At command 5 of 5:
    3   m 0 o
    4   m 4 o
>>> 5   m 6 n


Turn 14
================================================================
warning: entity 6 was directed to use 4 halite to move west, but only 3 halite was available
At command 5 of 5:
    3   m 2 o
    4   m 5 n
>>> 5   m 6 w


Turn 38
================================================================
warning: entity 2 was directed to use 2 halite to move east, but only 0 halite was available
At command 4 of 6:
    2   m 4 e
    3   m 0 s
>>> 4   m 2 e
    5   m 5 o
    6   g


Turn 52
================================================================
warning: entity 9 was directed to use 3 halite to move west, but only 2 halite was available
At command 7 of 7:
    5   m 0 s
    6   m 4 o
>>> 7   m 9 w


Turn 55
================================================================
warning: entity 0 was directed to use 1 halite to move east, but only 0 halite was available
At command 7 of 7:
    5   m 2 o
    6   m 4 o
>>> 7   m 0 e


Turn 79
================================================================
warning: entity 9 was directed to use 2 halite to move west, but only 0 halite was available
At command 5 of 8:
    3   m 7 n
    4   m 4 o
>>> 5   m 9 w
    6   m 2 n
    7   m 5 o


Turn 81
================================================================
warning: entity 9 was directed to use 5 halite to move west, but only 4 halite was available
At command 7 of 8:
    5   m 0 o
    6   m 4 o
>>> 7   m 9 w
    8   m 7 o


Turn 94
================================================================
warning: entity 6 was directed to use 1 halite to move west, but only 0 halite was available
At command 8 of 9:
    6   m 7 e
    7   m 4 e
>>> 8   m 6 w
    9   g


Turn 104
================================================================
warning: entity 4 was directed to use 2 halite to move west, but only 0 halite was available
At command 9 of 9:
    7   m 7 o
    8   m 5 o
>>> 9   m 4 w


Turn 177
================================================================
warning: entity 24 was directed to use 1 halite to move west, but only 0 halite was available
At command 16 of 16:
    14   m 6 o
    15   m 15 o
>>> 16   m 24 w

