
Turn 6
================================================================
warning: entity 2 was directed to use 8 halite to move east, but only 0 halite was available
At command 1 of 3:
>>> 1   m 2 e
    2   m 0 s
    3   g

warning: entity 0 was directed to use 11 halite to move south, but only 10 halite was available
At command 2 of 3:
    1   m 2 e
>>> 2   m 0 s
    3   g


Turn 9
================================================================
warning: entity 5 was directed to use 6 halite to move south, but only 0 halite was available
At command 3 of 4:
    1   m 2 e
    2   m 0 s
>>> 3   m 5 s
    4   g


Turn 12
================================================================
warning: entity 5 was directed to use 16 halite to move south, but only 2 halite was available
At command 4 of 5:
    2   m 2 e
    3   m 7 o
>>> 4   m 5 s
    5   m 9 s


Turn 13
================================================================
warning: entity 9 was directed to use 4 halite to move south, but only 0 halite was available
At command 5 of 5:
    3   m 0 e
    4   m 2 e
>>> 5   m 9 s


Turn 16
================================================================
warning: entity 9 was directed to use 12 halite to move south, but only 0 halite was available
At command 3 of 5:
    1   m 0 o
    2   m 2 o
>>> 3   m 9 s
    4   m 5 s
    5   m 7 o

