
Turn 64
================================================================
warning: owned entities 5, 3 collided on cell (12, 20) as the result of moves on this turn
At command 3 of 7:
    1   m 8 o
    2   m 0 s
>>> 3   m 5 s
    4   m 13 s
    5   m 12 o


Turn 86
================================================================
warning: owned entities 15, 13 collided on cell (6, 21) as the result of moves on this turn
At command 5 of 7:
    3   m 16 o
    4   m 12 o
>>> 5   m 15 s
    6   m 9 o
    7   m 17 w


Turn 147
================================================================
warning: spawn on cell (8, 16) collided with owned entity 16 on that cell
At command 7 of 7:
    5   m 9 o
    6   m 17 o
>>> 7   g


Turn 182
================================================================
warning: owned entities 28, 24 collided on cell (12, 16) as the result of moves on this turn
At command 1 of 5:
>>> 1   m 28 w
    2   m 8 o
    3   m 9 o

