
Turn 27
================================================================
warning: entity 1 was directed to use 10 halite to move west, but only 0 halite was available
At command 3 of 3:
    1   m 3 o
    2   m 5 o
>>> 3   m 1 w


Turn 34
================================================================
warning: entity 8 was directed to use 8 halite to move north, but only 0 halite was available
At command 4 of 4:
    2   m 3 o
    3   m 1 o
>>> 4   m 8 n


Turn 45
================================================================
warning: entity 1 was directed to use 7 halite to move east, but only 0 halite was available
At command 4 of 5:
    2   m 8 o
    3   m 3 o
>>> 4   m 1 e
    5   g


Turn 47
================================================================
warning: entity 10 was directed to use 8 halite to move north, but only 0 halite was available
At command 4 of 5:
    2   m 1 o
    3   m 5 o
>>> 4   m 10 n
    5   m 3 o


Turn 52
================================================================
warning: entity 3 was directed to use 11 halite to move west, but only 0 halite was available
At command 5 of 5:
    3   m 1 o
    4   m 5 o
>>> 5   m 3 w


Turn 58
================================================================
warning: entity 12 was directed to use 6 halite to move south, but only 0 halite was available
At command 6 of 6:
    4   m 5 s
    5   m 3 o
>>> 6   m 12 s


Turn 61
================================================================
warning: entity 5 was directed to use 2 halite to move north, but only 0 halite was available
At command 5 of 7:
    3   m 10 s
    4   m 12 o
>>> 5   m 5 n
    6   m 1 w
    7   g


Turn 63
================================================================
warning: entity 5 was directed to use 7 halite to move north, but only 5 halite was available
At command 4 of 7:
    2   m 1 n
    3   m 8 o
>>> 4   m 5 n
    5   m 3 o
    6   m 14 s

warning: entity 14 was directed to use 4 halite to move south, but only 0 halite was available
At command 6 of 7:
    4   m 5 n
    5   m 3 o
>>> 6   m 14 s
    7   m 12 o


Turn 67
================================================================
warning: entity 1 was directed to use 1 halite to move north, but only 0 halite was available
At command 7 of 7:
    5   m 3 o
    6   m 8 o
>>> 7   m 1 n


Turn 69
================================================================
warning: entity 1 was directed to use 5 halite to move north, but only 4 halite was available
At command 6 of 7:
    4   m 5 o
    5   m 10 w
>>> 6   m 1 n
    7   m 14 o


Turn 78
================================================================
warning: entity 3 was directed to use 3 halite to move west, but only 0 halite was available
At command 7 of 7:
    5   m 12 o
    6   m 5 s
>>> 7   m 3 w


Turn 81
================================================================
warning: entity 8 was directed to use 2 halite to move south, but only 0 halite was available
At command 7 of 7:
    5   m 5 o
    6   m 1 o
>>> 7   m 8 s


Turn 84
================================================================
warning: entity 10 was directed to use 1 halite to move east, but only 0 halite was available
At command 5 of 7:
    3   m 1 e
    4   m 8 o
>>> 5   m 10 e
    6   m 12 w
    7   m 3 o


Turn 87
================================================================
warning: entity 5 was directed to use 1 halite to move south, but only 0 halite was available
At command 5 of 8:
    3   m 1 n
    4   m 10 e
>>> 5   m 5 s
    6   m 14 o
    7   m 12 s


Turn 89
================================================================
warning: entity 18 was directed to use 2 halite to move north, but only 0 halite was available
At command 4 of 9:
    2   m 3 o
    3   m 1 w
>>> 4   m 18 n
    5   m 10 o
    6   m 5 e

warning: entity 5 was directed to use 5 halite to move east, but only 3 halite was available
At command 6 of 9:
    4   m 18 n
    5   m 10 o
>>> 6   m 5 e
    7   m 14 o
    8   m 12 s


Turn 95
================================================================
warning: entity 12 was directed to use 1 halite to move south, but only 0 halite was available
At command 8 of 9:
    6   m 10 o
    7   m 5 o
>>> 8   m 12 s
    9   m 1 s


Turn 98
================================================================
warning: entity 14 was directed to use 1 halite to move north, but only 0 halite was available
At command 9 of 10:
    7   m 10 o
    8   m 19 e
>>> 9   m 14 n
    10   g


Turn 107
================================================================
warning: entity 23 was directed to use 3 halite to move east, but only 1 halite was available
At command 6 of 11:
    4   m 1 o
    5   m 5 w
>>> 6   m 23 e
    7   m 19 o
    8   m 21 o


Turn 114
================================================================
warning: entity 10 was directed to use 2 halite to move west, but only 0 halite was available
At command 11 of 11:
    9   m 5 e
    10   m 8 o
>>> 11   m 10 w


Turn 116
================================================================
warning: entity 5 was directed to use 3 halite to move east, but only 0 halite was available
At command 11 of 11:
    9   m 8 n
    10   m 10 o
>>> 11   m 5 e


Turn 137
================================================================
warning: entity 21 was directed to use 2 halite to move east, but only 1 halite was available
At command 13 of 13:
    11   m 1 o
    12   m 12 o
>>> 13   m 21 e

