
Turn 36
================================================================
warning: entity 5 was directed to use 14 halite to move west, but only 0 halite was available
At command 3 of 3:
    1   m 1 e
    2   m 3 s
>>> 3   m 5 w


Turn 40
================================================================
warning: entity 7 was directed to use 12 halite to move east, but only 0 halite was available
At command 4 of 4:
    2   m 1 o
    3   m 5 o
>>> 4   m 7 e


Turn 51
================================================================
warning: entity 9 was directed to use 5 halite to move east, but only 0 halite was available
At command 5 of 5:
    3   m 3 o
    4   m 1 o
>>> 5   m 9 e


Turn 60
================================================================
warning: entity 11 was directed to use 4 halite to move north, but only 0 halite was available
At command 4 of 6:
    2   m 1 w
    3   m 5 o
>>> 4   m 11 n
    5   m 3 o
    6   m 7 s


Turn 68
================================================================
warning: entity 1 was directed to use 5 halite to move south, but only 0 halite was available
At command 4 of 7:
    2   m 3 o
    3   m 5 e
>>> 4   m 1 s
    5   m 9 e
    6   m 7 n


Turn 82
================================================================
warning: entity 9 was directed to use 6 halite to move south, but only 0 halite was available
At command 5 of 7:
    3   m 5 w
    4   m 7 o
>>> 5   m 9 s
    6   m 1 o
    7   m 12 o


Turn 88
================================================================
warning: entity 15 was directed to use 1 halite to move north, but only 0 halite was available
At command 1 of 8:
>>> 1   m 15 n
    2   m 7 n
    3   m 12 o


Turn 93
================================================================
warning: entity 3 was directed to use 2 halite to move east, but only 0 halite was available
At command 7 of 8:
    5   m 15 e
    6   m 12 o
>>> 7   m 3 e
    8   m 11 s


Turn 95
================================================================
warning: entity 1 was directed to use 2 halite to move west, but only 0 halite was available
At command 6 of 9:
    4   m 11 s
    5   m 3 o
>>> 6   m 1 w
    7   m 9 o
    8   m 12 o


Turn 98
================================================================
warning: entity 17 was directed to use 1 halite to move north, but only 0 halite was available
At command 7 of 9:
    5   m 1 o
    6   m 7 s
>>> 7   m 17 n
    8   m 9 o
    9   m 12 o


Turn 101
================================================================
warning: entity 11 was directed to use 1 halite to move east, but only 0 halite was available
At command 7 of 9:
    5   m 17 o
    6   m 5 o
>>> 7   m 11 e
    8   m 7 s
    9   m 15 o


Turn 106
================================================================
warning: entity 5 was directed to use 1 halite to move north, but only 0 halite was available
At command 9 of 10:
    7   m 12 o
    8   m 7 s
>>> 9   m 5 n
    10   g


Turn 118
================================================================
warning: entity 22 was directed to use 1 halite to move east, but only 0 halite was available
At command 12 of 12:
    10   m 3 o
    11   m 1 o
>>> 12   m 22 e


Turn 126
================================================================
warning: entity 15 was directed to use 2 halite to move north, but only 0 halite was available
At command 7 of 12:
    5   m 19 s
    6   m 21 o
>>> 7   m 15 n
    8   m 7 o
    9   m 3 w


Turn 128
================================================================
warning: entity 3 was directed to use 4 halite to move west, but only 0 halite was available
At command 6 of 12:
    4   m 17 w
    5   m 22 o
>>> 6   m 3 w
    7   m 1 w
    8   m 11 o


Turn 132
================================================================
warning: entity 25 was directed to use 1 halite to move north, but only 0 halite was available
At command 10 of 13:
    8   m 11 o
    9   m 9 o
>>> 10   m 25 n
    11   m 5 n
    12   m 21 o


Turn 149
================================================================
warning: entity 12 was directed to use 3 halite to move east, but only 2 halite was available
At command 12 of 15:
    10   m 7 s
    11   m 21 o
>>> 12   m 12 e
    13   m 9 n
    14   m 11 s


Turn 168
================================================================
warning: entity 21 was directed to use 3 halite to move west, but only 0 halite was available
At command 12 of 16:
    10   m 28 o
    11   m 17 s
>>> 12   m 21 w
    13   m 3 e
    14   m 25 s


Turn 172
================================================================
warning: entity 25 was directed to use 2 halite to move west, but only 0 halite was available
At command 16 of 16:
    14   m 15 n
    15   m 17 s
>>> 16   m 25 w

