
Turn 42
================================================================
warning: entity 12 was directed to use 5 halite to move west, but only 0 halite was available
At command 8 of 8:
    6   m 11 s
    7   m 3 e
>>> 8   m 12 w


Turn 67
================================================================
warning: entity 11 was directed to use 3 halite to move west, but only 0 halite was available
At command 10 of 11:
    8   m 1 o
    9   m 14 o
>>> 10   m 11 w
    11   g


Turn 77
================================================================
warning: entity 16 was directed to use 1 halite to move west, but only 0 halite was available
At command 12 of 12:
    10   m 8 o
    11   m 1 o
>>> 12   m 16 w


Turn 84
================================================================
warning: entity 17 was directed to use 1 halite to move west, but only 0 halite was available
At command 13 of 13:
    11   m 3 o
    12   m 1 o
>>> 13   m 17 w


Turn 105
================================================================
warning: entity 18 was directed to use 2 halite to move west, but only 0 halite was available
At command 14 of 14:
    12   m 16 e
    13   m 12 o
>>> 14   m 18 w


Turn 149
================================================================
warning: entity 22 was directed to use 1 halite to move east, but only 0 halite was available
At command 18 of 18:
    16   m 6 o
    17   m 15 n
>>> 18   m 22 e

