
Turn 6
================================================================
warning: entity 2 was directed to use 12 halite to move east, but only 0 halite was available
At command 2 of 3:
    1   m 0 o
>>> 2   m 2 e
    3   g


Turn 8
================================================================
warning: entity 4 was directed to use 19 halite to move east, but only 0 halite was available
At command 3 of 4:
    1   m 0 o
    2   m 2 o
>>> 3   m 4 e
    4   g


Turn 12
================================================================
warning: entity 6 was directed to use 17 halite to move south, but only 0 halite was available
At command 5 of 5:
    3   m 4 o
    4   m 5 w
>>> 5   m 6 s


Turn 43
================================================================
warning: entity 5 was directed to use 3 halite to move north, but only 0 halite was available
At command 5 of 5:
    3   m 2 w
    4   m 0 o
>>> 5   m 5 n


Turn 48
================================================================
warning: entity 8 was directed to use 2 halite to move east, but only 0 halite was available
At command 2 of 7:
    1   m 5 n
>>> 2   m 8 e
    3   m 0 w
    4   m 4 e


Turn 50
================================================================
warning: entity 8 was directed to use 7 halite to move east, but only 5 halite was available
At command 1 of 7:
>>> 1   m 8 e
    2   m 0 w
    3   m 2 o


Turn 56
================================================================
warning: entity 11 was directed to use 2 halite to move east, but only 0 halite was available
At command 5 of 8:
    3   m 4 o
    4   m 5 o
>>> 5   m 11 e
    6   m 2 o
    7   m 9 o


Turn 75
================================================================
warning: entity 13 was directed to use 3 halite to move east, but only 0 halite was available
At command 9 of 9:
    7   m 6 o
    8   m 4 e
>>> 9   m 13 e


Turn 79
================================================================
warning: entity 4 was directed to use 1 halite to move east, but only 0 halite was available
At command 9 of 10:
    7   m 2 e
    8   m 9 e
>>> 9   m 4 e
    10   g


Turn 103
================================================================
warning: entity 9 was directed to use 1 halite to move west, but only 0 halite was available
At command 12 of 12:
    10   m 4 o
    11   m 15 o
>>> 12   m 9 w


Turn 317
================================================================
error: player attempted to use 15288 halite, but only 9914 halite was available
At command 21 of 37:
    19   m 23 n
    20   c 0
>>> 21   c 15
    22   m 42 w
    23   m 31 w

The other commands that used player energy on this turn:
    8   m 11 n
    9   m 35 e
>>> 10   c 49
    11   m 45 o
    12   m 43 w

    11   m 45 o
    12   m 43 w
>>> 13   c 44
    14   m 48 n
    15   m 50 o

    18   m 47 e
    19   m 23 n
>>> 20   c 0
    21   c 15
    22   m 42 w

    25   m 46 w
    26   m 20 w
>>> 27   c 24
    28   m 5 o
    29   m 33 w

