
Turn 39
================================================================
warning: entity 3 was directed to use 6 halite to move west, but only 0 halite was available
At command 2 of 3:
    1   m 1 o
>>> 2   m 3 w
    3   g


Turn 69
================================================================
warning: entity 5 was directed to use 4 halite to move west, but only 0 halite was available
At command 3 of 4:
    1   m 1 o
    2   m 4 o
>>> 3   m 5 w
    4   m 3 o


Turn 84
================================================================
warning: entity 6 was directed to use 1 halite to move west, but only 0 halite was available
At command 5 of 5:
    3   m 5 o
    4   m 4 o
>>> 5   m 6 w


Turn 103
================================================================
warning: entity 4 was directed to use 1 halite to move north, but only 0 halite was available
At command 5 of 6:
    3   m 3 o
    4   m 5 e
>>> 5   m 4 n
    6   g


Turn 109
================================================================
warning: entity 5 was directed to use 2 halite to move west, but only 0 halite was available
At command 6 of 6:
    4   m 6 s
    5   m 4 o
>>> 6   m 5 w


Turn 130
================================================================
warning: entity 1 was directed to use 1 halite to move east, but only 0 halite was available
At command 4 of 6:
    2   m 5 o
    3   m 4 s
>>> 4   m 1 e
    5   m 6 e
    6   m 7 w


Turn 133
================================================================
warning: entity 3 was directed to use 1 halite to move east, but only 0 halite was available
At command 3 of 6:
    1   m 5 e
    2   m 6 o
>>> 3   m 3 e
    4   m 1 o
    5   m 4 s


Turn 135
================================================================
warning: entity 7 was directed to use 1 halite to move west, but only 0 halite was available
At command 6 of 7:
    4   m 3 n
    5   m 5 n
>>> 6   m 7 w
    7   g


Turn 138
================================================================
warning: entity 8 was directed to use 1 halite to move north, but only 0 halite was available
At command 7 of 7:
    5   m 5 s
    6   m 7 o
>>> 7   m 8 n


Turn 141
================================================================
warning: entity 4 was directed to use 1 halite to move east, but only 0 halite was available
At command 7 of 8:
    5   m 8 n
    6   m 6 o
>>> 7   m 4 e
    8   m 5 n


Turn 143
================================================================
warning: entity 9 was directed to use 1 halite to move east, but only 0 halite was available
At command 1 of 9:
>>> 1   m 9 e
    2   m 1 e
    3   m 3 o

