
Turn 6
================================================================
warning: entity 2 was directed to use 10 halite to move north, but only 0 halite was available
At command 1 of 3:
>>> 1   m 2 n
    2   m 0 o
    3   g


Turn 13
================================================================
warning: entity 8 was directed to use 9 halite to move west, but only 0 halite was available
At command 1 of 5:
>>> 1   m 8 w
    2   m 0 o
    3   m 2 o


Turn 36
================================================================
warning: entity 2 was directed to use 4 halite to move north, but only 0 halite was available
At command 5 of 5:
    3   m 8 o
    4   m 6 o
>>> 5   m 2 n


Turn 40
================================================================
warning: entity 8 was directed to use 3 halite to move east, but only 0 halite was available
At command 3 of 6:
    1   m 2 o
    2   m 6 w
>>> 3   m 8 e
    4   m 0 o
    5   m 4 o


Turn 51
================================================================
warning: entity 6 was directed to use 3 halite to move south, but only 0 halite was available
At command 7 of 8:
    5   m 2 o
    6   m 11 o
>>> 7   m 6 s
    8   g


Turn 56
================================================================
warning: entity 0 was directed to use 3 halite to move south, but only 0 halite was available
At command 4 of 9:
    2   m 4 o
    3   m 11 s
>>> 4   m 0 s
    5   m 8 n
    6   m 6 o


Turn 58
================================================================
warning: entity 16 was directed to use 3 halite to move south, but only 0 halite was available
At command 6 of 9:
    4   m 12 o
    5   m 4 o
>>> 6   m 16 s
    7   m 8 o
    8   m 0 o


Turn 70
================================================================
warning: entity 4 was directed to use 2 halite to move east, but only 0 halite was available
At command 9 of 10:
    7   m 11 n
    8   m 2 s
>>> 9   m 4 e
    10   g


Turn 73
================================================================
warning: entity 18 was directed to use 1 halite to move east, but only 0 halite was available
At command 9 of 10:
    7   m 8 o
    8   m 4 o
>>> 9   m 18 e
    10   m 11 o


Turn 75
================================================================
warning: entity 2 was directed to use 2 halite to move west, but only 0 halite was available
At command 10 of 10:
    8   m 16 o
    9   m 18 o
>>> 10   m 2 w


Turn 77
================================================================
warning: entity 11 was directed to use 1 halite to move north, but only 0 halite was available
At command 10 of 11:
    8   m 2 o
    9   m 8 w
>>> 10   m 11 n
    11   g


Turn 79
================================================================
warning: entity 20 was directed to use 2 halite to move north, but only 0 halite was available
At command 11 of 11:
    9   m 11 o
    10   m 8 w
>>> 11   m 20 n


Turn 82
================================================================
warning: entity 20 was directed to use 10 halite to move west, but only 0 halite was available
At command 11 of 11:
    9   m 8 s
    10   m 6 w
>>> 11   m 20 w


Turn 92
================================================================
warning: entity 6 was directed to use 1 halite to move north, but only 0 halite was available
At command 11 of 11:
    9   m 12 s
    10   m 16 n
>>> 11   m 6 n


Turn 95
================================================================
warning: entity 16 was directed to use 1 halite to move south, but only 0 halite was available
At command 11 of 11:
    9   m 20 o
    10   m 15 o
>>> 11   m 16 s


Turn 99
================================================================
warning: entity 12 was directed to use 3 halite to move west, but only 0 halite was available
At command 11 of 12:
    9   m 20 o
    10   m 15 w
>>> 11   m 12 w
    12   m 24 w


Turn 103
================================================================
warning: entity 25 was directed to use 2 halite to move north, but only 0 halite was available
At command 13 of 14:
    11   m 15 w
    12   m 0 o
>>> 13   m 25 n
    14   m 27 w


Turn 107
================================================================
warning: entity 28 was directed to use 2 halite to move west, but only 0 halite was available
At command 11 of 15:
    9   m 18 o
    10   m 27 o
>>> 11   m 28 w
    12   m 20 e
    13   m 15 n

