
Turn 15
================================================================
warning: entity 9 was directed to use 1 halite to move east, but only 0 halite was available
At command 3 of 5:
    1   m 3 o
    2   m 7 n
>>> 3   m 9 e
    4   m 1 o
    5   m 5 o


Turn 58
================================================================
warning: entity 1 was directed to use 1 halite to move east, but only 0 halite was available
At command 6 of 6:
    4   m 5 s
    5   m 9 e
>>> 6   m 1 e


Turn 68
================================================================
warning: entity 5 was directed to use 1 halite to move east, but only 0 halite was available
At command 5 of 7:
    3   m 9 s
    4   m 1 o
>>> 5   m 5 e
    6   m 7 s
    7   g


Turn 88
================================================================
warning: entity 7 was directed to use 2 halite to move east, but only 0 halite was available
At command 8 of 8:
    6   m 14 w
    7   m 12 s
>>> 8   m 7 e


Turn 103
================================================================
warning: entity 17 was directed to use 1 halite to move west, but only 0 halite was available
At command 9 of 9:
    7   m 14 o
    8   m 3 o
>>> 9   m 17 w


Turn 119
================================================================
warning: entity 18 was directed to use 6 halite to move south, but only 1 halite was available
At command 8 of 10:
    6   m 17 o
    7   m 5 o
>>> 8   m 18 s
    9   m 11 s
    10   m 9 o


Turn 385
================================================================
warning: entity 11 was directed to use 3 halite to move north, but only 2 halite was available
At command 9 of 18:
    7   m 23 s
    8   m 36 e
>>> 9   m 11 n
    10   m 27 o
    11   m 31 o

