
Turn 15
================================================================
warning: entity 9 was directed to use 1 halite to move north, but only 0 halite was available
At command 1 of 5:
>>> 1   m 9 n
    2   m 1 w
    3   m 7 n


Turn 18
================================================================
warning: entity 9 was directed to use 21 halite to move north, but only 0 halite was available
At command 1 of 5:
>>> 1   m 9 n
    2   m 1 o
    3   m 3 o


Turn 33
================================================================
warning: entity 1 was directed to use 2 halite to move south, but only 0 halite was available
At command 1 of 5:
>>> 1   m 1 s
    2   m 9 w
    3   m 7 o


Turn 39
================================================================
warning: entity 3 was directed to use 1 halite to move north, but only 0 halite was available
At command 5 of 6:
    3   m 7 w
    4   m 5 o
>>> 5   m 3 n
    6   g


Turn 41
================================================================
warning: entity 3 was directed to use 4 halite to move north, but only 3 halite was available
At command 5 of 6:
    3   m 5 n
    4   m 7 s
>>> 5   m 3 n
    6   m 11 s

warning: entity 11 was directed to use 2 halite to move south, but only 0 halite was available
At command 6 of 6:
    4   m 7 s
    5   m 3 n
>>> 6   m 11 s


Turn 52
================================================================
warning: entity 9 was directed to use 2 halite to move north, but only 0 halite was available
At command 5 of 7:
    3   m 5 n
    4   m 7 w
>>> 5   m 9 n
    6   m 1 o
    7   g


Turn 57
================================================================
warning: entity 5 was directed to use 1 halite to move west, but only 0 halite was available
At command 3 of 8:
    1   m 3 o
    2   m 11 o
>>> 3   m 5 w
    4   m 13 e
    5   m 7 w


Turn 60
================================================================
warning: entity 15 was directed to use 1 halite to move south, but only 0 halite was available
At command 5 of 8:
    3   m 5 o
    4   m 13 n
>>> 5   m 15 s
    6   m 7 e
    7   m 1 o


Turn 66
================================================================
warning: entity 7 was directed to use 2 halite to move west, but only 0 halite was available
At command 8 of 9:
    6   m 13 o
    7   m 5 o
>>> 8   m 7 w
    9   m 15 o


Turn 95
================================================================
warning: entity 9 was directed to use 1 halite to move north, but only 0 halite was available
At command 10 of 11:
    8   m 1 o
    9   m 3 e
>>> 10   m 9 n
    11   g


Turn 103
================================================================
warning: entity 3 was directed to use 1 halite to move east, but only 0 halite was available
At command 11 of 12:
    9   m 7 o
    10   m 5 w
>>> 11   m 3 e
    12   m 22 n


Turn 106
================================================================
warning: entity 3 was directed to use 6 halite to move east, but only 2 halite was available
At command 11 of 12:
    9   m 22 w
    10   m 15 e
>>> 11   m 3 e
    12   m 5 o


Turn 320
================================================================
warning: entity 9 was directed to use 3 halite to move east, but only 1 halite was available
At command 11 of 21:
    9   m 7 o
    10   m 33 e
>>> 11   m 9 e
    12   m 5 o
    13   m 11 o

