
Turn 3
================================================================
warning: entity 0 was directed to use 39 halite to move east, but only 0 halite was available
At command 1 of 2:
>>> 1   m 0 e
    2   g


Turn 5
================================================================
warning: entity 2 was directed to use 29 halite to move south, but only 0 halite was available
At command 2 of 3:
    1   m 0 o
>>> 2   m 2 s
    3   g


Turn 6
================================================================
warning: owned entities 2, 0 collided on cell (10, 16) as the result of moves on this turn
At command 2 of 3:
    1   m 0 o
>>> 2   m 2 e
    3   m 4 e


Turn 7
================================================================
error: failed to decode bot message: "T" (at position 1)
Last input received was:
Traceback (most recent call last):
  File "MyBot.py", line 85, in <module>
    set_long_target(ship)
  File "MyBot.py", line 60, in set_long_target
    if not has_arrival_conflict(ship, cell.position):
  File "MyBot.py", line 26, in has_arrival_conflict
    conflict_ship = me.get_ship(ship_id)
  File "C:\Users\justi\Documents\GitHub\ais-halite\hlt\player.py", line 22, in get_ship
    return self._ships[ship_id]
KeyError: 0

