
Turn 13
================================================================
warning: entity 8 was directed to use 5 halite to move north, but only 0 halite was available
At command 4 of 5:
    2   m 1 o
    3   m 2 o
>>> 4   m 8 n
    5   m 4 o


Turn 15
================================================================
warning: entity 8 was directed to use 13 halite to move north, but only 11 halite was available
At command 5 of 5:
    3   m 4 o
    4   m 6 o
>>> 5   m 8 n


Turn 37
================================================================
warning: entity 1 was directed to use 4 halite to move east, but only 0 halite was available
At command 5 of 6:
    3   m 4 n
    4   m 2 s
>>> 5   m 1 e
    6   g


Turn 57
================================================================
warning: entity 4 was directed to use 3 halite to move south, but only 0 halite was available
At command 6 of 9:
    4   m 6 o
    5   m 8 e
>>> 6   m 4 s
    7   m 12 o
    8   m 1 o


Turn 86
================================================================
warning: entity 15 was directed to use 2 halite to move west, but only 0 halite was available
At command 10 of 11:
    8   m 14 o
    9   m 12 e
>>> 10   m 15 w
    11   m 10 o


Turn 100
================================================================
warning: entity 18 was directed to use 1 halite to move west, but only 0 halite was available
At command 13 of 13:
    11   m 12 n
    12   m 14 o
>>> 13   m 18 w


Turn 109
================================================================
warning: entity 19 was directed to use 4 halite to move north, but only 2 halite was available
At command 13 of 14:
    11   m 11 o
    12   m 8 n
>>> 13   m 19 n
    14   m 12 o


Turn 116
================================================================
warning: entity 4 was directed to use 1 halite to move west, but only 0 halite was available
At command 14 of 15:
    12   m 19 o
    13   m 12 o
>>> 14   m 4 w
    15   g


Turn 119
================================================================
warning: entity 21 was directed to use 1 halite to move north, but only 0 halite was available
At command 14 of 15:
    12   m 18 o
    13   m 12 o
>>> 14   m 21 n
    15   m 14 e


Turn 124
================================================================
warning: entity 2 was directed to use 1 halite to move north, but only 0 halite was available
At command 15 of 16:
    13   m 13 e
    14   m 15 w
>>> 15   m 2 n
    16   m 22 n


Turn 141
================================================================
warning: entity 14 was directed to use 3 halite to move west, but only 2 halite was available
At command 17 of 18:
    15   m 13 w
    16   m 15 w
>>> 17   m 14 w
    18   m 25 o

