
Turn 20
================================================================
warning: entity 4 was directed to use 18 halite to move west, but only 0 halite was available
At command 3 of 3:
    1   m 3 w
    2   m 1 o
>>> 3   m 4 w


Turn 25
================================================================
warning: entity 1 was directed to use 13 halite to move east, but only 0 halite was available
At command 2 of 3:
    1   m 4 n
>>> 2   m 1 e
    3   m 3 e


Turn 38
================================================================
warning: entity 4 was directed to use 16 halite to move south, but only 0 halite was available
At command 3 of 4:
    1   m 1 w
    2   m 6 o
>>> 3   m 4 s
    4   m 3 o


Turn 44
================================================================
warning: entity 1 was directed to use 12 halite to move east, but only 0 halite was available
At command 4 of 5:
    2   m 3 e
    3   m 6 o
>>> 4   m 1 e
    5   g


Turn 62
================================================================
warning: entity 12 was directed to use 6 halite to move west, but only 0 halite was available
At command 4 of 7:
    2   m 3 n
    3   m 6 o
>>> 4   m 12 w
    5   m 4 s
    6   m 1 o


Turn 69
================================================================
warning: entity 6 was directed to use 6 halite to move south, but only 0 halite was available
At command 7 of 8:
    5   m 8 o
    6   m 3 w
>>> 7   m 6 s
    8   g


Turn 71
================================================================
warning: entity 15 was directed to use 3 halite to move east, but only 0 halite was available
At command 8 of 8:
    6   m 8 o
    7   m 3 o
>>> 8   m 15 e


Turn 82
================================================================
warning: entity 10 was directed to use 4 halite to move west, but only 0 halite was available
At command 7 of 8:
    5   m 15 o
    6   m 1 s
>>> 7   m 10 w
    8   m 3 o


Turn 84
================================================================
warning: entity 4 was directed to use 2 halite to move east, but only 0 halite was available
At command 2 of 9:
    1   m 3 s
>>> 2   m 4 e
    3   m 12 o
    4   m 8 o


Turn 89
================================================================
warning: entity 1 was directed to use 1 halite to move west, but only 0 halite was available
At command 7 of 10:
    5   m 17 o
    6   m 15 o
>>> 7   m 1 w
    8   m 4 o
    9   m 12 n


Turn 95
================================================================
warning: entity 12 was directed to use 3 halite to move east, but only 0 halite was available
At command 9 of 11:
    7   m 18 o
    8   m 1 o
>>> 9   m 12 e
    10   m 4 o
    11   g


Turn 101
================================================================
warning: entity 8 was directed to use 2 halite to move west, but only 0 halite was available
At command 7 of 11:
    5   m 12 o
    6   m 6 n
>>> 7   m 8 w
    8   m 20 o
    9   m 4 o


Turn 103
================================================================
warning: entity 6 was directed to use 1 halite to move west, but only 0 halite was available
At command 8 of 12:
    6   m 18 s
    7   m 3 o
>>> 8   m 6 w
    9   m 15 o
    10   m 8 o


Turn 120
================================================================
warning: entity 3 was directed to use 1 halite to move west, but only 0 halite was available
At command 11 of 12:
    9   m 18 n
    10   m 15 o
>>> 11   m 3 w
    12   m 4 o


Turn 124
================================================================
warning: entity 17 was directed to use 1 halite to move east, but only 0 halite was available
At command 9 of 12:
    7   m 22 o
    8   m 3 o
>>> 9   m 17 e
    10   m 1 e
    11   m 15 o


Turn 132
================================================================
warning: entity 4 was directed to use 2 halite to move west, but only 0 halite was available
At command 10 of 13:
    8   m 1 o
    9   m 22 o
>>> 10   m 4 w
    11   m 3 o
    12   m 12 o


Turn 165
================================================================
warning: entity 3 was directed to use 1 halite to move south, but only 0 halite was available
At command 16 of 18:
    14   m 20 o
    15   m 15 o
>>> 16   m 3 s
    17   m 17 w
    18   m 34 w


Turn 167
================================================================
warning: entity 34 was directed to use 1 halite to move west, but only 0 halite was available
At command 18 of 19:
    16   m 27 o
    17   m 28 o
>>> 18   m 34 w
    19   m 35 w

