
Turn 31
================================================================
warning: entity 3 was directed to use 8 halite to move east, but only 0 halite was available
At command 2 of 3:
    1   m 1 o
>>> 2   m 3 e
    3   g


Turn 48
================================================================
warning: entity 3 was directed to use 6 halite to move west, but only 0 halite was available
At command 3 of 4:
    1   m 5 o
    2   m 1 o
>>> 3   m 3 w
    4   g


Turn 65
================================================================
warning: entity 5 was directed to use 4 halite to move east, but only 0 halite was available
At command 3 of 4:
    1   m 3 o
    2   m 8 o
>>> 3   m 5 e
    4   m 1 s


Turn 81
================================================================
warning: entity 13 was directed to use 6 halite to move west, but only 0 halite was available
At command 3 of 6:
    1   m 3 e
    2   m 11 n
>>> 3   m 13 w
    4   m 5 o
    5   m 1 n


Turn 88
================================================================
warning: entity 8 was directed to use 4 halite to move west, but only 0 halite was available
At command 6 of 6:
    4   m 13 o
    5   m 1 o
>>> 6   m 8 w


Turn 90
================================================================
warning: entity 5 was directed to use 1 halite to move west, but only 0 halite was available
At command 3 of 7:
    1   m 3 o
    2   m 11 n
>>> 3   m 5 w
    4   m 13 o
    5   m 8 w

warning: entity 8 was directed to use 10 halite to move west, but only 9 halite was available
At command 5 of 7:
    3   m 5 w
    4   m 13 o
>>> 5   m 8 w
    6   m 1 o
    7   g


Turn 114
================================================================
warning: entity 3 was directed to use 1 halite to move west, but only 0 halite was available
At command 6 of 8:
    4   m 1 o
    5   m 11 o
>>> 6   m 3 w
    7   m 8 e
    8   g


Turn 126
================================================================
warning: entity 5 was directed to use 1 halite to move west, but only 0 halite was available
At command 9 of 10:
    7   m 15 o
    8   m 8 o
>>> 9   m 5 w
    10   g


Turn 134
================================================================
warning: entity 13 was directed to use 1 halite to move north, but only 0 halite was available
At command 9 of 11:
    7   m 8 o
    8   m 19 o
>>> 9   m 13 n
    10   m 15 o
    11   g


Turn 136
================================================================
warning: entity 24 was directed to use 1 halite to move south, but only 0 halite was available
At command 11 of 11:
    9   m 13 e
    10   m 3 e
>>> 11   m 24 s


Turn 137
================================================================
warning: entity 13 was directed to use 5 halite to move east, but only 1 halite was available
At command 10 of 11:
    8   m 8 n
    9   m 15 n
>>> 10   m 13 e
    11   m 3 w


Turn 204
================================================================
warning: entity 18 was directed to use 1 halite to move west, but only 0 halite was available
At command 18 of 18:
    16   m 31 s
    17   m 19 s
>>> 18   m 18 w

