
Turn 9
================================================================
warning: owned entities 3, 0 collided on cell (8, 14) as the result of moves on this turn
At command 2 of 3:
    1   m 0 o
>>> 2   m 3 n
    3   m 5 w


Turn 34
================================================================
warning: owned entities 7, 5 collided on cell (8, 16) as the result of moves on this turn
At command 2 of 3:
    1   m 9 o
>>> 2   m 7 w
    3   m 5 o


Turn 72
================================================================
warning: owned entities 12, 10 collided on cell (8, 16) as the result of moves on this turn
At command 2 of 3:
    1   m 9 e
>>> 2   m 12 w
    3   m 10 e

Other commands that placed an entity on this cell:
    1   m 9 e
    2   m 12 w
>>> 3   m 10 e


Turn 73
================================================================
warning: spawn on cell (8, 16) collided with owned entity 9 on that cell
At command 2 of 2:
    1   m 9 e
>>> 2   g


Turn 176
================================================================
warning: owned entities 26, 16 collided on cell (8, 18) as the result of moves on this turn
At command 2 of 3:
    1   m 16 o
>>> 2   m 26 s
    3   m 20 o

