
Turn 3
================================================================
warning: entity 0 was directed to use 5 halite to move south, but only 0 halite was available
At command 1 of 2:
>>> 1   m 0 s
    2   g


Turn 12
================================================================
warning: entity 5 was directed to use 1 halite to move north, but only 0 halite was available
At command 3 of 5:
    1   m 4 n
    2   m 0 o
>>> 3   m 5 n
    4   m 2 s
    5   g


Turn 14
================================================================
warning: entity 6 was directed to use 2 halite to move east, but only 0 halite was available
At command 5 of 5:
    3   m 5 o
    4   m 4 o
>>> 5   m 6 e


Turn 29
================================================================
warning: entity 0 was directed to use 1 halite to move north, but only 0 halite was available
At command 5 of 5:
    3   m 5 o
    4   m 6 o
>>> 5   m 0 n


Turn 32
================================================================
warning: entity 2 was directed to use 1 halite to move north, but only 0 halite was available
At command 5 of 6:
    3   m 4 o
    4   m 0 o
>>> 5   m 2 n
    6   g


Turn 58
================================================================
warning: entity 10 was directed to use 1 halite to move south, but only 0 halite was available
At command 2 of 8:
    1   m 4 o
>>> 2   m 10 s
    3   m 2 o
    4   m 7 o


Turn 59
================================================================
warning: entity 5 was directed to use 3 halite to move east, but only 2 halite was available
At command 8 of 8:
    6   m 9 o
    7   m 6 s
>>> 8   m 5 e


Turn 60
================================================================
warning: entity 10 was directed to use 5 halite to move south, but only 3 halite was available
At command 1 of 8:
>>> 1   m 10 s
    2   m 2 o
    3   m 7 s


Turn 62
================================================================
warning: entity 10 was directed to use 15 halite to move west, but only 14 halite was available
At command 1 of 8:
>>> 1   m 10 w
    2   m 2 e
    3   m 4 o

warning: entity 6 was directed to use 1 halite to move south, but only 0 halite was available
At command 8 of 8:
    6   m 9 o
    7   m 0 o
>>> 8   m 6 s


Turn 64
================================================================
warning: entity 6 was directed to use 4 halite to move south, but only 3 halite was available
At command 7 of 8:
    5   m 2 s
    6   m 9 o
>>> 7   m 6 s
    8   m 7 o


Turn 75
================================================================
warning: entity 2 was directed to use 1 halite to move south, but only 0 halite was available
At command 1 of 9:
>>> 1   m 2 s
    2   m 10 e
    3   m 7 n


Turn 77
================================================================
warning: entity 2 was directed to use 4 halite to move south, but only 3 halite was available
At command 6 of 9:
    4   m 9 w
    5   m 0 o
>>> 6   m 2 s
    7   m 7 o
    8   m 6 o


Turn 84
================================================================
warning: entity 10 was directed to use 1 halite to move west, but only 0 halite was available
At command 4 of 6:
    2   m 2 o
    3   m 6 s
>>> 4   m 10 w
    5   m 4 o
    6   m 13 n


Turn 93
================================================================
warning: entity 0 was directed to use 1 halite to move south, but only 0 halite was available
At command 9 of 9:
    7   m 7 s
    8   m 13 o
>>> 9   m 0 s


Turn 95
================================================================
warning: entity 0 was directed to use 4 halite to move south, but only 3 halite was available
At command 5 of 5:
    3   m 10 o
    4   m 7 s
>>> 5   m 0 s


Turn 98
================================================================
warning: entity 15 was directed to use 1 halite to move south, but only 0 halite was available
At command 11 of 11:
    9   m 12 o
    10   m 10 o
>>> 11   m 15 s


Turn 102
================================================================
warning: entity 9 was directed to use 1 halite to move south, but only 0 halite was available
At command 11 of 12:
    9   m 0 o
    10   m 7 o
>>> 11   m 9 s
    12   g


Turn 129
================================================================
warning: entity 22 was directed to use 1 halite to move south, but only 0 halite was available
At command 17 of 17:
    15   m 5 o
    16   m 10 w
>>> 17   m 22 s


Turn 177
================================================================
warning: entity 33 was directed to use 1 halite to move east, but only 0 halite was available
At command 24 of 25:
    22   m 27 o
    23   m 20 w
>>> 24   m 33 e
    25   m 34 n


Turn 199
================================================================
warning: entity 7 was directed to use 1 halite to move east, but only 0 halite was available
At command 25 of 25:
    23   m 31 o
    24   m 22 s
>>> 25   m 7 e

