
Turn 3
================================================================
warning: entity 1 was directed to use 8 halite to move north, but only 0 halite was available
At command 1 of 2:
>>> 1   m 1 n
    2   g


Turn 12
================================================================
warning: entity 7 was directed to use 2 halite to move north, but only 0 halite was available
At command 4 of 5:
    2   m 2 o
    3   m 1 o
>>> 4   m 7 n
    5   g


Turn 14
================================================================
warning: entity 7 was directed to use 9 halite to move north, but only 5 halite was available
At command 5 of 5:
    3   m 1 o
    4   m 8 n
>>> 5   m 7 n


Turn 26
================================================================
warning: entity 1 was directed to use 3 halite to move south, but only 0 halite was available
At command 5 of 5:
    3   m 4 o
    4   m 8 o
>>> 5   m 1 s


Turn 44
================================================================
warning: entity 2 was directed to use 1 halite to move north, but only 0 halite was available
At command 5 of 6:
    3   m 1 o
    4   m 4 o
>>> 5   m 2 n
    6   g


Turn 61
================================================================
warning: entity 7 was directed to use 3 halite to move west, but only 0 halite was available
At command 3 of 7:
    1   m 10 s
    2   m 2 n
>>> 3   m 7 w
    4   m 4 s
    5   m 8 o


Turn 63
================================================================
warning: entity 13 was directed to use 4 halite to move east, but only 0 halite was available
At command 7 of 7:
    5   m 1 e
    6   m 4 s
>>> 7   m 13 e


Turn 66
================================================================
warning: entity 1 was directed to use 2 halite to move east, but only 0 halite was available
At command 5 of 8:
    3   m 7 o
    4   m 13 o
>>> 5   m 1 e
    6   m 4 e
    7   m 8 n


Turn 76
================================================================
warning: entity 8 was directed to use 2 halite to move north, but only 0 halite was available
At command 9 of 9:
    7   m 10 w
    8   m 2 o
>>> 9   m 8 n


Turn 88
================================================================
warning: entity 2 was directed to use 1 halite to move east, but only 0 halite was available
At command 7 of 10:
    5   m 7 o
    6   m 8 w
>>> 7   m 2 e
    8   m 17 o
    9   m 10 n


Turn 96
================================================================
warning: entity 19 was directed to use 1 halite to move west, but only 0 halite was available
At command 11 of 11:
    9   m 10 e
    10   m 13 n
>>> 11   m 19 w


Turn 110
================================================================
warning: entity 1 was directed to use 1 halite to move east, but only 0 halite was available
At command 10 of 12:
    8   m 13 o
    9   m 8 e
>>> 10   m 1 e
    11   m 7 o
    12   g


Turn 114
================================================================
warning: entity 23 was directed to use 1 halite to move east, but only 0 halite was available
At command 12 of 12:
    10   m 8 o
    11   m 7 o
>>> 12   m 23 e


Turn 126
================================================================
warning: entity 25 was directed to use 5 halite to move south, but only 4 halite was available
At command 13 of 13:
    11   m 7 n
    12   m 13 o
>>> 13   m 25 s


Turn 134
================================================================
warning: entity 27 was directed to use 1 halite to move west, but only 0 halite was available
At command 14 of 14:
    12   m 25 s
    13   m 23 o
>>> 14   m 27 w


Turn 153
================================================================
warning: entity 4 was directed to use 2 halite to move west, but only 0 halite was available
At command 9 of 15:
    7   m 2 o
    8   m 27 w
>>> 9   m 4 w
    10   m 28 o
    11   m 25 n


Turn 157
================================================================
warning: entity 7 was directed to use 2 halite to move west, but only 0 halite was available
At command 13 of 16:
    11   m 4 o
    12   m 10 e
>>> 13   m 7 w
    14   m 19 w
    15   m 18 n


Turn 165
================================================================
warning: entity 36 was directed to use 1 halite to move west, but only 0 halite was available
At command 17 of 17:
    15   m 4 o
    16   m 25 n
>>> 17   m 36 w


Turn 172
================================================================
warning: entity 37 was directed to use 1 halite to move south, but only 0 halite was available
At command 8 of 18:
    6   m 33 o
    7   m 10 s
>>> 8   m 37 s
    9   m 1 e
    10   m 27 o


Turn 181
================================================================
warning: entity 18 was directed to use 1 halite to move west, but only 0 halite was available
At command 11 of 19:
    9   m 8 n
    10   m 25 o
>>> 11   m 18 w
    12   m 1 w
    13   m 33 o

