
Turn 11
================================================================
warning: entity 7 was directed to use 7 halite to move east, but only 0 halite was available
At command 4 of 5:
    2   m 5 w
    3   m 3 o
>>> 4   m 7 e
    5   g


Turn 14
================================================================
warning: entity 9 was directed to use 5 halite to move east, but only 0 halite was available
At command 5 of 5:
    3   m 7 n
    4   m 1 n
>>> 5   m 9 e


Turn 26
================================================================
warning: entity 1 was directed to use 4 halite to move north, but only 0 halite was available
At command 3 of 5:
    1   m 7 s
    2   m 5 o
>>> 3   m 1 n
    4   m 9 e
    5   m 3 o


Turn 38
================================================================
warning: entity 11 was directed to use 3 halite to move east, but only 0 halite was available
At command 5 of 6:
    3   m 5 w
    4   m 3 e
>>> 5   m 11 e
    6   m 7 w


Turn 42
================================================================
warning: entity 3 was directed to use 4 halite to move west, but only 0 halite was available
At command 4 of 6:
    2   m 9 w
    3   m 1 e
>>> 4   m 3 w
    5   m 11 o
    6   m 5 s


Turn 50
================================================================
warning: entity 9 was directed to use 2 halite to move south, but only 0 halite was available
At command 1 of 8:
>>> 1   m 9 s
    2   m 1 w
    3   m 7 o


Turn 55
================================================================
warning: entity 16 was directed to use 2 halite to move south, but only 0 halite was available
At command 7 of 9:
    5   m 7 e
    6   m 1 w
>>> 7   m 16 s
    8   m 9 o
    9   m 15 s


Turn 57
================================================================
warning: entity 16 was directed to use 6 halite to move east, but only 5 halite was available
At command 8 of 9:
    6   m 15 o
    7   m 1 s
>>> 8   m 16 e
    9   m 7 e


Turn 61
================================================================
warning: entity 7 was directed to use 2 halite to move south, but only 0 halite was available
At command 7 of 9:
    5   m 9 o
    6   m 3 o
>>> 7   m 7 s
    8   m 15 o
    9   m 13 o


Turn 68
================================================================
warning: entity 1 was directed to use 2 halite to move east, but only 0 halite was available
At command 9 of 10:
    7   m 11 w
    8   m 9 o
>>> 9   m 1 e
    10   m 19 n


Turn 77
================================================================
warning: entity 11 was directed to use 2 halite to move west, but only 0 halite was available
At command 9 of 11:
    7   m 1 o
    8   m 3 s
>>> 9   m 11 w
    10   m 16 o
    11   m 20 n


Turn 81
================================================================
warning: entity 3 was directed to use 1 halite to move south, but only 0 halite was available
At command 9 of 12:
    7   m 5 e
    8   m 9 e
>>> 9   m 3 s
    10   m 19 o
    11   m 20 e

warning: entity 20 was directed to use 3 halite to move east, but only 2 halite was available
At command 11 of 12:
    9   m 3 s
    10   m 19 o
>>> 11   m 20 e
    12   g


Turn 84
================================================================
warning: entity 20 was directed to use 19 halite to move east, but only 1 halite was available
At command 12 of 12:
    10   m 11 o
    11   m 5 s
>>> 12   m 20 e


Turn 88
================================================================
warning: entity 5 was directed to use 1 halite to move south, but only 0 halite was available
At command 11 of 13:
    9   m 15 n
    10   m 13 o
>>> 11   m 5 s
    12   m 3 o
    13   g


Turn 91
================================================================
warning: entity 5 was directed to use 7 halite to move west, but only 0 halite was available
At command 13 of 13:
    11   m 11 o
    12   m 9 s
>>> 13   m 5 w


Turn 100
================================================================
warning: entity 9 was directed to use 1 halite to move south, but only 0 halite was available
At command 14 of 15:
    12   m 1 s
    13   m 26 o
>>> 14   m 9 s
    15   g


Turn 103
================================================================
warning: entity 28 was directed to use 1 halite to move west, but only 0 halite was available
At command 14 of 15:
    12   m 11 o
    13   m 1 s
>>> 14   m 28 w
    15   m 13 w


Turn 109
================================================================
warning: entity 13 was directed to use 1 halite to move east, but only 0 halite was available
At command 15 of 15:
    13   m 1 s
    14   m 16 n
>>> 15   m 13 e


Turn 113
================================================================
warning: entity 16 was directed to use 1 halite to move west, but only 0 halite was available
At command 15 of 16:
    13   m 1 e
    14   m 13 o
>>> 15   m 16 w
    16   m 30 s


Turn 156
================================================================
warning: entity 15 was directed to use 1 halite to move south, but only 0 halite was available
At command 22 of 22:
    20   m 9 w
    21   m 5 o
>>> 22   m 15 s


Turn 198
================================================================
warning: entity 30 was directed to use 2 halite to move west, but only 0 halite was available
At command 23 of 28:
    21   m 11 w
    22   m 3 w
>>> 23   m 30 w
    24   m 55 s
    25   m 43 n


Turn 316
================================================================
warning: entity 34 was directed to use 1 halite to move west, but only 0 halite was available
At command 37 of 38:
    35   m 60 o
    36   m 15 o
>>> 37   m 34 w
    38   m 43 o

