
Turn 34
================================================================
warning: entity 1 was directed to use 8 halite to move west, but only 0 halite was available
At command 3 of 3:
    1   m 7 n
    2   m 3 e
>>> 3   m 1 w


Turn 68
================================================================
warning: entity 9 was directed to use 6 halite to move south, but only 0 halite was available
At command 3 of 5:
    1   m 3 s
    2   m 7 s
>>> 3   m 9 s
    4   m 1 o
    5   m 13 o


Turn 77
================================================================
warning: entity 3 was directed to use 4 halite to move east, but only 0 halite was available
At command 5 of 7:
    3   m 13 o
    4   m 7 o
>>> 5   m 3 e
    6   m 16 o
    7   g


Turn 79
================================================================
warning: entity 17 was directed to use 8 halite to move west, but only 0 halite was available
At command 6 of 7:
    4   m 3 o
    5   m 9 o
>>> 6   m 17 w
    7   m 1 w


Turn 83
================================================================
warning: entity 1 was directed to use 3 halite to move east, but only 0 halite was available
At command 2 of 7:
    1   m 17 w
>>> 2   m 1 e
    3   m 9 o
    4   m 7 o


Turn 91
================================================================
warning: entity 21 was directed to use 2 halite to move south, but only 0 halite was available
At command 8 of 8:
    6   m 9 o
    7   m 13 o
>>> 8   m 21 s


Turn 94
================================================================
warning: entity 7 was directed to use 4 halite to move south, but only 0 halite was available
At command 8 of 8:
    6   m 16 o
    7   m 3 o
>>> 8   m 7 s


Turn 99
================================================================
warning: entity 17 was directed to use 3 halite to move south, but only 0 halite was available
At command 1 of 9:
>>> 1   m 17 s
    2   m 1 n
    3   m 9 w


Turn 102
================================================================
warning: entity 23 was directed to use 2 halite to move north, but only 0 halite was available
At command 9 of 9:
    7   m 16 w
    8   m 3 s
>>> 9   m 23 n


Turn 108
================================================================
warning: entity 25 was directed to use 1 halite to move south, but only 0 halite was available
At command 7 of 10:
    5   m 17 w
    6   m 13 s
>>> 7   m 25 s
    8   m 1 w
    9   m 3 s


Turn 110
================================================================
warning: entity 25 was directed to use 5 halite to move west, but only 4 halite was available
At command 4 of 10:
    2   m 23 o
    3   m 17 o
>>> 4   m 25 w
    5   m 7 o
    6   m 3 s


Turn 121
================================================================
warning: entity 28 was directed to use 1 halite to move south, but only 0 halite was available
At command 10 of 11:
    8   m 17 e
    9   m 9 o
>>> 10   m 28 s
    11   m 13 o


Turn 124
================================================================
warning: entity 28 was directed to use 4 halite to move east, but only 1 halite was available
At command 7 of 11:
    5   m 9 o
    6   m 23 o
>>> 7   m 28 e
    8   m 7 s
    9   m 21 w


Turn 126
================================================================
warning: entity 28 was directed to use 11 halite to move east, but only 10 halite was available
At command 8 of 11:
    6   m 13 o
    7   m 3 o
>>> 8   m 28 e
    9   m 17 o
    10   m 21 o


Turn 136
================================================================
warning: entity 17 was directed to use 1 halite to move east, but only 0 halite was available
At command 12 of 13:
    10   m 16 o
    11   m 9 o
>>> 12   m 17 e
    13   m 34 e


Turn 143
================================================================
warning: entity 36 was directed to use 2 halite to move west, but only 0 halite was available
At command 6 of 14:
    4   m 13 o
    5   m 28 s
>>> 6   m 36 w
    7   m 23 s
    8   m 25 n


Turn 147
================================================================
warning: entity 23 was directed to use 4 halite to move west, but only 0 halite was available
At command 13 of 15:
    11   m 16 w
    12   m 28 e
>>> 13   m 23 w
    14   m 9 n
    15   m 38 w


Turn 149
================================================================
warning: entity 38 was directed to use 2 halite to move west, but only 0 halite was available
At command 14 of 15:
    12   m 1 w
    13   m 25 n
>>> 14   m 38 w
    15   m 9 o


Turn 155
================================================================
warning: entity 25 was directed to use 8 halite to move west, but only 0 halite was available
At command 15 of 16:
    13   m 23 o
    14   m 16 n
>>> 15   m 25 w
    16   g


Turn 156
================================================================
warning: entity 16 was directed to use 1 halite to move east, but only 0 halite was available
At command 15 of 16:
    13   m 3 o
    14   m 1 o
>>> 15   m 16 e
    16   m 40 n


Turn 186
================================================================
warning: entity 9 was directed to use 5 halite to move east, but only 4 halite was available
At command 18 of 19:
    16   m 23 o
    17   m 34 e
>>> 18   m 9 e
    19   m 48 o


Turn 227
================================================================
warning: entity 9 was directed to use 2 halite to move south, but only 0 halite was available
At command 18 of 20:
    16   m 40 o
    17   m 1 w
>>> 18   m 9 s
    19   m 36 w
    20   m 23 w


Turn 233
================================================================
warning: entity 23 was directed to use 3 halite to move north, but only 1 halite was available
At command 20 of 20:
    18   m 17 w
    19   m 1 e
>>> 20   m 23 n


Turn 235
================================================================
warning: entity 25 was directed to use 2 halite to move north, but only 1 halite was available
At command 19 of 20:
    17   m 43 n
    18   m 48 o
>>> 19   m 25 n
    20   m 36 s


Turn 241
================================================================
warning: entity 28 was directed to use 1 halite to move west, but only 0 halite was available
At command 15 of 19:
    13   m 45 o
    14   m 36 e
>>> 15   m 28 w
    16   m 1 e
    17   m 51 o


Turn 261
================================================================
warning: entity 45 was directed to use 2 halite to move north, but only 0 halite was available
At command 11 of 19:
    9   m 9 w
    10   m 13 w
>>> 11   m 45 n
    12   m 21 o
    13   m 51 w


Turn 269
================================================================
warning: entity 48 was directed to use 1 halite to move east, but only 0 halite was available
At command 6 of 19:
    4   m 45 w
    5   m 32 o
>>> 6   m 48 e
    7   m 43 o
    8   m 25 e

