
Turn 152
================================================================
warning: owned entities 19, 12 collided on cell (31, 0) as the result of moves on this turn
At command 12 of 13:
    10   m 15 n
    11   m 17 s
>>> 12   m 19 w
    13   m 23 n


Turn 157
================================================================
warning: owned entities 20, 9 collided on cell (31, 0) as the result of moves on this turn
At command 10 of 13:
    8   m 15 n
    9   m 17 s
>>> 10   m 20 w
    11   m 22 n
    12   m 23 n


Turn 169
================================================================
warning: owned entities 5, 11 collided on cell (31, 0) as the result of moves on this turn
At command 7 of 12:
    5   m 0 n
    6   m 3 e
>>> 7   m 5 w
    8   m 7 s
    9   m 15 w


Turn 175
================================================================
warning: owned entities 23, 22 collided on cell (31, 0) as the result of moves on this turn
At command 7 of 10:
    5   m 7 s
    6   m 15 w
>>> 7   m 23 w
    8   m 25 n
    9   m 27 e

