
Turn 5
================================================================
warning: entity 2 was directed to use 11 halite to move south, but only 0 halite was available
At command 2 of 3:
    1   m 0 o
>>> 2   m 2 s
    3   g


Turn 9
================================================================
warning: entity 6 was directed to use 6 halite to move west, but only 0 halite was available
At command 4 of 5:
    2   m 2 o
    3   m 4 o
>>> 4   m 6 w
    5   g


Turn 47
================================================================
warning: owned entities 8, 6 collided on cell (8, 14) as the result of moves on this turn
At command 2 of 5:
    1   m 0 s
>>> 2   m 8 n
    3   m 4 o
    4   m 6 s

Other commands that placed an entity on this cell:
    2   m 8 n
    3   m 4 o
>>> 4   m 6 s
    5   m 2 w


Turn 56
================================================================
warning: entity 0 was directed to use 3 halite to move north, but only 0 halite was available
At command 3 of 3:
    1   m 4 n
    2   m 2 o
>>> 3   m 0 n


Turn 60
================================================================
warning: entity 12 was directed to use 2 halite to move south, but only 0 halite was available
At command 2 of 5:
    1   m 0 o
>>> 2   m 12 s
    3   m 4 o
    4   m 2 n


Turn 62
================================================================
warning: entity 13 was directed to use 2 halite to move south, but only 0 halite was available
At command 5 of 5:
    3   m 12 n
    4   m 2 s
>>> 5   m 13 s


Turn 63
================================================================
warning: entity 12 was directed to use 2 halite to move south, but only 0 halite was available
At command 2 of 5:
    1   m 0 o
>>> 2   m 12 s
    3   m 4 e
    4   m 13 s


Turn 66
================================================================
warning: entity 12 was directed to use 3 halite to move north, but only 0 halite was available
At command 2 of 5:
    1   m 0 o
>>> 2   m 12 n
    3   m 4 e
    4   m 13 e


Turn 71
================================================================
warning: entity 13 was directed to use 20 halite to move south, but only 12 halite was available
At command 5 of 5:
    3   m 0 o
    4   m 2 n
>>> 5   m 13 s


Turn 72
================================================================
warning: entity 2 was directed to use 1 halite to move east, but only 0 halite was available
At command 5 of 6:
    3   m 0 o
    4   m 13 s
>>> 5   m 2 e
    6   g


Turn 87
================================================================
warning: entity 0 was directed to use 2 halite to move north, but only 0 halite was available
At command 5 of 7:
    3   m 12 o
    4   m 2 o
>>> 5   m 0 n
    6   m 13 o
    7   g


Turn 89
================================================================
warning: entity 16 was directed to use 1 halite to move north, but only 0 halite was available
At command 7 of 7:
    5   m 15 e
    6   m 0 o
>>> 7   m 16 n


Turn 106
================================================================
warning: entity 13 was directed to use 1 halite to move south, but only 0 halite was available
At command 6 of 8:
    4   m 4 o
    5   m 12 e
>>> 6   m 13 s
    7   m 2 o
    8   g


Turn 122
================================================================
warning: entity 15 was directed to use 1 halite to move west, but only 0 halite was available
At command 9 of 10:
    7   m 0 w
    8   m 12 o
>>> 9   m 15 w
    10   m 21 n

warning: owned entities 19, 18 collided on cell (12, 17) as the result of moves on this turn
At command 4 of 10:
    2   m 13 n
    3   m 4 o
>>> 4   m 19 e
    5   m 18 s
    6   m 16 o

Other commands that placed an entity on this cell:
    3   m 4 o
    4   m 19 e
>>> 5   m 18 s
    6   m 16 o
    7   m 0 w


Turn 130
================================================================
warning: owned entities 0, 2 collided on cell (8, 8) as the result of moves on this turn
At command 4 of 8:
    2   m 21 o
    3   m 16 e
>>> 4   m 0 e
    5   m 13 o
    6   m 2 s

Other commands that placed an entity on this cell:
    4   m 0 e
    5   m 13 o
>>> 6   m 2 s
    7   m 12 o
    8   m 4 o


Turn 147
================================================================
warning: entity 23 was directed to use 1 halite to move west, but only 0 halite was available
At command 6 of 7:
    4   m 16 s
    5   m 21 o
>>> 6   m 23 w
    7   m 12 o


Turn 155
================================================================
warning: entity 16 was directed to use 3 halite to move south, but only 2 halite was available
At command 7 of 8:
    5   m 23 o
    6   m 12 o
>>> 7   m 16 s
    8   m 13 w


Turn 177
================================================================
warning: entity 28 was directed to use 10 halite to move south, but only 6 halite was available
At command 7 of 10:
    5   m 12 o
    6   m 26 o
>>> 7   m 28 s
    8   m 23 o
    9   m 13 o

warning: owned entities 16, 4 collided on cell (8, 24) as the result of moves on this turn
At command 2 of 10:
    1   m 24 n
>>> 2   m 16 e
    3   m 15 e
    4   m 21 n

Other commands that placed an entity on this cell:
    8   m 23 o
    9   m 13 o
>>> 10   m 4 s


Turn 187
================================================================
warning: owned entities 15, 21 collided on cell (8, 10) as the result of moves on this turn
At command 6 of 8:
    4   m 28 n
    5   m 12 w
>>> 6   m 15 s
    7   m 24 o
    8   m 23 o


Turn 199
================================================================
warning: entity 30 was directed to use 2 halite to move west, but only 0 halite was available
At command 7 of 7:
    5   m 26 o
    6   m 24 s
>>> 7   m 30 w


Turn 259
================================================================
warning: entity 24 was directed to use 1 halite to move west, but only 0 halite was available
At command 7 of 7:
    5   m 12 n
    6   m 23 s
>>> 7   m 24 w


Turn 333
================================================================
warning: entity 13 was directed to use 1 halite to move east, but only 0 halite was available
At command 7 of 7:
    5   m 30 o
    6   m 12 s
>>> 7   m 13 e


Turn 341
================================================================
warning: owned entities 23, 28 collided on cell (9, 24) as the result of moves on this turn
At command 3 of 7:
    1   m 30 s
    2   m 24 e
>>> 3   m 23 s
    4   m 13 e
    5   m 26 o

