
Turn 191
================================================================
warning: owned entities 20, 22 collided on cell (0, 12) as the result of moves on this turn
At command 14 of 17:
    12   m 10 s
    13   m 16 s
>>> 14   m 20 s
    15   m 22 e
    16   m 23 w

Other commands that placed an entity on this cell:
    13   m 16 s
    14   m 20 s
>>> 15   m 22 e
    16   m 23 w
    17   m 25 o


Turn 218
================================================================
warning: owned entities 32, 18 collided on cell (10, 0) as the result of moves on this turn
At command 14 of 14:
    12   m 26 n
    13   m 30 e
>>> 14   m 32 s


Turn 254
================================================================
warning: owned entities 6, 3 collided on cell (31, 7) as the result of moves on this turn
At command 5 of 11:
    3   m 23 o
    4   m 0 n
>>> 5   m 6 w
    6   m 9 n
    7   m 10 n


Turn 270
================================================================
warning: owned entities 12, 14 collided on cell (31, 8) as the result of moves on this turn
At command 4 of 9:
    2   m 9 n
    3   m 10 e
>>> 4   m 12 s
    5   m 16 o
    6   m 23 e


Turn 293
================================================================
warning: owned entities 0, 10 collided on cell (12, 31) as the result of moves on this turn
At command 4 of 7:
    2   m 10 o
    3   m 23 o
>>> 4   m 0 n
    5   m 25 s
    6   m 26 s

