
Turn 56
================================================================
warning: entity 13 was directed to use 2 halite to move west, but only 0 halite was available
At command 3 of 7:
    1   m 9 o
    2   m 1 o
>>> 3   m 13 w
    4   m 5 o
    5   m 7 o


Turn 77
================================================================
warning: entity 3 was directed to use 1 halite to move west, but only 0 halite was available
At command 3 of 9:
    1   m 13 o
    2   m 5 s
>>> 3   m 3 w
    4   m 11 o
    5   m 7 o


Turn 90
================================================================
warning: entity 19 was directed to use 2 halite to move west, but only 0 halite was available
At command 6 of 10:
    4   m 5 n
    5   m 16 o
>>> 6   m 19 w
    7   m 15 o
    8   m 11 o


Turn 109
================================================================
warning: entity 22 was directed to use 1 halite to move east, but only 0 halite was available
At command 9 of 12:
    7   m 15 n
    8   m 20 e
>>> 9   m 22 e
    10   m 16 o
    11   m 9 o


Turn 181
================================================================
warning: entity 38 was directed to use 1 halite to move west, but only 0 halite was available
At command 19 of 19:
    17   m 11 s
    18   m 26 n
>>> 19   m 38 w

