
Turn 11
================================================================
warning: entity 4 was directed to use 3 halite to move south, but only 0 halite was available
At command 3 of 4:
    1   m 0 o
    2   m 2 n
>>> 3   m 4 s
    4   g


Turn 36
================================================================
warning: entity 2 was directed to use 1 halite to move north, but only 0 halite was available
At command 5 of 5:
    3   m 5 n
    4   m 0 o
>>> 5   m 2 n


Turn 45
================================================================
warning: entity 5 was directed to use 2 halite to move east, but only 0 halite was available
At command 6 of 6:
    4   m 0 n
    5   m 6 o
>>> 6   m 5 e


Turn 51
================================================================
warning: entity 0 was directed to use 1 halite to move south, but only 0 halite was available
At command 4 of 7:
    2   m 2 n
    3   m 4 o
>>> 4   m 0 s
    5   m 8 e
    6   m 6 n


Turn 54
================================================================
warning: entity 9 was directed to use 1 halite to move south, but only 0 halite was available
At command 6 of 7:
    4   m 5 o
    5   m 2 o
>>> 6   m 9 s
    7   m 6 w


Turn 58
================================================================
warning: entity 6 was directed to use 1 halite to move north, but only 0 halite was available
At command 8 of 8:
    6   m 2 n
    7   m 4 s
>>> 8   m 6 n


Turn 62
================================================================
warning: entity 4 was directed to use 1 halite to move south, but only 0 halite was available
At command 8 of 8:
    6   m 6 o
    7   m 5 o
>>> 8   m 4 s


Turn 83
================================================================
warning: entity 2 was directed to use 1 halite to move south, but only 0 halite was available
At command 7 of 9:
    5   m 9 o
    6   m 4 o
>>> 7   m 2 s
    8   m 10 o
    9   g


Turn 95
================================================================
warning: entity 14 was directed to use 1 halite to move north, but only 0 halite was available
At command 6 of 10:
    4   m 2 o
    5   m 0 n
>>> 6   m 14 n
    7   m 8 s
    8   m 6 o


Turn 105
================================================================
warning: entity 0 was directed to use 4 halite to move east, but only 0 halite was available
At command 8 of 12:
    6   m 5 s
    7   m 9 e
>>> 8   m 0 e
    9   m 15 n
    10   m 10 n


Turn 107
================================================================
warning: entity 16 was directed to use 1 halite to move east, but only 0 halite was available
At command 12 of 12:
    10   m 0 o
    11   m 10 s
>>> 12   m 16 e


Turn 115
================================================================
warning: entity 10 was directed to use 1 halite to move south, but only 0 halite was available
At command 5 of 13:
    3   m 16 s
    4   m 2 o
>>> 5   m 10 s
    6   m 0 o
    7   m 5 o


Turn 154
================================================================
warning: entity 24 was directed to use 3 halite to move west, but only 1 halite was available
At command 16 of 18:
    14   m 0 e
    15   m 22 o
>>> 16   m 24 w
    17   m 14 o
    18   g


Turn 213
================================================================
warning: entity 10 was directed to use 1 halite to move west, but only 0 halite was available
At command 22 of 26:
    20   m 14 o
    21   m 27 o
>>> 22   m 10 w
    23   m 15 n
    24   m 38 w

