
Turn 3
================================================================
warning: entity 1 was directed to use 8 halite to move east, but only 0 halite was available
At command 1 of 2:
>>> 1   m 1 e
    2   g


Turn 8
================================================================
warning: entity 5 was directed to use 6 halite to move north, but only 0 halite was available
At command 3 of 4:
    1   m 1 o
    2   m 3 n
>>> 3   m 5 n
    4   g


Turn 10
================================================================
warning: entity 6 was directed to use 9 halite to move east, but only 0 halite was available
At command 4 of 4:
    2   m 3 s
    3   m 5 w
>>> 4   m 6 e

warning: owned entities 5, 6 collided on cell (22, 16) as the result of moves on this turn
At command 3 of 4:
    1   m 1 s
    2   m 3 s
>>> 3   m 5 w
    4   m 6 e


Turn 13
================================================================
warning: entity 9 was directed to use 7 halite to move west, but only 0 halite was available
At command 1 of 3:
>>> 1   m 9 w
    2   m 1 o
    3   m 3 w


Turn 37
================================================================
warning: owned entities 1, 9 collided on cell (26, 19) as the result of moves on this turn
At command 2 of 3:
    1   m 9 o
>>> 2   m 1 w
    3   m 3 o

