
Turn 3
================================================================
warning: entity 1 was directed to use 16 halite to move east, but only 0 halite was available
At command 1 of 2:
>>> 1   m 1 e
    2   g


Turn 7
================================================================
warning: entity 4 was directed to use 12 halite to move west, but only 0 halite was available
At command 3 of 4:
    1   m 1 o
    2   m 2 s
>>> 3   m 4 w
    4   g


Turn 12
================================================================
warning: entity 8 was directed to use 16 halite to move east, but only 0 halite was available
At command 5 of 5:
    3   m 6 n
    4   m 1 e
>>> 5   m 8 e


Turn 46
================================================================
warning: entity 8 was directed to use 2 halite to move east, but only 0 halite was available
At command 6 of 8:
    4   m 6 s
    5   m 4 o
>>> 6   m 8 e
    7   m 11 o
    8   g


Turn 63
================================================================
warning: entity 1 was directed to use 4 halite to move west, but only 0 halite was available
At command 8 of 8:
    6   m 4 o
    7   m 11 e
>>> 8   m 1 w


Turn 67
================================================================
warning: entity 6 was directed to use 2 halite to move east, but only 0 halite was available
At command 5 of 9:
    3   m 4 e
    4   m 1 o
>>> 5   m 6 e
    6   m 14 o
    7   m 11 e


Turn 76
================================================================
warning: entity 2 was directed to use 1 halite to move west, but only 0 halite was available
At command 9 of 10:
    7   m 6 o
    8   m 8 o
>>> 9   m 2 w
    10   g


Turn 83
================================================================
warning: entity 4 was directed to use 2 halite to move west, but only 0 halite was available
At command 11 of 12:
    9   m 10 n
    10   m 20 o
>>> 11   m 4 w
    12   g


Turn 97
================================================================
warning: entity 14 was directed to use 2 halite to move west, but only 0 halite was available
At command 11 of 13:
    9   m 10 o
    10   m 8 o
>>> 11   m 14 w
    12   m 1 w
    13   m 25 n


Turn 100
================================================================
warning: entity 26 was directed to use 1 halite to move west, but only 0 halite was available
At command 8 of 14:
    6   m 14 w
    7   m 19 o
>>> 8   m 26 w
    9   m 6 o
    10   m 4 o


Turn 111
================================================================
warning: entity 1 was directed to use 1 halite to move east, but only 0 halite was available
At command 14 of 15:
    12   m 14 o
    13   m 2 w
>>> 14   m 1 e
    15   m 28 n


Turn 129
================================================================
warning: entity 11 was directed to use 1 halite to move west, but only 0 halite was available
At command 12 of 17:
    10   m 17 e
    11   m 2 o
>>> 12   m 11 w
    13   m 14 e
    14   m 6 w


Turn 146
================================================================
warning: entity 6 was directed to use 1 halite to move west, but only 0 halite was available
At command 17 of 19:
    15   m 23 e
    16   m 14 n
>>> 17   m 6 w
    18   m 19 e
    19   m 36 w


Turn 164
================================================================
warning: entity 14 was directed to use 3 halite to move south, but only 2 halite was available
At command 18 of 19:
    16   m 8 w
    17   m 1 o
>>> 18   m 14 s
    19   m 25 e


Turn 244
================================================================
warning: entity 26 was directed to use 1 halite to move west, but only 0 halite was available
At command 5 of 8:
    3   m 6 e
    4   m 36 n
>>> 5   m 26 w
    6   m 38 s
    7   m 35 w

