
Turn 4
================================================================
warning: entity 0 was directed to use 3 halite to move north, but only 0 halite was available
At command 1 of 2:
>>> 1   m 0 n
    2   m 2 n


Turn 6
================================================================
warning: entity 2 was directed to use 2 halite to move north, but only 0 halite was available
At command 2 of 3:
    1   m 0 n
>>> 2   m 2 n
    3   m 4 n


Turn 8
================================================================
warning: entity 4 was directed to use 2 halite to move north, but only 0 halite was available
At command 3 of 4:
    1   m 2 n
    2   m 0 n
>>> 3   m 4 n
    4   m 6 n


Turn 9
================================================================
warning: entity 0 was directed to use 17 halite to move north, but only 2 halite was available
At command 3 of 5:
    1   m 4 n
    2   m 2 n
>>> 3   m 0 n
    4   m 6 n
    5   g


Turn 10
================================================================
warning: entity 2 was directed to use 4 halite to move north, but only 3 halite was available
At command 4 of 5:
    2   m 0 n
    3   m 4 n
>>> 4   m 2 n
    5   m 6 n

warning: entity 6 was directed to use 1 halite to move north, but only 0 halite was available
At command 5 of 5:
    3   m 4 n
    4   m 2 n
>>> 5   m 6 n


Turn 12
================================================================
warning: entity 2 was directed to use 13 halite to move north, but only 11 halite was available
At command 1 of 5:
>>> 1   m 2 n
    2   m 6 n
    3   m 8 n

warning: entity 8 was directed to use 1 halite to move north, but only 0 halite was available
At command 3 of 5:
    1   m 2 n
    2   m 6 n
>>> 3   m 8 n
    4   m 0 w
    5   m 4 n

warning: entity 4 was directed to use 3 halite to move north, but only 2 halite was available
At command 5 of 5:
    3   m 8 n
    4   m 0 w
>>> 5   m 4 n


Turn 14
================================================================
warning: entity 0 was directed to use 14 halite to move west, but only 6 halite was available
At command 2 of 5:
    1   m 8 n
>>> 2   m 0 w
    3   m 2 n
    4   m 4 n

warning: entity 6 was directed to use 2 halite to move north, but only 1 halite was available
At command 5 of 5:
    3   m 2 n
    4   m 4 n
>>> 5   m 6 n


Turn 15
================================================================
warning: entity 4 was directed to use 17 halite to move north, but only 0 halite was available
At command 5 of 5:
    3   m 6 n
    4   m 2 w
>>> 5   m 4 n


Turn 16
================================================================
warning: entity 6 was directed to use 9 halite to move north, but only 6 halite was available
At command 5 of 5:
    3   m 8 n
    4   m 2 w
>>> 5   m 6 n

warning: owned entities 8, 6 collided on cell (8, 10) as the result of moves on this turn
At command 3 of 5:
    1   m 4 n
    2   m 0 w
>>> 3   m 8 n
    4   m 2 w
    5   m 6 n


Turn 17
================================================================
warning: entity 0 was directed to use 57 halite to move west, but only 5 halite was available
At command 2 of 3:
    1   m 4 w
>>> 2   m 0 w
    3   m 2 w

warning: entity 2 was directed to use 10 halite to move west, but only 8 halite was available
At command 3 of 3:
    1   m 4 w
    2   m 0 w
>>> 3   m 2 w


Turn 20
================================================================
warning: entity 2 was directed to use 43 halite to move west, but only 0 halite was available
At command 2 of 3:
    1   m 0 w
>>> 2   m 2 w
    3   m 4 w

warning: entity 4 was directed to use 27 halite to move west, but only 13 halite was available
At command 3 of 3:
    1   m 0 w
    2   m 2 w
>>> 3   m 4 w


Turn 21
================================================================
warning: entity 0 was directed to use 44 halite to move west, but only 31 halite was available
At command 3 of 3:
    1   m 2 w
    2   m 4 w
>>> 3   m 0 w


Turn 23
================================================================
warning: entity 4 was directed to use 34 halite to move west, but only 30 halite was available
At command 3 of 3:
    1   m 0 o
    2   m 2 w
>>> 3   m 4 w

