
Turn 18
================================================================
warning: entity 3 was directed to use 7 halite to move east, but only 0 halite was available
At command 2 of 2:
    1   m 1 o
>>> 2   m 3 e


Turn 38
================================================================
warning: entity 3 was directed to use 5 halite to move east, but only 0 halite was available
At command 3 of 3:
    1   m 1 e
    2   m 7 o
>>> 3   m 3 e


Turn 75
================================================================
warning: entity 10 was directed to use 4 halite to move west, but only 0 halite was available
At command 2 of 6:
    1   m 3 o
>>> 2   m 10 w
    3   m 7 e
    4   m 14 o


Turn 77
================================================================
warning: entity 16 was directed to use 2 halite to move east, but only 0 halite was available
At command 6 of 6:
    4   m 10 o
    5   m 7 o
>>> 6   m 16 e


Turn 86
================================================================
warning: entity 19 was directed to use 3 halite to move west, but only 0 halite was available
At command 1 of 7:
>>> 1   m 19 w
    2   m 3 w
    3   m 1 o


Turn 91
================================================================
warning: entity 14 was directed to use 1 halite to move east, but only 0 halite was available
At command 7 of 7:
    5   m 19 w
    6   m 3 w
>>> 7   m 14 e


Turn 107
================================================================
warning: entity 1 was directed to use 2 halite to move west, but only 0 halite was available
At command 6 of 8:
    4   m 22 s
    5   m 7 w
>>> 6   m 1 w
    7   m 10 s
    8   m 16 o


Turn 110
================================================================
warning: entity 19 was directed to use 1 halite to move west, but only 0 halite was available
At command 1 of 9:
>>> 1   m 19 w
    2   m 3 e
    3   m 14 n


Turn 112
================================================================
warning: entity 26 was directed to use 2 halite to move south, but only 0 halite was available
At command 8 of 9:
    6   m 16 w
    7   m 7 w
>>> 8   m 26 s
    9   m 10 s


Turn 117
================================================================
warning: entity 10 was directed to use 1 halite to move south, but only 0 halite was available
At command 6 of 9:
    4   m 1 o
    5   m 7 w
>>> 6   m 10 s
    7   m 16 s
    8   m 14 w


Turn 141
================================================================
warning: entity 22 was directed to use 1 halite to move north, but only 0 halite was available
At command 10 of 11:
    8   m 19 o
    9   m 1 o
>>> 10   m 22 n
    11   m 16 n


Turn 145
================================================================
warning: entity 29 was directed to use 1 halite to move east, but only 0 halite was available
At command 12 of 12:
    10   m 28 o
    11   m 16 s
>>> 12   m 29 e


Turn 146
================================================================
warning: entity 3 was directed to use 2 halite to move north, but only 1 halite was available
At command 10 of 12:
    8   m 22 w
    9   m 26 n
>>> 10   m 3 n
    11   m 19 s
    12   m 16 s


Turn 149
================================================================
warning: entity 3 was directed to use 9 halite to move east, but only 2 halite was available
At command 9 of 12:
    7   m 19 o
    8   m 22 w
>>> 9   m 3 e
    10   m 28 o
    11   m 16 e


Turn 151
================================================================
warning: entity 16 was directed to use 3 halite to move east, but only 0 halite was available
At command 10 of 12:
    8   m 28 o
    9   m 14 o
>>> 10   m 16 e
    11   m 3 o
    12   m 29 o


Turn 155
================================================================
warning: entity 30 was directed to use 1 halite to move east, but only 0 halite was available
At command 7 of 13:
    5   m 29 o
    6   m 27 s
>>> 7   m 30 e
    8   m 14 s
    9   m 7 s


Turn 166
================================================================
warning: entity 19 was directed to use 1 halite to move west, but only 0 halite was available
At command 12 of 14:
    10   m 31 o
    11   m 7 o
>>> 12   m 19 w
    13   m 22 e
    14   m 1 w


Turn 170
================================================================
warning: entity 27 was directed to use 2 halite to move west, but only 0 halite was available
At command 14 of 15:
    12   m 22 o
    13   m 10 n
>>> 14   m 27 w
    15   m 32 w


Turn 181
================================================================
warning: entity 10 was directed to use 1 halite to move west, but only 0 halite was available
At command 14 of 16:
    12   m 16 w
    13   m 14 w
>>> 14   m 10 w
    15   m 7 s
    16   m 33 w


Turn 340
================================================================
warning: entity 32 was directed to use 1 halite to move south, but only 0 halite was available
At command 17 of 18:
    15   m 19 w
    16   m 31 o
>>> 17   m 32 s
    18   m 16 w


Turn 345
================================================================
warning: entity 22 was directed to use 2 halite to move west, but only 1 halite was available
At command 16 of 18:
    14   m 19 w
    15   m 34 w
>>> 16   m 22 w
    17   m 30 s
    18   m 29 o


Turn 349
================================================================
warning: entity 29 was directed to use 3 halite to move south, but only 0 halite was available
At command 17 of 18:
    15   m 16 n
    16   m 34 w
>>> 17   m 29 s
    18   m 31 s


Turn 360
================================================================
warning: entity 27 was directed to use 4 halite to move west, but only 2 halite was available
At command 15 of 18:
    13   m 28 w
    14   m 26 s
>>> 15   m 27 w
    16   m 32 e
    17   m 31 w


Turn 387
================================================================
warning: entity 22 was directed to use 1 halite to move west, but only 0 halite was available
At command 17 of 18:
    15   m 30 w
    16   m 14 w
>>> 17   m 22 w
    18   m 3 w

