
Turn 37
================================================================
warning: entity 8 was directed to use 7 halite to move east, but only 0 halite was available
At command 7 of 8:
    5   m 1 o
    6   m 6 e
>>> 7   m 8 e
    8   g


Turn 50
================================================================
warning: entity 1 was directed to use 9 halite to move south, but only 0 halite was available
At command 5 of 8:
    3   m 2 s
    4   m 10 o
>>> 5   m 1 s
    6   m 14 o
    7   m 6 o


Turn 56
================================================================
warning: entity 2 was directed to use 10 halite to move west, but only 0 halite was available
At command 3 of 9:
    1   m 12 o
    2   m 4 o
>>> 3   m 2 w
    4   m 10 o
    5   m 8 w


Turn 58
================================================================
warning: entity 17 was directed to use 3 halite to move east, but only 0 halite was available
At command 8 of 9:
    6   m 1 o
    7   m 8 w
>>> 8   m 17 e
    9   m 2 o


Turn 63
================================================================
warning: entity 8 was directed to use 7 halite to move south, but only 0 halite was available
At command 8 of 10:
    6   m 2 o
    7   m 1 o
>>> 8   m 8 s
    9   m 17 o
    10   g


Turn 73
================================================================
warning: entity 6 was directed to use 2 halite to move west, but only 0 halite was available
At command 10 of 11:
    8   m 14 o
    9   m 2 o
>>> 10   m 6 w
    11   g


Turn 75
================================================================
warning: entity 21 was directed to use 5 halite to move south, but only 0 halite was available
At command 7 of 11:
    5   m 17 o
    6   m 14 n
>>> 7   m 21 s
    8   m 6 o
    9   m 2 o


Turn 88
================================================================
warning: entity 25 was directed to use 2 halite to move north, but only 0 halite was available
At command 12 of 12:
    10   m 2 o
    11   m 8 w
>>> 12   m 25 n


Turn 93
================================================================
warning: entity 8 was directed to use 4 halite to move east, but only 0 halite was available
At command 11 of 13:
    9   m 14 e
    10   m 25 e
>>> 11   m 8 e
    12   m 17 s
    13   g


Turn 95
================================================================
warning: entity 28 was directed to use 4 halite to move west, but only 0 halite was available
At command 8 of 13:
    6   m 2 o
    7   m 25 o
>>> 8   m 28 w
    9   m 6 o
    10   m 8 o


Turn 103
================================================================
warning: entity 14 was directed to use 1 halite to move east, but only 0 halite was available
At command 12 of 14:
    10   m 25 o
    11   m 8 o
>>> 12   m 14 e
    13   m 17 e
    14   g


Turn 105
================================================================
warning: entity 29 was directed to use 3 halite to move south, but only 0 halite was available
At command 14 of 14:
    12   m 14 o
    13   m 17 o
>>> 14   m 29 s


Turn 112
================================================================
warning: entity 21 was directed to use 1 halite to move east, but only 0 halite was available
At command 14 of 14:
    12   m 17 o
    13   m 14 o
>>> 14   m 21 e


Turn 117
================================================================
warning: entity 31 was directed to use 2 halite to move east, but only 0 halite was available
At command 15 of 16:
    13   m 25 w
    14   m 17 e
>>> 15   m 31 e
    16   g

