
Turn 45
================================================================
warning: entity 11 was directed to use 3 halite to move west, but only 0 halite was available
At command 8 of 8:
    6   m 6 o
    7   m 9 o
>>> 8   m 11 w


Turn 75
================================================================
warning: entity 7 was directed to use 3 halite to move west, but only 0 halite was available
At command 9 of 10:
    7   m 14 n
    8   m 2 o
>>> 9   m 7 w
    10   m 5 o


Turn 125
================================================================
warning: entity 23 was directed to use 1 halite to move east, but only 0 halite was available
At command 14 of 15:
    12   m 12 o
    13   m 6 e
>>> 14   m 23 e
    15   m 2 w


Turn 208
================================================================
warning: entity 39 was directed to use 10 halite to move west, but only 5 halite was available
At command 24 of 26:
    22   m 4 n
    23   m 9 o
>>> 24   m 39 w
    25   m 7 w
    26   m 5 o


Turn 259
================================================================
warning: entity 33 was directed to use 2 halite to move west, but only 0 halite was available
At command 25 of 33:
    23   m 14 o
    24   m 12 o
>>> 25   m 33 w
    26   m 32 n
    27   m 6 o


Turn 321
================================================================
error: failed to decode bot message: "T" (at position 1)
Last input received was:
Traceback (most recent call last):
  File "MyBot.py", line 52, in <module>
    if (ship.halite_amount > 800) and not game_map[find_near_store(ship)].is_occupied:
  File "MyBot.py", line 38, in find_near_store
    lowest_position = dropoff.possition
AttributeError: 'Entity' object has no attribute 'possition'

