
Turn 5
================================================================
warning: entity 2 was directed to use 6 halite to move north, but only 0 halite was available
At command 2 of 2:
    1   m 0 o
>>> 2   m 2 n


Turn 47
================================================================
warning: entity 2 was directed to use 7 halite to move south, but only 0 halite was available
At command 2 of 3:
    1   m 0 o
>>> 2   m 2 s
    3   g


Turn 83
================================================================
warning: entity 2 was directed to use 1 halite to move east, but only 0 halite was available
At command 3 of 4:
    1   m 0 o
    2   m 5 o
>>> 3   m 2 e
    4   g


Turn 85
================================================================
warning: entity 7 was directed to use 2 halite to move east, but only 0 halite was available
At command 4 of 4:
    2   m 5 w
    3   m 2 o
>>> 4   m 7 e


Turn 189
================================================================
warning: entity 13 was directed to use 1 halite to move west, but only 0 halite was available
At command 6 of 7:
    4   m 2 n
    5   m 11 w
>>> 6   m 13 w
    7   m 5 o


Turn 315
================================================================
warning: entity 11 was directed to use 1 halite to move west, but only 0 halite was available
At command 7 of 7:
    5   m 2 o
    6   m 7 o
>>> 7   m 11 w

