
Turn 14
================================================================
warning: entity 8 was directed to use 8 halite to move west, but only 0 halite was available
At command 4 of 5:
    2   m 5 o
    3   m 3 o
>>> 4   m 8 w
    5   m 1 o


Turn 39
================================================================
warning: entity 10 was directed to use 4 halite to move west, but only 0 halite was available
At command 6 of 6:
    4   m 3 w
    5   m 7 e
>>> 6   m 10 w


Turn 86
================================================================
warning: entity 3 was directed to use 1 halite to move east, but only 0 halite was available
At command 8 of 9:
    6   m 5 o
    7   m 1 s
>>> 8   m 3 e
    9   g


Turn 92
================================================================
warning: entity 19 was directed to use 1 halite to move north, but only 0 halite was available
At command 10 of 10:
    8   m 3 o
    9   m 13 o
>>> 10   m 19 n


Turn 99
================================================================
warning: entity 1 was directed to use 2 halite to move north, but only 0 halite was available
At command 10 of 11:
    8   m 7 o
    9   m 10 e
>>> 10   m 1 n
    11   g


Turn 102
================================================================
warning: entity 21 was directed to use 1 halite to move west, but only 0 halite was available
At command 11 of 11:
    9   m 5 o
    10   m 19 o
>>> 11   m 21 w

